Mplus VERSION 8.3
MUTHEN & MUTHEN
08/19/2025   2:53 PM

INPUT INSTRUCTIONS

  TITLE: Alignment for Home_Learning_Env (IMPUTATION 1 - FIXED);

  DATA:
    FILE IS "D:/essay/resilient_student/dataset/mplus_data/imputed_data_1.dat";
    FORMAT IS FREE;

  VARIABLE:
    NAMES ARE
      CNT
      CNTSTUID
      CNTSCHID
      W_FSTUWT
      ESCS
      PV1MATH
      PV2MATH
      PV3MATH
      PV4MATH
      PV5MATH
      PV6MATH
      PV7MATH
      PV8MATH
      PV9MATH
      PV10MATH
      ACADEMIC_RESILIENCE_PV1
      ACADEMIC_RESILIENCE_PV2
      ACADEMIC_RESILIENCE_PV3
      ACADEMIC_RESILIENCE_PV4
      ACADEMIC_RESILIENCE_PV5
      ACADEMIC_RESILIENCE_PV6
      ACADEMIC_RESILIENCE_PV7
      ACADEMIC_RESILIENCE_PV8
      ACADEMIC_RESILIENCE_PV9
      ACADEMIC_RESILIENCE_PV10
      W_FSTURWT1
      W_FSTURWT2
      W_FSTURWT3
      W_FSTURWT4
      W_FSTURWT5
      W_FSTURWT6
      W_FSTURWT7
      W_FSTURWT8
      W_FSTURWT9
      W_FSTURWT10
      W_FSTURWT11
      W_FSTURWT12
      W_FSTURWT13
      W_FSTURWT14
      W_FSTURWT15
      W_FSTURWT16
      W_FSTURWT17
      W_FSTURWT18
      W_FSTURWT19
      W_FSTURWT20
      W_FSTURWT21
      W_FSTURWT22
      W_FSTURWT23
      W_FSTURWT24
      W_FSTURWT25
      W_FSTURWT26
      W_FSTURWT27
      W_FSTURWT28
      W_FSTURWT29
      W_FSTURWT30
      W_FSTURWT31
      W_FSTURWT32
      W_FSTURWT33
      W_FSTURWT34
      W_FSTURWT35
      W_FSTURWT36
      W_FSTURWT37
      W_FSTURWT38
      W_FSTURWT39
      W_FSTURWT40
      W_FSTURWT41
      W_FSTURWT42
      W_FSTURWT43
      W_FSTURWT44
      W_FSTURWT45
      W_FSTURWT46
      W_FSTURWT47
      W_FSTURWT48
      W_FSTURWT49
      W_FSTURWT50
      W_FSTURWT51
      W_FSTURWT52
      W_FSTURWT53
      W_FSTURWT54
      W_FSTURWT55
      W_FSTURWT56
      W_FSTURWT57
      W_FSTURWT58
      W_FSTURWT59
      W_FSTURWT60
      W_FSTURWT61
      W_FSTURWT62
      W_FSTURWT63
      W_FSTURWT64
      W_FSTURWT65
      W_FSTURWT66
      W_FSTURWT67
      W_FSTURWT68
      W_FSTURWT69
      W_FSTURWT70
      W_FSTURWT71
      W_FSTURWT72
      W_FSTURWT73
      W_FSTURWT74
      W_FSTURWT75
      W_FSTURWT76
      W_FSTURWT77
      W_FSTURWT78
      W_FSTURWT79
      W_FSTURWT80
      ST004D01T
      ST268Q01JA
      ST268Q04JA
      ST268Q07JA
      AGE
      ISCEDP
      IMMIG
      REPEAT
      MISSSC
      SKIPPING
      TARDYSD
      EXERPRAC
      STUDYHMW
      WORKPAY
      WORKHOME
      EXPECEDU
      BSMJ
      SISCO
      RELATST
      BELONG
      BULLIED
      FEELSAFE
      SCHRISK
      PERSEVAGR
      CURIOAGR
      COOPAGR
      EMPATAGR
      ASSERAGR
      STRESAGR
      EMOCOAGR
      GROSAGR
      INFOSEEK
      FAMSUP
      DISCLIM
      TEACHSUP
      COGACRCO
      COGACMCO
      EXPOFA
      EXPO21ST
      MATHEFF
      MATHEF21
      ANXMAT
      MATHPERS
      CREATEFF
      CREATSCH
      CREATFAM
      CREATAS
      CREATOOS
      CREATOP
      OPENART
      IMAGINE
      SCHSUST
      LEARRES
      PROBSELF
      FAMSUPSL
      FEELLAH
      SDLEFF
      OCOD3_major_group;
    USEVARIABLES ARE
      FAMSUP CREATFAM FAMSUPSL CNT CNTSTUID;
    IDVARIABLE IS CNTSTUID;
    GROUPING IS CNT (
      1 = CHL
      2 = TAP
      3 = HRV
      4 = FIN
      5 = GRC
      6 = HKG
      7 = ISL
      8 = KOR
      9 = LTU
      10 = MLT
      11 = NZL
      12 = PRT
      13 = ROU
      14 = TUR
      15 = GBR
    );

  ANALYSIS:
    ESTIMATOR = MLR;
    PROCESSORS = 4;
    ALIGNMENT = FIXED;

  MODEL:
    Home_Learning_Env BY FAMSUP CREATFAM FAMSUPSL;

  SAVEDATA:
    FILE IS "D:/essay/resilient_student/dataset/mplus_data/home_learning_env_scores_imp1.dat
    SAVE = FSCORES;
    FORMAT IS FREE;

  OUTPUT:
    TECH11;
    ALIGNMENT;



*** WARNING
  Input line exceeded 90 characters. Some input may be truncated.
    FILE IS "D:/essay/resilient_student/dataset/mplus_data/home_learning_env_scores_imp1.dat"
*** WARNING in OUTPUT command
  TECH11 option is available only with TYPE=MIXTURE.
  Request for TECH11 is ignored.
   2 WARNING(S) FOUND IN THE INPUT INSTRUCTIONS



Alignment for Home_Learning_Env (IMPUTATION 1 - FIXED);

SUMMARY OF ANALYSIS

Number of groups                                                15
Number of observations
   Group CHL                                                  1209
   Group TAP                                                  1668
   Group HRV                                                  1528
   Group FIN                                                  2754
   Group GRC                                                  1529
   Group HKG                                                  1368
   Group ISL                                                   810
   Group KOR                                                  1568
   Group LTU                                                  1786
   Group MLT                                                   710
   Group NZL                                                  1104
   Group PRT                                                  1621
   Group ROU                                                  1593
   Group TUR                                                  1884
   Group GBR                                                  2863
   Total sample size                                         23995

Number of dependent variables                                    3
Number of independent variables                                  0
Number of continuous latent variables                            1

Observed dependent variables

  Continuous
   FAMSUP      CREATFAM    FAMSUPSL

Continuous latent variables
   HOME_LEA

Variables with special functions

  Grouping variable     CNT
  ID variable           CNTSTUID

Estimator                                                      MLR
Information matrix                                        OBSERVED
Optimization Specifications for the Quasi-Newton Algorithm for
Continuous Outcomes
  Maximum number of iterations                                 100
  Convergence criterion                                  0.100D-05
Optimization Specifications for the EM Algorithm
  Maximum number of iterations                                 500
  Convergence criteria
    Loglikelihood change                                 0.100D-06
    Relative loglikelihood change                        0.100D-06
    Derivative                                           0.100D-05
Optimization Specifications for the M step of the EM Algorithm for
Categorical Latent variables
  Number of M step iterations                                    1
  M step convergence criterion                           0.100D-05
  Basis for M step termination                           ITERATION
Optimization Specifications for the M step of the EM Algorithm for
Censored, Binary or Ordered Categorical (Ordinal), Unordered
Categorical (Nominal) and Count Outcomes
  Number of M step iterations                                    1
  M step convergence criterion                           0.100D-05
  Basis for M step termination                           ITERATION
  Maximum value for logit thresholds                            15
  Minimum value for logit thresholds                           -15
  Minimum expected cell size for chi-square              0.100D-01
Optimization algorithm                                         EMA
Specifications for Alignment Analysis
  Factor mean for reference group                            FIXED
  Simplicity function                                         SQRT
  Factor variance metric                           Reference group
  Reference group                                                1
  Tolerance value                                        0.100D-01
  Number of random starts                                       30
  Maximum number of iterations                                5000
  Convergence criteration                                0.100D-02

Input data file(s)
  D:/essay/resilient_student/dataset/mplus_data/imputed_data_1.dat
Input data format  FREE



UNIVARIATE SAMPLE STATISTICS


     UNIVARIATE HIGHER-ORDER MOMENT DESCRIPTIVE STATISTICS FOR CHL

         Variable/         Mean/     Skewness/   Minimum/ % with                Percentiles
        Sample Size      Variance    Kurtosis    Maximum  Min/Max      20%/60%    40%/80%    Median

     FAMSUP               -0.172       0.065      -2.908    0.08%      -0.950     -0.569     -0.247
            1209.000       1.202      -0.140       1.920    0.08%      -0.061      0.749
     CREATFAM             -0.105       0.439      -2.789    0.41%      -0.943     -0.185     -0.054
            1209.000       1.028       0.472       2.239    1.16%      -0.037      0.599
     FAMSUPSL              0.022      -0.066      -2.380    0.08%      -0.815     -0.043      0.070
            1209.000       1.110       0.039       2.424    0.17%       0.230      0.854


     UNIVARIATE HIGHER-ORDER MOMENT DESCRIPTIVE STATISTICS FOR TAP

         Variable/         Mean/     Skewness/   Minimum/ % with                Percentiles
        Sample Size      Variance    Kurtosis    Maximum  Min/Max      20%/60%    40%/80%    Median

     FAMSUP               -0.458       0.122      -2.951    0.06%      -1.191     -0.703     -0.496
            1668.000       1.078       0.355       1.957    0.06%      -0.224      0.119
     CREATFAM             -0.060       0.571      -2.789    0.18%      -0.768     -0.060     -0.054
            1668.000       0.989       1.096       2.239    1.50%      -0.037     -0.006
     FAMSUPSL             -0.497       0.427      -2.380    0.06%      -1.659     -0.889     -0.569
            1668.000       1.368      -0.326       2.438    0.12%      -0.114      0.467


     UNIVARIATE HIGHER-ORDER MOMENT DESCRIPTIVE STATISTICS FOR HRV

         Variable/         Mean/     Skewness/   Minimum/ % with                Percentiles
        Sample Size      Variance    Kurtosis    Maximum  Min/Max      20%/60%    40%/80%    Median

     FAMSUP                0.201      -0.078      -2.992    0.07%      -0.689     -0.167      0.019
            1528.000       1.136      -0.453       1.958    0.13%       0.299      1.568
     CREATFAM             -0.013       0.577      -2.789    0.26%      -0.780     -0.060     -0.050
            1528.000       0.942       0.827       2.239    1.64%      -0.037      0.529
     FAMSUPSL              0.025      -0.024      -2.380    0.20%      -0.877     -0.053      0.062
            1528.000       1.200      -0.082       2.438    0.13%       0.234      0.863


     UNIVARIATE HIGHER-ORDER MOMENT DESCRIPTIVE STATISTICS FOR FIN

         Variable/         Mean/     Skewness/   Minimum/ % with                Percentiles
        Sample Size      Variance    Kurtosis    Maximum  Min/Max      20%/60%    40%/80%    Median

     FAMSUP               -0.212       0.132      -3.014    0.04%      -0.900     -0.554     -0.328
            2754.000       1.103       0.162       1.957    0.04%      -0.114      0.532
     CREATFAM             -0.085       0.568      -2.789    0.25%      -0.841     -0.060     -0.054
            2754.000       0.986       0.751       2.239    1.02%      -0.037      0.495
     FAMSUPSL             -0.144       0.053      -2.380    0.11%      -1.221     -0.303     -0.007
            2754.000       1.212      -0.272       2.424    0.25%       0.090      0.799


     UNIVARIATE HIGHER-ORDER MOMENT DESCRIPTIVE STATISTICS FOR GRC

         Variable/         Mean/     Skewness/   Minimum/ % with                Percentiles
        Sample Size      Variance    Kurtosis    Maximum  Min/Max      20%/60%    40%/80%    Median

     FAMSUP               -0.087       0.076      -3.034    0.07%      -0.844     -0.495     -0.233
            1529.000       1.164      -0.134       1.957    0.13%      -0.008      0.913
     CREATFAM             -0.099       0.472      -2.789    0.26%      -0.879     -0.420     -0.054
            1529.000       0.995       0.474       2.239    0.85%      -0.037      0.609
     FAMSUPSL             -0.069      -0.182      -2.380    0.07%      -0.935     -0.111      0.045
            1529.000       1.084      -0.072       2.424    0.20%       0.219      0.758


     UNIVARIATE HIGHER-ORDER MOMENT DESCRIPTIVE STATISTICS FOR HKG

         Variable/         Mean/     Skewness/   Minimum/ % with                Percentiles
        Sample Size      Variance    Kurtosis    Maximum  Min/Max      20%/60%    40%/80%    Median

     FAMSUP               -0.497       0.254      -3.005    0.15%      -1.166     -0.743     -0.560
            1368.000       0.955       0.679       1.951    0.07%      -0.340      0.039
     CREATFAM             -0.126       0.661      -2.789    0.22%      -0.804     -0.060     -0.054
            1368.000       0.825       1.392       2.239    0.80%      -0.037     -0.006
     FAMSUPSL             -0.663       0.447      -2.380    0.44%      -1.689     -1.028     -0.725
            1368.000       1.136      -0.133       2.438    0.07%      -0.386      0.098


     UNIVARIATE HIGHER-ORDER MOMENT DESCRIPTIVE STATISTICS FOR ISL

         Variable/         Mean/     Skewness/   Minimum/ % with                Percentiles
        Sample Size      Variance    Kurtosis    Maximum  Min/Max      20%/60%    40%/80%    Median

     FAMSUP               -0.313       0.198      -2.949    0.12%      -1.032     -0.683     -0.492
             810.000       1.190       0.046       1.921    0.12%      -0.232      0.480
     CREATFAM             -0.033       0.519      -2.789    0.25%      -0.830     -0.060     -0.050
             810.000       0.985       0.786       2.239    1.60%      -0.037      0.501
     FAMSUPSL             -0.137       0.049      -2.380    0.12%      -1.187     -0.272     -0.002
             810.000       1.263      -0.235       2.386    0.12%       0.083      0.827


     UNIVARIATE HIGHER-ORDER MOMENT DESCRIPTIVE STATISTICS FOR KOR

         Variable/         Mean/     Skewness/   Minimum/ % with                Percentiles
        Sample Size      Variance    Kurtosis    Maximum  Min/Max      20%/60%    40%/80%    Median

     FAMSUP               -0.193       0.151      -2.975    0.06%      -0.843     -0.478     -0.271
            1568.000       1.008       0.344       1.958    0.06%      -0.091      0.475
     CREATFAM             -0.358       0.324      -2.789    0.51%      -1.121     -0.562     -0.060
            1568.000       0.911       1.244       2.239    0.51%      -0.054     -0.006
     FAMSUPSL             -0.546       0.235      -2.380    0.06%      -1.735     -0.868     -0.537
            1568.000       1.253      -0.509       2.378    0.06%      -0.183      0.442


     UNIVARIATE HIGHER-ORDER MOMENT DESCRIPTIVE STATISTICS FOR LTU

         Variable/         Mean/     Skewness/   Minimum/ % with                Percentiles
        Sample Size      Variance    Kurtosis    Maximum  Min/Max      20%/60%    40%/80%    Median

     FAMSUP               -0.096      -0.044      -2.974    0.06%      -0.921     -0.481     -0.220
            1786.000       1.311      -0.223       1.958    0.06%       0.013      1.029
     CREATFAM             -0.197       0.440      -2.789    0.28%      -0.954     -0.462     -0.054
            1786.000       0.922       1.037       2.239    0.78%      -0.050      0.372
     FAMSUPSL             -0.105      -0.103      -2.380    0.06%      -1.063     -0.139      0.032
            1786.000       1.146      -0.162       2.438    0.06%       0.126      0.761


     UNIVARIATE HIGHER-ORDER MOMENT DESCRIPTIVE STATISTICS FOR MLT

         Variable/         Mean/     Skewness/   Minimum/ % with                Percentiles
        Sample Size      Variance    Kurtosis    Maximum  Min/Max      20%/60%    40%/80%    Median

     FAMSUP               -0.042       0.065      -2.887    0.14%      -0.885     -0.433     -0.165
             710.000       1.145      -0.309       1.951    0.28%       0.045      0.958
     CREATFAM             -0.137       0.436      -2.789    0.85%      -0.950     -0.416     -0.054
             710.000       1.017       0.650       2.239    2.11%      -0.050      0.529
     FAMSUPSL             -0.167      -0.050      -2.380    0.28%      -1.054     -0.294     -0.038
             710.000       1.021      -0.058       2.386    0.14%       0.073      0.644


     UNIVARIATE HIGHER-ORDER MOMENT DESCRIPTIVE STATISTICS FOR NZL

         Variable/         Mean/     Skewness/   Minimum/ % with                Percentiles
        Sample Size      Variance    Kurtosis    Maximum  Min/Max      20%/60%    40%/80%    Median

     FAMSUP               -0.207       0.100      -2.921    0.18%      -0.948     -0.501     -0.277
            1104.000       1.041       0.131       1.957    0.09%      -0.070      0.543
     CREATFAM             -0.199       0.680      -2.789    0.09%      -0.874     -0.450     -0.060
            1104.000       0.777       1.297       2.239    0.63%      -0.050     -0.006
     FAMSUPSL             -0.178       0.150      -2.380    0.09%      -1.048     -0.347     -0.039
            1104.000       1.131       0.082       2.438    0.36%       0.064      0.619


     UNIVARIATE HIGHER-ORDER MOMENT DESCRIPTIVE STATISTICS FOR PRT

         Variable/         Mean/     Skewness/   Minimum/ % with                Percentiles
        Sample Size      Variance    Kurtosis    Maximum  Min/Max      20%/60%    40%/80%    Median

     FAMSUP                0.239      -0.250      -2.992    0.06%      -0.675     -0.107      0.087
            1621.000       1.223      -0.355       1.940    0.31%       0.402      1.594
     CREATFAM             -0.049       0.622      -2.789    0.19%      -0.708     -0.060     -0.050
            1621.000       0.717       1.417       2.239    0.56%      -0.037      0.480
     FAMSUPSL             -0.039       0.049      -2.380    0.12%      -0.904     -0.164      0.027
            1621.000       1.221      -0.087       2.438    0.12%       0.121      0.832


     UNIVARIATE HIGHER-ORDER MOMENT DESCRIPTIVE STATISTICS FOR ROU

         Variable/         Mean/     Skewness/   Minimum/ % with                Percentiles
        Sample Size      Variance    Kurtosis    Maximum  Min/Max      20%/60%    40%/80%    Median

     FAMSUP               -0.089       0.011      -2.992    0.06%      -1.037     -0.543     -0.220
            1593.000       1.476      -0.608       1.958    0.13%      -0.002      1.515
     CREATFAM             -0.213       0.394      -2.789    0.38%      -0.989     -0.492     -0.060
            1593.000       0.966       0.722       2.239    0.69%      -0.050      0.402
     FAMSUPSL              0.080      -0.028      -2.380    0.19%      -0.826     -0.004      0.083
            1593.000       1.209      -0.106       2.424    0.31%       0.288      0.873


     UNIVARIATE HIGHER-ORDER MOMENT DESCRIPTIVE STATISTICS FOR TUR

         Variable/         Mean/     Skewness/   Minimum/ % with                Percentiles
        Sample Size      Variance    Kurtosis    Maximum  Min/Max      20%/60%    40%/80%    Median

     FAMSUP               -0.386       0.068      -3.014    0.05%      -1.185     -0.703     -0.478
            1884.000       1.315      -0.112       1.957    0.05%      -0.196      0.495
     CREATFAM             -0.376       0.376      -2.789    0.27%      -1.161     -0.717     -0.450
            1884.000       1.029       0.768       2.239    0.48%      -0.054      0.024
     FAMSUPSL             -0.045      -0.206      -2.380    0.16%      -0.905     -0.073      0.038
            1884.000       1.129      -0.035       2.438    0.11%       0.232      0.822


     UNIVARIATE HIGHER-ORDER MOMENT DESCRIPTIVE STATISTICS FOR GBR

         Variable/         Mean/     Skewness/   Minimum/ % with                Percentiles
        Sample Size      Variance    Kurtosis    Maximum  Min/Max      20%/60%    40%/80%    Median

     FAMSUP               -0.063       0.015      -2.951    0.03%      -0.815     -0.363     -0.139
            2863.000       1.054      -0.046       1.957    0.03%       0.052      0.826
     CREATFAM             -0.226       0.509      -2.789    0.24%      -0.976     -0.479     -0.060
            2863.000       0.849       1.193       2.239    0.87%      -0.050     -0.006
     FAMSUPSL             -0.118       0.120      -2.370    0.14%      -1.029     -0.343     -0.039
            2863.000       1.188      -0.200       2.438    0.10%       0.096      0.786


THE MODEL ESTIMATION TERMINATED NORMALLY



MODEL FIT INFORMATION

Number of Free Parameters                      135

Loglikelihood

          H0 Value                     -102919.857
          H0 Scaling Correction Factor      1.1180
            for MLR

Information Criteria

          Akaike (AIC)                  206109.714
          Bayesian (BIC)                207201.270
          Sample-Size Adjusted BIC      206772.244
            (n* = (n + 2) / 24)



MODEL RESULTS

                                                    Two-Tailed
                    Estimate       S.E.  Est./S.E.    P-Value

Group CHL

 HOME_LEA BY
    FAMSUP             0.593      0.091      6.486      0.000
    CREATFAM           0.454      0.073      6.217      0.000
    FAMSUPSL           0.287      0.052      5.530      0.000

 Means
    HOME_LEARN         0.000      0.000    999.000    999.000

 Intercepts
    FAMSUP            -0.172      0.032     -5.441      0.000
    CREATFAM          -0.105      0.029     -3.590      0.000
    FAMSUPSL           0.022      0.030      0.716      0.474

 Variances
    HOME_LEARN         1.000      0.000    999.000    999.000

 Residual Variances
    FAMSUP             0.850      0.110      7.737      0.000
    CREATFAM           0.822      0.073     11.288      0.000
    FAMSUPSL           1.028      0.048     21.371      0.000

Group TAP

 HOME_LEA BY
    FAMSUP             0.623      0.092      6.797      0.000
    CREATFAM           0.357      0.053      6.780      0.000
    FAMSUPSL           0.303      0.045      6.780      0.000

 Means
    HOME_LEARN        -0.680      0.148     -4.598      0.000

 Intercepts
    FAMSUP            -0.035      0.067     -0.518      0.604
    CREATFAM           0.183      0.063      2.898      0.004
    FAMSUPSL          -0.291      0.062     -4.727      0.000

 Variances
    HOME_LEARN         1.338      0.296      4.513      0.000

 Residual Variances
    FAMSUP             0.558      0.106      5.255      0.000
    CREATFAM           0.818      0.051     16.058      0.000
    FAMSUPSL           1.245      0.048     26.133      0.000

Group HRV

 HOME_LEA BY
    FAMSUP             0.733      0.189      3.886      0.000
    CREATFAM           0.338      0.039      8.566      0.000
    FAMSUPSL           0.258      0.047      5.529      0.000

 Means
    HOME_LEARN         0.308      0.123      2.503      0.012

 Intercepts
    FAMSUP            -0.025      0.070     -0.355      0.723
    CREATFAM          -0.117      0.041     -2.817      0.005
    FAMSUPSL          -0.054      0.040     -1.341      0.180

 Variances
    HOME_LEARN         1.353      0.470      2.877      0.004

 Residual Variances
    FAMSUP             0.410      0.166      2.472      0.013
    CREATFAM           0.787      0.051     15.291      0.000
    FAMSUPSL           1.109      0.045     24.567      0.000

Group FIN

 HOME_LEA BY
    FAMSUP             0.540      0.070      7.670      0.000
    CREATFAM           0.335      0.040      8.451      0.000
    FAMSUPSL           0.383      0.052      7.316      0.000

 Means
    HOME_LEARN        -0.239      0.120     -1.997      0.046

 Intercepts
    FAMSUP            -0.083      0.066     -1.259      0.208
    CREATFAM          -0.005      0.042     -0.116      0.908
    FAMSUPSL          -0.052      0.038     -1.353      0.176

 Variances
    HOME_LEARN         1.636      0.386      4.242      0.000

 Residual Variances
    FAMSUP             0.626      0.056     11.264      0.000
    CREATFAM           0.801      0.033     24.085      0.000
    FAMSUPSL           0.972      0.038     25.501      0.000

Group GRC

 HOME_LEA BY
    FAMSUP             0.661      0.101      6.545      0.000
    CREATFAM           0.350      0.046      7.585      0.000
    FAMSUPSL           0.276      0.041      6.784      0.000

 Means
    HOME_LEARN        -0.053      0.115     -0.460      0.645

 Intercepts
    FAMSUP            -0.052      0.073     -0.714      0.475
    CREATFAM          -0.081      0.043     -1.891      0.059
    FAMSUPSL          -0.055      0.036     -1.530      0.126

 Variances
    HOME_LEARN         1.547      0.360      4.298      0.000

 Residual Variances
    FAMSUP             0.488      0.123      3.960      0.000
    CREATFAM           0.805      0.050     16.058      0.000
    FAMSUPSL           0.967      0.039     24.896      0.000

Group HKG

 HOME_LEA BY
    FAMSUP             0.633      0.097      6.509      0.000
    CREATFAM           0.325      0.052      6.195      0.000
    FAMSUPSL           0.330      0.051      6.450      0.000

 Means
    HOME_LEARN        -0.763      0.153     -4.972      0.000

 Intercepts
    FAMSUP            -0.014      0.064     -0.214      0.830
    CREATFAM           0.122      0.064      1.909      0.056
    FAMSUPSL          -0.411      0.068     -6.033      0.000

 Variances
    HOME_LEARN         1.230      0.283      4.340      0.000

 Residual Variances
    FAMSUP             0.462      0.104      4.429      0.000
    CREATFAM           0.695      0.046     15.135      0.000
    FAMSUPSL           1.002      0.053     18.996      0.000

Group ISL

 HOME_LEA BY
    FAMSUP             0.673      0.165      4.091      0.000
    CREATFAM           0.329      0.057      5.759      0.000
    FAMSUPSL           0.309      0.050      6.182      0.000

 Means
    HOME_LEARN        -0.327      0.141     -2.312      0.021

 Intercepts
    FAMSUP            -0.093      0.118     -0.795      0.427
    CREATFAM           0.074      0.054      1.382      0.167
    FAMSUPSL          -0.036      0.037     -0.952      0.341

 Variances
    HOME_LEARN         1.233      0.352      3.499      0.000

 Residual Variances
    FAMSUP             0.632      0.184      3.442      0.001
    CREATFAM           0.852      0.070     12.160      0.000
    FAMSUPSL           1.146      0.067     17.213      0.000

Group KOR

 HOME_LEA BY
    FAMSUP             0.532      0.075      7.122      0.000
    CREATFAM           0.477      0.065      7.392      0.000
    FAMSUPSL           0.313      0.033      9.497      0.000

 Means
    HOME_LEARN        -0.472      0.113     -4.189      0.000

 Intercepts
    FAMSUP             0.058      0.060      0.970      0.332
    CREATFAM          -0.133      0.040     -3.293      0.001
    FAMSUPSL          -0.399      0.045     -8.819      0.000

 Variances
    HOME_LEARN         1.289      0.279      4.623      0.000

 Residual Variances
    FAMSUP             0.643      0.066      9.715      0.000
    CREATFAM           0.617      0.057     10.901      0.000
    FAMSUPSL           1.127      0.045     25.230      0.000

Group LTU

 HOME_LEA BY
    FAMSUP             0.625      0.078      7.982      0.000
    CREATFAM           0.376      0.065      5.787      0.000
    FAMSUPSL           0.265      0.048      5.504      0.000

 Means
    HOME_LEARN        -0.163      0.110     -1.488      0.137

 Intercepts
    FAMSUP             0.006      0.066      0.092      0.926
    CREATFAM          -0.135      0.041     -3.295      0.001
    FAMSUPSL          -0.062      0.037     -1.662      0.097

 Variances
    HOME_LEARN         1.347      0.319      4.217      0.000

 Residual Variances
    FAMSUP             0.785      0.113      6.976      0.000
    CREATFAM           0.731      0.052     14.117      0.000
    FAMSUPSL           1.052      0.038     27.554      0.000

Group MLT

 HOME_LEA BY
    FAMSUP             0.549      0.089      6.171      0.000
    CREATFAM           0.474      0.080      5.909      0.000
    FAMSUPSL           0.312      0.041      7.669      0.000

 Means
    HOME_LEARN        -0.069      0.113     -0.610      0.542

 Intercepts
    FAMSUP            -0.004      0.061     -0.064      0.949
    CREATFAM          -0.104      0.044     -2.389      0.017
    FAMSUPSL          -0.145      0.048     -3.019      0.003

 Variances
    HOME_LEARN         1.369      0.311      4.409      0.000

 Residual Variances
    FAMSUP             0.732      0.111      6.579      0.000
    CREATFAM           0.709      0.086      8.282      0.000
    FAMSUPSL           0.888      0.052     17.190      0.000

Group NZL

 HOME_LEA BY
    FAMSUP             0.622      0.092      6.765      0.000
    CREATFAM           0.215      0.051      4.248      0.000
    FAMSUPSL           0.338      0.066      5.142      0.000

 Means
    HOME_LEARN        -0.330      0.123     -2.683      0.007

 Intercepts
    FAMSUP            -0.001      0.071     -0.015      0.988
    CREATFAM          -0.128      0.039     -3.243      0.001
    FAMSUPSL          -0.066      0.045     -1.479      0.139

 Variances
    HOME_LEARN         1.494      0.374      3.998      0.000

 Residual Variances
    FAMSUP             0.463      0.159      2.917      0.004
    CREATFAM           0.708      0.044     15.930      0.000
    FAMSUPSL           0.961      0.064     14.919      0.000

Group PRT

 HOME_LEA BY
    FAMSUP             0.638      0.083      7.651      0.000
    CREATFAM           0.305      0.051      5.946      0.000
    FAMSUPSL           0.335      0.048      6.948      0.000

 Means
    HOME_LEARN         0.300      0.123      2.437      0.015

 Intercepts
    FAMSUP             0.047      0.078      0.605      0.545
    CREATFAM          -0.141      0.034     -4.120      0.000
    FAMSUPSL          -0.140      0.044     -3.146      0.002

 Variances
    HOME_LEARN         1.427      0.335      4.262      0.000

 Residual Variances
    FAMSUP             0.642      0.104      6.146      0.000
    CREATFAM           0.584      0.037     15.613      0.000
    FAMSUPSL           1.060      0.045     23.532      0.000

Group ROU

 HOME_LEA BY
    FAMSUP             0.593      0.079      7.536      0.000
    CREATFAM           0.364      0.050      7.284      0.000
    FAMSUPSL           0.315      0.042      7.533      0.000

 Means
    HOME_LEARN        -0.143      0.116     -1.235      0.217

 Intercepts
    FAMSUP            -0.004      0.064     -0.066      0.947
    CREATFAM          -0.161      0.043     -3.784      0.000
    FAMSUPSL           0.126      0.044      2.837      0.005

 Variances
    HOME_LEARN         1.679      0.372      4.517      0.000

 Residual Variances
    FAMSUP             0.885      0.104      8.507      0.000
    CREATFAM           0.744      0.048     15.594      0.000
    FAMSUPSL           1.042      0.046     22.808      0.000

Group TUR

 HOME_LEA BY
    FAMSUP             0.557      0.075      7.466      0.000
    CREATFAM           0.358      0.044      8.043      0.000
    FAMSUPSL           0.339      0.043      7.796      0.000

 Means
    HOME_LEARN        -0.636      0.133     -4.790      0.000

 Intercepts
    FAMSUP            -0.031      0.069     -0.454      0.650
    CREATFAM          -0.148      0.042     -3.534      0.000
    FAMSUPSL           0.170      0.048      3.550      0.000

 Variances
    HOME_LEARN         1.815      0.416      4.363      0.000

 Residual Variances
    FAMSUP             0.752      0.079      9.498      0.000
    CREATFAM           0.797      0.045     17.762      0.000
    FAMSUPSL           0.921      0.043     21.653      0.000

Group GBR

 HOME_LEA BY
    FAMSUP             0.562      0.070      8.039      0.000
    CREATFAM           0.337      0.041      8.181      0.000
    FAMSUPSL           0.363      0.048      7.528      0.000

 Means
    HOME_LEARN        -0.176      0.113     -1.561      0.119

 Intercepts
    FAMSUP             0.036      0.062      0.578      0.564
    CREATFAM          -0.167      0.040     -4.173      0.000
    FAMSUPSL          -0.054      0.038     -1.429      0.153

 Variances
    HOME_LEARN         1.460      0.331      4.416      0.000

 Residual Variances
    FAMSUP             0.593      0.056     10.598      0.000
    CREATFAM           0.683      0.031     22.348      0.000
    FAMSUPSL           0.996      0.036     27.548      0.000



APPROXIMATE MEASUREMENT INVARIANCE (NONINVARIANCE) FOR GROUPS

 Intercepts/Thresholds
   FAMSUP      1 2 3 4 5 6 7 8 9 10 11 12 13 14 15
   CREATFAM    (1) 2 (3) (4) (5) 6 7 (8) (9) (10) (11) (12) (13) (14) (15)
   FAMSUPSL    1 (2) 3 4 5 (6) 7 (8) 9 10 11 12 (13) (14) 15

 Loadings for HOME_LEA
   FAMSUP      1 2 3 4 5 6 7 8 9 10 11 12 13 14 15
   CREATFAM    1 2 3 4 5 6 7 8 9 10 11 12 13 14 15
   FAMSUPSL    1 2 3 4 5 6 7 8 9 10 11 12 13 14 15


FACTOR MEAN COMPARISON AT THE 5% SIGNIFICANCE LEVEL IN DESCENDING ORDER

 Results for Factor HOME_LEA

           Latent    Group      Factor
 Ranking    Class    Value       Mean     Groups With Significantly Smaller Factor Mean
     1         3         3       0.308    1 5 10 13 9 15 4 7 11 8
                                          14 2 6
     2        12        12       0.300    1 5 10 13 9 15 4 7 11 8
                                          14 2 6
     3         1         1       0.000    4 7 11 8 14 2 6
     4         5         5      -0.053    4 7 11 8 14 2 6
     5        10        10      -0.069    7 11 8 14 2 6
     6        13        13      -0.143    11 8 14 2 6
     7         9         9      -0.163    11 8 14 2 6
     8        15        15      -0.176    11 8 14 2 6
     9         4         4      -0.239    8 14 2 6
    10         7         7      -0.327    14 2 6
    11        11        11      -0.330    14 2 6
    12         8         8      -0.472    6
    13        14        14      -0.636
    14         2         2      -0.680
    15         6         6      -0.763




QUALITY OF NUMERICAL RESULTS

     Condition Number for the Information Matrix              0.308E-02
       (ratio of smallest to largest eigenvalue)


ALIGNMENT OUTPUT

INVARIANCE ANALYSIS

 Intercepts/Thresholds
 Intercept for FAMSUP
 Group     Group      Value      Value     Difference  SE       P-value
     2         1     -0.035     -0.172      0.137      0.073      0.059
     3         1     -0.025     -0.172      0.147      0.075      0.051
     3         2     -0.025     -0.035      0.010      0.025      0.699
     4         1     -0.083     -0.172      0.089      0.072      0.217
     4         2     -0.083     -0.035     -0.048      0.034      0.161
     4         3     -0.083     -0.025     -0.058      0.043      0.177
     5         1     -0.052     -0.172      0.120      0.078      0.125
     5         2     -0.052     -0.035     -0.017      0.026      0.496
     5         3     -0.052     -0.025     -0.027      0.038      0.472
     5         4     -0.052     -0.083      0.031      0.040      0.437
     6         1     -0.014     -0.172      0.158      0.070      0.024
     6         2     -0.014     -0.035      0.021      0.014      0.127
     6         3     -0.014     -0.025      0.011      0.025      0.663
     6         4     -0.014     -0.083      0.069      0.035      0.051
     6         5     -0.014     -0.052      0.038      0.027      0.161
     7         1     -0.093     -0.172      0.078      0.121      0.518
     7         2     -0.093     -0.035     -0.059      0.082      0.473
     7         3     -0.093     -0.025     -0.069      0.087      0.430
     7         4     -0.093     -0.083     -0.011      0.085      0.901
     7         5     -0.093     -0.052     -0.041      0.083      0.619
     7         6     -0.093     -0.014     -0.080      0.085      0.346
     8         1      0.058     -0.172      0.230      0.067      0.001
     8         2      0.058     -0.035      0.093      0.046      0.045
     8         3      0.058     -0.025      0.083      0.051      0.104
     8         4      0.058     -0.083      0.141      0.054      0.009
     8         5      0.058     -0.052      0.110      0.052      0.036
     8         6      0.058     -0.014      0.072      0.042      0.089
     8         7      0.058     -0.093      0.152      0.100      0.131
     9         1      0.006     -0.172      0.178      0.072      0.013
     9         2      0.006     -0.035      0.041      0.026      0.118
     9         3      0.006     -0.025      0.031      0.037      0.401
     9         4      0.006     -0.083      0.089      0.041      0.030
     9         5      0.006     -0.052      0.058      0.036      0.109
     9         6      0.006     -0.014      0.020      0.023      0.395
     9         7      0.006     -0.093      0.100      0.088      0.258
     9         8      0.006      0.058     -0.052      0.047      0.268
     10        1     -0.004     -0.172      0.168      0.067      0.013
     10        2     -0.004     -0.035      0.031      0.029      0.289
     10        3     -0.004     -0.025      0.021      0.037      0.572
     10        4     -0.004     -0.083      0.079      0.044      0.073
     10        5     -0.004     -0.052      0.048      0.039      0.214
     10        6     -0.004     -0.014      0.010      0.026      0.708
     10        7     -0.004     -0.093      0.090      0.092      0.333
     10        8     -0.004      0.058     -0.062      0.047      0.187
     10        9     -0.004      0.006     -0.010      0.033      0.763
     11        1     -0.001     -0.172      0.170      0.077      0.026
     11        2     -0.001     -0.035      0.034      0.032      0.294
     11        3     -0.001     -0.025      0.024      0.043      0.580
     11        4     -0.001     -0.083      0.082      0.047      0.082
     11        5     -0.001     -0.052      0.051      0.042      0.230
     11        6     -0.001     -0.014      0.013      0.030      0.674
     11        7     -0.001     -0.093      0.092      0.090      0.304
     11        8     -0.001      0.058     -0.059      0.053      0.261
     11        9     -0.001      0.006     -0.007      0.040      0.856
     11        10     -0.001     -0.004      0.003      0.040      0.943
     12        1      0.047     -0.172      0.219      0.083      0.008
     12        2      0.047     -0.035      0.082      0.040      0.043
     12        3      0.047     -0.025      0.072      0.046      0.117
     12        4      0.047     -0.083      0.130      0.053      0.015
     12        5      0.047     -0.052      0.099      0.046      0.033
     12        6      0.047     -0.014      0.061      0.038      0.106
     12        7      0.047     -0.093      0.141      0.094      0.135
     12        8      0.047      0.058     -0.011      0.054      0.838
     12        9      0.047      0.006      0.041      0.042      0.332
     12        10      0.047     -0.004      0.051      0.045      0.259
     12        11      0.047     -0.001      0.048      0.047      0.309
     13        1     -0.004     -0.172      0.167      0.070      0.018
     13        2     -0.004     -0.035      0.030      0.020      0.134
     13        3     -0.004     -0.025      0.021      0.030      0.495
     13        4     -0.004     -0.083      0.079      0.038      0.041
     13        5     -0.004     -0.052      0.048      0.032      0.132
     13        6     -0.004     -0.014      0.009      0.017      0.585
     13        7     -0.004     -0.093      0.089      0.087      0.305
     13        8     -0.004      0.058     -0.062      0.044      0.159
     13        9     -0.004      0.006     -0.010      0.027      0.701
     13        10     -0.004     -0.004      0.000      0.029      0.990
     13        11     -0.004     -0.001     -0.003      0.034      0.924
     13        12     -0.004      0.047     -0.051      0.040      0.197
     14        1     -0.031     -0.172      0.140      0.075      0.061
     14        2     -0.031     -0.035      0.003      0.025      0.900
     14        3     -0.031     -0.025     -0.007      0.036      0.852
     14        4     -0.031     -0.083      0.051      0.043      0.231
     14        5     -0.031     -0.052      0.021      0.035      0.558
     14        6     -0.031     -0.014     -0.018      0.026      0.496
     14        7     -0.031     -0.093      0.062      0.088      0.480
     14        8     -0.031      0.058     -0.090      0.052      0.087
     14        9     -0.031      0.006     -0.038      0.036      0.302
     14        10     -0.031     -0.004     -0.028      0.038      0.464
     14        11     -0.031     -0.001     -0.030      0.041      0.456
     14        12     -0.031      0.047     -0.079      0.049      0.108
     14        13     -0.031     -0.004     -0.027      0.033      0.413
     15        1      0.036     -0.172      0.207      0.068      0.002
     15        2      0.036     -0.035      0.070      0.027      0.010
     15        3      0.036     -0.025      0.060      0.036      0.096
     15        4      0.036     -0.083      0.118      0.039      0.003
     15        5      0.036     -0.052      0.088      0.037      0.017
     15        6      0.036     -0.014      0.049      0.024      0.038
     15        7      0.036     -0.093      0.129      0.090      0.151
     15        8      0.036      0.058     -0.023      0.043      0.598
     15        9      0.036      0.006      0.029      0.030      0.330
     15        10      0.036     -0.004      0.039      0.033      0.228
     15        11      0.036     -0.001      0.037      0.039      0.342
     15        12      0.036      0.047     -0.012      0.040      0.772
     15        13      0.036     -0.004      0.040      0.026      0.133
     15        14      0.036     -0.031      0.067      0.036      0.063
 Approximate Measurement Invariance Holds For Groups:
 1 2 3 4 5 6 7 8 9 10
 11 12 13 14 15
 Weighted Average Value Across Invariant Groups:      -0.021
 R-square/Explained variance/Invariance index:       0.898

 Invariant Group Values, Difference to Average and Significance
 Group      Value Difference         SE    P-value
     1     -0.172     -0.151      0.065      0.021
     2     -0.035     -0.014      0.014      0.304
     3     -0.025     -0.004      0.027      0.875
     4     -0.083     -0.062      0.030      0.038
     5     -0.052     -0.031      0.026      0.235
     6     -0.014      0.007      0.011      0.519
     7     -0.093     -0.073      0.083      0.378
     8      0.058      0.079      0.039      0.044
     9      0.006      0.027      0.023      0.241
     10     -0.004      0.017      0.026      0.520
     11     -0.001      0.020      0.031      0.533
     12      0.047      0.068      0.036      0.063
     13     -0.004      0.016      0.017      0.347
     14     -0.031     -0.011      0.027      0.684
     15      0.036      0.056      0.020      0.005

 Intercept for CREATFAM
 Group     Group      Value      Value     Difference  SE       P-value
     2         1      0.183     -0.105      0.288      0.062      0.000
     3         1     -0.117     -0.105     -0.012      0.041      0.770
     3         2     -0.117      0.183     -0.300      0.061      0.000
     4         1     -0.005     -0.105      0.100      0.043      0.020
     4         2     -0.005      0.183     -0.188      0.061      0.002
     4         3     -0.005     -0.117      0.112      0.037      0.002
     5         1     -0.081     -0.105      0.024      0.041      0.558
     5         2     -0.081      0.183     -0.264      0.060      0.000
     5         3     -0.081     -0.117      0.036      0.036      0.313
     5         4     -0.081     -0.005     -0.076      0.035      0.031
     6         1      0.122     -0.105      0.227      0.064      0.000
     6         2      0.122      0.183     -0.061      0.080      0.448
     6         3      0.122     -0.117      0.239      0.063      0.000
     6         4      0.122     -0.005      0.127      0.064      0.046
     6         5      0.122     -0.081      0.203      0.063      0.001
     7         1      0.074     -0.105      0.179      0.054      0.001
     7         2      0.074      0.183     -0.109      0.071      0.125
     7         3      0.074     -0.117      0.191      0.051      0.000
     7         4      0.074     -0.005      0.079      0.049      0.106
     7         5      0.074     -0.081      0.155      0.051      0.002
     7         6      0.074      0.122     -0.048      0.072      0.505
     8         1     -0.133     -0.105     -0.028      0.037      0.447
     8         2     -0.133      0.183     -0.316      0.058      0.000
     8         3     -0.133     -0.117     -0.016      0.027      0.540
     8         4     -0.133     -0.005     -0.128      0.032      0.000
     8         5     -0.133     -0.081     -0.052      0.030      0.080
     8         6     -0.133      0.122     -0.255      0.057      0.000
     8         7     -0.133      0.074     -0.207      0.048      0.000
     9         1     -0.135     -0.105     -0.031      0.038      0.427
     9         2     -0.135      0.183     -0.318      0.059      0.000
     9         3     -0.135     -0.117     -0.019      0.030      0.537
     9         4     -0.135     -0.005     -0.130      0.033      0.000
     9         5     -0.135     -0.081     -0.055      0.032      0.086
     9         6     -0.135      0.122     -0.258      0.061      0.000
     9         7     -0.135      0.074     -0.209      0.049      0.000
     9         8     -0.135     -0.133     -0.002      0.020      0.904
     10        1     -0.104     -0.105      0.001      0.038      0.987
     10        2     -0.104      0.183     -0.287      0.061      0.000
     10        3     -0.104     -0.117      0.012      0.032      0.696
     10        4     -0.104     -0.005     -0.099      0.036      0.005
     10        5     -0.104     -0.081     -0.023      0.033      0.474
     10        6     -0.104      0.122     -0.226      0.063      0.000
     10        7     -0.104      0.074     -0.178      0.051      0.000
     10        8     -0.104     -0.133      0.029      0.026      0.261
     10        9     -0.104     -0.135      0.031      0.029      0.276
     11        1     -0.128     -0.105     -0.023      0.042      0.582
     11        2     -0.128      0.183     -0.311      0.060      0.000
     11        3     -0.128     -0.117     -0.011      0.035      0.748
     11        4     -0.128     -0.005     -0.123      0.037      0.001
     11        5     -0.128     -0.081     -0.047      0.036      0.191
     11        6     -0.128      0.122     -0.250      0.062      0.000
     11        7     -0.128      0.074     -0.202      0.051      0.000
     11        8     -0.128     -0.133      0.005      0.027      0.853
     11        9     -0.128     -0.135      0.007      0.031      0.809
     11        10     -0.128     -0.104     -0.024      0.033      0.465
     12        1     -0.141     -0.105     -0.036      0.034      0.283
     12        2     -0.141      0.183     -0.324      0.057      0.000
     12        3     -0.141     -0.117     -0.024      0.027      0.368
     12        4     -0.141     -0.005     -0.136      0.031      0.000
     12        5     -0.141     -0.081     -0.060      0.029      0.040
     12        6     -0.141      0.122     -0.263      0.059      0.000
     12        7     -0.141      0.074     -0.215      0.047      0.000
     12        8     -0.141     -0.133     -0.008      0.020      0.677
     12        9     -0.141     -0.135     -0.006      0.021      0.787
     12        10     -0.141     -0.104     -0.037      0.027      0.172
     12        11     -0.141     -0.128     -0.013      0.027      0.627
     13        1     -0.161     -0.105     -0.056      0.040      0.165
     13        2     -0.161      0.183     -0.344      0.059      0.000
     13        3     -0.161     -0.117     -0.044      0.032      0.167
     13        4     -0.161     -0.005     -0.156      0.034      0.000
     13        5     -0.161     -0.081     -0.080      0.032      0.013
     13        6     -0.161      0.122     -0.283      0.061      0.000
     13        7     -0.161      0.074     -0.235      0.049      0.000
     13        8     -0.161     -0.133     -0.028      0.022      0.210
     13        9     -0.161     -0.135     -0.026      0.025      0.314
     13        10     -0.161     -0.104     -0.057      0.030      0.061
     13        11     -0.161     -0.128     -0.033      0.032      0.306
     13        12     -0.161     -0.141     -0.020      0.023      0.387
     14        1     -0.148     -0.105     -0.043      0.039      0.271
     14        2     -0.148      0.183     -0.331      0.060      0.000
     14        3     -0.148     -0.117     -0.032      0.033      0.340
     14        4     -0.148     -0.005     -0.143      0.035      0.000
     14        5     -0.148     -0.081     -0.067      0.034      0.048
     14        6     -0.148      0.122     -0.270      0.062      0.000
     14        7     -0.148      0.074     -0.222      0.050      0.000
     14        8     -0.148     -0.133     -0.015      0.022      0.487
     14        9     -0.148     -0.135     -0.013      0.026      0.622
     14        10     -0.148     -0.104     -0.044      0.031      0.162
     14        11     -0.148     -0.128     -0.020      0.032      0.527
     14        12     -0.148     -0.141     -0.007      0.023      0.754
     14        13     -0.148     -0.161      0.013      0.027      0.633
     15        1     -0.167     -0.105     -0.062      0.040      0.116
     15        2     -0.167      0.183     -0.350      0.058      0.000
     15        3     -0.167     -0.117     -0.050      0.030      0.099
     15        4     -0.167     -0.005     -0.162      0.032      0.000
     15        5     -0.167     -0.081     -0.086      0.031      0.006
     15        6     -0.167      0.122     -0.289      0.060      0.000
     15        7     -0.167      0.074     -0.241      0.048      0.000
     15        8     -0.167     -0.133     -0.034      0.021      0.111
     15        9     -0.167     -0.135     -0.032      0.024      0.191
     15        10     -0.167     -0.104     -0.063      0.028      0.025
     15        11     -0.167     -0.128     -0.039      0.032      0.216
     15        12     -0.167     -0.141     -0.026      0.021      0.226
     15        13     -0.167     -0.161     -0.006      0.023      0.794
     15        14     -0.167     -0.148     -0.019      0.025      0.452
 Approximate Measurement Invariance Holds For Groups:
 2 6 7
 Weighted Average Value Across Invariant Groups:       0.138
 R-square/Explained variance/Invariance index:       0.000

 Invariant Group Values, Difference to Average and Significance
 Group      Value Difference         SE    P-value
     2      0.183      0.045      0.039      0.250
     6      0.122     -0.016      0.045      0.719
     7      0.074     -0.064      0.047      0.170

 Intercept for FAMSUPSL
 Group     Group      Value      Value     Difference  SE       P-value
     2         1     -0.291      0.022     -0.313      0.070      0.000
     3         1     -0.054      0.022     -0.076      0.051      0.140
     3         2     -0.054     -0.291      0.237      0.059      0.000
     4         1     -0.052      0.022     -0.074      0.050      0.144
     4         2     -0.052     -0.291      0.240      0.055      0.000
     4         3     -0.052     -0.054      0.002      0.021      0.912
     5         1     -0.055      0.022     -0.077      0.048      0.111
     5         2     -0.055     -0.291      0.237      0.056      0.000
     5         3     -0.055     -0.054     -0.001      0.029      0.984
     5         4     -0.055     -0.052     -0.003      0.017      0.865
     6         1     -0.411      0.022     -0.432      0.075      0.000
     6         2     -0.411     -0.291     -0.119      0.080      0.138
     6         3     -0.411     -0.054     -0.356      0.065      0.000
     6         4     -0.411     -0.052     -0.359      0.062      0.000
     6         5     -0.411     -0.055     -0.356      0.063      0.000
     7         1     -0.036      0.022     -0.057      0.049      0.245
     7         2     -0.036     -0.291      0.256      0.058      0.000
     7         3     -0.036     -0.054      0.019      0.029      0.518
     7         4     -0.036     -0.052      0.016      0.022      0.469
     7         5     -0.036     -0.055      0.019      0.026      0.456
     7         6     -0.036     -0.411      0.375      0.064      0.000
     8         1     -0.399      0.022     -0.421      0.055      0.000
     8         2     -0.399     -0.291     -0.107      0.064      0.094
     8         3     -0.399     -0.054     -0.345      0.044      0.000
     8         4     -0.399     -0.052     -0.347      0.038      0.000
     8         5     -0.399     -0.055     -0.344      0.040      0.000
     8         6     -0.399     -0.411      0.012      0.064      0.855
     8         7     -0.399     -0.036     -0.363      0.042      0.000
     9         1     -0.062      0.022     -0.084      0.049      0.088
     9         2     -0.062     -0.291      0.229      0.058      0.000
     9         3     -0.062     -0.054     -0.008      0.032      0.803
     9         4     -0.062     -0.052     -0.010      0.020      0.601
     9         5     -0.062     -0.055     -0.007      0.026      0.773
     9         6     -0.062     -0.411      0.348      0.063      0.000
     9         7     -0.062     -0.036     -0.027      0.027      0.328
     9         8     -0.062     -0.399      0.337      0.042      0.000
     10        1     -0.145      0.022     -0.167      0.058      0.004
     10        2     -0.145     -0.291      0.146      0.066      0.026
     10        3     -0.145     -0.054     -0.091      0.046      0.048
     10        4     -0.145     -0.052     -0.094      0.041      0.024
     10        5     -0.145     -0.055     -0.091      0.043      0.034
     10        6     -0.145     -0.411      0.265      0.071      0.000
     10        7     -0.145     -0.036     -0.110      0.045      0.014
     10        8     -0.145     -0.399      0.253      0.051      0.000
     10        9     -0.145     -0.062     -0.083      0.044      0.059
     11        1     -0.066      0.022     -0.088      0.055      0.112
     11        2     -0.066     -0.291      0.225      0.061      0.000
     11        3     -0.066     -0.054     -0.012      0.035      0.738
     11        4     -0.066     -0.052     -0.014      0.025      0.569
     11        5     -0.066     -0.055     -0.011      0.031      0.715
     11        6     -0.066     -0.411      0.345      0.067      0.000
     11        7     -0.066     -0.036     -0.030      0.032      0.345
     11        8     -0.066     -0.399      0.333      0.045      0.000
     11        9     -0.066     -0.062     -0.004      0.034      0.909
     11        10     -0.066     -0.145      0.079      0.048      0.099
     12        1     -0.140      0.022     -0.161      0.055      0.003
     12        2     -0.140     -0.291      0.152      0.062      0.014
     12        3     -0.140     -0.054     -0.085      0.039      0.028
     12        4     -0.140     -0.052     -0.088      0.034      0.010
     12        5     -0.140     -0.055     -0.085      0.035      0.017
     12        6     -0.140     -0.411      0.271      0.066      0.000
     12        7     -0.140     -0.036     -0.104      0.038      0.006
     12        8     -0.140     -0.399      0.259      0.045      0.000
     12        9     -0.140     -0.062     -0.077      0.038      0.040
     12        10     -0.140     -0.145      0.006      0.044      0.893
     12        11     -0.140     -0.066     -0.073      0.042      0.082
     13        1      0.126      0.022      0.104      0.055      0.058
     13        2      0.126     -0.291      0.417      0.061      0.000
     13        3      0.126     -0.054      0.180      0.039      0.000
     13        4      0.126     -0.052      0.177      0.033      0.000
     13        5      0.126     -0.055      0.180      0.035      0.000
     13        6      0.126     -0.411      0.536      0.066      0.000
     13        7      0.126     -0.036      0.161      0.037      0.000
     13        8      0.126     -0.399      0.524      0.045      0.000
     13        9      0.126     -0.062      0.188      0.037      0.000
     13        10      0.126     -0.145      0.271      0.048      0.000
     13        11      0.126     -0.066      0.192      0.041      0.000
     13        12      0.126     -0.140      0.265      0.042      0.000
     14        1      0.170      0.022      0.149      0.058      0.010
     14        2      0.170     -0.291      0.462      0.064      0.000
     14        3      0.170     -0.054      0.225      0.042      0.000
     14        4      0.170     -0.052      0.222      0.037      0.000
     14        5      0.170     -0.055      0.225      0.039      0.000
     14        6      0.170     -0.411      0.581      0.069      0.000
     14        7      0.170     -0.036      0.206      0.041      0.000
     14        8      0.170     -0.399      0.569      0.049      0.000
     14        9      0.170     -0.062      0.233      0.041      0.000
     14        10      0.170     -0.145      0.316      0.051      0.000
     14        11      0.170     -0.066      0.236      0.045      0.000
     14        12      0.170     -0.140      0.310      0.046      0.000
     14        13      0.170      0.126      0.045      0.045      0.316
     15        1     -0.054      0.022     -0.076      0.050      0.129
     15        2     -0.054     -0.291      0.237      0.055      0.000
     15        3     -0.054     -0.054      0.000      0.024      0.989
     15        4     -0.054     -0.052     -0.002      0.010      0.845
     15        5     -0.054     -0.055      0.001      0.019      0.961
     15        6     -0.054     -0.411      0.357      0.061      0.000
     15        7     -0.054     -0.036     -0.018      0.022      0.398
     15        8     -0.054     -0.399      0.345      0.038      0.000
     15        9     -0.054     -0.062      0.008      0.023      0.714
     15        10     -0.054     -0.145      0.092      0.041      0.025
     15        11     -0.054     -0.066      0.012      0.028      0.666
     15        12     -0.054     -0.140      0.086      0.034      0.011
     15        13     -0.054      0.126     -0.179      0.033      0.000
     15        14     -0.054      0.170     -0.224      0.037      0.000
 Approximate Measurement Invariance Holds For Groups:
 1 3 4 5 7 9 10 11 12 15
 Weighted Average Value Across Invariant Groups:      -0.062
 R-square/Explained variance/Invariance index:       0.453

 Invariant Group Values, Difference to Average and Significance
 Group      Value Difference         SE    P-value
     1      0.022      0.083      0.044      0.057
     3     -0.054      0.007      0.021      0.731
     4     -0.052      0.010      0.009      0.302
     5     -0.055      0.007      0.016      0.670
     7     -0.036      0.026      0.020      0.188
     9     -0.062     -0.001      0.019      0.971
     10     -0.145     -0.084      0.037      0.025
     11     -0.066     -0.005      0.026      0.860
     12     -0.140     -0.078      0.029      0.007
     15     -0.054      0.008      0.011      0.485



 Loadings
 Loadings for FAMSUP
 Group     Group      Value      Value     Difference  SE       P-value
     2         1      0.623      0.593      0.030      0.083      0.720
     3         1      0.733      0.593      0.139      0.179      0.437
     3         2      0.733      0.623      0.110      0.188      0.560
     4         1      0.540      0.593     -0.053      0.066      0.424
     4         2      0.540      0.623     -0.083      0.087      0.338
     4         3      0.540      0.733     -0.193      0.179      0.283
     5         1      0.661      0.593      0.068      0.091      0.457
     5         2      0.661      0.623      0.038      0.103      0.711
     5         3      0.661      0.733     -0.072      0.186      0.700
     5         4      0.661      0.540      0.121      0.093      0.193
     6         1      0.633      0.593      0.040      0.086      0.645
     6         2      0.633      0.623      0.010      0.098      0.920
     6         3      0.633      0.733     -0.100      0.190      0.600
     6         4      0.633      0.540      0.093      0.094      0.321
     6         5      0.633      0.661     -0.028      0.102      0.782
     7         1      0.673      0.593      0.080      0.158      0.614
     7         2      0.673      0.623      0.050      0.165      0.763
     7         3      0.673      0.733     -0.060      0.224      0.790
     7         4      0.673      0.540      0.133      0.161      0.410
     7         5      0.673      0.661      0.012      0.156      0.939
     7         6      0.673      0.633      0.040      0.167      0.810
     8         1      0.532      0.593     -0.061      0.087      0.483
     8         2      0.532      0.623     -0.091      0.100      0.362
     8         3      0.532      0.733     -0.201      0.187      0.284
     8         4      0.532      0.540     -0.008      0.068      0.905
     8         5      0.532      0.661     -0.129      0.103      0.212
     8         6      0.532      0.633     -0.101      0.105      0.337
     8         7      0.532      0.673     -0.141      0.170      0.406
     9         1      0.625      0.593      0.032      0.065      0.626
     9         2      0.625      0.623      0.002      0.079      0.982
     9         3      0.625      0.733     -0.108      0.179      0.547
     9         4      0.625      0.540      0.085      0.069      0.217
     9         5      0.625      0.661     -0.036      0.087      0.677
     9         6      0.625      0.633     -0.008      0.080      0.920
     9         7      0.625      0.673     -0.048      0.151      0.750
     9         8      0.625      0.532      0.093      0.084      0.271
     10        1      0.549      0.593     -0.044      0.098      0.655
     10        2      0.549      0.623     -0.074      0.108      0.496
     10        3      0.549      0.733     -0.183      0.191      0.337
     10        4      0.549      0.540      0.009      0.080      0.908
     10        5      0.549      0.661     -0.112      0.111      0.315
     10        6      0.549      0.633     -0.084      0.113      0.458
     10        7      0.549      0.673     -0.124      0.175      0.479
     10        8      0.549      0.532      0.017      0.097      0.858
     10        9      0.549      0.625     -0.076      0.094      0.420
     11        1      0.622      0.593      0.029      0.080      0.717
     11        2      0.622      0.623     -0.001      0.091      0.992
     11        3      0.622      0.733     -0.111      0.187      0.555
     11        4      0.622      0.540      0.082      0.086      0.342
     11        5      0.622      0.661     -0.039      0.098      0.691
     11        6      0.622      0.633     -0.011      0.103      0.916
     11        7      0.622      0.673     -0.051      0.162      0.754
     11        8      0.622      0.532      0.090      0.101      0.370
     11        9      0.622      0.625     -0.003      0.075      0.971
     11        10      0.622      0.549      0.073      0.109      0.503
     12        1      0.638      0.593      0.045      0.069      0.516
     12        2      0.638      0.623      0.015      0.081      0.853
     12        3      0.638      0.733     -0.095      0.180      0.599
     12        4      0.638      0.540      0.098      0.073      0.182
     12        5      0.638      0.661     -0.023      0.084      0.784
     12        6      0.638      0.633      0.005      0.092      0.956
     12        7      0.638      0.673     -0.035      0.154      0.820
     12        8      0.638      0.532      0.106      0.089      0.235
     12        9      0.638      0.625      0.013      0.063      0.834
     12        10      0.638      0.549      0.089      0.098      0.367
     12        11      0.638      0.622      0.016      0.090      0.861
     13        1      0.593      0.593      0.000      0.070      0.999
     13        2      0.593      0.623     -0.030      0.092      0.746
     13        3      0.593      0.733     -0.139      0.183      0.445
     13        4      0.593      0.540      0.053      0.070      0.449
     13        5      0.593      0.661     -0.068      0.097      0.483
     13        6      0.593      0.633     -0.040      0.095      0.678
     13        7      0.593      0.673     -0.080      0.163      0.624
     13        8      0.593      0.532      0.061      0.087      0.480
     13        9      0.593      0.625     -0.032      0.076      0.677
     13        10      0.593      0.549      0.044      0.096      0.647
     13        11      0.593      0.622     -0.029      0.090      0.748
     13        12      0.593      0.638     -0.045      0.079      0.570
     14        1      0.557      0.593     -0.036      0.069      0.599
     14        2      0.557      0.623     -0.066      0.089      0.460
     14        3      0.557      0.733     -0.176      0.180      0.329
     14        4      0.557      0.540      0.017      0.059      0.776
     14        5      0.557      0.661     -0.104      0.095      0.271
     14        6      0.557      0.633     -0.076      0.096      0.427
     14        7      0.557      0.673     -0.116      0.160      0.467
     14        8      0.557      0.532      0.025      0.075      0.741
     14        9      0.557      0.625     -0.068      0.074      0.358
     14        10      0.557      0.549      0.008      0.085      0.929
     14        11      0.557      0.622     -0.065      0.093      0.484
     14        12      0.557      0.638     -0.081      0.079      0.304
     14        13      0.557      0.593     -0.036      0.075      0.628
     15        1      0.562      0.593     -0.031      0.062      0.612
     15        2      0.562      0.623     -0.061      0.084      0.466
     15        3      0.562      0.733     -0.171      0.179      0.340
     15        4      0.562      0.540      0.022      0.056      0.696
     15        5      0.562      0.661     -0.099      0.091      0.276
     15        6      0.562      0.633     -0.071      0.092      0.438
     15        7      0.562      0.673     -0.111      0.160      0.486
     15        8      0.562      0.532      0.030      0.070      0.670
     15        9      0.562      0.625     -0.063      0.066      0.340
     15        10      0.562      0.549      0.013      0.080      0.876
     15        11      0.562      0.622     -0.060      0.086      0.482
     15        12      0.562      0.638     -0.076      0.072      0.289
     15        13      0.562      0.593     -0.032      0.068      0.641
     15        14      0.562      0.557      0.005      0.059      0.933
 Approximate Measurement Invariance Holds For Groups:
 1 2 3 4 5 6 7 8 9 10
 11 12 13 14 15
 Weighted Average Value Across Invariant Groups:       0.602
 R-square/Explained variance/Invariance index:       0.161

 Invariant Group Values, Difference to Average and Significance
 Group      Value Difference         SE    P-value
     1      0.593     -0.009      0.049      0.854
     2      0.623      0.021      0.068      0.758
     3      0.733      0.131      0.163      0.423
     4      0.540     -0.062      0.044      0.154
     5      0.661      0.059      0.073      0.418
     6      0.633      0.031      0.075      0.680
     7      0.673      0.071      0.146      0.627
     8      0.532     -0.070      0.064      0.275
     9      0.625      0.023      0.046      0.620
     10      0.549     -0.053      0.077      0.494
     11      0.622      0.020      0.069      0.774
     12      0.638      0.036      0.053      0.496
     13      0.593     -0.009      0.056      0.875
     14      0.557     -0.045      0.050      0.363
     15      0.562     -0.040      0.041      0.329

 Loadings for CREATFAM
 Group     Group      Value      Value     Difference  SE       P-value
     2         1      0.357      0.454     -0.098      0.104      0.349
     3         1      0.338      0.454     -0.117      0.098      0.234
     3         2      0.338      0.357     -0.019      0.034      0.570
     4         1      0.335      0.454     -0.119      0.098      0.224
     4         2      0.335      0.357     -0.021      0.037      0.558
     4         3      0.335      0.338     -0.002      0.015      0.878
     5         1      0.350      0.454     -0.105      0.101      0.300
     5         2      0.350      0.357     -0.007      0.044      0.873
     5         3      0.350      0.338      0.012      0.026      0.643
     5         4      0.350      0.335      0.014      0.030      0.627
     6         1      0.325      0.454     -0.129      0.103      0.211
     6         2      0.325      0.357     -0.032      0.054      0.558
     6         3      0.325      0.338     -0.013      0.036      0.725
     6         4      0.325      0.335     -0.010      0.037      0.778
     6         5      0.325      0.350     -0.025      0.048      0.608
     7         1      0.329      0.454     -0.125      0.105      0.233
     7         2      0.329      0.357     -0.028      0.058      0.631
     7         3      0.329      0.338     -0.009      0.044      0.844
     7         4      0.329      0.335     -0.006      0.043      0.884
     7         5      0.329      0.350     -0.021      0.056      0.710
     7         6      0.329      0.325      0.004      0.058      0.944
     8         1      0.477      0.454      0.023      0.107      0.830
     8         2      0.477      0.357      0.121      0.068      0.076
     8         3      0.477      0.338      0.140      0.061      0.022
     8         4      0.477      0.335      0.142      0.060      0.019
     8         5      0.477      0.350      0.128      0.066      0.052
     8         6      0.477      0.325      0.152      0.069      0.026
     8         7      0.477      0.329      0.148      0.073      0.042
     9         1      0.376      0.454     -0.078      0.113      0.488
     9         2      0.376      0.357      0.019      0.062      0.754
     9         3      0.376      0.338      0.039      0.049      0.429
     9         4      0.376      0.335      0.041      0.053      0.443
     9         5      0.376      0.350      0.026      0.056      0.638
     9         6      0.376      0.325      0.051      0.067      0.443
     9         7      0.376      0.329      0.047      0.070      0.499
     9         8      0.376      0.477     -0.101      0.079      0.201
     10        1      0.474      0.454      0.020      0.118      0.868
     10        2      0.474      0.357      0.117      0.084      0.164
     10        3      0.474      0.338      0.136      0.079      0.085
     10        4      0.474      0.335      0.138      0.079      0.080
     10        5      0.474      0.350      0.124      0.082      0.132
     10        6      0.474      0.325      0.149      0.085      0.079
     10        7      0.474      0.329      0.145      0.088      0.101
     10        8      0.474      0.477     -0.003      0.082      0.966
     10        9      0.474      0.376      0.098      0.093      0.296
     11        1      0.215      0.454     -0.239      0.098      0.015
     11        2      0.215      0.357     -0.142      0.061      0.021
     11        3      0.215      0.338     -0.122      0.050      0.015
     11        4      0.215      0.335     -0.120      0.050      0.015
     11        5      0.215      0.350     -0.135      0.056      0.017
     11        6      0.215      0.325     -0.110      0.060      0.068
     11        7      0.215      0.329     -0.114      0.065      0.082
     11        8      0.215      0.477     -0.262      0.072      0.000
     11        9      0.215      0.376     -0.161      0.072      0.026
     11        10      0.215      0.474     -0.259      0.087      0.003
     12        1      0.305      0.454     -0.149      0.102      0.144
     12        2      0.305      0.357     -0.052      0.056      0.355
     12        3      0.305      0.338     -0.032      0.042      0.440
     12        4      0.305      0.335     -0.030      0.042      0.472
     12        5      0.305      0.350     -0.045      0.051      0.380
     12        6      0.305      0.325     -0.020      0.054      0.715
     12        7      0.305      0.329     -0.024      0.060      0.693
     12        8      0.305      0.477     -0.172      0.069      0.013
     12        9      0.305      0.376     -0.071      0.068      0.293
     12        10      0.305      0.474     -0.169      0.085      0.048
     12        11      0.305      0.215      0.090      0.059      0.127
     13        1      0.364      0.454     -0.090      0.103      0.383
     13        2      0.364      0.357      0.007      0.045      0.872
     13        3      0.364      0.338      0.026      0.031      0.388
     13        4      0.364      0.335      0.029      0.034      0.395
     13        5      0.364      0.350      0.014      0.040      0.718
     13        6      0.364      0.325      0.039      0.050      0.431
     13        7      0.364      0.329      0.035      0.055      0.521
     13        8      0.364      0.477     -0.113      0.066      0.086
     13        9      0.364      0.376     -0.012      0.057      0.831
     13        10      0.364      0.474     -0.110      0.083      0.185
     13        11      0.364      0.215      0.149      0.057      0.009
     13        12      0.364      0.305      0.059      0.051      0.247
     14        1      0.358      0.454     -0.097      0.101      0.336
     14        2      0.358      0.357      0.001      0.040      0.987
     14        3      0.358      0.338      0.020      0.023      0.388
     14        4      0.358      0.335      0.022      0.026      0.402
     14        5      0.358      0.350      0.008      0.034      0.822
     14        6      0.358      0.325      0.032      0.044      0.456
     14        7      0.358      0.329      0.028      0.049      0.566
     14        8      0.358      0.477     -0.120      0.062      0.054
     14        9      0.358      0.376     -0.019      0.054      0.728
     14        10      0.358      0.474     -0.116      0.080      0.147
     14        11      0.358      0.215      0.142      0.051      0.005
     14        12      0.358      0.305      0.052      0.046      0.252
     14        13      0.358      0.364     -0.007      0.036      0.854
     15        1      0.337      0.454     -0.118      0.099      0.234
     15        2      0.337      0.357     -0.020      0.038      0.599
     15        3      0.337      0.338     -0.001      0.017      0.952
     15        4      0.337      0.335      0.001      0.021      0.952
     15        5      0.337      0.350     -0.013      0.031      0.673
     15        6      0.337      0.325      0.012      0.039      0.764
     15        7      0.337      0.329      0.008      0.045      0.866
     15        8      0.337      0.477     -0.141      0.061      0.021
     15        9      0.337      0.376     -0.040      0.054      0.465
     15        10      0.337      0.474     -0.137      0.079      0.084
     15        11      0.337      0.215      0.121      0.050      0.015
     15        12      0.337      0.305      0.031      0.043      0.462
     15        13      0.337      0.364     -0.027      0.035      0.438
     15        14      0.337      0.358     -0.021      0.028      0.462
 Approximate Measurement Invariance Holds For Groups:
 1 2 3 4 5 6 7 8 9 10
 11 12 13 14 15
 Weighted Average Value Across Invariant Groups:       0.356
 R-square/Explained variance/Invariance index:       0.000

 Invariant Group Values, Difference to Average and Significance
 Group      Value Difference         SE    P-value
     1      0.454      0.099      0.092      0.283
     2      0.357      0.001      0.034      0.976
     3      0.338     -0.018      0.012      0.138
     4      0.335     -0.020      0.015      0.185
     5      0.350     -0.006      0.028      0.831
     6      0.325     -0.031      0.037      0.403
     7      0.329     -0.027      0.044      0.544
     8      0.477      0.122      0.054      0.025
     9      0.376      0.020      0.049      0.677
     10      0.474      0.118      0.074      0.110
     11      0.215     -0.141      0.045      0.002
     12      0.305     -0.051      0.039      0.191
     13      0.364      0.008      0.030      0.783
     14      0.358      0.002      0.022      0.940
     15      0.337     -0.019      0.018      0.277

 Loadings for FAMSUPSL
 Group     Group      Value      Value     Difference  SE       P-value
     2         1      0.303      0.287      0.016      0.063      0.799
     3         1      0.258      0.287     -0.029      0.065      0.657
     3         2      0.258      0.303     -0.045      0.051      0.381
     4         1      0.383      0.287      0.096      0.068      0.162
     4         2      0.383      0.303      0.080      0.049      0.104
     4         3      0.383      0.258      0.124      0.052      0.016
     5         1      0.276      0.287     -0.011      0.059      0.847
     5         2      0.276      0.303     -0.027      0.046      0.552
     5         3      0.276      0.258      0.017      0.046      0.706
     5         4      0.276      0.383     -0.107      0.048      0.024
     6         1      0.330      0.287      0.043      0.068      0.524
     6         2      0.330      0.303      0.027      0.052      0.600
     6         3      0.330      0.258      0.072      0.054      0.182
     6         4      0.330      0.383     -0.052      0.049      0.283
     6         5      0.330      0.276      0.055      0.051      0.282
     7         1      0.309      0.287      0.022      0.066      0.740
     7         2      0.309      0.303      0.006      0.051      0.908
     7         3      0.309      0.258      0.051      0.057      0.377
     7         4      0.309      0.383     -0.074      0.054      0.173
     7         5      0.309      0.276      0.033      0.054      0.538
     7         6      0.309      0.330     -0.021      0.056      0.700
     8         1      0.313      0.287      0.026      0.055      0.642
     8         2      0.313      0.303      0.010      0.036      0.792
     8         3      0.313      0.258      0.054      0.045      0.233
     8         4      0.313      0.383     -0.070      0.044      0.110
     8         5      0.313      0.276      0.037      0.039      0.345
     8         6      0.313      0.330     -0.018      0.041      0.663
     8         7      0.313      0.309      0.004      0.041      0.929
     9         1      0.265      0.287     -0.022      0.066      0.734
     9         2      0.265      0.303     -0.038      0.053      0.472
     9         3      0.265      0.258      0.006      0.050      0.900
     9         4      0.265      0.383     -0.118      0.054      0.029
     9         5      0.265      0.276     -0.011      0.047      0.816
     9         6      0.265      0.330     -0.066      0.058      0.255
     9         7      0.265      0.309     -0.044      0.058      0.448
     9         8      0.265      0.313     -0.048      0.047      0.311
     10        1      0.312      0.287      0.025      0.060      0.678
     10        2      0.312      0.303      0.009      0.044      0.836
     10        3      0.312      0.258      0.054      0.051      0.295
     10        4      0.312      0.383     -0.071      0.050      0.159
     10        5      0.312      0.276      0.036      0.046      0.424
     10        6      0.312      0.330     -0.018      0.047      0.699
     10        7      0.312      0.309      0.003      0.048      0.948
     10        8      0.312      0.313     -0.001      0.038      0.988
     10        9      0.312      0.265      0.047      0.053      0.369
     11        1      0.338      0.287      0.051      0.080      0.524
     11        2      0.338      0.303      0.035      0.066      0.598
     11        3      0.338      0.258      0.080      0.068      0.239
     11        4      0.338      0.383     -0.045      0.062      0.473
     11        5      0.338      0.276      0.062      0.065      0.335
     11        6      0.338      0.330      0.008      0.063      0.904
     11        7      0.338      0.309      0.029      0.068      0.670
     11        8      0.338      0.313      0.025      0.056      0.653
     11        9      0.338      0.265      0.073      0.071      0.302
     11        10      0.338      0.312      0.026      0.061      0.673
     12        1      0.335      0.287      0.048      0.066      0.463
     12        2      0.335      0.303      0.032      0.049      0.512
     12        3      0.335      0.258      0.077      0.052      0.135
     12        4      0.335      0.383     -0.047      0.046      0.305
     12        5      0.335      0.276      0.060      0.048      0.214
     12        6      0.335      0.330      0.005      0.048      0.916
     12        7      0.335      0.309      0.026      0.054      0.622
     12        8      0.335      0.313      0.023      0.038      0.552
     12        9      0.335      0.265      0.071      0.055      0.198
     12        10      0.335      0.312      0.023      0.045      0.604
     12        11      0.335      0.338     -0.003      0.060      0.965
     13        1      0.315      0.287      0.028      0.061      0.646
     13        2      0.315      0.303      0.012      0.042      0.771
     13        3      0.315      0.258      0.057      0.047      0.225
     13        4      0.315      0.383     -0.068      0.043      0.119
     13        5      0.315      0.276      0.040      0.041      0.339
     13        6      0.315      0.330     -0.015      0.044      0.733
     13        7      0.315      0.309      0.006      0.046      0.892
     13        8      0.315      0.313      0.003      0.031      0.932
     13        9      0.315      0.265      0.051      0.049      0.300
     13        10      0.315      0.312      0.003      0.039      0.935
     13        11      0.315      0.338     -0.023      0.060      0.704
     13        12      0.315      0.335     -0.020      0.041      0.625
     14        1      0.339      0.287      0.052      0.063      0.408
     14        2      0.339      0.303      0.036      0.043      0.402
     14        3      0.339      0.258      0.080      0.046      0.083
     14        4      0.339      0.383     -0.044      0.041      0.280
     14        5      0.339      0.276      0.063      0.041      0.126
     14        6      0.339      0.330      0.008      0.041      0.837
     14        7      0.339      0.309      0.030      0.048      0.530
     14        8      0.339      0.313      0.026      0.034      0.439
     14        9      0.339      0.265      0.074      0.048      0.125
     14        10      0.339      0.312      0.027      0.042      0.523
     14        11      0.339      0.338      0.001      0.054      0.988
     14        12      0.339      0.335      0.003      0.037      0.926
     14        13      0.339      0.315      0.024      0.036      0.512
     15        1      0.363      0.287      0.075      0.066      0.252
     15        2      0.363      0.303      0.060      0.046      0.194
     15        3      0.363      0.258      0.104      0.049      0.032
     15        4      0.363      0.383     -0.020      0.038      0.598
     15        5      0.363      0.276      0.087      0.044      0.048
     15        6      0.363      0.330      0.032      0.045      0.475
     15        7      0.363      0.309      0.054      0.051      0.293
     15        8      0.363      0.313      0.050      0.039      0.202
     15        9      0.363      0.265      0.098      0.051      0.055
     15        10      0.363      0.312      0.050      0.046      0.277
     15        11      0.363      0.338      0.025      0.058      0.675
     15        12      0.363      0.335      0.027      0.041      0.513
     15        13      0.363      0.315      0.047      0.040      0.234
     15        14      0.363      0.339      0.024      0.036      0.510
 Approximate Measurement Invariance Holds For Groups:
 1 2 3 4 5 6 7 8 9 10
 11 12 13 14 15
 Weighted Average Value Across Invariant Groups:       0.321
 R-square/Explained variance/Invariance index:       0.487

 Invariant Group Values, Difference to Average and Significance
 Group      Value Difference         SE    P-value
     1      0.287     -0.034      0.053      0.524
     2      0.303     -0.018      0.033      0.586
     3      0.258     -0.063      0.037      0.087
     4      0.383      0.062      0.031      0.048
     5      0.276     -0.045      0.031      0.145
     6      0.330      0.009      0.036      0.795
     7      0.309     -0.012      0.040      0.764
     8      0.313     -0.008      0.022      0.702
     9      0.265     -0.056      0.039      0.148
     10      0.312     -0.009      0.033      0.782
     11      0.338      0.017      0.052      0.744
     12      0.335      0.014      0.032      0.650
     13      0.315     -0.006      0.026      0.821
     14      0.339      0.018      0.024      0.451
     15      0.363      0.041      0.026      0.117

 Average Invariance index:       0.333


SAVEDATA INFORMATION


  Save file
    D:/essay/resilient_student/dataset/mplus_data/home_learning_env_scores_imp1.

  Order of variables

    FAMSUP
    CREATFAM
    FAMSUPSL
    CNTSTUID
    CNT


  Save file format           Free

  Save file record length    10000


DIAGRAM INFORMATION

  Use View Diagram under the Diagram menu in the Mplus Editor to view the diagram.
  If running Mplus from the Mplus Diagrammer, the diagram opens automatically.

  Diagram output
    d:\essay\resilient_student\dataset\mplus_data\alignment_imp1_home_learning_env.dgm

     Beginning Time:  14:53:38
        Ending Time:  14:53:40
       Elapsed Time:  00:00:02



MUTHEN & MUTHEN
3463 Stoner Ave.
Los Angeles, CA  90066

Tel: (310) 391-9971
Fax: (310) 391-8971
Web: www.StatModel.com
Support: Support@StatModel.com

Copyright (c) 1998-2019 Muthen & Muthen
