Mplus VERSION 8.3
MUTHEN & MUTHEN
08/19/2025   3:00 PM

INPUT INSTRUCTIONS

  TITLE: Alignment for Rem_Learning_Exp (IMPUTATION 2 - FIXED);

  DATA:
    FILE IS "D:/essay/resilient_student/dataset/mplus_data/imputed_data_2.dat";
    FORMAT IS FREE;

  VARIABLE:
    NAMES ARE
      CNT
      CNTSTUID
      CNTSCHID
      W_FSTUWT
      ESCS
      PV1MATH
      PV2MATH
      PV3MATH
      PV4MATH
      PV5MATH
      PV6MATH
      PV7MATH
      PV8MATH
      PV9MATH
      PV10MATH
      ACADEMIC_RESILIENCE_PV1
      ACADEMIC_RESILIENCE_PV2
      ACADEMIC_RESILIENCE_PV3
      ACADEMIC_RESILIENCE_PV4
      ACADEMIC_RESILIENCE_PV5
      ACADEMIC_RESILIENCE_PV6
      ACADEMIC_RESILIENCE_PV7
      ACADEMIC_RESILIENCE_PV8
      ACADEMIC_RESILIENCE_PV9
      ACADEMIC_RESILIENCE_PV10
      W_FSTURWT1
      W_FSTURWT2
      W_FSTURWT3
      W_FSTURWT4
      W_FSTURWT5
      W_FSTURWT6
      W_FSTURWT7
      W_FSTURWT8
      W_FSTURWT9
      W_FSTURWT10
      W_FSTURWT11
      W_FSTURWT12
      W_FSTURWT13
      W_FSTURWT14
      W_FSTURWT15
      W_FSTURWT16
      W_FSTURWT17
      W_FSTURWT18
      W_FSTURWT19
      W_FSTURWT20
      W_FSTURWT21
      W_FSTURWT22
      W_FSTURWT23
      W_FSTURWT24
      W_FSTURWT25
      W_FSTURWT26
      W_FSTURWT27
      W_FSTURWT28
      W_FSTURWT29
      W_FSTURWT30
      W_FSTURWT31
      W_FSTURWT32
      W_FSTURWT33
      W_FSTURWT34
      W_FSTURWT35
      W_FSTURWT36
      W_FSTURWT37
      W_FSTURWT38
      W_FSTURWT39
      W_FSTURWT40
      W_FSTURWT41
      W_FSTURWT42
      W_FSTURWT43
      W_FSTURWT44
      W_FSTURWT45
      W_FSTURWT46
      W_FSTURWT47
      W_FSTURWT48
      W_FSTURWT49
      W_FSTURWT50
      W_FSTURWT51
      W_FSTURWT52
      W_FSTURWT53
      W_FSTURWT54
      W_FSTURWT55
      W_FSTURWT56
      W_FSTURWT57
      W_FSTURWT58
      W_FSTURWT59
      W_FSTURWT60
      W_FSTURWT61
      W_FSTURWT62
      W_FSTURWT63
      W_FSTURWT64
      W_FSTURWT65
      W_FSTURWT66
      W_FSTURWT67
      W_FSTURWT68
      W_FSTURWT69
      W_FSTURWT70
      W_FSTURWT71
      W_FSTURWT72
      W_FSTURWT73
      W_FSTURWT74
      W_FSTURWT75
      W_FSTURWT76
      W_FSTURWT77
      W_FSTURWT78
      W_FSTURWT79
      W_FSTURWT80
      ST004D01T
      ST268Q01JA
      ST268Q04JA
      ST268Q07JA
      AGE
      ISCEDP
      IMMIG
      REPEAT
      MISSSC
      SKIPPING
      TARDYSD
      EXERPRAC
      STUDYHMW
      WORKPAY
      WORKHOME
      EXPECEDU
      BSMJ
      SISCO
      RELATST
      BELONG
      BULLIED
      FEELSAFE
      SCHRISK
      PERSEVAGR
      CURIOAGR
      COOPAGR
      EMPATAGR
      ASSERAGR
      STRESAGR
      EMOCOAGR
      GROSAGR
      INFOSEEK
      FAMSUP
      DISCLIM
      TEACHSUP
      COGACRCO
      COGACMCO
      EXPOFA
      EXPO21ST
      MATHEFF
      MATHEF21
      ANXMAT
      MATHPERS
      CREATEFF
      CREATSCH
      CREATFAM
      CREATAS
      CREATOOS
      CREATOP
      OPENART
      IMAGINE
      SCHSUST
      LEARRES
      PROBSELF
      FAMSUPSL
      FEELLAH
      SDLEFF
      OCOD3_major_group;
    USEVARIABLES ARE
      FEELLAH PROBSELF LEARRES CNT CNTSTUID;
    IDVARIABLE IS CNTSTUID;
    GROUPING IS CNT (
      1 = CHL
      2 = TAP
      3 = HRV
      4 = FIN
      5 = GRC
      6 = HKG
      7 = ISL
      8 = KOR
      9 = LTU
      10 = MLT
      11 = NZL
      12 = PRT
      13 = ROU
      14 = TUR
      15 = GBR
    );

  ANALYSIS:
    ESTIMATOR = MLR;
    PROCESSORS = 4;
    ALIGNMENT = FIXED;

  MODEL:
    Rem_Learning_Exp BY FEELLAH PROBSELF LEARRES;

  SAVEDATA:
    FILE IS "D:/essay/resilient_student/dataset/mplus_data/rem_learning_exp_scores_imp2.dat"
    SAVE = FSCORES;
    FORMAT IS FREE;

  OUTPUT:
    TECH11;
    ALIGNMENT;



*** WARNING
  Input line exceeded 90 characters. Some input may be truncated.
    FILE IS "D:/essay/resilient_student/dataset/mplus_data/rem_learning_exp_scores_imp2.dat";
*** WARNING in OUTPUT command
  TECH11 option is available only with TYPE=MIXTURE.
  Request for TECH11 is ignored.
   2 WARNING(S) FOUND IN THE INPUT INSTRUCTIONS



Alignment for Rem_Learning_Exp (IMPUTATION 2 - FIXED);

SUMMARY OF ANALYSIS

Number of groups                                                15
Number of observations
   Group CHL                                                  1209
   Group TAP                                                  1668
   Group HRV                                                  1528
   Group FIN                                                  2754
   Group GRC                                                  1529
   Group HKG                                                  1368
   Group ISL                                                   810
   Group KOR                                                  1568
   Group LTU                                                  1786
   Group MLT                                                   710
   Group NZL                                                  1104
   Group PRT                                                  1621
   Group ROU                                                  1593
   Group TUR                                                  1884
   Group GBR                                                  2863
   Total sample size                                         23995

Number of dependent variables                                    3
Number of independent variables                                  0
Number of continuous latent variables                            1

Observed dependent variables

  Continuous
   FEELLAH     PROBSELF    LEARRES

Continuous latent variables
   REM_LEAR

Variables with special functions

  Grouping variable     CNT
  ID variable           CNTSTUID

Estimator                                                      MLR
Information matrix                                        OBSERVED
Optimization Specifications for the Quasi-Newton Algorithm for
Continuous Outcomes
  Maximum number of iterations                                 100
  Convergence criterion                                  0.100D-05
Optimization Specifications for the EM Algorithm
  Maximum number of iterations                                 500
  Convergence criteria
    Loglikelihood change                                 0.100D-06
    Relative loglikelihood change                        0.100D-06
    Derivative                                           0.100D-05
Optimization Specifications for the M step of the EM Algorithm for
Categorical Latent variables
  Number of M step iterations                                    1
  M step convergence criterion                           0.100D-05
  Basis for M step termination                           ITERATION
Optimization Specifications for the M step of the EM Algorithm for
Censored, Binary or Ordered Categorical (Ordinal), Unordered
Categorical (Nominal) and Count Outcomes
  Number of M step iterations                                    1
  M step convergence criterion                           0.100D-05
  Basis for M step termination                           ITERATION
  Maximum value for logit thresholds                            15
  Minimum value for logit thresholds                           -15
  Minimum expected cell size for chi-square              0.100D-01
Optimization algorithm                                         EMA
Specifications for Alignment Analysis
  Factor mean for reference group                            FIXED
  Simplicity function                                         SQRT
  Factor variance metric                           Reference group
  Reference group                                                1
  Tolerance value                                        0.100D-01
  Number of random starts                                       30
  Maximum number of iterations                                5000
  Convergence criteration                                0.100D-02

Input data file(s)
  D:/essay/resilient_student/dataset/mplus_data/imputed_data_2.dat
Input data format  FREE



UNIVARIATE SAMPLE STATISTICS


     UNIVARIATE HIGHER-ORDER MOMENT DESCRIPTIVE STATISTICS FOR CHL

         Variable/         Mean/     Skewness/   Minimum/ % with                Percentiles
        Sample Size      Variance    Kurtosis    Maximum  Min/Max      20%/60%    40%/80%    Median

     FEELLAH              -0.066       0.357      -2.560    0.08%      -0.732     -0.349     -0.126
            1209.000       1.114       1.189       3.147    0.08%       0.129      0.673
     PROBSELF              0.257      -0.350      -2.231    0.17%      -0.542      0.273      0.416
            1209.000       1.185       0.213       3.098    0.08%       0.552      1.090
     LEARRES               0.121      -0.339      -4.770    0.08%      -0.459     -0.065      0.152
            1209.000       1.262       1.686       3.014    0.08%       0.355      0.756


     UNIVARIATE HIGHER-ORDER MOMENT DESCRIPTIVE STATISTICS FOR TAP

         Variable/         Mean/     Skewness/   Minimum/ % with                Percentiles
        Sample Size      Variance    Kurtosis    Maximum  Min/Max      20%/60%    40%/80%    Median

     FEELLAH               0.003       0.128      -2.617    0.06%      -0.641     -0.245      0.002
            1668.000       1.027       1.272       3.185    0.06%       0.229      0.680
     PROBSELF             -0.247       0.097      -2.231    0.60%      -1.586     -0.419     -0.100
            1668.000       1.358      -0.358       3.098    0.06%       0.187      0.663
     LEARRES               0.001      -0.383      -5.144    0.06%      -0.663     -0.141      0.023
            1668.000       1.352       1.336       3.046    0.06%       0.274      0.732


     UNIVARIATE HIGHER-ORDER MOMENT DESCRIPTIVE STATISTICS FOR HRV

         Variable/         Mean/     Skewness/   Minimum/ % with                Percentiles
        Sample Size      Variance    Kurtosis    Maximum  Min/Max      20%/60%    40%/80%    Median

     FEELLAH              -0.017       0.219      -2.524    0.07%      -0.677     -0.269     -0.042
            1528.000       0.961       1.349       3.042    0.07%       0.165      0.673
     PROBSELF             -0.010      -0.048      -2.231    0.46%      -0.995     -0.160      0.186
            1528.000       1.297      -0.181       3.098    0.07%       0.408      0.900
     LEARRES               0.175      -0.319      -4.737    0.07%      -0.355     -0.020      0.179
            1528.000       1.153       2.014       3.046    0.07%       0.360      0.746


     UNIVARIATE HIGHER-ORDER MOMENT DESCRIPTIVE STATISTICS FOR FIN

         Variable/         Mean/     Skewness/   Minimum/ % with                Percentiles
        Sample Size      Variance    Kurtosis    Maximum  Min/Max      20%/60%    40%/80%    Median

     FEELLAH              -0.038       0.242      -2.646    0.04%      -0.701     -0.287     -0.082
            2754.000       1.060       1.197       3.185    0.04%       0.169      0.680
     PROBSELF             -0.062      -0.087      -2.231    0.36%      -1.024     -0.188      0.141
            2754.000       1.200      -0.194       3.098    0.04%       0.361      0.791
     LEARRES               0.116      -0.851      -5.230    0.04%      -0.452     -0.051      0.167
            2754.000       1.424       3.786       3.046    0.04%       0.364      0.723


     UNIVARIATE HIGHER-ORDER MOMENT DESCRIPTIVE STATISTICS FOR GRC

         Variable/         Mean/     Skewness/   Minimum/ % with                Percentiles
        Sample Size      Variance    Kurtosis    Maximum  Min/Max      20%/60%    40%/80%    Median

     FEELLAH              -0.172       0.135      -2.642    0.07%      -0.806     -0.390     -0.188
            1529.000       1.043       1.021       3.152    0.13%       0.027      0.620
     PROBSELF              0.182      -0.361      -2.231    0.39%      -0.572      0.158      0.399
            1529.000       1.119       0.299       3.042    0.20%       0.532      0.942
     LEARRES              -0.091      -0.308      -3.313    0.13%      -0.744     -0.203     -0.039
            1529.000       1.220       1.365       3.014    0.07%       0.139      0.603


     UNIVARIATE HIGHER-ORDER MOMENT DESCRIPTIVE STATISTICS FOR HKG

         Variable/         Mean/     Skewness/   Minimum/ % with                Percentiles
        Sample Size      Variance    Kurtosis    Maximum  Min/Max      20%/60%    40%/80%    Median

     FEELLAH               0.069       0.244      -2.524    0.07%      -0.588     -0.174      0.061
            1368.000       0.845       1.870       3.152    0.22%       0.211      0.678
     PROBSELF             -0.011      -0.170      -2.231    0.44%      -0.898     -0.086      0.191
            1368.000       1.114      -0.011       3.042    0.07%       0.374      0.791
     LEARRES               0.093      -0.561      -5.144    0.07%      -0.335     -0.044      0.087
            1368.000       0.938       3.554       3.014    0.15%       0.251      0.640


     UNIVARIATE HIGHER-ORDER MOMENT DESCRIPTIVE STATISTICS FOR ISL

         Variable/         Mean/     Skewness/   Minimum/ % with                Percentiles
        Sample Size      Variance    Kurtosis    Maximum  Min/Max      20%/60%    40%/80%    Median

     FEELLAH              -0.145       0.266      -2.560    0.25%      -0.828     -0.417     -0.153
             810.000       1.157       1.050       3.147    0.12%       0.097      0.665
     PROBSELF             -0.178       0.008      -2.231    0.74%      -1.552     -0.336      0.031
             810.000       1.434      -0.550       3.098    0.12%       0.349      0.784
     LEARRES              -0.154      -0.406      -4.912    0.12%      -0.846     -0.242     -0.102
             810.000       1.440       1.679       2.938    0.12%       0.106      0.578


     UNIVARIATE HIGHER-ORDER MOMENT DESCRIPTIVE STATISTICS FOR KOR

         Variable/         Mean/     Skewness/   Minimum/ % with                Percentiles
        Sample Size      Variance    Kurtosis    Maximum  Min/Max      20%/60%    40%/80%    Median

     FEELLAH              -0.270       0.109      -2.646    0.06%      -1.101     -0.454     -0.245
            1568.000       1.336       0.361       3.068    0.13%       0.013      0.620
     PROBSELF             -0.357       0.253      -2.231    0.26%      -1.658     -0.639     -0.283
            1568.000       1.405      -0.420       3.042    0.06%       0.067      0.602
     LEARRES              -0.291      -0.383      -3.313    0.38%      -1.218     -0.302     -0.124
            1568.000       1.694       0.184       3.039    0.19%       0.127      0.635


     UNIVARIATE HIGHER-ORDER MOMENT DESCRIPTIVE STATISTICS FOR LTU

         Variable/         Mean/     Skewness/   Minimum/ % with                Percentiles
        Sample Size      Variance    Kurtosis    Maximum  Min/Max      20%/60%    40%/80%    Median

     FEELLAH              -0.051       0.336      -2.646    0.06%      -0.704     -0.322     -0.097
            1786.000       1.057       1.314       3.152    0.17%       0.104      0.673
     PROBSELF             -0.032      -0.155      -2.231    0.28%      -1.071     -0.135      0.173
            1786.000       1.211      -0.206       3.098    0.11%       0.384      0.834
     LEARRES               0.092      -0.204      -4.764    0.06%      -0.469     -0.107      0.074
            1786.000       1.229       1.726       3.046    0.22%       0.285      0.709


     UNIVARIATE HIGHER-ORDER MOMENT DESCRIPTIVE STATISTICS FOR MLT

         Variable/         Mean/     Skewness/   Minimum/ % with                Percentiles
        Sample Size      Variance    Kurtosis    Maximum  Min/Max      20%/60%    40%/80%    Median

     FEELLAH              -0.109       0.268      -2.524    0.14%      -0.766     -0.371     -0.150
             710.000       0.966       1.101       3.070    0.28%       0.085      0.669
     PROBSELF              0.173      -0.373      -2.231    0.28%      -0.554      0.121      0.350
             710.000       1.088       0.236       3.018    0.14%       0.478      0.997
     LEARRES               0.079      -0.390      -3.313    0.14%      -0.420     -0.072      0.120
             710.000       1.092       2.052       3.014    0.14%       0.318      0.666


     UNIVARIATE HIGHER-ORDER MOMENT DESCRIPTIVE STATISTICS FOR NZL

         Variable/         Mean/     Skewness/   Minimum/ % with                Percentiles
        Sample Size      Variance    Kurtosis    Maximum  Min/Max      20%/60%    40%/80%    Median

     FEELLAH              -0.138      -0.007      -2.524    0.09%      -0.737     -0.328     -0.137
            1104.000       0.970       1.060       3.152    0.09%       0.087      0.638
     PROBSELF              0.030      -0.218      -2.231    0.36%      -0.943     -0.014      0.233
            1104.000       1.222      -0.222       2.990    0.09%       0.392      0.901
     LEARRES              -0.254      -0.454      -4.912    0.09%      -0.958     -0.288     -0.144
            1104.000       1.250       1.256       2.923    0.09%       0.014      0.539


     UNIVARIATE HIGHER-ORDER MOMENT DESCRIPTIVE STATISTICS FOR PRT

         Variable/         Mean/     Skewness/   Minimum/ % with                Percentiles
        Sample Size      Variance    Kurtosis    Maximum  Min/Max      20%/60%    40%/80%    Median

     FEELLAH              -0.012       0.350      -2.617    0.06%      -0.667     -0.261     -0.080
            1621.000       1.032       1.393       3.152    0.06%       0.165      0.658
     PROBSELF             -0.083      -0.161      -2.231    0.19%      -0.985     -0.210      0.105
            1621.000       1.139      -0.084       3.028    0.06%       0.335      0.760
     LEARRES               0.196      -0.115      -4.499    0.06%      -0.337     -0.034      0.145
            1621.000       1.063       2.130       3.046    0.19%       0.338      0.741


     UNIVARIATE HIGHER-ORDER MOMENT DESCRIPTIVE STATISTICS FOR ROU

         Variable/         Mean/     Skewness/   Minimum/ % with                Percentiles
        Sample Size      Variance    Kurtosis    Maximum  Min/Max      20%/60%    40%/80%    Median

     FEELLAH              -0.077       0.326      -2.560    0.06%      -0.711     -0.330     -0.103
            1593.000       1.065       1.384       3.152    0.06%       0.116      0.650
     PROBSELF              0.113      -0.043      -2.231    0.44%      -0.925     -0.031      0.292
            1593.000       1.406      -0.129       3.034    0.06%       0.457      1.005
     LEARRES               0.295      -0.335      -4.815    0.06%      -0.288      0.039      0.270
            1593.000       1.327       1.904       3.014    0.13%       0.468      0.901


     UNIVARIATE HIGHER-ORDER MOMENT DESCRIPTIVE STATISTICS FOR TUR

         Variable/         Mean/     Skewness/   Minimum/ % with                Percentiles
        Sample Size      Variance    Kurtosis    Maximum  Min/Max      20%/60%    40%/80%    Median

     FEELLAH               0.060       0.280      -2.642    0.11%      -0.666     -0.229      0.012
            1884.000       1.156       0.952       3.185    0.11%       0.238      0.702
     PROBSELF              0.278      -0.261      -2.231    0.48%      -0.543      0.244      0.411
            1884.000       1.257       0.250       3.098    0.21%       0.568      1.097
     LEARRES               0.084      -0.368      -4.823    0.05%      -0.607     -0.075      0.146
            1884.000       1.447       1.060       3.046    0.11%       0.350      0.800


     UNIVARIATE HIGHER-ORDER MOMENT DESCRIPTIVE STATISTICS FOR GBR

         Variable/         Mean/     Skewness/   Minimum/ % with                Percentiles
        Sample Size      Variance    Kurtosis    Maximum  Min/Max      20%/60%    40%/80%    Median

     FEELLAH              -0.143       0.371      -2.642    0.07%      -0.766     -0.407     -0.238
            2863.000       0.989       1.331       3.147    0.07%       0.017      0.618
     PROBSELF              0.081      -0.195      -2.231    0.24%      -0.732      0.003      0.252
            2863.000       1.070       0.198       3.098    0.07%       0.416      0.851
     LEARRES              -0.343      -0.348      -4.696    0.03%      -1.043     -0.369     -0.196
            2863.000       1.296       0.887       3.014    0.07%      -0.039      0.427

     ONE OR MORE PARAMETERS WERE FIXED TO AVOID SINGULARITY OF THE
     INFORMATION MATRIX. THE SINGULARITY IS MOST LIKELY BECAUSE THE
     MODEL IS NOT IDENTIFIED, OR BECAUSE OF EMPTY CELLS IN THE JOINT
     DISTRIBUTION OF THE CATEGORICAL VARIABLES IN THE MODEL.

THE MODEL ESTIMATION TERMINATED NORMALLY

     WARNING:  THE RESIDUAL COVARIANCE MATRIX (THETA) IN CLASS 3 IS NOT
     POSITIVE DEFINITE.  THIS COULD INDICATE A NEGATIVE VARIANCE/RESIDUAL
     VARIANCE FOR AN OBSERVED VARIABLE, A CORRELATION GREATER OR EQUAL TO ONE
     BETWEEN TWO OBSERVED VARIABLES, OR A LINEAR DEPENDENCY AMONG MORE THAN TWO
     OBSERVED VARIABLES.  CHECK THE RESULTS SECTION FOR MORE INFORMATION.
     PROBLEM INVOLVING VARIABLE LEARRES.


     WARNING:  THE RESIDUAL COVARIANCE MATRIX (THETA) IN CLASS 4 IS NOT
     POSITIVE DEFINITE.  THIS COULD INDICATE A NEGATIVE VARIANCE/RESIDUAL
     VARIANCE FOR AN OBSERVED VARIABLE, A CORRELATION GREATER OR EQUAL TO ONE
     BETWEEN TWO OBSERVED VARIABLES, OR A LINEAR DEPENDENCY AMONG MORE THAN TWO
     OBSERVED VARIABLES.  CHECK THE RESULTS SECTION FOR MORE INFORMATION.
     PROBLEM INVOLVING VARIABLE LEARRES.


     WARNING:  THE RESIDUAL COVARIANCE MATRIX (THETA) IN CLASS 6 IS NOT
     POSITIVE DEFINITE.  THIS COULD INDICATE A NEGATIVE VARIANCE/RESIDUAL
     VARIANCE FOR AN OBSERVED VARIABLE, A CORRELATION GREATER OR EQUAL TO ONE
     BETWEEN TWO OBSERVED VARIABLES, OR A LINEAR DEPENDENCY AMONG MORE THAN TWO
     OBSERVED VARIABLES.  CHECK THE RESULTS SECTION FOR MORE INFORMATION.
     PROBLEM INVOLVING VARIABLE LEARRES.


     WARNING:  THE RESIDUAL COVARIANCE MATRIX (THETA) IN CLASS 9 IS NOT
     POSITIVE DEFINITE.  THIS COULD INDICATE A NEGATIVE VARIANCE/RESIDUAL
     VARIANCE FOR AN OBSERVED VARIABLE, A CORRELATION GREATER OR EQUAL TO ONE
     BETWEEN TWO OBSERVED VARIABLES, OR A LINEAR DEPENDENCY AMONG MORE THAN TWO
     OBSERVED VARIABLES.  CHECK THE RESULTS SECTION FOR MORE INFORMATION.
     PROBLEM INVOLVING VARIABLE LEARRES.


     WARNING:  THE RESIDUAL COVARIANCE MATRIX (THETA) IN CLASS 11 IS NOT
     POSITIVE DEFINITE.  THIS COULD INDICATE A NEGATIVE VARIANCE/RESIDUAL
     VARIANCE FOR AN OBSERVED VARIABLE, A CORRELATION GREATER OR EQUAL TO ONE
     BETWEEN TWO OBSERVED VARIABLES, OR A LINEAR DEPENDENCY AMONG MORE THAN TWO
     OBSERVED VARIABLES.  CHECK THE RESULTS SECTION FOR MORE INFORMATION.
     PROBLEM INVOLVING VARIABLE LEARRES.


     WARNING:  THE RESIDUAL COVARIANCE MATRIX (THETA) IN CLASS 12 IS NOT
     POSITIVE DEFINITE.  THIS COULD INDICATE A NEGATIVE VARIANCE/RESIDUAL
     VARIANCE FOR AN OBSERVED VARIABLE, A CORRELATION GREATER OR EQUAL TO ONE
     BETWEEN TWO OBSERVED VARIABLES, OR A LINEAR DEPENDENCY AMONG MORE THAN TWO
     OBSERVED VARIABLES.  CHECK THE RESULTS SECTION FOR MORE INFORMATION.
     PROBLEM INVOLVING VARIABLE LEARRES.


     WARNING:  THE RESIDUAL COVARIANCE MATRIX (THETA) IN CLASS 15 IS NOT
     POSITIVE DEFINITE.  THIS COULD INDICATE A NEGATIVE VARIANCE/RESIDUAL
     VARIANCE FOR AN OBSERVED VARIABLE, A CORRELATION GREATER OR EQUAL TO ONE
     BETWEEN TWO OBSERVED VARIABLES, OR A LINEAR DEPENDENCY AMONG MORE THAN TWO
     OBSERVED VARIABLES.  CHECK THE RESULTS SECTION FOR MORE INFORMATION.
     PROBLEM INVOLVING VARIABLE LEARRES.




MODEL FIT INFORMATION

Number of Free Parameters                      135

Loglikelihood

          H0 Value                     -107493.442
          H0 Scaling Correction Factor      1.1971
            for MLR

Information Criteria

          Akaike (AIC)                  215256.885
          Bayesian (BIC)                216348.441
          Sample-Size Adjusted BIC      215919.415
            (n* = (n + 2) / 24)



MODEL RESULTS

                                                    Two-Tailed
                    Estimate       S.E.  Est./S.E.    P-Value

Group CHL

 REM_LEAR BY
    FEELLAH            0.481      0.332      1.447      0.148
    PROBSELF           0.095      0.079      1.199      0.230
    LEARRES            0.313      0.219      1.431      0.152

 Means
    REM_LEARNI         0.000      0.000    999.000    999.000

 Intercepts
    FEELLAH           -0.066      0.030     -2.179      0.029
    PROBSELF           0.257      0.031      8.199      0.000
    LEARRES            0.121      0.032      3.745      0.000

 Variances
    REM_LEARNI         1.000      0.000    999.000    999.000

 Residual Variances
    FEELLAH            0.883      0.322      2.746      0.006
    PROBSELF           1.177      0.052     22.748      0.000
    LEARRES            1.164      0.150      7.747      0.000

Group TAP

 REM_LEAR BY
    FEELLAH            0.463      0.321      1.441      0.150
    PROBSELF           0.579      0.437      1.324      0.185
    LEARRES            1.706      1.650      1.034      0.301

 Means
    REM_LEARNI        -0.311      0.240     -1.299      0.194

 Intercepts
    FEELLAH            0.147      0.056      2.644      0.008
    PROBSELF          -0.067      0.027     -2.430      0.015
    LEARRES            0.532      0.357      1.490      0.136

 Variances
    REM_LEARNI         0.160      0.253      0.633      0.526

 Residual Variances
    FEELLAH            0.993      0.049     20.111      0.000
    PROBSELF           1.304      0.060     21.808      0.000
    LEARRES            0.886      0.325      2.730      0.006

Group HRV

 REM_LEAR BY
    FEELLAH            0.462      0.317      1.456      0.145
    PROBSELF           0.401      0.307      1.304      0.192
    LEARRES           25.932     18.355      1.413      0.158

 Means
    REM_LEARNI         0.006      0.006      1.111      0.266

 Intercepts
    FEELLAH           -0.020      0.025     -0.798      0.425
    PROBSELF          -0.012      0.029     -0.417      0.677
    LEARRES            0.013      0.079      0.163      0.870

 Variances
    REM_LEARNI         0.012      0.017      0.706      0.480

 Residual Variances
    FEELLAH            0.958      0.045     21.391      0.000
    PROBSELF           1.295      0.044     29.142      0.000
    LEARRES           -6.832      0.000    999.000    999.000

Group FIN

 REM_LEAR BY
    FEELLAH            0.007      0.005      1.338      0.181
    PROBSELF           0.008      0.006      1.349      0.177
    LEARRES           26.047     18.369      1.418      0.156

 Means
    REM_LEARNI         0.001      0.003      0.252      0.801

 Intercepts
    FEELLAH           -0.038      0.020     -1.925      0.054
    PROBSELF          -0.062      0.021     -2.961      0.003
    LEARRES            0.098      0.069      1.425      0.154

 Variances
    REM_LEARNI         0.622      0.877      0.709      0.478

 Residual Variances
    FEELLAH            1.060      0.036     29.351      0.000
    PROBSELF           1.200      0.031     39.058      0.000
    LEARRES         -420.338      0.000    999.000    999.000

Group GRC

 REM_LEAR BY
    FEELLAH            0.419      0.309      1.357      0.175
    PROBSELF           0.641      0.456      1.405      0.160
    LEARRES            1.650      1.485      1.111      0.267

 Means
    REM_LEARNI        -0.074      0.078     -0.948      0.343

 Intercepts
    FEELLAH           -0.142      0.024     -6.026      0.000
    PROBSELF           0.229      0.038      5.975      0.000
    LEARRES            0.030      0.117      0.258      0.796

 Variances
    REM_LEARNI         0.207      0.316      0.655      0.512

 Residual Variances
    FEELLAH            1.007      0.050     20.149      0.000
    PROBSELF           1.033      0.062     16.535      0.000
    LEARRES            0.656      0.333      1.966      0.049

Group HKG

 REM_LEAR BY
    FEELLAH            0.437      0.314      1.392      0.164
    PROBSELF           0.622      0.455      1.367      0.172
    LEARRES            4.729     11.860      0.399      0.690

 Means
    REM_LEARNI         0.060      0.185      0.324      0.746

 Intercepts
    FEELLAH            0.043      0.086      0.499      0.618
    PROBSELF          -0.049      0.109     -0.446      0.656
    LEARRES           -0.190      0.316     -0.601      0.548

 Variances
    REM_LEARNI         0.049      0.137      0.357      0.721

 Residual Variances
    FEELLAH            0.835      0.051     16.384      0.000
    PROBSELF           1.095      0.060     18.221      0.000
    LEARRES           -0.152      2.631     -0.058      0.954

Group ISL

 REM_LEAR BY
    FEELLAH            0.485      0.335      1.448      0.148
    PROBSELF           0.404      0.306      1.319      0.187
    LEARRES            1.381      1.406      0.982      0.326

 Means
    REM_LEARNI        -0.260      0.193     -1.346      0.178

 Intercepts
    FEELLAH           -0.019      0.031     -0.592      0.554
    PROBSELF          -0.073      0.046     -1.594      0.111
    LEARRES            0.205      0.270      0.758      0.448

 Variances
    REM_LEARNI         0.312      0.499      0.625      0.532

 Residual Variances
    FEELLAH            1.083      0.085     12.714      0.000
    PROBSELF           1.383      0.069     20.145      0.000
    LEARRES            0.844      0.458      1.843      0.065

Group KOR

 REM_LEAR BY
    FEELLAH            0.445      0.313      1.421      0.155
    PROBSELF           0.622      0.441      1.410      0.158
    LEARRES            1.220      0.883      1.381      0.167

 Means
    REM_LEARNI        -0.504      0.366     -1.376      0.169

 Intercepts
    FEELLAH           -0.046      0.037     -1.253      0.210
    PROBSELF          -0.044      0.060     -0.721      0.471
    LEARRES            0.324      0.146      2.218      0.027

 Variances
    REM_LEARNI         0.689      0.980      0.703      0.482

 Residual Variances
    FEELLAH            1.199      0.054     22.277      0.000
    PROBSELF           1.138      0.061     18.772      0.000
    LEARRES            0.668      0.181      3.698      0.000

Group LTU

 REM_LEAR BY
    FEELLAH            0.164      0.119      1.381      0.167
    PROBSELF           0.120      0.089      1.341      0.180
    LEARRES           26.114     18.389      1.420      0.156

 Means
    REM_LEARNI         0.000      0.003     -0.084      0.933

 Intercepts
    FEELLAH           -0.051      0.024     -2.093      0.036
    PROBSELF          -0.032      0.026     -1.228      0.219
    LEARRES            0.098      0.074      1.320      0.187

 Variances
    REM_LEARNI         0.044      0.062      0.710      0.478

 Residual Variances
    FEELLAH            1.056      0.045     23.233      0.000
    PROBSELF           1.210      0.038     31.571      0.000
    LEARRES          -28.575      0.000    999.000    999.000

Group MLT

 REM_LEAR BY
    FEELLAH            0.426      0.311      1.371      0.170
    PROBSELF           0.652      0.471      1.385      0.166
    LEARRES            2.634      3.854      0.683      0.494

 Means
    REM_LEARNI         0.059      0.143      0.415      0.678

 Intercepts
    FEELLAH           -0.135      0.039     -3.459      0.001
    PROBSELF           0.135      0.104      1.299      0.194
    LEARRES           -0.077      0.335     -0.229      0.819

 Variances
    REM_LEARNI         0.117      0.226      0.519      0.604

 Residual Variances
    FEELLAH            0.945      0.067     14.011      0.000
    PROBSELF           1.038      0.082     12.734      0.000
    LEARRES            0.277      1.053      0.263      0.792

Group NZL

 REM_LEAR BY
    FEELLAH            0.123      0.091      1.349      0.177
    PROBSELF           0.092      0.072      1.276      0.202
    LEARRES           26.217     18.434      1.422      0.155

 Means
    REM_LEARNI        -0.014      0.010     -1.363      0.173

 Intercepts
    FEELLAH           -0.137      0.030     -4.615      0.000
    PROBSELF           0.031      0.033      0.943      0.346
    LEARRES            0.109      0.073      1.494      0.135

 Variances
    REM_LEARNI         0.049      0.069      0.711      0.477

 Residual Variances
    FEELLAH            0.969      0.051     18.999      0.000
    PROBSELF           1.222      0.049     24.916      0.000
    LEARRES          -32.589      0.000    999.000    999.000

Group PRT

 REM_LEAR BY
    FEELLAH            0.045      0.033      1.361      0.173
    PROBSELF           0.012      0.013      0.936      0.349
    LEARRES           26.131     18.418      1.419      0.156

 Means
    REM_LEARNI         0.004      0.004      0.996      0.319

 Intercepts
    FEELLAH           -0.012      0.025     -0.482      0.630
    PROBSELF          -0.083      0.027     -3.124      0.002
    LEARRES            0.093      0.068      1.359      0.174

 Variances
    REM_LEARNI         0.128      0.180      0.709      0.478

 Residual Variances
    FEELLAH            1.032      0.047     21.863      0.000
    PROBSELF           1.139      0.039     29.092      0.000
    LEARRES          -86.189      0.000    999.000    999.000

Group ROU

 REM_LEAR BY
    FEELLAH            0.473      0.327      1.446      0.148
    PROBSELF           0.545      0.393      1.385      0.166
    LEARRES            0.804      0.596      1.349      0.177

 Means
    REM_LEARNI         0.110      0.147      0.747      0.455

 Intercepts
    FEELLAH           -0.129      0.047     -2.763      0.006
    PROBSELF           0.053      0.083      0.645      0.519
    LEARRES            0.206      0.108      1.920      0.055

 Variances
    REM_LEARNI         0.560      0.799      0.701      0.483

 Residual Variances
    FEELLAH            0.939      0.052     18.096      0.000
    PROBSELF           1.240      0.061     20.482      0.000
    LEARRES            0.965      0.105      9.148      0.000

Group TUR

 REM_LEAR BY
    FEELLAH            0.473      0.327      1.447      0.148
    PROBSELF           0.237      0.178      1.331      0.183
    LEARRES            0.926      0.762      1.215      0.224

 Means
    REM_LEARNI         0.237      0.177      1.340      0.180

 Intercepts
    FEELLAH           -0.052      0.022     -2.407      0.016
    PROBSELF           0.222      0.035      6.308      0.000
    LEARRES           -0.136      0.117     -1.158      0.247

 Variances
    REM_LEARNI         0.646      0.945      0.684      0.494

 Residual Variances
    FEELLAH            1.011      0.077     13.183      0.000
    PROBSELF           1.221      0.045     26.869      0.000
    LEARRES            0.893      0.250      3.569      0.000

Group GBR

 REM_LEAR BY
    FEELLAH            0.023      0.017      1.397      0.162
    PROBSELF           0.014      0.011      1.363      0.173
    LEARRES           26.054     18.373      1.418      0.156

 Means
    REM_LEARNI        -0.017      0.012     -1.387      0.165

 Intercepts
    FEELLAH           -0.142      0.019     -7.647      0.000
    PROBSELF           0.081      0.019      4.195      0.000
    LEARRES            0.100      0.069      1.443      0.149

 Variances
    REM_LEARNI         0.327      0.462      0.709      0.478

 Residual Variances
    FEELLAH            0.988      0.034     29.320      0.000
    PROBSELF           1.070      0.030     36.096      0.000
    LEARRES         -220.908      0.000    999.000    999.000



APPROXIMATE MEASUREMENT INVARIANCE (NONINVARIANCE) FOR GROUPS

 Intercepts/Thresholds
   FEELLAH     1 (2) 3 4 (5) 6 7 8 9 10 11 12 13 14 (15)
   PROBSELF    (1) 2 3 4 (5) 6 7 8 9 10 11 12 13 (14) (15)
   LEARRES     1 2 3 4 5 6 7 8 9 10 11 12 13 14 15

 Loadings for REM_LEAR
   FEELLAH     1 2 3 4 5 6 7 8 9 10 11 12 13 14 15
   PROBSELF    1 2 3 4 5 6 7 8 9 10 11 12 13 14 15
   LEARRES     1 2 3 4 5 6 7 8 9 10 11 12 13 14 15


FACTOR MEAN COMPARISON AT THE 5% SIGNIFICANCE LEVEL IN DESCENDING ORDER

 Results for Factor REM_LEAR

           Latent    Group      Factor
 Ranking    Class    Value       Mean     Groups With Significantly Smaller Factor Mean
     1        14        14       0.237
     2        13        13       0.110
     3         6         6       0.060
     4        10        10       0.059
     5         3         3       0.006
     6        12        12       0.004
     7         4         4       0.001
     8         1         1       0.000
     9         9         9       0.000
    10        11        11      -0.014
    11        15        15      -0.017
    12         5         5      -0.074
    13         7         7      -0.260
    14         2         2      -0.311
    15         8         8      -0.504




QUALITY OF NUMERICAL RESULTS

     Condition Number for the Information Matrix              0.143E-08
       (ratio of smallest to largest eigenvalue)


ALIGNMENT OUTPUT

INVARIANCE ANALYSIS

 Intercepts/Thresholds
 Intercept for FEELLAH
 Group     Group      Value      Value     Difference  SE       P-value
     2         1      0.147     -0.066      0.214      0.064      0.001
     3         1     -0.020     -0.066      0.047      0.039      0.234
     3         2     -0.020      0.147     -0.167      0.060      0.006
     4         1     -0.038     -0.066      0.028      0.036      0.432
     4         2     -0.038      0.147     -0.185      0.059      0.002
     4         3     -0.038     -0.020     -0.018      0.031      0.563
     5         1     -0.142     -0.066     -0.075      0.038      0.049
     5         2     -0.142      0.147     -0.289      0.061      0.000
     5         3     -0.142     -0.020     -0.122      0.034      0.000
     5         4     -0.142     -0.038     -0.104      0.030      0.001
     6         1      0.043     -0.066      0.109      0.091      0.231
     6         2      0.043      0.147     -0.105      0.099      0.293
     6         3      0.043     -0.020      0.062      0.089      0.485
     6         4      0.043     -0.038      0.081      0.088      0.358
     6         5      0.043     -0.142      0.184      0.090      0.040
     7         1     -0.019     -0.066      0.048      0.044      0.281
     7         2     -0.019      0.147     -0.166      0.067      0.013
     7         3     -0.019     -0.020      0.001      0.033      0.974
     7         4     -0.019     -0.038      0.019      0.037      0.602
     7         5     -0.019     -0.142      0.123      0.040      0.002
     7         6     -0.019      0.043     -0.061      0.093      0.508
     8         1     -0.046     -0.066      0.020      0.047      0.670
     8         2     -0.046      0.147     -0.194      0.065      0.003
     8         3     -0.046     -0.020     -0.027      0.045      0.553
     8         4     -0.046     -0.038     -0.008      0.039      0.830
     8         5     -0.046     -0.142      0.095      0.044      0.032
     8         6     -0.046      0.043     -0.089      0.067      0.182
     8         7     -0.046     -0.019     -0.028      0.049      0.575
     9         1     -0.051     -0.066      0.015      0.039      0.694
     9         2     -0.051      0.147     -0.198      0.061      0.001
     9         3     -0.051     -0.020     -0.031      0.035      0.365
     9         4     -0.051     -0.038     -0.013      0.031      0.675
     9         5     -0.051     -0.142      0.091      0.033      0.005
     9         6     -0.051      0.043     -0.094      0.088      0.285
     9         7     -0.051     -0.019     -0.032      0.040      0.423
     9         8     -0.051     -0.046     -0.005      0.038      0.903
     10        1     -0.135     -0.066     -0.069      0.050      0.172
     10        2     -0.135      0.147     -0.282      0.070      0.000
     10        3     -0.135     -0.020     -0.115      0.046      0.013
     10        4     -0.135     -0.038     -0.097      0.044      0.028
     10        5     -0.135     -0.142      0.007      0.030      0.817
     10        6     -0.135      0.043     -0.178      0.099      0.072
     10        7     -0.135     -0.019     -0.116      0.051      0.023
     10        8     -0.135     -0.046     -0.088      0.058      0.126
     10        9     -0.135     -0.051     -0.084      0.046      0.071
     11        1     -0.137     -0.066     -0.071      0.042      0.096
     11        2     -0.137      0.147     -0.284      0.064      0.000
     11        3     -0.137     -0.020     -0.117      0.038      0.002
     11        4     -0.137     -0.038     -0.099      0.036      0.005
     11        5     -0.137     -0.142      0.005      0.030      0.869
     11        6     -0.137      0.043     -0.180      0.091      0.049
     11        7     -0.137     -0.019     -0.118      0.044      0.007
     11        8     -0.137     -0.046     -0.091      0.048      0.059
     11        9     -0.137     -0.051     -0.086      0.038      0.025
     11        10     -0.137     -0.135     -0.002      0.035      0.953
     12        1     -0.012     -0.066      0.054      0.039      0.171
     12        2     -0.012      0.147     -0.160      0.061      0.008
     12        3     -0.012     -0.020      0.007      0.035      0.830
     12        4     -0.012     -0.038      0.026      0.032      0.423
     12        5     -0.012     -0.142      0.129      0.035      0.000
     12        6     -0.012      0.043     -0.055      0.090      0.540
     12        7     -0.012     -0.019      0.006      0.035      0.856
     12        8     -0.012     -0.046      0.034      0.045      0.451
     12        9     -0.012     -0.051      0.039      0.035      0.269
     12        10     -0.012     -0.135      0.123      0.047      0.009
     12        11     -0.012     -0.137      0.125      0.039      0.001
     13        1     -0.129     -0.066     -0.063      0.057      0.270
     13        2     -0.129      0.147     -0.276      0.075      0.000
     13        3     -0.129     -0.020     -0.109      0.053      0.039
     13        4     -0.129     -0.038     -0.091      0.051      0.076
     13        5     -0.129     -0.142      0.013      0.036      0.724
     13        6     -0.129      0.043     -0.172      0.107      0.107
     13        7     -0.129     -0.019     -0.110      0.058      0.055
     13        8     -0.129     -0.046     -0.083      0.066      0.213
     13        9     -0.129     -0.051     -0.078      0.054      0.147
     13        10     -0.129     -0.135      0.006      0.026      0.826
     13        11     -0.129     -0.137      0.008      0.037      0.836
     13        12     -0.129     -0.012     -0.117      0.054      0.029
     14        1     -0.052     -0.066      0.014      0.034      0.681
     14        2     -0.052      0.147     -0.200      0.060      0.001
     14        3     -0.052     -0.020     -0.033      0.034      0.332
     14        4     -0.052     -0.038     -0.014      0.026      0.572
     14        5     -0.052     -0.142      0.089      0.033      0.007
     14        6     -0.052      0.043     -0.095      0.080      0.233
     14        7     -0.052     -0.019     -0.034      0.040      0.396
     14        8     -0.052     -0.046     -0.006      0.025      0.809
     14        9     -0.052     -0.051     -0.001      0.018      0.938
     14        10     -0.052     -0.135      0.082      0.047      0.078
     14        11     -0.052     -0.137      0.084      0.036      0.019
     14        12     -0.052     -0.012     -0.040      0.034      0.242
     14        13     -0.052     -0.129      0.077      0.055      0.163
     15        1     -0.142     -0.066     -0.076      0.036      0.033
     15        2     -0.142      0.147     -0.290      0.059      0.000
     15        3     -0.142     -0.020     -0.123      0.031      0.000
     15        4     -0.142     -0.038     -0.104      0.027      0.000
     15        5     -0.142     -0.142     -0.001      0.024      0.981
     15        6     -0.142      0.043     -0.185      0.088      0.035
     15        7     -0.142     -0.019     -0.124      0.037      0.001
     15        8     -0.142     -0.046     -0.096      0.042      0.021
     15        9     -0.142     -0.051     -0.091      0.031      0.003
     15        10     -0.142     -0.135     -0.008      0.037      0.837
     15        11     -0.142     -0.137     -0.005      0.035      0.875
     15        12     -0.142     -0.012     -0.130      0.031      0.000
     15        13     -0.142     -0.129     -0.013      0.043      0.761
     15        14     -0.142     -0.052     -0.090      0.028      0.001
 Approximate Measurement Invariance Holds For Groups:
 1 3 4 6 7 8 9 10 11 12
 13 14
 Weighted Average Value Across Invariant Groups:      -0.050
 R-square/Explained variance/Invariance index:       0.363

 Invariant Group Values, Difference to Average and Significance
 Group      Value Difference         SE    P-value
     1     -0.066     -0.016      0.031      0.610
     3     -0.020      0.031      0.026      0.233
     4     -0.038      0.013      0.020      0.530
     6      0.043      0.093      0.078      0.231
     7     -0.019      0.032      0.033      0.329
     8     -0.046      0.004      0.030      0.887
     9     -0.051      0.000      0.023      0.984
     10     -0.135     -0.084      0.037      0.023
     11     -0.137     -0.086      0.027      0.002
     12     -0.012      0.038      0.026      0.148
     13     -0.129     -0.079      0.045      0.083
     14     -0.052     -0.002      0.016      0.910

 Intercept for PROBSELF
 Group     Group      Value      Value     Difference  SE       P-value
     2         1     -0.067      0.257     -0.323      0.042      0.000
     3         1     -0.012      0.257     -0.269      0.043      0.000
     3         2     -0.012     -0.067      0.055      0.041      0.185
     4         1     -0.062      0.257     -0.319      0.038      0.000
     4         2     -0.062     -0.067      0.005      0.022      0.821
     4         3     -0.062     -0.012     -0.050      0.036      0.166
     5         1      0.229      0.257     -0.028      0.050      0.579
     5         2      0.229     -0.067      0.296      0.048      0.000
     5         3      0.229     -0.012      0.241      0.048      0.000
     5         4      0.229     -0.062      0.291      0.044      0.000
     6         1     -0.049      0.257     -0.305      0.114      0.007
     6         2     -0.049     -0.067      0.018      0.107      0.865
     6         3     -0.049     -0.012     -0.036      0.113      0.748
     6         4     -0.049     -0.062      0.013      0.109      0.904
     6         5     -0.049      0.229     -0.277      0.116      0.017
     7         1     -0.073      0.257     -0.329      0.055      0.000
     7         2     -0.073     -0.067     -0.006      0.033      0.858
     7         3     -0.073     -0.012     -0.060      0.055      0.269
     7         4     -0.073     -0.062     -0.011      0.047      0.818
     7         5     -0.073      0.229     -0.302      0.061      0.000
     7         6     -0.073     -0.049     -0.024      0.119      0.840
     8         1     -0.044      0.257     -0.300      0.068      0.000
     8         2     -0.044     -0.067      0.023      0.062      0.709
     8         3     -0.044     -0.012     -0.031      0.068      0.643
     8         4     -0.044     -0.062      0.018      0.063      0.771
     8         5     -0.044      0.229     -0.272      0.072      0.000
     8         6     -0.044     -0.049      0.005      0.067      0.940
     8         7     -0.044     -0.073      0.029      0.077      0.705
     9         1     -0.032      0.257     -0.289      0.041      0.000
     9         2     -0.032     -0.067      0.035      0.039      0.369
     9         3     -0.032     -0.012     -0.020      0.039      0.612
     9         4     -0.032     -0.062      0.030      0.033      0.372
     9         5     -0.032      0.229     -0.261      0.046      0.000
     9         6     -0.032     -0.049      0.017      0.110      0.880
     9         7     -0.032     -0.073      0.041      0.053      0.443
     9         8     -0.032     -0.044      0.012      0.062      0.852
     10        1      0.135      0.257     -0.122      0.109      0.262
     10        2      0.135     -0.067      0.201      0.109      0.066
     10        3      0.135     -0.012      0.147      0.108      0.173
     10        4      0.135     -0.062      0.197      0.106      0.064
     10        5      0.135      0.229     -0.094      0.102      0.354
     10        6      0.135     -0.049      0.183      0.156      0.240
     10        7      0.135     -0.073      0.207      0.115      0.070
     10        8      0.135     -0.044      0.178      0.124      0.152
     10        9      0.135     -0.032      0.167      0.107      0.120
     11        1      0.031      0.257     -0.225      0.046      0.000
     11        2      0.031     -0.067      0.098      0.044      0.025
     11        3      0.031     -0.012      0.044      0.044      0.326
     11        4      0.031     -0.062      0.093      0.039      0.018
     11        5      0.031      0.229     -0.198      0.051      0.000
     11        6      0.031     -0.049      0.080      0.114      0.485
     11        7      0.031     -0.073      0.104      0.057      0.066
     11        8      0.031     -0.044      0.075      0.070      0.281
     11        9      0.031     -0.032      0.063      0.042      0.134
     11        10      0.031      0.135     -0.103      0.109      0.343
     12        1     -0.083      0.257     -0.340      0.041      0.000
     12        2     -0.083     -0.067     -0.016      0.035      0.647
     12        3     -0.083     -0.012     -0.071      0.039      0.073
     12        4     -0.083     -0.062     -0.021      0.034      0.534
     12        5     -0.083      0.229     -0.312      0.047      0.000
     12        6     -0.083     -0.049     -0.034      0.113      0.762
     12        7     -0.083     -0.073     -0.010      0.050      0.841
     12        8     -0.083     -0.044     -0.039      0.067      0.557
     12        9     -0.083     -0.032     -0.051      0.037      0.172
     12        10     -0.083      0.135     -0.218      0.107      0.043
     12        11     -0.083      0.031     -0.114      0.043      0.007
     13        1      0.053      0.257     -0.203      0.089      0.022
     13        2      0.053     -0.067      0.120      0.091      0.187
     13        3      0.053     -0.012      0.066      0.088      0.458
     13        4      0.053     -0.062      0.115      0.086      0.181
     13        5      0.053      0.229     -0.175      0.081      0.030
     13        6      0.053     -0.049      0.102      0.148      0.491
     13        7      0.053     -0.073      0.126      0.097      0.192
     13        8      0.053     -0.044      0.097      0.111      0.383
     13        9      0.053     -0.032      0.085      0.088      0.330
     13        10      0.053      0.135     -0.081      0.103      0.432
     13        11      0.053      0.031      0.022      0.089      0.804
     13        12      0.053     -0.083      0.136      0.087      0.119
     14        1      0.222      0.257     -0.035      0.047      0.465
     14        2      0.222     -0.067      0.289      0.045      0.000
     14        3      0.222     -0.012      0.234      0.046      0.000
     14        4      0.222     -0.062      0.284      0.041      0.000
     14        5      0.222      0.229     -0.007      0.037      0.855
     14        6      0.222     -0.049      0.271      0.110      0.014
     14        7      0.222     -0.073      0.295      0.058      0.000
     14        8      0.222     -0.044      0.266      0.067      0.000
     14        9      0.222     -0.032      0.254      0.043      0.000
     14        10      0.222      0.135      0.087      0.108      0.420
     14        11      0.222      0.031      0.191      0.049      0.000
     14        12      0.222     -0.083      0.305      0.044      0.000
     14        13      0.222      0.053      0.169      0.089      0.059
     15        1      0.081      0.257     -0.176      0.037      0.000
     15        2      0.081     -0.067      0.148      0.034      0.000
     15        3      0.081     -0.012      0.093      0.035      0.008
     15        4      0.081     -0.062      0.143      0.028      0.000
     15        5      0.081      0.229     -0.148      0.043      0.001
     15        6      0.081     -0.049      0.130      0.111      0.242
     15        7      0.081     -0.073      0.154      0.050      0.002
     15        8      0.081     -0.044      0.125      0.064      0.050
     15        9      0.081     -0.032      0.113      0.032      0.000
     15        10      0.081      0.135     -0.054      0.106      0.613
     15        11      0.081      0.031      0.050      0.038      0.196
     15        12      0.081     -0.083      0.164      0.033      0.000
     15        13      0.081      0.053      0.028      0.086      0.747
     15        14      0.081      0.222     -0.141      0.040      0.000
 Approximate Measurement Invariance Holds For Groups:
 2 3 4 6 7 8 9 10 11 12
 13
 Weighted Average Value Across Invariant Groups:      -0.028
 R-square/Explained variance/Invariance index:       0.446

 Invariant Group Values, Difference to Average and Significance
 Group      Value Difference         SE    P-value
     2     -0.067     -0.038      0.026      0.137
     3     -0.012      0.016      0.033      0.620
     4     -0.062     -0.033      0.023      0.144
     6     -0.049     -0.020      0.097      0.835
     7     -0.073     -0.044      0.045      0.331
     8     -0.044     -0.015      0.050      0.762
     9     -0.032     -0.004      0.029      0.902
     10      0.135      0.163      0.099      0.100
     11      0.031      0.060      0.036      0.100
     12     -0.083     -0.054      0.030      0.071
     13      0.053      0.082      0.078      0.297

 Intercept for LEARRES
 Group     Group      Value      Value     Difference  SE       P-value
     2         1      0.532      0.121      0.411      0.359      0.252
     3         1      0.013      0.121     -0.108      0.083      0.193
     3         2      0.013      0.532     -0.519      0.362      0.152
     4         1      0.098      0.121     -0.023      0.073      0.751
     4         2      0.098      0.532     -0.434      0.354      0.220
     4         3      0.098      0.013      0.085      0.047      0.072
     5         1      0.030      0.121     -0.091      0.121      0.453
     5         2      0.030      0.532     -0.502      0.376      0.182
     5         3      0.030      0.013      0.017      0.110      0.875
     5         4      0.030      0.098     -0.068      0.101      0.502
     6         1     -0.190      0.121     -0.311      0.317      0.327
     6         2     -0.190      0.532     -0.722      0.469      0.124
     6         3     -0.190      0.013     -0.203      0.302      0.502
     6         4     -0.190      0.098     -0.288      0.295      0.329
     6         5     -0.190      0.030     -0.220      0.336      0.512
     7         1      0.205      0.121      0.084      0.272      0.757
     7         2      0.205      0.532     -0.327      0.450      0.468
     7         3      0.205      0.013      0.192      0.256      0.453
     7         4      0.205      0.098      0.107      0.246      0.662
     7         5      0.205      0.030      0.175      0.292      0.549
     7         6      0.205     -0.190      0.395      0.408      0.332
     8         1      0.324      0.121      0.203      0.149      0.175
     8         2      0.324      0.532     -0.209      0.381      0.584
     8         3      0.324      0.013      0.311      0.154      0.044
     8         4      0.324      0.098      0.226      0.139      0.105
     8         5      0.324      0.030      0.293      0.187      0.116
     8         6      0.324     -0.190      0.514      0.293      0.080
     8         7      0.324      0.205      0.118      0.306      0.699
     9         1      0.098      0.121     -0.023      0.078      0.771
     9         2      0.098      0.532     -0.434      0.354      0.220
     9         3      0.098      0.013      0.085      0.055      0.124
     9         4      0.098      0.098      0.000      0.022      0.987
     9         5      0.098      0.030      0.068      0.106      0.520
     9         6      0.098     -0.190      0.288      0.290      0.320
     9         7      0.098      0.205     -0.107      0.247      0.665
     9         8      0.098      0.324     -0.225      0.133      0.089
     10        1     -0.077      0.121     -0.198      0.337      0.557
     10        2     -0.077      0.532     -0.609      0.491      0.215
     10        3     -0.077      0.013     -0.090      0.303      0.767
     10        4     -0.077      0.098     -0.174      0.301      0.562
     10        5     -0.077      0.030     -0.107      0.328      0.744
     10        6     -0.077     -0.190      0.113      0.466      0.808
     10        7     -0.077      0.205     -0.282      0.425      0.508
     10        8     -0.077      0.324     -0.400      0.374      0.284
     10        9     -0.077      0.098     -0.175      0.306      0.567
     11        1      0.109      0.121     -0.012      0.078      0.881
     11        2      0.109      0.532     -0.423      0.355      0.233
     11        3      0.109      0.013      0.097      0.052      0.061
     11        4      0.109      0.098      0.012      0.022      0.598
     11        5      0.109      0.030      0.079      0.103      0.440
     11        6      0.109     -0.190      0.300      0.300      0.318
     11        7      0.109      0.205     -0.096      0.246      0.697
     11        8      0.109      0.324     -0.214      0.145      0.141
     11        9      0.109      0.098      0.011      0.035      0.749
     11        10      0.109     -0.077      0.186      0.300      0.535
     12        1      0.093      0.121     -0.028      0.073      0.697
     12        2      0.093      0.532     -0.440      0.354      0.215
     12        3      0.093      0.013      0.080      0.048      0.094
     12        4      0.093      0.098     -0.005      0.004      0.225
     12        5      0.093      0.030      0.062      0.100      0.534
     12        6      0.093     -0.190      0.283      0.295      0.338
     12        7      0.093      0.205     -0.113      0.246      0.647
     12        8      0.093      0.324     -0.231      0.140      0.100
     12        9      0.093      0.098     -0.006      0.024      0.817
     12        10      0.093     -0.077      0.169      0.300      0.573
     12        11      0.093      0.109     -0.017      0.022      0.445
     13        1      0.206      0.121      0.085      0.112      0.447
     13        2      0.206      0.532     -0.326      0.374      0.384
     13        3      0.206      0.013      0.194      0.113      0.085
     13        4      0.206      0.098      0.109      0.101      0.282
     13        5      0.206      0.030      0.176      0.132      0.182
     13        6      0.206     -0.190      0.397      0.349      0.256
     13        7      0.206      0.205      0.001      0.290      0.996
     13        8      0.206      0.324     -0.117      0.193      0.544
     13        9      0.206      0.098      0.108      0.111      0.328
     13        10      0.206     -0.077      0.283      0.308      0.359
     13        11      0.206      0.109      0.097      0.098      0.321
     13        12      0.206      0.093      0.114      0.100      0.257
     14        1     -0.136      0.121     -0.257      0.121      0.034
     14        2     -0.136      0.532     -0.668      0.375      0.075
     14        3     -0.136      0.013     -0.148      0.122      0.225
     14        4     -0.136      0.098     -0.233      0.115      0.043
     14        5     -0.136      0.030     -0.166      0.149      0.266
     14        6     -0.136     -0.190      0.054      0.326      0.867
     14        7     -0.136      0.205     -0.341      0.294      0.246
     14        8     -0.136      0.324     -0.459      0.175      0.009
     14        9     -0.136      0.098     -0.234      0.117      0.046
     14        10     -0.136     -0.077     -0.059      0.353      0.867
     14        11     -0.136      0.109     -0.245      0.119      0.039
     14        12     -0.136      0.093     -0.228      0.115      0.048
     14        13     -0.136      0.206     -0.342      0.160      0.032
     15        1      0.100      0.121     -0.021      0.074      0.775
     15        2      0.100      0.532     -0.432      0.354      0.222
     15        3      0.100      0.013      0.087      0.047      0.064
     15        4      0.100      0.098      0.002      0.003      0.531
     15        5      0.100      0.030      0.070      0.100      0.488
     15        6      0.100     -0.190      0.290      0.296      0.327
     15        7      0.100      0.205     -0.105      0.246      0.669
     15        8      0.100      0.324     -0.224      0.141      0.112
     15        9      0.100      0.098      0.002      0.024      0.941
     15        10      0.100     -0.077      0.177      0.300      0.556
     15        11      0.100      0.109     -0.010      0.023      0.675
     15        12      0.100      0.093      0.007      0.005      0.136
     15        13      0.100      0.206     -0.107      0.099      0.284
     15        14      0.100     -0.136      0.236      0.116      0.042
 Approximate Measurement Invariance Holds For Groups:
 1 2 3 4 5 6 7 8 9 10
 11 12 13 14 15
 Weighted Average Value Across Invariant Groups:       0.106
 R-square/Explained variance/Invariance index:       0.000

 Invariant Group Values, Difference to Average and Significance
 Group      Value Difference         SE    P-value
     1      0.121      0.015      0.076      0.840
     2      0.532      0.427      0.334      0.201
     3      0.013     -0.093      0.055      0.093
     4      0.098     -0.008      0.024      0.742
     5      0.030     -0.075      0.107      0.481
     6     -0.190     -0.296      0.287      0.303
     7      0.205      0.100      0.254      0.695
     8      0.324      0.218      0.135      0.107
     9      0.098     -0.007      0.030      0.804
     10     -0.077     -0.182      0.309      0.555
     11      0.109      0.004      0.034      0.911
     12      0.093     -0.013      0.025      0.596
     13      0.206      0.101      0.109      0.353
     14     -0.136     -0.241      0.114      0.035
     15      0.100     -0.006      0.024      0.817



 Loadings
 Loadings for FEELLAH
 Group     Group      Value      Value     Difference  SE       P-value
     2         1      0.463      0.481     -0.018      0.018      0.320
     3         1      0.462      0.481     -0.019      0.027      0.488
     3         2      0.462      0.463     -0.001      0.020      0.978
     4         1      0.007      0.481     -0.474      0.327      0.148
     4         2      0.007      0.463     -0.456      0.316      0.150
     4         3      0.007      0.462     -0.455      0.313      0.145
     5         1      0.419      0.481     -0.062      0.102      0.540
     5         2      0.419      0.463     -0.044      0.095      0.643
     5         3      0.419      0.462     -0.043      0.096      0.652
     5         4      0.419      0.007      0.412      0.304      0.176
     6         1      0.437      0.481     -0.044      0.074      0.549
     6         2      0.437      0.463     -0.026      0.072      0.716
     6         3      0.437      0.462     -0.025      0.069      0.713
     6         4      0.437      0.007      0.430      0.309      0.164
     6         5      0.437      0.419      0.018      0.122      0.883
     7         1      0.485      0.481      0.004      0.029      0.882
     7         2      0.485      0.463      0.023      0.040      0.568
     7         3      0.485      0.462      0.023      0.052      0.655
     7         4      0.485      0.007      0.478      0.330      0.148
     7         5      0.485      0.419      0.067      0.110      0.544
     7         6      0.485      0.437      0.049      0.083      0.560
     8         1      0.445      0.481     -0.037      0.042      0.380
     8         2      0.445      0.463     -0.018      0.037      0.617
     8         3      0.445      0.462     -0.018      0.035      0.616
     8         4      0.445      0.007      0.437      0.308      0.156
     8         5      0.445      0.419      0.026      0.091      0.776
     8         6      0.445      0.437      0.008      0.094      0.935
     8         7      0.445      0.485     -0.041      0.057      0.475
     9         1      0.164      0.481     -0.317      0.224      0.157
     9         2      0.164      0.463     -0.299      0.214      0.163
     9         3      0.164      0.462     -0.298      0.211      0.158
     9         4      0.164      0.007      0.157      0.114      0.168
     9         5      0.164      0.419     -0.255      0.210      0.226
     9         6      0.164      0.437     -0.273      0.211      0.197
     9         7      0.164      0.485     -0.321      0.226      0.156
     9         8      0.164      0.445     -0.280      0.207      0.176
     10        1      0.426      0.481     -0.055      0.093      0.554
     10        2      0.426      0.463     -0.037      0.086      0.671
     10        3      0.426      0.462     -0.036      0.088      0.683
     10        4      0.426      0.007      0.419      0.306      0.171
     10        5      0.426      0.419      0.007      0.120      0.950
     10        6      0.426      0.437     -0.011      0.117      0.928
     10        7      0.426      0.485     -0.059      0.101      0.558
     10        8      0.426      0.445     -0.018      0.089      0.836
     10        9      0.426      0.164      0.262      0.211      0.214
     11        1      0.123      0.481     -0.358      0.251      0.154
     11        2      0.123      0.463     -0.340      0.241      0.158
     11        3      0.123      0.462     -0.340      0.238      0.153
     11        4      0.123      0.007      0.115      0.086      0.180
     11        5      0.123      0.419     -0.296      0.234      0.206
     11        6      0.123      0.437     -0.314      0.237      0.184
     11        7      0.123      0.485     -0.363      0.254      0.153
     11        8      0.123      0.445     -0.322      0.234      0.169
     11        9      0.123      0.164     -0.042      0.049      0.398
     11        10      0.123      0.426     -0.304      0.236      0.197
     12        1      0.045      0.481     -0.436      0.302      0.149
     12        2      0.045      0.463     -0.417      0.291      0.151
     12        3      0.045      0.462     -0.417      0.287      0.146
     12        4      0.045      0.007      0.038      0.028      0.181
     12        5      0.045      0.419     -0.373      0.280      0.182
     12        6      0.045      0.437     -0.392      0.284      0.168
     12        7      0.045      0.485     -0.440      0.305      0.148
     12        8      0.045      0.445     -0.399      0.283      0.158
     12        9      0.045      0.164     -0.119      0.089      0.179
     12        10      0.045      0.426     -0.381      0.282      0.177
     12        11      0.045      0.123     -0.077      0.062      0.213
     13        1      0.473      0.481     -0.008      0.013      0.550
     13        2      0.473      0.463      0.011      0.020      0.594
     13        3      0.473      0.462      0.011      0.025      0.661
     13        4      0.473      0.007      0.466      0.322      0.148
     13        5      0.473      0.419      0.055      0.101      0.588
     13        6      0.473      0.437      0.036      0.070      0.601
     13        7      0.473      0.485     -0.012      0.035      0.731
     13        8      0.473      0.445      0.029      0.041      0.482
     13        9      0.473      0.164      0.309      0.219      0.159
     13        10      0.473      0.426      0.047      0.091      0.604
     13        11      0.473      0.123      0.351      0.247      0.155
     13        12      0.473      0.045      0.428      0.297      0.149
     14        1      0.473      0.481     -0.008      0.008      0.299
     14        2      0.473      0.463      0.010      0.013      0.454
     14        3      0.473      0.462      0.010      0.022      0.627
     14        4      0.473      0.007      0.466      0.322      0.148
     14        5      0.473      0.419      0.054      0.098      0.584
     14        6      0.473      0.437      0.036      0.071      0.612
     14        7      0.473      0.485     -0.013      0.033      0.703
     14        8      0.473      0.445      0.028      0.038      0.455
     14        9      0.473      0.164      0.308      0.219      0.159
     14        10      0.473      0.426      0.046      0.090      0.604
     14        11      0.473      0.123      0.350      0.246      0.155
     14        12      0.473      0.045      0.427      0.296      0.149
     14        13      0.473      0.473     -0.001      0.011      0.958
     15        1      0.023      0.481     -0.458      0.316      0.148
     15        2      0.023      0.463     -0.439      0.305      0.150
     15        3      0.023      0.462     -0.439      0.302      0.146
     15        4      0.023      0.007      0.016      0.012      0.174
     15        5      0.023      0.419     -0.395      0.294      0.178
     15        6      0.023      0.437     -0.413      0.298      0.166
     15        7      0.023      0.485     -0.462      0.319      0.148
     15        8      0.023      0.445     -0.421      0.297      0.157
     15        9      0.023      0.164     -0.141      0.103      0.171
     15        10      0.023      0.426     -0.403      0.296      0.173
     15        11      0.023      0.123     -0.099      0.075      0.188
     15        12      0.023      0.045     -0.022      0.018      0.231
     15        13      0.023      0.473     -0.450      0.311      0.148
     15        14      0.023      0.473     -0.449      0.311      0.148
 Approximate Measurement Invariance Holds For Groups:
 1 2 3 4 5 6 7 8 9 10
 11 12 13 14 15
 Weighted Average Value Across Invariant Groups:       0.289
 R-square/Explained variance/Invariance index:       0.501

 Invariant Group Values, Difference to Average and Significance
 Group      Value Difference         SE    P-value
     1      0.481      0.192      0.133      0.147
     2      0.463      0.174      0.122      0.152
     3      0.462      0.174      0.119      0.143
     4      0.007     -0.281      0.195      0.150
     5      0.419      0.130      0.129      0.311
     6      0.437      0.148      0.126      0.240
     7      0.485      0.197      0.138      0.154
     8      0.445      0.156      0.116      0.180
     9      0.164     -0.124      0.096      0.195
     10      0.426      0.138      0.129      0.287
     11      0.123     -0.166      0.122      0.172
     12      0.045     -0.243      0.170      0.151
     13      0.473      0.185      0.128      0.149
     14      0.473      0.184      0.127      0.147
     15      0.023     -0.265      0.184      0.150

 Loadings for PROBSELF
 Group     Group      Value      Value     Difference  SE       P-value
     2         1      0.579      0.095      0.484      0.479      0.312
     3         1      0.401      0.095      0.306      0.350      0.382
     3         2      0.401      0.579     -0.178      0.261      0.494
     4         1      0.008      0.095     -0.087      0.082      0.289
     4         2      0.008      0.579     -0.571      0.432      0.186
     4         3      0.008      0.401     -0.393      0.302      0.194
     5         1      0.641      0.095      0.546      0.501      0.275
     5         2      0.641      0.579      0.062      0.196      0.751
     5         3      0.641      0.401      0.241      0.247      0.331
     5         4      0.641      0.008      0.633      0.451      0.160
     6         1      0.622      0.095      0.527      0.498      0.290
     6         2      0.622      0.579      0.043      0.214      0.841
     6         3      0.622      0.401      0.222      0.259      0.393
     6         4      0.622      0.008      0.614      0.450      0.172
     6         5      0.622      0.641     -0.019      0.094      0.839
     7         1      0.404      0.095      0.309      0.350      0.377
     7         2      0.404      0.579     -0.175      0.250      0.484
     7         3      0.404      0.401      0.003      0.164      0.984
     7         4      0.404      0.008      0.396      0.301      0.189
     7         5      0.404      0.641     -0.237      0.231      0.305
     7         6      0.404      0.622     -0.218      0.245      0.373
     8         1      0.622      0.095      0.527      0.486      0.277
     8         2      0.622      0.579      0.043      0.186      0.816
     8         3      0.622      0.401      0.222      0.234      0.343
     8         4      0.622      0.008      0.614      0.436      0.159
     8         5      0.622      0.641     -0.019      0.053      0.719
     8         6      0.622      0.622      0.000      0.094      1.000
     8         7      0.622      0.404      0.218      0.218      0.317
     9         1      0.120      0.095      0.025      0.144      0.863
     9         2      0.120      0.579     -0.459      0.366      0.210
     9         3      0.120      0.401     -0.281      0.235      0.231
     9         4      0.120      0.008      0.112      0.084      0.184
     9         5      0.120      0.641     -0.522      0.379      0.168
     9         6      0.120      0.622     -0.503      0.380      0.186
     9         7      0.120      0.404     -0.284      0.235      0.226
     9         8      0.120      0.622     -0.503      0.364      0.167
     10        1      0.652      0.095      0.557      0.514      0.279
     10        2      0.652      0.579      0.073      0.217      0.737
     10        3      0.652      0.401      0.251      0.265      0.344
     10        4      0.652      0.008      0.644      0.466      0.167
     10        5      0.652      0.641      0.011      0.095      0.910
     10        6      0.652      0.622      0.030      0.135      0.825
     10        7      0.652      0.404      0.248      0.251      0.322
     10        8      0.652      0.622      0.030      0.103      0.772
     10        9      0.652      0.120      0.532      0.394      0.177
     11        1      0.092      0.095     -0.003      0.128      0.981
     11        2      0.092      0.579     -0.487      0.383      0.203
     11        3      0.092      0.401     -0.309      0.252      0.220
     11        4      0.092      0.008      0.084      0.067      0.211
     11        5      0.092      0.641     -0.550      0.397      0.167
     11        6      0.092      0.622     -0.530      0.398      0.183
     11        7      0.092      0.404     -0.312      0.252      0.215
     11        8      0.092      0.622     -0.531      0.382      0.165
     11        9      0.092      0.120     -0.028      0.048      0.559
     11        10      0.092      0.652     -0.560      0.413      0.175
     12        1      0.012      0.095     -0.082      0.084      0.329
     12        2      0.012      0.579     -0.566      0.430      0.187
     12        3      0.012      0.401     -0.388      0.299      0.195
     12        4      0.012      0.008      0.005      0.011      0.673
     12        5      0.012      0.641     -0.629      0.448      0.161
     12        6      0.012      0.622     -0.610      0.447      0.173
     12        7      0.012      0.404     -0.391      0.298      0.190
     12        8      0.012      0.622     -0.610      0.433      0.159
     12        9      0.012      0.120     -0.107      0.082      0.189
     12        10      0.012      0.652     -0.639      0.463      0.167
     12        11      0.012      0.092     -0.079      0.065      0.222
     13        1      0.545      0.095      0.450      0.437      0.303
     13        2      0.545      0.579     -0.034      0.198      0.862
     13        3      0.545      0.401      0.144      0.210      0.493
     13        4      0.545      0.008      0.537      0.388      0.167
     13        5      0.545      0.641     -0.097      0.169      0.569
     13        6      0.545      0.622     -0.078      0.194      0.689
     13        7      0.545      0.404      0.141      0.199      0.481
     13        8      0.545      0.622     -0.078      0.157      0.622
     13        9      0.545      0.120      0.425      0.319      0.182
     13        10      0.545      0.652     -0.107      0.192      0.577
     13        11      0.545      0.092      0.453      0.336      0.178
     13        12      0.545      0.012      0.532      0.385      0.167
     14        1      0.237      0.095      0.142      0.226      0.530
     14        2      0.237      0.579     -0.342      0.303      0.258
     14        3      0.237      0.401     -0.164      0.192      0.393
     14        4      0.237      0.008      0.229      0.173      0.186
     14        5      0.237      0.641     -0.405      0.305      0.185
     14        6      0.237      0.622     -0.385      0.311      0.214
     14        7      0.237      0.404     -0.167      0.186      0.368
     14        8      0.237      0.622     -0.386      0.290      0.184
     14        9      0.237      0.120      0.117      0.114      0.305
     14        10      0.237      0.652     -0.415      0.323      0.198
     14        11      0.237      0.092      0.145      0.128      0.258
     14        12      0.237      0.012      0.224      0.170      0.188
     14        13      0.237      0.545     -0.308      0.251      0.220
     15        1      0.014      0.095     -0.080      0.084      0.341
     15        2      0.014      0.579     -0.565      0.428      0.187
     15        3      0.014      0.401     -0.386      0.298      0.195
     15        4      0.014      0.008      0.006      0.006      0.260
     15        5      0.014      0.641     -0.627      0.447      0.161
     15        6      0.014      0.622     -0.608      0.446      0.173
     15        7      0.014      0.404     -0.389      0.297      0.190
     15        8      0.014      0.622     -0.608      0.432      0.159
     15        9      0.014      0.120     -0.105      0.080      0.187
     15        10      0.014      0.652     -0.638      0.461      0.167
     15        11      0.014      0.092     -0.077      0.063      0.220
     15        12      0.014      0.012      0.002      0.011      0.861
     15        13      0.014      0.545     -0.530      0.384      0.167
     15        14      0.014      0.237     -0.222      0.169      0.188
 Approximate Measurement Invariance Holds For Groups:
 1 2 3 4 5 6 7 8 9 10
 11 12 13 14 15
 Weighted Average Value Across Invariant Groups:       0.292
 R-square/Explained variance/Invariance index:       0.109

 Invariant Group Values, Difference to Average and Significance
 Group      Value Difference         SE    P-value
     1      0.095     -0.197      0.247      0.425
     2      0.579      0.287      0.260      0.270
     3      0.401      0.109      0.155      0.482
     4      0.008     -0.284      0.193      0.142
     5      0.641      0.349      0.262      0.182
     6      0.622      0.330      0.266      0.215
     7      0.404      0.112      0.149      0.451
     8      0.622      0.330      0.246      0.180
     9      0.120     -0.172      0.122      0.160
     10      0.652      0.360      0.281      0.200
     11      0.092     -0.200      0.141      0.156
     12      0.012     -0.279      0.190      0.143
     13      0.545      0.253      0.211      0.231
     14      0.237     -0.055      0.077      0.473
     15      0.014     -0.277      0.189      0.142

 Loadings for LEARRES
 Group     Group      Value      Value     Difference  SE       P-value
     2         1      1.706      0.313      1.393      1.804      0.440
     3         1     25.932      0.313     25.619     18.553      0.167
     3         2     25.932      1.706     24.226     17.261      0.160
     4         1     26.047      0.313     25.734     18.566      0.166
     4         2     26.047      1.706     24.341     17.273      0.159
     4         3     26.047     25.932      0.115      0.101      0.255
     5         1      1.650      0.313      1.337      1.651      0.418
     5         2      1.650      1.706     -0.056      1.474      0.970
     5         3      1.650     25.932    -24.282     17.275      0.160
     5         4      1.650     26.047    -24.397     17.286      0.158
     6         1      4.729      0.313      4.415     11.919      0.711
     6         2      4.729      1.706      3.022     11.656      0.795
     6         3      4.729     25.932    -21.204     19.144      0.268
     6         4      4.729     26.047    -21.319     19.153      0.266
     6         5      4.729      1.650      3.078     11.659      0.792
     7         1      1.381      0.313      1.068      1.553      0.492
     7         2      1.381      1.706     -0.325      1.566      0.836
     7         3      1.381     25.932    -24.551     17.452      0.159
     7         4      1.381     26.047    -24.666     17.465      0.158
     7         5      1.381      1.650     -0.269      1.409      0.848
     7         6      1.381      4.729     -3.347     11.678      0.774
     8         1      1.220      0.313      0.906      1.085      0.403
     8         2      1.220      1.706     -0.486      1.216      0.689
     8         3      1.220     25.932    -24.713     17.539      0.159
     8         4      1.220     26.047    -24.827     17.552      0.157
     8         5      1.220      1.650     -0.431      0.997      0.666
     8         6      1.220      4.729     -3.509     11.671      0.764
     8         7      1.220      1.381     -0.161      1.069      0.880
     9         1     26.114      0.313     25.801     18.587      0.165
     9         2     26.114      1.706     24.408     17.293      0.158
     9         3     26.114     25.932      0.182      0.114      0.109
     9         4     26.114     26.047      0.067      0.031      0.031
     9         5     26.114      1.650     24.464     17.307      0.157
     9         6     26.114      4.729     21.386     19.162      0.264
     9         7     26.114      1.381     24.733     17.485      0.157
     9         8     26.114      1.220     24.894     17.572      0.157
     10        1      2.634      0.313      2.321      3.957      0.558
     10        2      2.634      1.706      0.928      3.638      0.799
     10        3      2.634     25.932    -23.298     16.949      0.169
     10        4      2.634     26.047    -23.413     16.957      0.167
     10        5      2.634      1.650      0.984      3.603      0.785
     10        6      2.634      4.729     -2.094     12.033      0.862
     10        7      2.634      1.381      1.253      3.651      0.731
     10        8      2.634      1.220      1.414      3.545      0.690
     10        9      2.634     26.114    -23.480     16.976      0.167
     11        1     26.217      0.313     25.903     18.632      0.164
     11        2     26.217      1.706     24.511     17.337      0.157
     11        3     26.217     25.932      0.284      0.154      0.065
     11        4     26.217     26.047      0.170      0.079      0.032
     11        5     26.217      1.650     24.567     17.351      0.157
     11        6     26.217      4.729     21.488     19.191      0.263
     11        7     26.217      1.381     24.836     17.529      0.157
     11        8     26.217      1.220     24.997     17.617      0.156
     11        9     26.217     26.114      0.103      0.055      0.064
     11        10     26.217      2.634     23.583     17.019      0.166
     12        1     26.131      0.313     25.817     18.616      0.165
     12        2     26.131      1.706     24.424     17.321      0.159
     12        3     26.131     25.932      0.198      0.132      0.132
     12        4     26.131     26.047      0.083      0.054      0.125
     12        5     26.131      1.650     24.480     17.335      0.158
     12        6     26.131      4.729     21.402     19.185      0.265
     12        7     26.131      1.381     24.749     17.513      0.158
     12        8     26.131      1.220     24.911     17.601      0.157
     12        9     26.131     26.114      0.016      0.039      0.676
     12        10     26.131      2.634     23.496     17.004      0.167
     12        11     26.131     26.217     -0.086      0.036      0.016
     13        1      0.804      0.313      0.491      0.794      0.536
     13        2      0.804      1.706     -0.902      1.326      0.496
     13        3      0.804     25.932    -25.128     17.822      0.159
     13        4      0.804     26.047    -25.243     17.835      0.157
     13        5      0.804      1.650     -0.846      1.134      0.456
     13        6      0.804      4.729     -3.924     11.723      0.738
     13        7      0.804      1.381     -0.577      1.131      0.610
     13        8      0.804      1.220     -0.416      0.440      0.345
     13        9      0.804     26.114    -25.310     17.856      0.156
     13        10      0.804      2.634     -1.830      3.631      0.614
     13        11      0.804     26.217    -25.413     17.901      0.156
     13        12      0.804     26.131    -25.326     17.884      0.157
     14        1      0.926      0.313      0.613      0.943      0.516
     14        2      0.926      1.706     -0.780      1.339      0.560
     14        3      0.926     25.932    -25.006     17.745      0.159
     14        4      0.926     26.047    -25.121     17.757      0.157
     14        5      0.926      1.650     -0.724      1.144      0.527
     14        6      0.926      4.729     -3.802     11.708      0.745
     14        7      0.926      1.381     -0.455      1.158      0.695
     14        8      0.926      1.220     -0.294      0.521      0.573
     14        9      0.926     26.114    -25.188     17.778      0.157
     14        10      0.926      2.634     -1.708      3.618      0.637
     14        11      0.926     26.217    -25.291     17.823      0.156
     14        12      0.926     26.131    -25.204     17.806      0.157
     14        13      0.926      0.804      0.122      0.474      0.797
     15        1     26.054      0.313     25.741     18.571      0.166
     15        2     26.054      1.706     24.348     17.277      0.159
     15        3     26.054     25.932      0.122      0.102      0.231
     15        4     26.054     26.047      0.007      0.005      0.179
     15        5     26.054      1.650     24.404     17.291      0.158
     15        6     26.054      4.729     21.326     19.156      0.266
     15        7     26.054      1.381     24.673     17.469      0.158
     15        8     26.054      1.220     24.834     17.556      0.157
     15        9     26.054     26.114     -0.060      0.028      0.032
     15        10     26.054      2.634     23.420     16.962      0.167
     15        11     26.054     26.217     -0.163      0.075      0.031
     15        12     26.054     26.131     -0.076      0.050      0.126
     15        13     26.054      0.804     25.250     17.840      0.157
     15        14     26.054      0.926     25.128     17.762      0.157
 Approximate Measurement Invariance Holds For Groups:
 1 2 3 4 5 6 7 8 9 10
 11 12 13 14 15
 Weighted Average Value Across Invariant Groups:      13.504
 R-square/Explained variance/Invariance index:       0.000

 Invariant Group Values, Difference to Average and Significance
 Group      Value Difference         SE    P-value
     1      0.313    -13.191      9.688      0.173
     2      1.706    -11.798      8.423      0.161
     3     25.932     12.428      8.919      0.163
     4     26.047     12.543      8.931      0.160
     5      1.650    -11.854      8.429      0.160
     6      4.729     -8.776     12.577      0.485
     7      1.381    -12.123      8.612      0.159
     8      1.220    -12.285      8.674      0.157
     9     26.114     12.610      8.950      0.159
     10      2.634    -10.870      8.413      0.196
     11     26.217     12.712      8.994      0.158
     12     26.131     12.626      8.979      0.160
     13      0.804    -12.700      8.956      0.156
     14      0.926    -12.578      8.880      0.157
     15     26.054     12.550      8.935      0.160

 Average Invariance index:       0.237


SAMPLE STATISTICS FOR ESTIMATED FACTOR SCORES


     SAMPLE STATISTICS


           Means
              REM_LEAR
              ________
               -0.039


           Covariances
              REM_LEAR
              ________
 REM_LEAR      29.493


           Correlations
              REM_LEAR
              ________
 REM_LEAR       1.000


SAVEDATA INFORMATION


  Save file
    D:/essay/resilient_student/dataset/mplus_data/rem_learning_exp_scores_imp2.d

  Order of variables

    FEELLAH
    PROBSELF
    LEARRES
    REM_LEARNING
    CNTSTUID
    CNT


  Save file format           Free

  Save file record length    10000


DIAGRAM INFORMATION

  Use View Diagram under the Diagram menu in the Mplus Editor to view the diagram.
  If running Mplus from the Mplus Diagrammer, the diagram opens automatically.

  Diagram output
    d:\essay\resilient_student\dataset\mplus_data\alignment_imp2_rem_learning_exp.dgm

     Beginning Time:  15:00:10
        Ending Time:  15:00:16
       Elapsed Time:  00:00:06



MUTHEN & MUTHEN
3463 Stoner Ave.
Los Angeles, CA  90066

Tel: (310) 391-9971
Fax: (310) 391-8971
Web: www.StatModel.com
Support: Support@StatModel.com

Copyright (c) 1998-2019 Muthen & Muthen
