Mplus VERSION 8.3
MUTHEN & MUTHEN
08/19/2025   3:05 PM

INPUT INSTRUCTIONS

  TITLE: Alignment for Self_Dir_Lear (IMPUTATION 2 - FIXED);

  DATA:
    FILE IS "D:/essay/resilient_student/dataset/mplus_data/imputed_data_2.dat";
    FORMAT IS FREE;

  VARIABLE:
    NAMES ARE
      CNT
      CNTSTUID
      CNTSCHID
      W_FSTUWT
      ESCS
      PV1MATH
      PV2MATH
      PV3MATH
      PV4MATH
      PV5MATH
      PV6MATH
      PV7MATH
      PV8MATH
      PV9MATH
      PV10MATH
      ACADEMIC_RESILIENCE_PV1
      ACADEMIC_RESILIENCE_PV2
      ACADEMIC_RESILIENCE_PV3
      ACADEMIC_RESILIENCE_PV4
      ACADEMIC_RESILIENCE_PV5
      ACADEMIC_RESILIENCE_PV6
      ACADEMIC_RESILIENCE_PV7
      ACADEMIC_RESILIENCE_PV8
      ACADEMIC_RESILIENCE_PV9
      ACADEMIC_RESILIENCE_PV10
      W_FSTURWT1
      W_FSTURWT2
      W_FSTURWT3
      W_FSTURWT4
      W_FSTURWT5
      W_FSTURWT6
      W_FSTURWT7
      W_FSTURWT8
      W_FSTURWT9
      W_FSTURWT10
      W_FSTURWT11
      W_FSTURWT12
      W_FSTURWT13
      W_FSTURWT14
      W_FSTURWT15
      W_FSTURWT16
      W_FSTURWT17
      W_FSTURWT18
      W_FSTURWT19
      W_FSTURWT20
      W_FSTURWT21
      W_FSTURWT22
      W_FSTURWT23
      W_FSTURWT24
      W_FSTURWT25
      W_FSTURWT26
      W_FSTURWT27
      W_FSTURWT28
      W_FSTURWT29
      W_FSTURWT30
      W_FSTURWT31
      W_FSTURWT32
      W_FSTURWT33
      W_FSTURWT34
      W_FSTURWT35
      W_FSTURWT36
      W_FSTURWT37
      W_FSTURWT38
      W_FSTURWT39
      W_FSTURWT40
      W_FSTURWT41
      W_FSTURWT42
      W_FSTURWT43
      W_FSTURWT44
      W_FSTURWT45
      W_FSTURWT46
      W_FSTURWT47
      W_FSTURWT48
      W_FSTURWT49
      W_FSTURWT50
      W_FSTURWT51
      W_FSTURWT52
      W_FSTURWT53
      W_FSTURWT54
      W_FSTURWT55
      W_FSTURWT56
      W_FSTURWT57
      W_FSTURWT58
      W_FSTURWT59
      W_FSTURWT60
      W_FSTURWT61
      W_FSTURWT62
      W_FSTURWT63
      W_FSTURWT64
      W_FSTURWT65
      W_FSTURWT66
      W_FSTURWT67
      W_FSTURWT68
      W_FSTURWT69
      W_FSTURWT70
      W_FSTURWT71
      W_FSTURWT72
      W_FSTURWT73
      W_FSTURWT74
      W_FSTURWT75
      W_FSTURWT76
      W_FSTURWT77
      W_FSTURWT78
      W_FSTURWT79
      W_FSTURWT80
      ST004D01T
      ST268Q01JA
      ST268Q04JA
      ST268Q07JA
      AGE
      ISCEDP
      IMMIG
      REPEAT
      MISSSC
      SKIPPING
      TARDYSD
      EXERPRAC
      STUDYHMW
      WORKPAY
      WORKHOME
      EXPECEDU
      BSMJ
      SISCO
      RELATST
      BELONG
      BULLIED
      FEELSAFE
      SCHRISK
      PERSEVAGR
      CURIOAGR
      COOPAGR
      EMPATAGR
      ASSERAGR
      STRESAGR
      EMOCOAGR
      GROSAGR
      INFOSEEK
      FAMSUP
      DISCLIM
      TEACHSUP
      COGACRCO
      COGACMCO
      EXPOFA
      EXPO21ST
      MATHEFF
      MATHEF21
      ANXMAT
      MATHPERS
      CREATEFF
      CREATSCH
      CREATFAM
      CREATAS
      CREATOOS
      CREATOP
      OPENART
      IMAGINE
      SCHSUST
      LEARRES
      PROBSELF
      FAMSUPSL
      FEELLAH
      SDLEFF
      OCOD3_major_group;
    USEVARIABLES ARE
      SDLEFF GROSAGR CNT CNTSTUID;
    IDVARIABLE IS CNTSTUID;
    GROUPING IS CNT (
      1 = CHL
      2 = TAP
      3 = HRV
      4 = FIN
      5 = GRC
      6 = HKG
      7 = ISL
      8 = KOR
      9 = LTU
      10 = MLT
      11 = NZL
      12 = PRT
      13 = ROU
      14 = TUR
      15 = GBR
    );

  ANALYSIS:
    ESTIMATOR = MLR;
    PROCESSORS = 4;
    ALIGNMENT = FIXED;

  MODEL:
    Self_Dir_Lear BY SDLEFF GROSAGR;

  SAVEDATA:
    FILE IS "D:/essay/resilient_student/dataset/mplus_data/self_dir_lear_scores_imp2.dat";
    SAVE = FSCORES;
    FORMAT IS FREE;

  OUTPUT:
    TECH11;
    ALIGNMENT;



*** WARNING in OUTPUT command
  TECH11 option is available only with TYPE=MIXTURE.
  Request for TECH11 is ignored.
   1 WARNING(S) FOUND IN THE INPUT INSTRUCTIONS



Alignment for Self_Dir_Lear (IMPUTATION 2 - FIXED);

SUMMARY OF ANALYSIS

Number of groups                                                15
Number of observations
   Group CHL                                                  1209
   Group TAP                                                  1668
   Group HRV                                                  1528
   Group FIN                                                  2754
   Group GRC                                                  1529
   Group HKG                                                  1368
   Group ISL                                                   810
   Group KOR                                                  1568
   Group LTU                                                  1786
   Group MLT                                                   710
   Group NZL                                                  1104
   Group PRT                                                  1621
   Group ROU                                                  1593
   Group TUR                                                  1884
   Group GBR                                                  2863
   Total sample size                                         23995

Number of dependent variables                                    2
Number of independent variables                                  0
Number of continuous latent variables                            1

Observed dependent variables

  Continuous
   SDLEFF      GROSAGR

Continuous latent variables
   SELF_DIR

Variables with special functions

  Grouping variable     CNT
  ID variable           CNTSTUID

Estimator                                                      MLR
Information matrix                                        OBSERVED
Optimization Specifications for the Quasi-Newton Algorithm for
Continuous Outcomes
  Maximum number of iterations                                 100
  Convergence criterion                                  0.100D-05
Optimization Specifications for the EM Algorithm
  Maximum number of iterations                                 500
  Convergence criteria
    Loglikelihood change                                 0.100D-06
    Relative loglikelihood change                        0.100D-06
    Derivative                                           0.100D-05
Optimization Specifications for the M step of the EM Algorithm for
Categorical Latent variables
  Number of M step iterations                                    1
  M step convergence criterion                           0.100D-05
  Basis for M step termination                           ITERATION
Optimization Specifications for the M step of the EM Algorithm for
Censored, Binary or Ordered Categorical (Ordinal), Unordered
Categorical (Nominal) and Count Outcomes
  Number of M step iterations                                    1
  M step convergence criterion                           0.100D-05
  Basis for M step termination                           ITERATION
  Maximum value for logit thresholds                            15
  Minimum value for logit thresholds                           -15
  Minimum expected cell size for chi-square              0.100D-01
Optimization algorithm                                         EMA
Specifications for Alignment Analysis
  Factor mean for reference group                            FIXED
  Simplicity function                                         SQRT
  Factor variance metric                           Reference group
  Reference group                                                1
  Tolerance value                                        0.100D-01
  Number of random starts                                       30
  Maximum number of iterations                                5000
  Convergence criteration                                0.100D-02

Input data file(s)
  D:/essay/resilient_student/dataset/mplus_data/imputed_data_2.dat
Input data format  FREE



UNIVARIATE SAMPLE STATISTICS


     UNIVARIATE HIGHER-ORDER MOMENT DESCRIPTIVE STATISTICS FOR CHL

         Variable/         Mean/     Skewness/   Minimum/ % with                Percentiles
        Sample Size      Variance    Kurtosis    Maximum  Min/Max      20%/60%    40%/80%    Median

     SDLEFF               -0.190       0.011      -2.585    0.17%      -0.933     -0.378     -0.184
            1209.000       0.923       0.528       2.082    0.25%       0.153      0.245
     GROSAGR               0.081      -1.089      -3.599    3.97%      -0.420     -0.160     -0.003
            1209.000       1.221       2.850       2.029    6.20%       0.397      0.780


     UNIVARIATE HIGHER-ORDER MOMENT DESCRIPTIVE STATISTICS FOR TAP

         Variable/         Mean/     Skewness/   Minimum/ % with                Percentiles
        Sample Size      Variance    Kurtosis    Maximum  Min/Max      20%/60%    40%/80%    Median

     SDLEFF               -0.445       0.212      -2.585    0.12%      -1.003     -0.736     -0.511
            1668.000       1.027       0.366       2.082    0.18%      -0.215      0.209
     GROSAGR               0.147      -1.080      -3.599    3.24%      -0.306     -0.145     -0.014
            1668.000       1.096       3.434       3.372    0.06%       0.513      0.780


     UNIVARIATE HIGHER-ORDER MOMENT DESCRIPTIVE STATISTICS FOR HRV

         Variable/         Mean/     Skewness/   Minimum/ % with                Percentiles
        Sample Size      Variance    Kurtosis    Maximum  Min/Max      20%/60%    40%/80%    Median

     SDLEFF                0.076       0.046      -2.573    0.07%      -0.655     -0.050      0.168
            1528.000       0.952       0.323       2.082    0.33%       0.206      0.642
     GROSAGR              -0.171      -1.249      -3.599    3.66%      -0.739     -0.306     -0.145
            1528.000       0.918       4.161       2.029    2.36%      -0.014      0.585


     UNIVARIATE HIGHER-ORDER MOMENT DESCRIPTIVE STATISTICS FOR FIN

         Variable/         Mean/     Skewness/   Minimum/ % with                Percentiles
        Sample Size      Variance    Kurtosis    Maximum  Min/Max      20%/60%    40%/80%    Median

     SDLEFF                0.072       0.111      -2.585    0.11%      -0.744     -0.146      0.154
            2754.000       1.015       0.118       2.082    0.33%       0.204      0.706
     GROSAGR              -0.004      -1.179      -3.599    2.90%      -0.355     -0.160     -0.014
            2754.000       0.915       3.992       2.029    2.94%       0.214      0.780


     UNIVARIATE HIGHER-ORDER MOMENT DESCRIPTIVE STATISTICS FOR GRC

         Variable/         Mean/     Skewness/   Minimum/ % with                Percentiles
        Sample Size      Variance    Kurtosis    Maximum  Min/Max      20%/60%    40%/80%    Median

     SDLEFF               -0.267       0.260      -2.585    0.13%      -0.984     -0.601     -0.380
            1529.000       1.128       0.018       2.082    0.39%      -0.079      0.380
     GROSAGR              -0.124      -1.275      -3.599    3.47%      -0.661     -0.306     -0.145
            1529.000       0.916       4.125       2.029    2.09%      -0.003      0.585


     UNIVARIATE HIGHER-ORDER MOMENT DESCRIPTIVE STATISTICS FOR HKG

         Variable/         Mean/     Skewness/   Minimum/ % with                Percentiles
        Sample Size      Variance    Kurtosis    Maximum  Min/Max      20%/60%    40%/80%    Median

     SDLEFF               -0.284       0.078      -2.585    0.07%      -0.950     -0.530     -0.246
            1368.000       0.859       0.642       2.082    0.15%       0.112      0.228
     GROSAGR              -0.049      -1.316      -3.599    4.09%      -0.430     -0.306     -0.145
            1368.000       1.055       3.787       2.029    3.14%       0.222      0.780


     UNIVARIATE HIGHER-ORDER MOMENT DESCRIPTIVE STATISTICS FOR ISL

         Variable/         Mean/     Skewness/   Minimum/ % with                Percentiles
        Sample Size      Variance    Kurtosis    Maximum  Min/Max      20%/60%    40%/80%    Median

     SDLEFF                0.076      -0.091      -2.585    0.25%      -0.688     -0.091      0.170
             810.000       1.103       0.238       2.082    0.12%       0.209      0.751
     GROSAGR               0.004      -0.942      -3.599    2.84%      -0.306     -0.279     -0.145
             810.000       0.976       3.433       3.360    0.12%       0.137      0.780


     UNIVARIATE HIGHER-ORDER MOMENT DESCRIPTIVE STATISTICS FOR KOR

         Variable/         Mean/     Skewness/   Minimum/ % with                Percentiles
        Sample Size      Variance    Kurtosis    Maximum  Min/Max      20%/60%    40%/80%    Median

     SDLEFF               -0.550       0.127      -2.585    0.13%      -1.285     -0.810     -0.547
            1568.000       1.172      -0.061       2.082    0.13%      -0.282      0.209
     GROSAGR              -0.025      -1.132      -3.602    0.06%      -0.420     -0.160     -0.014
            1568.000       1.188       3.095       2.029    4.91%       0.094      0.780


     UNIVARIATE HIGHER-ORDER MOMENT DESCRIPTIVE STATISTICS FOR LTU

         Variable/         Mean/     Skewness/   Minimum/ % with                Percentiles
        Sample Size      Variance    Kurtosis    Maximum  Min/Max      20%/60%    40%/80%    Median

     SDLEFF                0.045       0.176      -2.556    0.06%      -0.744     -0.183      0.153
            1786.000       0.928       0.292       2.082    0.28%       0.199      0.637
     GROSAGR              -0.194      -1.037      -3.599    3.47%      -0.856     -0.306     -0.160
            1786.000       0.941       3.574       2.029    2.63%      -0.014      0.585


     UNIVARIATE HIGHER-ORDER MOMENT DESCRIPTIVE STATISTICS FOR MLT

         Variable/         Mean/     Skewness/   Minimum/ % with                Percentiles
        Sample Size      Variance    Kurtosis    Maximum  Min/Max      20%/60%    40%/80%    Median

     SDLEFF               -0.202       0.170      -2.556    0.14%      -0.933     -0.436     -0.212
             710.000       0.925       0.476       2.082    0.14%       0.051      0.260
     GROSAGR              -0.206      -1.379      -3.599    4.37%      -0.739     -0.306     -0.160
             710.000       0.982       3.936       2.029    1.69%      -0.014      0.498


     UNIVARIATE HIGHER-ORDER MOMENT DESCRIPTIVE STATISTICS FOR NZL

         Variable/         Mean/     Skewness/   Minimum/ % with                Percentiles
        Sample Size      Variance    Kurtosis    Maximum  Min/Max      20%/60%    40%/80%    Median

     SDLEFF               -0.281      -0.111      -2.585    0.18%      -0.965     -0.452     -0.188
            1104.000       0.994       0.351       2.035    0.18%       0.151      0.238
     GROSAGR               0.157      -1.280      -3.599    2.81%      -0.306     -0.145      0.168
            1104.000       0.954       4.234       2.029    4.17%       0.585      0.780


     UNIVARIATE HIGHER-ORDER MOMENT DESCRIPTIVE STATISTICS FOR PRT

         Variable/         Mean/     Skewness/   Minimum/ % with                Percentiles
        Sample Size      Variance    Kurtosis    Maximum  Min/Max      20%/60%    40%/80%    Median

     SDLEFF               -0.105       0.182      -2.551    0.06%      -0.860     -0.310     -0.041
            1621.000       0.870       0.562       2.082    0.25%       0.170      0.261
     GROSAGR              -0.154      -1.330      -3.599    3.64%      -0.518     -0.306     -0.160
            1621.000       0.903       4.373       2.029    1.73%      -0.014      0.674


     UNIVARIATE HIGHER-ORDER MOMENT DESCRIPTIVE STATISTICS FOR ROU

         Variable/         Mean/     Skewness/   Minimum/ % with                Percentiles
        Sample Size      Variance    Kurtosis    Maximum  Min/Max      20%/60%    40%/80%    Median

     SDLEFF               -0.174       0.114      -2.573    0.13%      -0.941     -0.401     -0.142
            1593.000       0.968       0.368       2.082    0.13%       0.154      0.260
     GROSAGR              -0.182      -1.241      -3.602    0.13%      -0.775     -0.306     -0.160
            1593.000       1.062       3.349       2.029    2.26%      -0.014      0.585


     UNIVARIATE HIGHER-ORDER MOMENT DESCRIPTIVE STATISTICS FOR TUR

         Variable/         Mean/     Skewness/   Minimum/ % with                Percentiles
        Sample Size      Variance    Kurtosis    Maximum  Min/Max      20%/60%    40%/80%    Median

     SDLEFF               -0.251      -0.042      -2.585    0.27%      -0.962     -0.438     -0.204
            1884.000       0.992       0.395       2.035    0.48%       0.139      0.241
     GROSAGR               0.156      -1.226      -3.599    3.72%      -0.420     -0.014      0.218
            1884.000       1.179       3.219       3.372    0.05%       0.513      0.780


     UNIVARIATE HIGHER-ORDER MOMENT DESCRIPTIVE STATISTICS FOR GBR

         Variable/         Mean/     Skewness/   Minimum/ % with                Percentiles
        Sample Size      Variance    Kurtosis    Maximum  Min/Max      20%/60%    40%/80%    Median

     SDLEFF               -0.364       0.060      -2.585    0.10%      -0.986     -0.576     -0.362
            2863.000       0.955       0.395       2.082    0.07%      -0.116      0.223
     GROSAGR               0.009      -1.195      -3.599    3.11%      -0.420     -0.160     -0.014
            2863.000       0.968       3.716       2.029    2.97%       0.243      0.780

     THE STANDARD ERRORS OF THE MODEL PARAMETER ESTIMATES MAY NOT BE
     TRUSTWORTHY FOR SOME PARAMETERS DUE TO A NON-POSITIVE DEFINITE
     FIRST-ORDER DERIVATIVE PRODUCT MATRIX.  THIS MAY BE DUE TO THE STARTING
     VALUES BUT MAY ALSO BE AN INDICATION OF MODEL NONIDENTIFICATION.  THE
     CONDITION NUMBER IS       0.119D-16.  PROBLEM INVOLVING THE FOLLOWING PARAMETER:
     Parameter 6, Group CHL: GROSAGR

     ONE OR MORE PARAMETERS WERE FIXED TO AVOID SINGULARITY OF THE
     INFORMATION MATRIX. THE SINGULARITY IS MOST LIKELY BECAUSE THE
     MODEL IS NOT IDENTIFIED, OR BECAUSE OF EMPTY CELLS IN THE JOINT
     DISTRIBUTION OF THE CATEGORICAL VARIABLES IN THE MODEL.

THE MODEL ESTIMATION TERMINATED NORMALLY



MODEL FIT INFORMATION

Number of Free Parameters                       90

Loglikelihood

          H0 Value                      -67944.576
          H0 Scaling Correction Factor      1.2207
            for MLR

Information Criteria

          Akaike (AIC)                  136069.153
          Bayesian (BIC)                136796.857
          Sample-Size Adjusted BIC      136510.840
            (n* = (n + 2) / 24)



MODEL RESULTS

                                                    Two-Tailed
                    Estimate       S.E.  Est./S.E.    P-Value

Group CHL

 SELF_DIR BY
    SDLEFF             0.046      0.030      1.531      0.126
    GROSAGR            0.573      0.376      1.524      0.128

 Means
    SELF_DIR_L         0.000      0.000    999.000    999.000

 Intercepts
    SDLEFF            -0.190      0.028     -6.871      0.000
    GROSAGR            0.081      0.032      2.548      0.011

 Variances
    SELF_DIR_L         1.000      0.000    999.000    999.000

 Residual Variances
    SDLEFF             0.921      0.042     21.816      0.000
    GROSAGR            0.893      0.437      2.045      0.041

Group TAP

 SELF_DIR BY
    SDLEFF             0.191      0.178      1.072      0.284
    GROSAGR            0.576      0.378      1.524      0.127

 Means
    SELF_DIR_L         0.056      0.109      0.512      0.609

 Intercepts
    SDLEFF            -0.455      0.032    -14.243      0.000
    GROSAGR            0.115      0.055      2.094      0.036

 Variances
    SELF_DIR_L         0.537      0.731      0.734      0.463

 Residual Variances
    SDLEFF             1.007      0.044     22.944      0.000
    GROSAGR            0.918      0.000    999.000    999.000

Group HRV

 SELF_DIR BY
    SDLEFF             0.317      0.260      1.222      0.222
    GROSAGR           -0.013      0.082     -0.163      0.871

 Means
    SELF_DIR_L         1.113      0.975      1.141      0.254

 Intercepts
    SDLEFF            -0.277      0.063     -4.361      0.000
    GROSAGR           -0.156      0.093     -1.689      0.091

 Variances
    SELF_DIR_L         1.040      1.743      0.597      0.550

 Residual Variances
    SDLEFF             0.847      0.000    999.000    999.000
    GROSAGR            0.918      0.058     15.738      0.000

Group FIN

 SELF_DIR BY
    SDLEFF             0.317      0.265      1.192      0.233
    GROSAGR            0.084      1.143      0.073      0.941

 Means
    SELF_DIR_L         1.096      1.016      1.079      0.281

 Intercepts
    SDLEFF            -0.275      0.079     -3.460      0.001
    GROSAGR           -0.096      1.219     -0.079      0.937

 Variances
    SELF_DIR_L         0.464      6.679      0.069      0.945

 Residual Variances
    SDLEFF             0.969      0.645      1.501      0.133
    GROSAGR            0.911      0.000    999.000    999.000

Group GRC

 SELF_DIR BY
    SDLEFF             0.315      0.258      1.218      0.223
    GROSAGR           -0.061      0.441     -0.137      0.891

 Means
    SELF_DIR_L         0.036      0.264      0.136      0.892

 Intercepts
    SDLEFF            -0.278      0.075     -3.689      0.000
    GROSAGR           -0.122      0.027     -4.552      0.000

 Variances
    SELF_DIR_L         2.127     15.502      0.137      0.891

 Residual Variances
    SDLEFF             0.918      1.543      0.595      0.552
    GROSAGR            0.908      0.000    999.000    999.000

Group HKG

 SELF_DIR BY
    SDLEFF             0.289      0.191      1.519      0.129
    GROSAGR            0.576      0.379      1.520      0.129

 Means
    SELF_DIR_L        -0.047      0.385     -0.123      0.902

 Intercepts
    SDLEFF            -0.270      0.106     -2.552      0.011
    GROSAGR           -0.022      0.223     -0.100      0.920

 Variances
    SELF_DIR_L         0.790      1.054      0.749      0.454

 Residual Variances
    SDLEFF             0.793      0.039     20.299      0.000
    GROSAGR            0.793      0.083      9.604      0.000

Group ISL

 SELF_DIR BY
    SDLEFF             0.324      0.276      1.177      0.239
    GROSAGR            0.069      0.706      0.098      0.922

 Means
    SELF_DIR_L         1.084      0.995      1.090      0.276

 Intercepts
    SDLEFF            -0.276      0.060     -4.606      0.000
    GROSAGR           -0.071      0.766     -0.093      0.926

 Variances
    SELF_DIR_L         1.688     17.880      0.094      0.925

 Residual Variances
    SDLEFF             0.926      1.812      0.511      0.609
    GROSAGR            0.968      0.000    999.000    999.000

Group KOR

 SELF_DIR BY
    SDLEFF             0.322      0.270      1.191      0.234
    GROSAGR            0.289      0.554      0.523      0.601

 Means
    SELF_DIR_L        -0.810      0.677     -1.197      0.231

 Intercepts
    SDLEFF            -0.289      0.068     -4.265      0.000
    GROSAGR            0.210      0.348      0.602      0.547

 Variances
    SELF_DIR_L         0.582      1.623      0.359      0.720

 Residual Variances
    SDLEFF             1.111      0.126      8.827      0.000
    GROSAGR            1.140      0.000    999.000    999.000

Group LTU

 SELF_DIR BY
    SDLEFF            -0.554      0.368     -1.507      0.132
    GROSAGR            0.553      0.365      1.514      0.130

 Means
    SELF_DIR_L        -0.569      0.384     -1.482      0.138

 Intercepts
    SDLEFF            -0.270      0.043     -6.293      0.000
    GROSAGR            0.121      0.053      2.282      0.023

 Variances
    SELF_DIR_L         0.231      0.311      0.742      0.458

 Residual Variances
    SDLEFF             0.857      0.041     21.047      0.000
    GROSAGR            0.870      0.052     16.719      0.000

Group MLT

 SELF_DIR BY
    SDLEFF             0.340      0.341      0.997      0.319
    GROSAGR            0.549      0.375      1.466      0.143

 Means
    SELF_DIR_L        -0.180      2.313     -0.078      0.938

 Intercepts
    SDLEFF            -0.141      0.783     -0.180      0.857
    GROSAGR           -0.108      1.266     -0.085      0.932

 Variances
    SELF_DIR_L         0.389      0.557      0.699      0.484

 Residual Variances
    SDLEFF             0.880      0.083     10.600      0.000
    GROSAGR            0.865      0.000    999.000    999.000

Group NZL

 SELF_DIR BY
    SDLEFF             0.322      0.265      1.218      0.223
    GROSAGR            0.169      0.139      1.217      0.223

 Means
    SELF_DIR_L         0.007      0.223      0.029      0.977

 Intercepts
    SDLEFF            -0.283      0.065     -4.351      0.000
    GROSAGR            0.156      0.047      3.284      0.001

 Variances
    SELF_DIR_L         0.605      1.168      0.518      0.604

 Residual Variances
    SDLEFF             0.931      0.076     12.285      0.000
    GROSAGR            0.936      0.073     12.839      0.000

Group PRT

 SELF_DIR BY
    SDLEFF             0.055      0.048      1.144      0.253
    GROSAGR            0.571      0.375      1.524      0.128

 Means
    SELF_DIR_L        -0.444      0.315     -1.406      0.160

 Intercepts
    SDLEFF            -0.081      0.028     -2.915      0.004
    GROSAGR            0.100      0.066      1.525      0.127

 Variances
    SELF_DIR_L         0.224      0.721      0.311      0.755

 Residual Variances
    SDLEFF             0.869      0.035     25.031      0.000
    GROSAGR            0.829      0.224      3.702      0.000

Group ROU

 SELF_DIR BY
    SDLEFF            -0.192      0.183     -1.047      0.295
    GROSAGR            0.564      0.371      1.521      0.128

 Means
    SELF_DIR_L        -0.514      0.358     -1.436      0.151

 Intercepts
    SDLEFF            -0.273      0.057     -4.792      0.000
    GROSAGR            0.107      0.061      1.774      0.076

 Variances
    SELF_DIR_L         0.441      0.611      0.723      0.470

 Residual Variances
    SDLEFF             0.951      0.042     22.914      0.000
    GROSAGR            0.921      0.000    999.000    999.000

Group TUR

 SELF_DIR BY
    SDLEFF             0.234      0.154      1.523      0.128
    GROSAGR            0.576      0.378      1.524      0.127

 Means
    SELF_DIR_L         0.096      0.175      0.550      0.582

 Intercepts
    SDLEFF            -0.274      0.039     -6.966      0.000
    GROSAGR            0.100      0.093      1.077      0.281

 Variances
    SELF_DIR_L         0.594      0.804      0.739      0.460

 Residual Variances
    SDLEFF             0.959      0.036     26.531      0.000
    GROSAGR            0.981      0.086     11.452      0.000

Group GBR

 SELF_DIR BY
    SDLEFF             0.296      0.255      1.160      0.246
    GROSAGR            0.571      0.376      1.519      0.129

 Means
    SELF_DIR_L        -0.213      0.182     -1.176      0.240

 Intercepts
    SDLEFF            -0.301      0.056     -5.347      0.000
    GROSAGR            0.131      0.066      1.974      0.048

 Variances
    SELF_DIR_L         0.305      0.417      0.730      0.465

 Residual Variances
    SDLEFF             0.928      0.037     25.413      0.000
    GROSAGR            0.869      0.000    999.000    999.000



APPROXIMATE MEASUREMENT INVARIANCE (NONINVARIANCE) FOR GROUPS

 Intercepts/Thresholds
   SDLEFF      1 (2) 3 4 5 6 7 8 9 10 11 (12) 13 14 15
   GROSAGR     1 2 3 4 5 6 7 8 9 10 11 12 13 14 15

 Loadings for SELF_DIR
   SDLEFF      1 2 3 4 5 6 7 8 9 10 11 12 13 14 15
   GROSAGR     1 2 3 4 5 6 7 8 9 10 11 12 13 14 15


FACTOR MEAN COMPARISON AT THE 5% SIGNIFICANCE LEVEL IN DESCENDING ORDER

 Results for Factor SELF_DIR

           Latent    Group      Factor
 Ranking    Class    Value       Mean     Groups With Significantly Smaller Factor Mean
     1         3         3       1.113
     2         4         4       1.096
     3         7         7       1.084
     4        14        14       0.096
     5         2         2       0.056
     6         5         5       0.036
     7        11        11       0.007
     8         1         1       0.000
     9         6         6      -0.047
    10        10        10      -0.180
    11        15        15      -0.213
    12        12        12      -0.444
    13        13        13      -0.514
    14         9         9      -0.569
    15         8         8      -0.810




QUALITY OF NUMERICAL RESULTS

     Condition Number for the Information Matrix              0.813E-07
       (ratio of smallest to largest eigenvalue)


ALIGNMENT OUTPUT

INVARIANCE ANALYSIS

 Intercepts/Thresholds
 Intercept for SDLEFF
 Group     Group      Value      Value     Difference  SE       P-value
     2         1     -0.455     -0.190     -0.265      0.042      0.000
     3         1     -0.277     -0.190     -0.087      0.070      0.212
     3         2     -0.277     -0.455      0.179      0.062      0.004
     4         1     -0.275     -0.190     -0.085      0.084      0.314
     4         2     -0.275     -0.455      0.180      0.076      0.017
     4         3     -0.275     -0.277      0.002      0.020      0.921
     5         1     -0.278     -0.190     -0.088      0.081      0.274
     5         2     -0.278     -0.455      0.177      0.073      0.015
     5         3     -0.278     -0.277     -0.001      0.017      0.942
     5         4     -0.278     -0.275     -0.003      0.016      0.836
     6         1     -0.270     -0.190     -0.080      0.110      0.465
     6         2     -0.270     -0.455      0.185      0.101      0.066
     6         3     -0.270     -0.277      0.007      0.045      0.882
     6         4     -0.270     -0.275      0.005      0.028      0.864
     6         5     -0.270     -0.278      0.008      0.036      0.825
     7         1     -0.276     -0.190     -0.086      0.066      0.196
     7         2     -0.276     -0.455      0.180      0.058      0.002
     7         3     -0.276     -0.277      0.001      0.009      0.888
     7         4     -0.276     -0.275     -0.001      0.026      0.977
     7         5     -0.276     -0.278      0.002      0.022      0.910
     7         6     -0.276     -0.270     -0.006      0.050      0.912
     8         1     -0.289     -0.190     -0.099      0.074      0.178
     8         2     -0.289     -0.455      0.166      0.064      0.010
     8         3     -0.289     -0.277     -0.012      0.013      0.369
     8         4     -0.289     -0.275     -0.014      0.020      0.474
     8         5     -0.289     -0.278     -0.011      0.019      0.565
     8         6     -0.289     -0.270     -0.019      0.043      0.662
     8         7     -0.289     -0.276     -0.013      0.017      0.424
     9         1     -0.270     -0.190     -0.081      0.052      0.118
     9         2     -0.270     -0.455      0.185      0.047      0.000
     9         3     -0.270     -0.277      0.006      0.025      0.797
     9         4     -0.270     -0.275      0.004      0.041      0.915
     9         5     -0.270     -0.278      0.008      0.037      0.837
     9         6     -0.270     -0.270      0.000      0.067      0.996
     9         7     -0.270     -0.276      0.005      0.023      0.820
     9         8     -0.270     -0.289      0.018      0.033      0.575
     10        1     -0.141     -0.190      0.049      0.783      0.950
     10        2     -0.141     -0.455      0.314      0.793      0.692
     10        3     -0.141     -0.277      0.136      0.835      0.871
     10        4     -0.141     -0.275      0.134      0.854      0.875
     10        5     -0.141     -0.278      0.137      0.846      0.871
     10        6     -0.141     -0.270      0.129      0.879      0.883
     10        7     -0.141     -0.276      0.135      0.830      0.871
     10        8     -0.141     -0.289      0.148      0.840      0.860
     10        9     -0.141     -0.270      0.130      0.815      0.874
     11        1     -0.283     -0.190     -0.093      0.071      0.191
     11        2     -0.283     -0.455      0.173      0.063      0.006
     11        3     -0.283     -0.277     -0.006      0.005      0.257
     11        4     -0.283     -0.275     -0.008      0.018      0.655
     11        5     -0.283     -0.278     -0.005      0.016      0.773
     11        6     -0.283     -0.270     -0.013      0.043      0.771
     11        7     -0.283     -0.276     -0.007      0.010      0.481
     11        8     -0.283     -0.289      0.006      0.009      0.510
     11        9     -0.283     -0.270     -0.012      0.027      0.653
     11        10     -0.283     -0.141     -0.142      0.837      0.866
     12        1     -0.081     -0.190      0.109      0.039      0.005
     12        2     -0.081     -0.455      0.375      0.040      0.000
     12        3     -0.081     -0.277      0.196      0.065      0.003
     12        4     -0.081     -0.275      0.194      0.080      0.015
     12        5     -0.081     -0.278      0.197      0.076      0.010
     12        6     -0.081     -0.270      0.189      0.105      0.072
     12        7     -0.081     -0.276      0.195      0.062      0.002
     12        8     -0.081     -0.289      0.208      0.069      0.003
     12        9     -0.081     -0.270      0.190      0.048      0.000
     12        10     -0.081     -0.141      0.060      0.787      0.939
     12        11     -0.081     -0.283      0.202      0.066      0.002
     13        1     -0.273     -0.190     -0.083      0.063      0.192
     13        2     -0.273     -0.455      0.183      0.061      0.003
     13        3     -0.273     -0.277      0.004      0.054      0.937
     13        4     -0.273     -0.275      0.002      0.071      0.974
     13        5     -0.273     -0.278      0.006      0.066      0.933
     13        6     -0.273     -0.270     -0.002      0.094      0.979
     13        7     -0.273     -0.276      0.003      0.050      0.951
     13        8     -0.273     -0.289      0.016      0.062      0.792
     13        9     -0.273     -0.270     -0.002      0.046      0.964
     13        10     -0.273     -0.141     -0.132      0.789      0.868
     13        11     -0.273     -0.283      0.010      0.057      0.859
     13        12     -0.273     -0.081     -0.192      0.061      0.002
     14        1     -0.274     -0.190     -0.084      0.048      0.082
     14        2     -0.274     -0.455      0.182      0.042      0.000
     14        3     -0.274     -0.277      0.003      0.028      0.910
     14        4     -0.274     -0.275      0.001      0.044      0.979
     14        5     -0.274     -0.278      0.004      0.041      0.915
     14        6     -0.274     -0.270     -0.004      0.070      0.959
     14        7     -0.274     -0.276      0.002      0.024      0.936
     14        8     -0.274     -0.289      0.015      0.032      0.636
     14        9     -0.274     -0.270     -0.003      0.015      0.827
     14        10     -0.274     -0.141     -0.133      0.812      0.870
     14        11     -0.274     -0.283      0.009      0.029      0.756
     14        12     -0.274     -0.081     -0.193      0.045      0.000
     14        13     -0.274     -0.273     -0.001      0.047      0.980
     15        1     -0.301     -0.190     -0.111      0.063      0.077
     15        2     -0.301     -0.455      0.155      0.055      0.005
     15        3     -0.301     -0.277     -0.024      0.060      0.687
     15        4     -0.301     -0.275     -0.026      0.071      0.713
     15        5     -0.301     -0.278     -0.023      0.068      0.738
     15        6     -0.301     -0.270     -0.031      0.092      0.738
     15        7     -0.301     -0.276     -0.025      0.057      0.661
     15        8     -0.301     -0.289     -0.012      0.055      0.829
     15        9     -0.301     -0.270     -0.030      0.055      0.580
     15        10     -0.301     -0.141     -0.160      0.809      0.843
     15        11     -0.301     -0.283     -0.018      0.058      0.755
     15        12     -0.301     -0.081     -0.220      0.060      0.000
     15        13     -0.301     -0.273     -0.028      0.073      0.699
     15        14     -0.301     -0.274     -0.027      0.050      0.589
 Approximate Measurement Invariance Holds For Groups:
 1 3 4 5 6 7 8 9 10 11
 13 14 15
 Weighted Average Value Across Invariant Groups:      -0.270
 R-square/Explained variance/Invariance index:       0.371

 Invariant Group Values, Difference to Average and Significance
 Group      Value Difference         SE    P-value
     1     -0.190      0.080      0.044      0.067
     3     -0.277     -0.007      0.037      0.851
     4     -0.275     -0.005      0.056      0.928
     5     -0.278     -0.008      0.050      0.869
     6     -0.270      0.000      0.082      0.997
     7     -0.276     -0.006      0.033      0.860
     8     -0.289     -0.019      0.042      0.651
     9     -0.270     -0.001      0.022      0.977
     10     -0.141      0.129      0.799      0.872
     11     -0.283     -0.013      0.039      0.742
     13     -0.273     -0.003      0.035      0.938
     14     -0.274     -0.004      0.019      0.839
     15     -0.301     -0.031      0.046      0.499

 Intercept for GROSAGR
 Group     Group      Value      Value     Difference  SE       P-value
     2         1      0.115      0.081      0.034      0.061      0.580
     3         1     -0.156      0.081     -0.237      0.098      0.015
     3         2     -0.156      0.115     -0.271      0.108      0.012
     4         1     -0.096      0.081     -0.177      1.219      0.885
     4         2     -0.096      0.115     -0.211      1.248      0.866
     4         3     -0.096     -0.156      0.060      1.220      0.960
     5         1     -0.122      0.081     -0.203      0.042      0.000
     5         2     -0.122      0.115     -0.237      0.068      0.000
     5         3     -0.122     -0.156      0.034      0.096      0.721
     5         4     -0.122     -0.096     -0.026      1.207      0.983
     6         1     -0.022      0.081     -0.103      0.226      0.647
     6         2     -0.022      0.115     -0.137      0.202      0.496
     6         3     -0.022     -0.156      0.134      0.247      0.587
     6         4     -0.022     -0.096      0.074      1.410      0.958
     6         5     -0.022     -0.122      0.100      0.238      0.675
     7         1     -0.071      0.081     -0.152      0.766      0.843
     7         2     -0.071      0.115     -0.186      0.780      0.812
     7         3     -0.071     -0.156      0.085      0.771      0.912
     7         4     -0.071     -0.096      0.025      1.447      0.986
     7         5     -0.071     -0.122      0.051      0.766      0.947
     7         6     -0.071     -0.022     -0.049      0.810      0.952
     8         1      0.210      0.081      0.129      0.350      0.713
     8         2      0.210      0.115      0.094      0.366      0.796
     8         3      0.210     -0.156      0.366      0.361      0.311
     8         4      0.210     -0.096      0.305      1.315      0.816
     8         5      0.210     -0.122      0.332      0.351      0.345
     8         6      0.210     -0.022      0.232      0.386      0.548
     8         7      0.210     -0.071      0.281      0.844      0.740
     9         1      0.121      0.081      0.040      0.061      0.513
     9         2      0.121      0.115      0.006      0.078      0.938
     9         3      0.121     -0.156      0.278      0.104      0.008
     9         4      0.121     -0.096      0.217      1.189      0.855
     9         5      0.121     -0.122      0.243      0.049      0.000
     9         6      0.121     -0.022      0.143      0.264      0.586
     9         7      0.121     -0.071      0.192      0.769      0.803
     9         8      0.121      0.210     -0.088      0.363      0.807
     10        1     -0.108      0.081     -0.189      1.267      0.882
     10        2     -0.108      0.115     -0.223      1.296      0.864
     10        3     -0.108     -0.156      0.049      1.268      0.969
     10        4     -0.108     -0.096     -0.012      0.101      0.908
     10        5     -0.108     -0.122      0.015      1.254      0.991
     10        6     -0.108     -0.022     -0.085      1.459      0.953
     10        7     -0.108     -0.071     -0.037      1.480      0.980
     10        8     -0.108      0.210     -0.317      1.361      0.816
     10        9     -0.108      0.121     -0.229      1.235      0.853
     11        1      0.156      0.081      0.075      0.057      0.192
     11        2      0.156      0.115      0.041      0.056      0.466
     11        3      0.156     -0.156      0.312      0.106      0.003
     11        4      0.156     -0.096      0.252      1.247      0.840
     11        5      0.156     -0.122      0.278      0.063      0.000
     11        6      0.156     -0.022      0.178      0.194      0.360
     11        7      0.156     -0.071      0.227      0.768      0.768
     11        8      0.156      0.210     -0.054      0.348      0.877
     11        9      0.156      0.121      0.035      0.088      0.693
     11        10      0.156     -0.108      0.263      1.295      0.839
     12        1      0.100      0.081      0.019      0.070      0.786
     12        2      0.100      0.115     -0.015      0.021      0.463
     12        3      0.100     -0.156      0.256      0.115      0.026
     12        4      0.100     -0.096      0.196      1.262      0.877
     12        5      0.100     -0.122      0.222      0.080      0.005
     12        6      0.100     -0.022      0.122      0.187      0.513
     12        7      0.100     -0.071      0.171      0.782      0.827
     12        8      0.100      0.210     -0.110      0.365      0.764
     12        9      0.100      0.121     -0.021      0.095      0.823
     12        10      0.100     -0.108      0.208      1.310      0.874
     12        11      0.100      0.156     -0.056      0.058      0.333
     13        1      0.107      0.081      0.026      0.066      0.690
     13        2      0.107      0.115     -0.008      0.051      0.882
     13        3      0.107     -0.156      0.264      0.109      0.016
     13        4      0.107     -0.096      0.203      1.208      0.866
     13        5      0.107     -0.122      0.230      0.067      0.001
     13        6      0.107     -0.022      0.130      0.232      0.575
     13        7      0.107     -0.071      0.178      0.776      0.818
     13        8      0.107      0.210     -0.102      0.365      0.780
     13        9      0.107      0.121     -0.014      0.076      0.857
     13        10      0.107     -0.108      0.215      1.256      0.864
     13        11      0.107      0.156     -0.048      0.074      0.513
     13        12      0.107      0.100      0.008      0.058      0.897
     14        1      0.100      0.081      0.019      0.097      0.844
     14        2      0.100      0.115     -0.015      0.055      0.785
     14        3      0.100     -0.156      0.257      0.135      0.057
     14        4      0.100     -0.096      0.196      1.291      0.879
     14        5      0.100     -0.122      0.222      0.108      0.040
     14        6      0.100     -0.022      0.122      0.157      0.436
     14        7      0.100     -0.071      0.171      0.782      0.827
     14        8      0.100      0.210     -0.109      0.360      0.761
     14        9      0.100      0.121     -0.021      0.128      0.869
     14        10      0.100     -0.108      0.208      1.339      0.877
     14        11      0.100      0.156     -0.056      0.073      0.449
     14        12      0.100      0.100      0.000      0.036      0.996
     14        13      0.100      0.107     -0.007      0.085      0.931
     15        1      0.131      0.081      0.050      0.073      0.495
     15        2      0.131      0.115      0.016      0.030      0.600
     15        3      0.131     -0.156      0.287      0.116      0.013
     15        4      0.131     -0.096      0.227      1.267      0.858
     15        5      0.131     -0.122      0.253      0.081      0.002
     15        6      0.131     -0.022      0.153      0.183      0.404
     15        7      0.131     -0.071      0.202      0.781      0.796
     15        8      0.131      0.210     -0.079      0.367      0.830
     15        9      0.131      0.121      0.010      0.095      0.919
     15        10      0.131     -0.108      0.238      1.315      0.856
     15        11      0.131      0.156     -0.025      0.054      0.647
     15        12      0.131      0.100      0.031      0.028      0.265
     15        13      0.131      0.107      0.023      0.073      0.749
     15        14      0.131      0.100      0.031      0.046      0.508
 Approximate Measurement Invariance Holds For Groups:
 1 2 3 4 5 6 7 8 9 10
 11 12 13 14 15
 Weighted Average Value Across Invariant Groups:       0.044
 R-square/Explained variance/Invariance index:       0.000

 Invariant Group Values, Difference to Average and Significance
 Group      Value Difference         SE    P-value
     1      0.081      0.037      0.156      0.811
     2      0.115      0.071      0.186      0.701
     3     -0.156     -0.200      0.175      0.253
     4     -0.096     -0.140      1.070      0.896
     5     -0.122     -0.166      0.144      0.250
     6     -0.022     -0.066      0.356      0.853
     7     -0.071     -0.115      0.763      0.881
     8      0.210      0.166      0.386      0.667
     9      0.121      0.077      0.131      0.554
     10     -0.108     -0.151      1.117      0.892
     11      0.156      0.112      0.183      0.541
     12      0.100      0.056      0.200      0.778
     13      0.107      0.064      0.149      0.668
     14      0.100      0.056      0.228      0.804
     15      0.131      0.087      0.204      0.670



 Loadings
 Loadings for SDLEFF
 Group     Group      Value      Value     Difference  SE       P-value
     2         1      0.191      0.046      0.145      0.158      0.360
     3         1      0.317      0.046      0.271      0.236      0.251
     3         2      0.317      0.191      0.126      0.224      0.573
     4         1      0.317      0.046      0.271      0.243      0.265
     4         2      0.317      0.191      0.126      0.231      0.587
     4         3      0.317      0.317     -0.001      0.022      0.976
     5         1      0.315      0.046      0.269      0.235      0.253
     5         2      0.315      0.191      0.124      0.224      0.580
     5         3      0.315      0.317     -0.003      0.022      0.910
     5         4      0.315      0.317     -0.002      0.032      0.955
     6         1      0.289      0.046      0.243      0.161      0.130
     6         2      0.289      0.191      0.099      0.144      0.492
     6         3      0.289      0.317     -0.028      0.147      0.850
     6         4      0.289      0.317     -0.027      0.157      0.863
     6         5      0.289      0.315     -0.025      0.146      0.863
     7         1      0.324      0.046      0.278      0.253      0.272
     7         2      0.324      0.191      0.134      0.241      0.579
     7         3      0.324      0.317      0.007      0.034      0.835
     7         4      0.324      0.317      0.008      0.017      0.652
     7         5      0.324      0.315      0.010      0.045      0.830
     7         6      0.324      0.289      0.035      0.168      0.835
     8         1      0.322      0.046      0.276      0.248      0.265
     8         2      0.322      0.191      0.131      0.236      0.578
     8         3      0.322      0.317      0.005      0.026      0.863
     8         4      0.322      0.317      0.005      0.034      0.876
     8         5      0.322      0.315      0.007      0.037      0.850
     8         6      0.322      0.289      0.032      0.161      0.841
     8         7      0.322      0.324     -0.003      0.038      0.944
     9         1     -0.554      0.046     -0.600      0.398      0.131
     9         2     -0.554      0.191     -0.745      0.508      0.143
     9         3     -0.554      0.317     -0.872      0.591      0.140
     9         4     -0.554      0.317     -0.871      0.592      0.141
     9         5     -0.554      0.315     -0.869      0.590      0.140
     9         6     -0.554      0.289     -0.844      0.557      0.130
     9         7     -0.554      0.324     -0.879      0.599      0.142
     9         8     -0.554      0.322     -0.876      0.597      0.142
     10        1      0.340      0.046      0.294      0.322      0.362
     10        2      0.340      0.191      0.149      0.305      0.625
     10        3      0.340      0.317      0.023      0.184      0.903
     10        4      0.340      0.317      0.023      0.192      0.904
     10        5      0.340      0.315      0.025      0.189      0.895
     10        6      0.340      0.289      0.050      0.255      0.844
     10        7      0.340      0.324      0.015      0.185      0.934
     10        8      0.340      0.322      0.018      0.181      0.921
     10        9      0.340     -0.554      0.894      0.638      0.161
     11        1      0.322      0.046      0.276      0.241      0.253
     11        2      0.322      0.191      0.131      0.229      0.566
     11        3      0.322      0.317      0.005      0.010      0.624
     11        4      0.322      0.317      0.006      0.025      0.818
     11        5      0.322      0.315      0.008      0.027      0.784
     11        6      0.322      0.289      0.033      0.152      0.829
     11        7      0.322      0.324     -0.002      0.032      0.946
     11        8      0.322      0.322      0.000      0.024      0.985
     11        9      0.322     -0.554      0.877      0.594      0.140
     11        10      0.322      0.340     -0.018      0.176      0.921
     12        1      0.055      0.046      0.008      0.032      0.791
     12        2      0.055      0.191     -0.136      0.158      0.389
     12        3      0.055      0.317     -0.263      0.235      0.263
     12        4      0.055      0.317     -0.262      0.241      0.278
     12        5      0.055      0.315     -0.260      0.234      0.265
     12        6      0.055      0.289     -0.235      0.158      0.137
     12        7      0.055      0.324     -0.270      0.252      0.284
     12        8      0.055      0.322     -0.267      0.246      0.278
     12        9      0.055     -0.554      0.609      0.405      0.133
     12        10      0.055      0.340     -0.285      0.320      0.373
     12        11      0.055      0.322     -0.268      0.240      0.265
     13        1     -0.192      0.046     -0.238      0.205      0.246
     13        2     -0.192      0.191     -0.383      0.311      0.219
     13        3     -0.192      0.317     -0.509      0.392      0.194
     13        4     -0.192      0.317     -0.509      0.396      0.198
     13        5     -0.192      0.315     -0.507      0.391      0.195
     13        6     -0.192      0.289     -0.482      0.343      0.161
     13        7     -0.192      0.324     -0.517      0.404      0.201
     13        8     -0.192      0.322     -0.514      0.400      0.199
     13        9     -0.192     -0.554      0.362      0.277      0.191
     13        10     -0.192      0.340     -0.532      0.453      0.241
     13        11     -0.192      0.322     -0.514      0.396      0.194
     13        12     -0.192      0.055     -0.247      0.212      0.245
     14        1      0.234      0.046      0.188      0.124      0.128
     14        2      0.234      0.191      0.043      0.130      0.738
     14        3      0.234      0.317     -0.083      0.167      0.620
     14        4      0.234      0.317     -0.082      0.177      0.641
     14        5      0.234      0.315     -0.081      0.167      0.629
     14        6      0.234      0.289     -0.055      0.040      0.172
     14        7      0.234      0.324     -0.090      0.188      0.631
     14        8      0.234      0.322     -0.088      0.181      0.629
     14        9      0.234     -0.554      0.789      0.521      0.130
     14        10      0.234      0.340     -0.106      0.268      0.694
     14        11      0.234      0.322     -0.088      0.172      0.610
     14        12      0.234      0.055      0.180      0.122      0.142
     14        13      0.234     -0.192      0.426      0.310      0.169
     15        1      0.296      0.046      0.250      0.233      0.283
     15        2      0.296      0.191      0.105      0.221      0.633
     15        3      0.296      0.317     -0.021      0.136      0.878
     15        4      0.296      0.317     -0.020      0.146      0.889
     15        5      0.296      0.315     -0.018      0.135      0.891
     15        6      0.296      0.289      0.007      0.153      0.965
     15        7      0.296      0.324     -0.028      0.162      0.862
     15        8      0.296      0.322     -0.026      0.150      0.865
     15        9      0.296     -0.554      0.851      0.585      0.146
     15        10      0.296      0.340     -0.043      0.290      0.881
     15        11      0.296      0.322     -0.026      0.143      0.856
     15        12      0.296      0.055      0.242      0.231      0.296
     15        13      0.296     -0.192      0.488      0.385      0.204
     15        14      0.296      0.234      0.062      0.172      0.718
 Approximate Measurement Invariance Holds For Groups:
 1 2 3 4 5 6 7 8 9 10
 11 12 13 14 15
 Weighted Average Value Across Invariant Groups:       0.169
 R-square/Explained variance/Invariance index:       0.307

 Invariant Group Values, Difference to Average and Significance
 Group      Value Difference         SE    P-value
     1      0.046     -0.123      0.116      0.290
     2      0.191      0.022      0.150      0.884
     3      0.317      0.148      0.123      0.229
     4      0.317      0.148      0.130      0.257
     5      0.315      0.146      0.123      0.235
     6      0.289      0.121      0.108      0.264
     7      0.324      0.155      0.142      0.274
     8      0.322      0.153      0.136      0.259
     9     -0.554     -0.723      0.482      0.134
     10      0.340      0.171      0.240      0.477
     11      0.322      0.153      0.129      0.234
     12      0.055     -0.114      0.117      0.326
     13     -0.192     -0.361      0.280      0.197
     14      0.234      0.065      0.096      0.498
     15      0.296      0.127      0.146      0.385

 Loadings for GROSAGR
 Group     Group      Value      Value     Difference  SE       P-value
     2         1      0.576      0.573      0.003      0.010      0.722
     3         1     -0.013      0.573     -0.586      0.393      0.136
     3         2     -0.013      0.576     -0.589      0.395      0.136
     4         1      0.084      0.573     -0.489      1.186      0.680
     4         2      0.084      0.576     -0.492      1.186      0.678
     4         3      0.084     -0.013      0.097      1.149      0.933
     5         1     -0.061      0.573     -0.633      0.605      0.295
     5         2     -0.061      0.576     -0.637      0.607      0.294
     5         3     -0.061     -0.013     -0.047      0.448      0.916
     5         4     -0.061      0.084     -0.145      1.237      0.907
     6         1      0.576      0.573      0.003      0.027      0.903
     6         2      0.576      0.576      0.000      0.030      0.995
     6         3      0.576     -0.013      0.589      0.396      0.137
     6         4      0.576      0.084      0.492      1.183      0.677
     6         5      0.576     -0.061      0.637      0.606      0.294
     7         1      0.069      0.573     -0.504      0.778      0.517
     7         2      0.069      0.576     -0.507      0.778      0.514
     7         3      0.069     -0.013      0.082      0.712      0.908
     7         4      0.069      0.084     -0.015      1.320      0.991
     7         5      0.069     -0.061      0.130      0.839      0.877
     7         6      0.069      0.576     -0.507      0.777      0.514
     8         1      0.289      0.573     -0.283      0.553      0.609
     8         2      0.289      0.576     -0.287      0.555      0.605
     8         3      0.289     -0.013      0.303      0.565      0.592
     8         4      0.289      0.084      0.206      1.206      0.865
     8         5      0.289     -0.061      0.350      0.723      0.628
     8         6      0.289      0.576     -0.286      0.547      0.600
     8         7      0.289      0.069      0.221      0.855      0.796
     9         1      0.553      0.573     -0.020      0.028      0.477
     9         2      0.553      0.576     -0.023      0.032      0.460
     9         3      0.553     -0.013      0.566      0.382      0.139
     9         4      0.553      0.084      0.469      1.200      0.696
     9         5      0.553     -0.061      0.613      0.591      0.299
     9         6      0.553      0.576     -0.023      0.044      0.597
     9         7      0.553      0.069      0.484      0.785      0.538
     9         8      0.553      0.289      0.263      0.557      0.636
     10        1      0.549      0.573     -0.023      0.103      0.822
     10        2      0.549      0.576     -0.027      0.104      0.798
     10        3      0.549     -0.013      0.563      0.391      0.150
     10        4      0.549      0.084      0.466      1.174      0.692
     10        5      0.549     -0.061      0.610      0.597      0.306
     10        6      0.549      0.576     -0.026      0.106      0.802
     10        7      0.549      0.069      0.481      0.775      0.535
     10        8      0.549      0.289      0.260      0.559      0.642
     10        9      0.549      0.553     -0.003      0.096      0.972
     11        1      0.169      0.573     -0.403      0.279      0.148
     11        2      0.169      0.576     -0.407      0.281      0.148
     11        3      0.169     -0.013      0.183      0.170      0.283
     11        4      0.169      0.084      0.085      1.114      0.939
     11        5      0.169     -0.061      0.230      0.473      0.627
     11        6      0.169      0.576     -0.407      0.275      0.140
     11        7      0.169      0.069      0.100      0.692      0.885
     11        8      0.169      0.289     -0.120      0.495      0.808
     11        9      0.169      0.553     -0.384      0.274      0.162
     11        10      0.169      0.549     -0.380      0.294      0.196
     12        1      0.571      0.573     -0.001      0.002      0.440
     12        2      0.571      0.576     -0.005      0.010      0.642
     12        3      0.571     -0.013      0.585      0.392      0.136
     12        4      0.571      0.084      0.487      1.187      0.681
     12        5      0.571     -0.061      0.632      0.604      0.295
     12        6      0.571      0.576     -0.005      0.027      0.870
     12        7      0.571      0.069      0.503      0.778      0.518
     12        8      0.571      0.289      0.282      0.553      0.610
     12        9      0.571      0.553      0.019      0.026      0.480
     12        10      0.571      0.549      0.022      0.102      0.830
     12        11      0.571      0.169      0.402      0.278      0.148
     13        1      0.564      0.573     -0.008      0.011      0.445
     13        2      0.564      0.576     -0.012      0.016      0.463
     13        3      0.564     -0.013      0.578      0.388      0.137
     13        4      0.564      0.084      0.480      1.191      0.687
     13        5      0.564     -0.061      0.625      0.599      0.297
     13        6      0.564      0.576     -0.012      0.032      0.712
     13        7      0.564      0.069      0.495      0.780      0.525
     13        8      0.564      0.289      0.275      0.554      0.620
     13        9      0.564      0.553      0.012      0.018      0.515
     13        10      0.564      0.549      0.015      0.100      0.882
     13        11      0.564      0.169      0.395      0.276      0.152
     13        12      0.564      0.571     -0.007      0.009      0.452
     14        1      0.576      0.573      0.003      0.005      0.535
     14        2      0.576      0.576      0.000      0.009      0.991
     14        3      0.576     -0.013      0.589      0.395      0.136
     14        4      0.576      0.084      0.492      1.187      0.678
     14        5      0.576     -0.061      0.637      0.607      0.294
     14        6      0.576      0.576      0.000      0.031      0.998
     14        7      0.576      0.069      0.507      0.779      0.515
     14        8      0.576      0.289      0.287      0.555      0.606
     14        9      0.576      0.553      0.023      0.029      0.417
     14        10      0.576      0.549      0.027      0.102      0.795
     14        11      0.576      0.169      0.407      0.282      0.149
     14        12      0.576      0.571      0.005      0.005      0.405
     14        13      0.576      0.564      0.012      0.013      0.350
     15        1      0.571      0.573     -0.002      0.027      0.953
     15        2      0.571      0.576     -0.005      0.028      0.859
     15        3      0.571     -0.013      0.584      0.393      0.137
     15        4      0.571      0.084      0.487      1.181      0.680
     15        5      0.571     -0.061      0.632      0.601      0.293
     15        6      0.571      0.576     -0.005      0.046      0.917
     15        7      0.571      0.069      0.502      0.776      0.518
     15        8      0.571      0.289      0.282      0.550      0.608
     15        9      0.571      0.553      0.018      0.045      0.683
     15        10      0.571      0.549      0.022      0.122      0.859
     15        11      0.571      0.169      0.402      0.279      0.149
     15        12      0.571      0.571      0.000      0.027      0.991
     15        13      0.571      0.564      0.007      0.032      0.829
     15        14      0.571      0.576     -0.005      0.026      0.852
 Approximate Measurement Invariance Holds For Groups:
 1 2 3 4 5 6 7 8 9 10
 11 12 13 14 15
 Weighted Average Value Across Invariant Groups:       0.383
 R-square/Explained variance/Invariance index:       0.000

 Invariant Group Values, Difference to Average and Significance
 Group      Value Difference         SE    P-value
     1      0.573      0.190      0.192      0.322
     2      0.576      0.194      0.193      0.316
     3     -0.013     -0.396      0.309      0.200
     4      0.084     -0.299      1.026      0.771
     5     -0.061     -0.443      0.526      0.399
     6      0.576      0.193      0.190      0.309
     7      0.069     -0.314      0.718      0.662
     8      0.289     -0.093      0.492      0.850
     9      0.553      0.170      0.200      0.394
     10      0.549      0.167      0.199      0.403
     11      0.169     -0.213      0.190      0.262
     12      0.571      0.189      0.192      0.326
     13      0.564      0.182      0.194      0.349
     14      0.576      0.193      0.194      0.318
     15      0.571      0.189      0.188      0.315

 Average Invariance index:       0.169


TECHNICAL 1 OUTPUT


     PARAMETER SPECIFICATION FOR CHL


           NU
              SDLEFF        GROSAGR
              ________      ________
                    1             2


           LAMBDA
              SELF_DIR
              ________
 SDLEFF             3
 GROSAGR            4


           THETA
              SDLEFF        GROSAGR
              ________      ________
 SDLEFF             5
 GROSAGR            0             6


           ALPHA
              SELF_DIR
              ________
                    7


           BETA
              SELF_DIR
              ________
 SELF_DIR           0


           PSI
              SELF_DIR
              ________
 SELF_DIR           8


     PARAMETER SPECIFICATION FOR TAP


           NU
              SDLEFF        GROSAGR
              ________      ________
                    9            10


           LAMBDA
              SELF_DIR
              ________
 SDLEFF            11
 GROSAGR           12


           THETA
              SDLEFF        GROSAGR
              ________      ________
 SDLEFF            13
 GROSAGR            0            14


           ALPHA
              SELF_DIR
              ________
                   15


           BETA
              SELF_DIR
              ________
 SELF_DIR           0


           PSI
              SELF_DIR
              ________
 SELF_DIR          16


     PARAMETER SPECIFICATION FOR HRV


           NU
              SDLEFF        GROSAGR
              ________      ________
                   17            18


           LAMBDA
              SELF_DIR
              ________
 SDLEFF            19
 GROSAGR           20


           THETA
              SDLEFF        GROSAGR
              ________      ________
 SDLEFF            21
 GROSAGR            0            22


           ALPHA
              SELF_DIR
              ________
                   23


           BETA
              SELF_DIR
              ________
 SELF_DIR           0


           PSI
              SELF_DIR
              ________
 SELF_DIR          24


     PARAMETER SPECIFICATION FOR FIN


           NU
              SDLEFF        GROSAGR
              ________      ________
                   25            26


           LAMBDA
              SELF_DIR
              ________
 SDLEFF            27
 GROSAGR           28


           THETA
              SDLEFF        GROSAGR
              ________      ________
 SDLEFF            29
 GROSAGR            0            30


           ALPHA
              SELF_DIR
              ________
                   31


           BETA
              SELF_DIR
              ________
 SELF_DIR           0


           PSI
              SELF_DIR
              ________
 SELF_DIR          32


     PARAMETER SPECIFICATION FOR GRC


           NU
              SDLEFF        GROSAGR
              ________      ________
                   33            34


           LAMBDA
              SELF_DIR
              ________
 SDLEFF            35
 GROSAGR           36


           THETA
              SDLEFF        GROSAGR
              ________      ________
 SDLEFF            37
 GROSAGR            0            38


           ALPHA
              SELF_DIR
              ________
                   39


           BETA
              SELF_DIR
              ________
 SELF_DIR           0


           PSI
              SELF_DIR
              ________
 SELF_DIR          40


     PARAMETER SPECIFICATION FOR HKG


           NU
              SDLEFF        GROSAGR
              ________      ________
                   41            42


           LAMBDA
              SELF_DIR
              ________
 SDLEFF            43
 GROSAGR           44


           THETA
              SDLEFF        GROSAGR
              ________      ________
 SDLEFF            45
 GROSAGR            0            46


           ALPHA
              SELF_DIR
              ________
                   47


           BETA
              SELF_DIR
              ________
 SELF_DIR           0


           PSI
              SELF_DIR
              ________
 SELF_DIR          48


     PARAMETER SPECIFICATION FOR ISL


           NU
              SDLEFF        GROSAGR
              ________      ________
                   49            50


           LAMBDA
              SELF_DIR
              ________
 SDLEFF            51
 GROSAGR           52


           THETA
              SDLEFF        GROSAGR
              ________      ________
 SDLEFF            53
 GROSAGR            0            54


           ALPHA
              SELF_DIR
              ________
                   55


           BETA
              SELF_DIR
              ________
 SELF_DIR           0


           PSI
              SELF_DIR
              ________
 SELF_DIR          56


     PARAMETER SPECIFICATION FOR KOR


           NU
              SDLEFF        GROSAGR
              ________      ________
                   57            58


           LAMBDA
              SELF_DIR
              ________
 SDLEFF            59
 GROSAGR           60


           THETA
              SDLEFF        GROSAGR
              ________      ________
 SDLEFF            61
 GROSAGR            0            62


           ALPHA
              SELF_DIR
              ________
                   63


           BETA
              SELF_DIR
              ________
 SELF_DIR           0


           PSI
              SELF_DIR
              ________
 SELF_DIR          64


     PARAMETER SPECIFICATION FOR LTU


           NU
              SDLEFF        GROSAGR
              ________      ________
                   65            66


           LAMBDA
              SELF_DIR
              ________
 SDLEFF            67
 GROSAGR           68


           THETA
              SDLEFF        GROSAGR
              ________      ________
 SDLEFF            69
 GROSAGR            0            70


           ALPHA
              SELF_DIR
              ________
                   71


           BETA
              SELF_DIR
              ________
 SELF_DIR           0


           PSI
              SELF_DIR
              ________
 SELF_DIR          72


     PARAMETER SPECIFICATION FOR MLT


           NU
              SDLEFF        GROSAGR
              ________      ________
                   73            74


           LAMBDA
              SELF_DIR
              ________
 SDLEFF            75
 GROSAGR           76


           THETA
              SDLEFF        GROSAGR
              ________      ________
 SDLEFF            77
 GROSAGR            0            78


           ALPHA
              SELF_DIR
              ________
                   79


           BETA
              SELF_DIR
              ________
 SELF_DIR           0


           PSI
              SELF_DIR
              ________
 SELF_DIR          80


     PARAMETER SPECIFICATION FOR NZL


           NU
              SDLEFF        GROSAGR
              ________      ________
                   81            82


           LAMBDA
              SELF_DIR
              ________
 SDLEFF            83
 GROSAGR           84


           THETA
              SDLEFF        GROSAGR
              ________      ________
 SDLEFF            85
 GROSAGR            0            86


           ALPHA
              SELF_DIR
              ________
                   87


           BETA
              SELF_DIR
              ________
 SELF_DIR           0


           PSI
              SELF_DIR
              ________
 SELF_DIR          88


     PARAMETER SPECIFICATION FOR PRT


           NU
              SDLEFF        GROSAGR
              ________      ________
                   89            90


           LAMBDA
              SELF_DIR
              ________
 SDLEFF            91
 GROSAGR           92


           THETA
              SDLEFF        GROSAGR
              ________      ________
 SDLEFF            93
 GROSAGR            0            94


           ALPHA
              SELF_DIR
              ________
                   95


           BETA
              SELF_DIR
              ________
 SELF_DIR           0


           PSI
              SELF_DIR
              ________
 SELF_DIR          96


     PARAMETER SPECIFICATION FOR ROU


           NU
              SDLEFF        GROSAGR
              ________      ________
                   97            98


           LAMBDA
              SELF_DIR
              ________
 SDLEFF            99
 GROSAGR          100


           THETA
              SDLEFF        GROSAGR
              ________      ________
 SDLEFF           101
 GROSAGR            0           102


           ALPHA
              SELF_DIR
              ________
                  103


           BETA
              SELF_DIR
              ________
 SELF_DIR           0


           PSI
              SELF_DIR
              ________
 SELF_DIR         104


     PARAMETER SPECIFICATION FOR TUR


           NU
              SDLEFF        GROSAGR
              ________      ________
                  105           106


           LAMBDA
              SELF_DIR
              ________
 SDLEFF           107
 GROSAGR          108


           THETA
              SDLEFF        GROSAGR
              ________      ________
 SDLEFF           109
 GROSAGR            0           110


           ALPHA
              SELF_DIR
              ________
                  111


           BETA
              SELF_DIR
              ________
 SELF_DIR           0


           PSI
              SELF_DIR
              ________
 SELF_DIR         112


     PARAMETER SPECIFICATION FOR GBR


           NU
              SDLEFF        GROSAGR
              ________      ________
                  113           114


           LAMBDA
              SELF_DIR
              ________
 SDLEFF           115
 GROSAGR          116


           THETA
              SDLEFF        GROSAGR
              ________      ________
 SDLEFF           117
 GROSAGR            0           118


           ALPHA
              SELF_DIR
              ________
                  119


           BETA
              SELF_DIR
              ________
 SELF_DIR           0


           PSI
              SELF_DIR
              ________
 SELF_DIR         120


     STARTING VALUES FOR CHL


           NU
              SDLEFF        GROSAGR
              ________      ________
               -2.215        -2.059


           LAMBDA
              SELF_DIR
              ________
 SDLEFF         1.000
 GROSAGR        1.000


           THETA
              SDLEFF        GROSAGR
              ________      ________
 SDLEFF         0.512
 GROSAGR        0.000         0.514


           ALPHA
              SELF_DIR
              ________
                0.000


           BETA
              SELF_DIR
              ________
 SELF_DIR       0.000


           PSI
              SELF_DIR
              ________
 SELF_DIR       0.050


     STARTING VALUES FOR TAP


           NU
              SDLEFF        GROSAGR
              ________      ________
               -1.203        -1.045


           LAMBDA
              SELF_DIR
              ________
 SDLEFF         1.000
 GROSAGR        1.000


           THETA
              SDLEFF        GROSAGR
              ________      ________
 SDLEFF         0.512
 GROSAGR        0.000         0.514


           ALPHA
              SELF_DIR
              ________
                0.000


           BETA
              SELF_DIR
              ________
 SELF_DIR       0.000


           PSI
              SELF_DIR
              ________
 SELF_DIR       0.050


     STARTING VALUES FOR HRV


           NU
              SDLEFF        GROSAGR
              ________      ________
               -1.203        -1.045


           LAMBDA
              SELF_DIR
              ________
 SDLEFF         1.000
 GROSAGR        1.000


           THETA
              SDLEFF        GROSAGR
              ________      ________
 SDLEFF         0.512
 GROSAGR        0.000         0.514


           ALPHA
              SELF_DIR
              ________
                0.000


           BETA
              SELF_DIR
              ________
 SELF_DIR       0.000


           PSI
              SELF_DIR
              ________
 SELF_DIR       0.050


     STARTING VALUES FOR FIN


           NU
              SDLEFF        GROSAGR
              ________      ________
               -1.203        -1.045


           LAMBDA
              SELF_DIR
              ________
 SDLEFF         1.000
 GROSAGR        1.000


           THETA
              SDLEFF        GROSAGR
              ________      ________
 SDLEFF         0.512
 GROSAGR        0.000         0.514


           ALPHA
              SELF_DIR
              ________
                0.000


           BETA
              SELF_DIR
              ________
 SELF_DIR       0.000


           PSI
              SELF_DIR
              ________
 SELF_DIR       0.050


     STARTING VALUES FOR GRC


           NU
              SDLEFF        GROSAGR
              ________      ________
               -0.191        -0.032


           LAMBDA
              SELF_DIR
              ________
 SDLEFF         1.000
 GROSAGR        1.000


           THETA
              SDLEFF        GROSAGR
              ________      ________
 SDLEFF         0.512
 GROSAGR        0.000         0.514


           ALPHA
              SELF_DIR
              ________
                0.000


           BETA
              SELF_DIR
              ________
 SELF_DIR       0.000


           PSI
              SELF_DIR
              ________
 SELF_DIR       0.050


     STARTING VALUES FOR HKG


           NU
              SDLEFF        GROSAGR
              ________      ________
               -0.191        -0.032


           LAMBDA
              SELF_DIR
              ________
 SDLEFF         1.000
 GROSAGR        1.000


           THETA
              SDLEFF        GROSAGR
              ________      ________
 SDLEFF         0.512
 GROSAGR        0.000         0.514


           ALPHA
              SELF_DIR
              ________
                0.000


           BETA
              SELF_DIR
              ________
 SELF_DIR       0.000


           PSI
              SELF_DIR
              ________
 SELF_DIR       0.050


     STARTING VALUES FOR ISL


           NU
              SDLEFF        GROSAGR
              ________      ________
               -0.191        -0.032


           LAMBDA
              SELF_DIR
              ________
 SDLEFF         1.000
 GROSAGR        1.000


           THETA
              SDLEFF        GROSAGR
              ________      ________
 SDLEFF         0.512
 GROSAGR        0.000         0.514


           ALPHA
              SELF_DIR
              ________
                0.000


           BETA
              SELF_DIR
              ________
 SELF_DIR       0.000


           PSI
              SELF_DIR
              ________
 SELF_DIR       0.050


     STARTING VALUES FOR KOR


           NU
              SDLEFF        GROSAGR
              ________      ________
               -0.191        -0.032


           LAMBDA
              SELF_DIR
              ________
 SDLEFF         1.000
 GROSAGR        1.000


           THETA
              SDLEFF        GROSAGR
              ________      ________
 SDLEFF         0.512
 GROSAGR        0.000         0.514


           ALPHA
              SELF_DIR
              ________
                0.000


           BETA
              SELF_DIR
              ________
 SELF_DIR       0.000


           PSI
              SELF_DIR
              ________
 SELF_DIR       0.050


     STARTING VALUES FOR LTU


           NU
              SDLEFF        GROSAGR
              ________      ________
               -0.191        -0.032


           LAMBDA
              SELF_DIR
              ________
 SDLEFF         1.000
 GROSAGR        1.000


           THETA
              SDLEFF        GROSAGR
              ________      ________
 SDLEFF         0.512
 GROSAGR        0.000         0.514


           ALPHA
              SELF_DIR
              ________
                0.000


           BETA
              SELF_DIR
              ________
 SELF_DIR       0.000


           PSI
              SELF_DIR
              ________
 SELF_DIR       0.050


     STARTING VALUES FOR MLT


           NU
              SDLEFF        GROSAGR
              ________      ________
               -0.191        -0.032


           LAMBDA
              SELF_DIR
              ________
 SDLEFF         1.000
 GROSAGR        1.000


           THETA
              SDLEFF        GROSAGR
              ________      ________
 SDLEFF         0.512
 GROSAGR        0.000         0.514


           ALPHA
              SELF_DIR
              ________
                0.000


           BETA
              SELF_DIR
              ________
 SELF_DIR       0.000


           PSI
              SELF_DIR
              ________
 SELF_DIR       0.050


     STARTING VALUES FOR NZL


           NU
              SDLEFF        GROSAGR
              ________      ________
               -0.191        -0.032


           LAMBDA
              SELF_DIR
              ________
 SDLEFF         1.000
 GROSAGR        1.000


           THETA
              SDLEFF        GROSAGR
              ________      ________
 SDLEFF         0.512
 GROSAGR        0.000         0.514


           ALPHA
              SELF_DIR
              ________
                0.000


           BETA
              SELF_DIR
              ________
 SELF_DIR       0.000


           PSI
              SELF_DIR
              ________
 SELF_DIR       0.050


     STARTING VALUES FOR PRT


           NU
              SDLEFF        GROSAGR
              ________      ________
                0.821         0.982


           LAMBDA
              SELF_DIR
              ________
 SDLEFF         1.000
 GROSAGR        1.000


           THETA
              SDLEFF        GROSAGR
              ________      ________
 SDLEFF         0.512
 GROSAGR        0.000         0.514


           ALPHA
              SELF_DIR
              ________
                0.000


           BETA
              SELF_DIR
              ________
 SELF_DIR       0.000


           PSI
              SELF_DIR
              ________
 SELF_DIR       0.050


     STARTING VALUES FOR ROU


           NU
              SDLEFF        GROSAGR
              ________      ________
                0.821         0.982


           LAMBDA
              SELF_DIR
              ________
 SDLEFF         1.000
 GROSAGR        1.000


           THETA
              SDLEFF        GROSAGR
              ________      ________
 SDLEFF         0.512
 GROSAGR        0.000         0.514


           ALPHA
              SELF_DIR
              ________
                0.000


           BETA
              SELF_DIR
              ________
 SELF_DIR       0.000


           PSI
              SELF_DIR
              ________
 SELF_DIR       0.050


     STARTING VALUES FOR TUR


           NU
              SDLEFF        GROSAGR
              ________      ________
                0.821         0.982


           LAMBDA
              SELF_DIR
              ________
 SDLEFF         1.000
 GROSAGR        1.000


           THETA
              SDLEFF        GROSAGR
              ________      ________
 SDLEFF         0.512
 GROSAGR        0.000         0.514


           ALPHA
              SELF_DIR
              ________
                0.000


           BETA
              SELF_DIR
              ________
 SELF_DIR       0.000


           PSI
              SELF_DIR
              ________
 SELF_DIR       0.050


     STARTING VALUES FOR GBR


           NU
              SDLEFF        GROSAGR
              ________      ________
                1.833         1.995


           LAMBDA
              SELF_DIR
              ________
 SDLEFF         1.000
 GROSAGR        1.000


           THETA
              SDLEFF        GROSAGR
              ________      ________
 SDLEFF         0.512
 GROSAGR        0.000         0.514


           ALPHA
              SELF_DIR
              ________
                0.000


           BETA
              SELF_DIR
              ________
 SELF_DIR       0.000


           PSI
              SELF_DIR
              ________
 SELF_DIR       0.050


SAMPLE STATISTICS FOR ESTIMATED FACTOR SCORES


     SAMPLE STATISTICS


           Means
              SELF_DIR
              ________
                0.054


           Covariances
              SELF_DIR
              ________
 SELF_DIR       0.466


           Correlations
              SELF_DIR
              ________
 SELF_DIR       1.000


SAVEDATA INFORMATION


  Save file
    D:/essay/resilient_student/dataset/mplus_data/self_dir_lear_scores_imp2.dat

  Order of variables

    SDLEFF
    GROSAGR
    SELF_DIR_LEA
    CNTSTUID
    CNT


  Save file format           Free

  Save file record length    10000


DIAGRAM INFORMATION

  Use View Diagram under the Diagram menu in the Mplus Editor to view the diagram.
  If running Mplus from the Mplus Diagrammer, the diagram opens automatically.

  Diagram output
    d:\essay\resilient_student\dataset\mplus_data\alignment_imp2_self_dir_lear.dgm

     Beginning Time:  15:05:33
        Ending Time:  15:05:36
       Elapsed Time:  00:00:03



MUTHEN & MUTHEN
3463 Stoner Ave.
Los Angeles, CA  90066

Tel: (310) 391-9971
Fax: (310) 391-8971
Web: www.StatModel.com
Support: Support@StatModel.com

Copyright (c) 1998-2019 Muthen & Muthen
