Mplus VERSION 8.3
MUTHEN & MUTHEN
08/19/2025   3:21 PM

INPUT INSTRUCTIONS

  TITLE: Alignment for Home_Learning_Env (IMPUTATION 5 - FIXED);

  DATA:
    FILE IS "D:/essay/resilient_student/dataset/mplus_data/imputed_data_5.dat";
    FORMAT IS FREE;

  VARIABLE:
    NAMES ARE
      CNT
      CNTSTUID
      CNTSCHID
      W_FSTUWT
      ESCS
      PV1MATH
      PV2MATH
      PV3MATH
      PV4MATH
      PV5MATH
      PV6MATH
      PV7MATH
      PV8MATH
      PV9MATH
      PV10MATH
      ACADEMIC_RESILIENCE_PV1
      ACADEMIC_RESILIENCE_PV2
      ACADEMIC_RESILIENCE_PV3
      ACADEMIC_RESILIENCE_PV4
      ACADEMIC_RESILIENCE_PV5
      ACADEMIC_RESILIENCE_PV6
      ACADEMIC_RESILIENCE_PV7
      ACADEMIC_RESILIENCE_PV8
      ACADEMIC_RESILIENCE_PV9
      ACADEMIC_RESILIENCE_PV10
      W_FSTURWT1
      W_FSTURWT2
      W_FSTURWT3
      W_FSTURWT4
      W_FSTURWT5
      W_FSTURWT6
      W_FSTURWT7
      W_FSTURWT8
      W_FSTURWT9
      W_FSTURWT10
      W_FSTURWT11
      W_FSTURWT12
      W_FSTURWT13
      W_FSTURWT14
      W_FSTURWT15
      W_FSTURWT16
      W_FSTURWT17
      W_FSTURWT18
      W_FSTURWT19
      W_FSTURWT20
      W_FSTURWT21
      W_FSTURWT22
      W_FSTURWT23
      W_FSTURWT24
      W_FSTURWT25
      W_FSTURWT26
      W_FSTURWT27
      W_FSTURWT28
      W_FSTURWT29
      W_FSTURWT30
      W_FSTURWT31
      W_FSTURWT32
      W_FSTURWT33
      W_FSTURWT34
      W_FSTURWT35
      W_FSTURWT36
      W_FSTURWT37
      W_FSTURWT38
      W_FSTURWT39
      W_FSTURWT40
      W_FSTURWT41
      W_FSTURWT42
      W_FSTURWT43
      W_FSTURWT44
      W_FSTURWT45
      W_FSTURWT46
      W_FSTURWT47
      W_FSTURWT48
      W_FSTURWT49
      W_FSTURWT50
      W_FSTURWT51
      W_FSTURWT52
      W_FSTURWT53
      W_FSTURWT54
      W_FSTURWT55
      W_FSTURWT56
      W_FSTURWT57
      W_FSTURWT58
      W_FSTURWT59
      W_FSTURWT60
      W_FSTURWT61
      W_FSTURWT62
      W_FSTURWT63
      W_FSTURWT64
      W_FSTURWT65
      W_FSTURWT66
      W_FSTURWT67
      W_FSTURWT68
      W_FSTURWT69
      W_FSTURWT70
      W_FSTURWT71
      W_FSTURWT72
      W_FSTURWT73
      W_FSTURWT74
      W_FSTURWT75
      W_FSTURWT76
      W_FSTURWT77
      W_FSTURWT78
      W_FSTURWT79
      W_FSTURWT80
      ST004D01T
      ST268Q01JA
      ST268Q04JA
      ST268Q07JA
      AGE
      ISCEDP
      IMMIG
      REPEAT
      MISSSC
      SKIPPING
      TARDYSD
      EXERPRAC
      STUDYHMW
      WORKPAY
      WORKHOME
      EXPECEDU
      BSMJ
      SISCO
      RELATST
      BELONG
      BULLIED
      FEELSAFE
      SCHRISK
      PERSEVAGR
      CURIOAGR
      COOPAGR
      EMPATAGR
      ASSERAGR
      STRESAGR
      EMOCOAGR
      GROSAGR
      INFOSEEK
      FAMSUP
      DISCLIM
      TEACHSUP
      COGACRCO
      COGACMCO
      EXPOFA
      EXPO21ST
      MATHEFF
      MATHEF21
      ANXMAT
      MATHPERS
      CREATEFF
      CREATSCH
      CREATFAM
      CREATAS
      CREATOOS
      CREATOP
      OPENART
      IMAGINE
      SCHSUST
      LEARRES
      PROBSELF
      FAMSUPSL
      FEELLAH
      SDLEFF
      OCOD3_major_group;
    USEVARIABLES ARE
      FAMSUP CREATFAM FAMSUPSL CNT CNTSTUID;
    IDVARIABLE IS CNTSTUID;
    GROUPING IS CNT (
      1 = CHL
      2 = TAP
      3 = HRV
      4 = FIN
      5 = GRC
      6 = HKG
      7 = ISL
      8 = KOR
      9 = LTU
      10 = MLT
      11 = NZL
      12 = PRT
      13 = ROU
      14 = TUR
      15 = GBR
    );

  ANALYSIS:
    ESTIMATOR = MLR;
    PROCESSORS = 4;
    ALIGNMENT = FIXED;

  MODEL:
    Home_Learning_Env BY FAMSUP CREATFAM FAMSUPSL;

  SAVEDATA:
    FILE IS "D:/essay/resilient_student/dataset/mplus_data/home_learning_env_scores_imp5.dat
    SAVE = FSCORES;
    FORMAT IS FREE;

  OUTPUT:
    TECH11;
    ALIGNMENT;



*** WARNING
  Input line exceeded 90 characters. Some input may be truncated.
    FILE IS "D:/essay/resilient_student/dataset/mplus_data/home_learning_env_scores_imp5.dat"
*** WARNING in OUTPUT command
  TECH11 option is available only with TYPE=MIXTURE.
  Request for TECH11 is ignored.
   2 WARNING(S) FOUND IN THE INPUT INSTRUCTIONS



Alignment for Home_Learning_Env (IMPUTATION 5 - FIXED);

SUMMARY OF ANALYSIS

Number of groups                                                15
Number of observations
   Group CHL                                                  1209
   Group TAP                                                  1668
   Group HRV                                                  1528
   Group FIN                                                  2754
   Group GRC                                                  1529
   Group HKG                                                  1368
   Group ISL                                                   810
   Group KOR                                                  1568
   Group LTU                                                  1786
   Group MLT                                                   710
   Group NZL                                                  1104
   Group PRT                                                  1621
   Group ROU                                                  1593
   Group TUR                                                  1884
   Group GBR                                                  2863
   Total sample size                                         23995

Number of dependent variables                                    3
Number of independent variables                                  0
Number of continuous latent variables                            1

Observed dependent variables

  Continuous
   FAMSUP      CREATFAM    FAMSUPSL

Continuous latent variables
   HOME_LEA

Variables with special functions

  Grouping variable     CNT
  ID variable           CNTSTUID

Estimator                                                      MLR
Information matrix                                        OBSERVED
Optimization Specifications for the Quasi-Newton Algorithm for
Continuous Outcomes
  Maximum number of iterations                                 100
  Convergence criterion                                  0.100D-05
Optimization Specifications for the EM Algorithm
  Maximum number of iterations                                 500
  Convergence criteria
    Loglikelihood change                                 0.100D-06
    Relative loglikelihood change                        0.100D-06
    Derivative                                           0.100D-05
Optimization Specifications for the M step of the EM Algorithm for
Categorical Latent variables
  Number of M step iterations                                    1
  M step convergence criterion                           0.100D-05
  Basis for M step termination                           ITERATION
Optimization Specifications for the M step of the EM Algorithm for
Censored, Binary or Ordered Categorical (Ordinal), Unordered
Categorical (Nominal) and Count Outcomes
  Number of M step iterations                                    1
  M step convergence criterion                           0.100D-05
  Basis for M step termination                           ITERATION
  Maximum value for logit thresholds                            15
  Minimum value for logit thresholds                           -15
  Minimum expected cell size for chi-square              0.100D-01
Optimization algorithm                                         EMA
Specifications for Alignment Analysis
  Factor mean for reference group                            FIXED
  Simplicity function                                         SQRT
  Factor variance metric                           Reference group
  Reference group                                                1
  Tolerance value                                        0.100D-01
  Number of random starts                                       30
  Maximum number of iterations                                5000
  Convergence criteration                                0.100D-02

Input data file(s)
  D:/essay/resilient_student/dataset/mplus_data/imputed_data_5.dat
Input data format  FREE



UNIVARIATE SAMPLE STATISTICS


     UNIVARIATE HIGHER-ORDER MOMENT DESCRIPTIVE STATISTICS FOR CHL

         Variable/         Mean/     Skewness/   Minimum/ % with                Percentiles
        Sample Size      Variance    Kurtosis    Maximum  Min/Max      20%/60%    40%/80%    Median

     FAMSUP               -0.092       0.033      -3.005    0.08%      -0.881     -0.497     -0.191
            1209.000       1.240      -0.237       1.921    0.17%      -0.032      0.989
     CREATFAM             -0.136       0.509      -2.789    0.25%      -0.943     -0.420     -0.060
            1209.000       1.013       0.564       2.239    1.32%      -0.050      0.515
     FAMSUPSL              0.088      -0.088      -2.380    0.17%      -0.661     -0.007      0.071
            1209.000       1.012       0.274       2.424    0.08%       0.279      0.863


     UNIVARIATE HIGHER-ORDER MOMENT DESCRIPTIVE STATISTICS FOR TAP

         Variable/         Mean/     Skewness/   Minimum/ % with                Percentiles
        Sample Size      Variance    Kurtosis    Maximum  Min/Max      20%/60%    40%/80%    Median

     FAMSUP               -0.451       0.132      -2.951    0.06%      -1.189     -0.701     -0.494
            1668.000       1.082       0.343       1.957    0.06%      -0.223      0.121
     CREATFAM             -0.060       0.562      -2.789    0.24%      -0.773     -0.060     -0.054
            1668.000       0.989       1.113       2.239    1.44%      -0.037     -0.006
     FAMSUPSL             -0.657       0.444      -2.380    0.18%      -1.735     -1.009     -0.708
            1668.000       1.156      -0.143       2.424    0.12%      -0.359      0.112


     UNIVARIATE HIGHER-ORDER MOMENT DESCRIPTIVE STATISTICS FOR HRV

         Variable/         Mean/     Skewness/   Minimum/ % with                Percentiles
        Sample Size      Variance    Kurtosis    Maximum  Min/Max      20%/60%    40%/80%    Median

     FAMSUP                0.224      -0.107      -2.992    0.07%      -0.673     -0.136      0.041
            1528.000       1.143      -0.455       1.958    0.13%       0.329      1.577
     CREATFAM             -0.016       0.528      -2.789    0.26%      -0.788     -0.060     -0.050
            1528.000       0.971       0.770       2.239    1.57%      -0.037      0.529
     FAMSUPSL              0.009      -0.059      -2.380    0.20%      -0.870     -0.057      0.058
            1528.000       1.114       0.024       2.438    0.07%       0.195      0.848


     UNIVARIATE HIGHER-ORDER MOMENT DESCRIPTIVE STATISTICS FOR FIN

         Variable/         Mean/     Skewness/   Minimum/ % with                Percentiles
        Sample Size      Variance    Kurtosis    Maximum  Min/Max      20%/60%    40%/80%    Median

     FAMSUP               -0.116       0.049      -3.034    0.04%      -0.830     -0.485     -0.219
            2754.000       1.134       0.034       1.957    0.04%      -0.042      0.844
     CREATFAM             -0.100       0.602      -2.789    0.18%      -0.843     -0.060     -0.054
            2754.000       0.951       0.833       2.239    0.91%      -0.037      0.459
     FAMSUPSL              0.127       0.028      -2.380    0.04%      -0.748     -0.014      0.079
            2754.000       1.151      -0.101       2.424    0.36%       0.344      0.892


     UNIVARIATE HIGHER-ORDER MOMENT DESCRIPTIVE STATISTICS FOR GRC

         Variable/         Mean/     Skewness/   Minimum/ % with                Percentiles
        Sample Size      Variance    Kurtosis    Maximum  Min/Max      20%/60%    40%/80%    Median

     FAMSUP               -0.037       0.088      -3.034    0.07%      -0.831     -0.462     -0.192
            1529.000       1.172      -0.269       1.958    0.07%       0.021      1.018
     CREATFAM             -0.107       0.535      -2.789    0.13%      -0.870     -0.453     -0.054
            1529.000       0.942       0.534       2.239    0.65%      -0.037      0.560
     FAMSUPSL             -0.066      -0.158      -2.380    0.07%      -0.935     -0.126      0.038
            1529.000       1.046      -0.047       2.424    0.07%       0.188      0.749


     UNIVARIATE HIGHER-ORDER MOMENT DESCRIPTIVE STATISTICS FOR HKG

         Variable/         Mean/     Skewness/   Minimum/ % with                Percentiles
        Sample Size      Variance    Kurtosis    Maximum  Min/Max      20%/60%    40%/80%    Median

     FAMSUP               -0.481       0.251      -3.005    0.15%      -1.164     -0.736     -0.547
            1368.000       0.962       0.625       1.951    0.07%      -0.322      0.052
     CREATFAM             -0.119       0.711      -2.789    0.22%      -0.804     -0.060     -0.054
            1368.000       0.814       1.388       2.239    0.73%      -0.037     -0.006
     FAMSUPSL             -0.669       0.457      -2.380    0.37%      -1.689     -1.027     -0.725
            1368.000       1.123      -0.090       2.438    0.07%      -0.379      0.090


     UNIVARIATE HIGHER-ORDER MOMENT DESCRIPTIVE STATISTICS FOR ISL

         Variable/         Mean/     Skewness/   Minimum/ % with                Percentiles
        Sample Size      Variance    Kurtosis    Maximum  Min/Max      20%/60%    40%/80%    Median

     FAMSUP               -0.238       0.190      -2.935    0.12%      -0.942     -0.619     -0.380
             810.000       1.156       0.016       1.921    0.12%      -0.170      0.559
     CREATFAM             -0.037       0.542      -2.789    0.25%      -0.813     -0.060     -0.054
             810.000       0.990       0.725       2.239    1.36%      -0.037      0.513
     FAMSUPSL              0.224      -0.032      -2.380    0.12%      -0.587      0.035      0.099
             810.000       1.149       0.043       2.438    0.12%       0.401      0.895


     UNIVARIATE HIGHER-ORDER MOMENT DESCRIPTIVE STATISTICS FOR KOR

         Variable/         Mean/     Skewness/   Minimum/ % with                Percentiles
        Sample Size      Variance    Kurtosis    Maximum  Min/Max      20%/60%    40%/80%    Median

     FAMSUP               -0.185       0.173      -2.975    0.06%      -0.839     -0.474     -0.249
            1568.000       0.993       0.359       1.958    0.06%      -0.089      0.453
     CREATFAM             -0.358       0.330      -2.789    0.51%      -1.100     -0.568     -0.060
            1568.000       0.908       1.229       2.239    0.45%      -0.054     -0.006
     FAMSUPSL             -0.667       0.320      -2.380    0.13%      -1.756     -0.980     -0.677
            1568.000       1.196      -0.439       2.365    0.06%      -0.329      0.199


     UNIVARIATE HIGHER-ORDER MOMENT DESCRIPTIVE STATISTICS FOR LTU

         Variable/         Mean/     Skewness/   Minimum/ % with                Percentiles
        Sample Size      Variance    Kurtosis    Maximum  Min/Max      20%/60%    40%/80%    Median

     FAMSUP               -0.047      -0.041      -2.974    0.06%      -0.876     -0.442     -0.175
            1786.000       1.289      -0.260       1.958    0.06%       0.038      1.149
     CREATFAM             -0.195       0.435      -2.789    0.28%      -0.943     -0.489     -0.054
            1786.000       0.923       1.029       2.239    0.78%      -0.050      0.386
     FAMSUPSL              0.167      -0.095      -2.380    0.06%      -0.623      0.032      0.121
            1786.000       1.096       0.101       2.438    0.22%       0.395      0.886


     UNIVARIATE HIGHER-ORDER MOMENT DESCRIPTIVE STATISTICS FOR MLT

         Variable/         Mean/     Skewness/   Minimum/ % with                Percentiles
        Sample Size      Variance    Kurtosis    Maximum  Min/Max      20%/60%    40%/80%    Median

     FAMSUP                0.044       0.001      -2.887    0.14%      -0.825     -0.308     -0.091
             710.000       1.192      -0.395       1.958    0.14%       0.147      1.473
     CREATFAM             -0.109       0.491      -2.789    0.70%      -0.866     -0.390     -0.054
             710.000       0.972       0.762       2.239    2.11%      -0.050      0.529
     FAMSUPSL             -0.193      -0.007      -2.380    0.28%      -1.124     -0.357     -0.038
             710.000       1.113      -0.179       2.356    0.14%       0.073      0.689


     UNIVARIATE HIGHER-ORDER MOMENT DESCRIPTIVE STATISTICS FOR NZL

         Variable/         Mean/     Skewness/   Minimum/ % with                Percentiles
        Sample Size      Variance    Kurtosis    Maximum  Min/Max      20%/60%    40%/80%    Median

     FAMSUP               -0.169       0.143      -2.921    0.09%      -0.882     -0.499     -0.275
            1104.000       1.048       0.072       1.957    0.18%      -0.067      0.641
     CREATFAM             -0.236       0.679      -2.789    0.09%      -0.893     -0.492     -0.060
            1104.000       0.714       1.561       2.239    0.36%      -0.050     -0.006
     FAMSUPSL             -0.201       0.033      -2.380    0.18%      -1.027     -0.366     -0.073
            1104.000       1.058       0.078       2.438    0.27%       0.053      0.595


     UNIVARIATE HIGHER-ORDER MOMENT DESCRIPTIVE STATISTICS FOR PRT

         Variable/         Mean/     Skewness/   Minimum/ % with                Percentiles
        Sample Size      Variance    Kurtosis    Maximum  Min/Max      20%/60%    40%/80%    Median

     FAMSUP                0.292      -0.215      -2.992    0.06%      -0.623     -0.066      0.133
            1621.000       1.136      -0.404       1.940    0.19%       0.465      1.596
     CREATFAM             -0.057       0.567      -2.789    0.19%      -0.708     -0.060     -0.054
            1621.000       0.730       1.452       2.239    0.56%      -0.037      0.480
     FAMSUPSL              0.068       0.068      -2.380    0.19%      -0.795     -0.057      0.052
            1621.000       1.144       0.012       2.438    0.12%       0.206      0.876


     UNIVARIATE HIGHER-ORDER MOMENT DESCRIPTIVE STATISTICS FOR ROU

         Variable/         Mean/     Skewness/   Minimum/ % with                Percentiles
        Sample Size      Variance    Kurtosis    Maximum  Min/Max      20%/60%    40%/80%    Median

     FAMSUP                0.020      -0.048      -3.005    0.06%      -0.963     -0.418     -0.120
            1593.000       1.447      -0.668       1.958    0.13%       0.127      1.577
     CREATFAM             -0.221       0.369      -2.789    0.44%      -0.994     -0.520     -0.060
            1593.000       0.986       0.753       2.239    0.63%      -0.050      0.402
     FAMSUPSL              0.166      -0.062      -2.380    0.06%      -0.639      0.022      0.106
            1593.000       1.121       0.121       2.438    0.06%       0.391      0.881


     UNIVARIATE HIGHER-ORDER MOMENT DESCRIPTIVE STATISTICS FOR TUR

         Variable/         Mean/     Skewness/   Minimum/ % with                Percentiles
        Sample Size      Variance    Kurtosis    Maximum  Min/Max      20%/60%    40%/80%    Median

     FAMSUP               -0.381       0.082      -3.014    0.05%      -1.179     -0.703     -0.481
            1884.000       1.297      -0.104       1.940    0.16%      -0.195      0.495
     CREATFAM             -0.379       0.387      -2.789    0.27%      -1.161     -0.720     -0.462
            1884.000       1.040       0.740       2.239    0.48%      -0.054      0.073
     FAMSUPSL             -0.045      -0.214      -2.380    0.11%      -0.839     -0.076      0.034
            1884.000       1.059       0.088       2.438    0.05%       0.205      0.773


     UNIVARIATE HIGHER-ORDER MOMENT DESCRIPTIVE STATISTICS FOR GBR

         Variable/         Mean/     Skewness/   Minimum/ % with                Percentiles
        Sample Size      Variance    Kurtosis    Maximum  Min/Max      20%/60%    40%/80%    Median

     FAMSUP               -0.065       0.013      -2.951    0.03%      -0.815     -0.366     -0.142
            2863.000       1.057      -0.013       1.957    0.03%       0.050      0.825
     CREATFAM             -0.218       0.559      -2.789    0.24%      -0.972     -0.489     -0.060
            2863.000       0.859       1.179       2.239    0.98%      -0.050     -0.006
     FAMSUPSL             -0.154       0.105      -2.377    0.03%      -1.029     -0.349     -0.058
            2863.000       1.141      -0.104       2.438    0.07%       0.071      0.726


THE MODEL ESTIMATION TERMINATED NORMALLY



MODEL FIT INFORMATION

Number of Free Parameters                      135

Loglikelihood

          H0 Value                     -101693.420
          H0 Scaling Correction Factor      1.1239
            for MLR

Information Criteria

          Akaike (AIC)                  203656.840
          Bayesian (BIC)                204748.396
          Sample-Size Adjusted BIC      204319.370
            (n* = (n + 2) / 24)



MODEL RESULTS

                                                    Two-Tailed
                    Estimate       S.E.  Est./S.E.    P-Value

Group CHL

 HOME_LEA BY
    FAMSUP             0.658      0.067      9.868      0.000
    CREATFAM           0.415      0.047      8.801      0.000
    FAMSUPSL           0.446      0.049      9.131      0.000

 Means
    HOME_LEARN         0.000      0.000    999.000    999.000

 Intercepts
    FAMSUP            -0.092      0.032     -2.884      0.004
    CREATFAM          -0.136      0.029     -4.700      0.000
    FAMSUPSL           0.088      0.029      3.034      0.002

 Variances
    HOME_LEARN         1.000      0.000    999.000    999.000

 Residual Variances
    FAMSUP             0.807      0.088      9.177      0.000
    CREATFAM           0.841      0.051     16.415      0.000
    FAMSUPSL           0.813      0.051     16.057      0.000

Group TAP

 HOME_LEA BY
    FAMSUP             0.693      0.066     10.525      0.000
    CREATFAM           0.385      0.037     10.497      0.000
    FAMSUPSL           0.453      0.043     10.517      0.000

 Means
    HOME_LEARN        -0.612      0.093     -6.562      0.000

 Intercepts
    FAMSUP            -0.026      0.046     -0.565      0.572
    CREATFAM           0.176      0.050      3.535      0.000
    FAMSUPSL          -0.380      0.060     -6.337      0.000

 Variances
    HOME_LEARN         1.075      0.138      7.783      0.000

 Residual Variances
    FAMSUP             0.565      0.081      6.996      0.000
    CREATFAM           0.830      0.045     18.564      0.000
    FAMSUPSL           0.935      0.044     21.370      0.000

Group HRV

 HOME_LEA BY
    FAMSUP             0.747      0.083      9.000      0.000
    CREATFAM           0.386      0.042      9.169      0.000
    FAMSUPSL           0.336      0.048      6.972      0.000

 Means
    HOME_LEARN         0.323      0.074      4.341      0.000

 Intercepts
    FAMSUP            -0.017      0.053     -0.322      0.747
    CREATFAM          -0.141      0.029     -4.853      0.000
    FAMSUPSL          -0.100      0.036     -2.807      0.005

 Variances
    HOME_LEARN         1.156      0.173      6.687      0.000

 Residual Variances
    FAMSUP             0.499      0.118      4.223      0.000
    CREATFAM           0.798      0.048     16.781      0.000
    FAMSUPSL           0.983      0.044     22.182      0.000

Group FIN

 HOME_LEA BY
    FAMSUP             0.716      0.056     12.747      0.000
    CREATFAM           0.387      0.031     12.472      0.000
    FAMSUPSL           0.419      0.038     11.110      0.000

 Means
    HOME_LEARN         0.030      0.074      0.397      0.691

 Intercepts
    FAMSUP            -0.137      0.053     -2.615      0.009
    CREATFAM          -0.112      0.026     -4.326      0.000
    FAMSUPSL           0.115      0.033      3.476      0.001

 Variances
    HOME_LEARN         1.156      0.138      8.371      0.000

 Residual Variances
    FAMSUP             0.541      0.067      8.038      0.000
    CREATFAM           0.778      0.032     24.194      0.000
    FAMSUPSL           0.948      0.035     26.916      0.000

Group GRC

 HOME_LEA BY
    FAMSUP             0.689      0.049     14.119      0.000
    CREATFAM           0.430      0.045      9.525      0.000
    FAMSUPSL           0.377      0.045      8.401      0.000

 Means
    HOME_LEARN         0.040      0.071      0.560      0.576

 Intercepts
    FAMSUP            -0.064      0.046     -1.402      0.161
    CREATFAM          -0.124      0.027     -4.564      0.000
    FAMSUPSL          -0.081      0.033     -2.465      0.014

 Variances
    HOME_LEARN         1.204      0.165      7.299      0.000

 Residual Variances
    FAMSUP             0.600      0.080      7.540      0.000
    CREATFAM           0.719      0.044     16.439      0.000
    FAMSUPSL           0.875      0.038     22.864      0.000

Group HKG

 HOME_LEA BY
    FAMSUP             0.712      0.062     11.506      0.000
    CREATFAM           0.354      0.043      8.219      0.000
    FAMSUPSL           0.479      0.057      8.467      0.000

 Means
    HOME_LEARN        -0.647      0.091     -7.075      0.000

 Intercepts
    FAMSUP            -0.020      0.046     -0.444      0.657
    CREATFAM           0.110      0.051      2.180      0.029
    FAMSUPSL          -0.359      0.068     -5.298      0.000

 Variances
    HOME_LEARN         1.020      0.137      7.461      0.000

 Residual Variances
    FAMSUP             0.445      0.082      5.406      0.000
    CREATFAM           0.687      0.041     16.751      0.000
    FAMSUPSL           0.889      0.056     15.849      0.000

Group ISL

 HOME_LEA BY
    FAMSUP             0.716      0.102      7.004      0.000
    CREATFAM           0.372      0.054      6.854      0.000
    FAMSUPSL           0.454      0.068      6.672      0.000

 Means
    HOME_LEARN         0.233      0.102      2.294      0.022

 Intercepts
    FAMSUP            -0.405      0.073     -5.517      0.000
    CREATFAM          -0.123      0.028     -4.400      0.000
    FAMSUPSL           0.118      0.052      2.270      0.023

 Variances
    HOME_LEARN         0.956      0.148      6.441      0.000

 Residual Variances
    FAMSUP             0.666      0.124      5.383      0.000
    CREATFAM           0.858      0.059     14.481      0.000
    FAMSUPSL           0.951      0.071     13.346      0.000

Group KOR

 HOME_LEA BY
    FAMSUP             0.565      0.092      6.139      0.000
    CREATFAM           0.454      0.053      8.589      0.000
    FAMSUPSL           0.423      0.035     12.237      0.000

 Means
    HOME_LEARN        -0.441      0.096     -4.574      0.000

 Intercepts
    FAMSUP             0.064      0.048      1.327      0.185
    CREATFAM          -0.158      0.025     -6.219      0.000
    FAMSUPSL          -0.480      0.046    -10.398      0.000

 Variances
    HOME_LEARN         1.241      0.293      4.240      0.000

 Residual Variances
    FAMSUP             0.597      0.056     10.596      0.000
    CREATFAM           0.652      0.044     14.811      0.000
    FAMSUPSL           0.974      0.045     21.671      0.000

Group LTU

 HOME_LEA BY
    FAMSUP             0.751      0.082      9.161      0.000
    CREATFAM           0.385      0.040      9.707      0.000
    FAMSUPSL           0.324      0.044      7.408      0.000

 Means
    HOME_LEARN        -0.043      0.069     -0.619      0.536

 Intercepts
    FAMSUP            -0.015      0.047     -0.324      0.746
    CREATFAM          -0.179      0.027     -6.719      0.000
    FAMSUPSL           0.181      0.030      5.925      0.000

 Variances
    HOME_LEARN         1.197      0.178      6.714      0.000

 Residual Variances
    FAMSUP             0.614      0.118      5.200      0.000
    CREATFAM           0.745      0.045     16.389      0.000
    FAMSUPSL           0.971      0.040     24.431      0.000

Group MLT

 HOME_LEA BY
    FAMSUP             0.691      0.075      9.266      0.000
    CREATFAM           0.368      0.046      8.035      0.000
    FAMSUPSL           0.491      0.069      7.128      0.000

 Means
    HOME_LEARN         0.070      0.090      0.780      0.435

 Intercepts
    FAMSUP            -0.004      0.053     -0.078      0.938
    CREATFAM          -0.135      0.030     -4.551      0.000
    FAMSUPSL          -0.227      0.053     -4.269      0.000

 Variances
    HOME_LEARN         1.217      0.189      6.458      0.000

 Residual Variances
    FAMSUP             0.610      0.123      4.941      0.000
    CREATFAM           0.807      0.061     13.205      0.000
    FAMSUPSL           0.819      0.070     11.752      0.000

Group NZL

 HOME_LEA BY
    FAMSUP             0.723      0.074      9.765      0.000
    CREATFAM           0.226      0.046      4.918      0.000
    FAMSUPSL           0.458      0.071      6.459      0.000

 Means
    HOME_LEARN        -0.252      0.078     -3.239      0.001

 Intercepts
    FAMSUP             0.014      0.049      0.277      0.782
    CREATFAM          -0.179      0.031     -5.765      0.000
    FAMSUPSL          -0.086      0.042     -2.014      0.044

 Variances
    HOME_LEARN         1.107      0.172      6.449      0.000

 Residual Variances
    FAMSUP             0.470      0.136      3.468      0.001
    CREATFAM           0.657      0.042     15.799      0.000
    FAMSUPSL           0.826      0.070     11.769      0.000

Group PRT

 HOME_LEA BY
    FAMSUP             0.708      0.056     12.584      0.000
    CREATFAM           0.358      0.037      9.660      0.000
    FAMSUPSL           0.478      0.049      9.819      0.000

 Means
    HOME_LEARN         0.344      0.078      4.428      0.000

 Intercepts
    FAMSUP             0.048      0.058      0.828      0.408
    CREATFAM          -0.180      0.027     -6.755      0.000
    FAMSUPSL          -0.097      0.036     -2.700      0.007

 Variances
    HOME_LEARN         1.063      0.137      7.757      0.000

 Residual Variances
    FAMSUP             0.604      0.074      8.134      0.000
    CREATFAM           0.594      0.034     17.322      0.000
    FAMSUPSL           0.901      0.046     19.700      0.000

Group ROU

 HOME_LEA BY
    FAMSUP             0.794      0.120      6.625      0.000
    CREATFAM           0.367      0.030     12.434      0.000
    FAMSUPSL           0.350      0.047      7.518      0.000

 Means
    HOME_LEARN         0.010      0.069      0.148      0.882

 Intercepts
    FAMSUP             0.012      0.047      0.254      0.799
    CREATFAM          -0.225      0.033     -6.798      0.000
    FAMSUPSL           0.163      0.031      5.295      0.000

 Variances
    HOME_LEARN         1.195      0.230      5.201      0.000

 Residual Variances
    FAMSUP             0.693      0.143      4.856      0.000
    CREATFAM           0.825      0.048     17.237      0.000
    FAMSUPSL           0.974      0.044     21.954      0.000

Group TUR

 HOME_LEA BY
    FAMSUP             0.676      0.049     13.831      0.000
    CREATFAM           0.428      0.036     11.815      0.000
    FAMSUPSL           0.413      0.039     10.521      0.000

 Means
    HOME_LEARN        -0.505      0.073     -6.877      0.000

 Intercepts
    FAMSUP            -0.040      0.052     -0.771      0.440
    CREATFAM          -0.163      0.027     -6.108      0.000
    FAMSUPSL           0.164      0.034      4.834      0.000

 Variances
    HOME_LEARN         1.302      0.160      8.115      0.000

 Residual Variances
    FAMSUP             0.703      0.076      9.285      0.000
    CREATFAM           0.802      0.043     18.469      0.000
    FAMSUPSL           0.837      0.041     20.622      0.000

Group GBR

 HOME_LEA BY
    FAMSUP             0.667      0.047     14.173      0.000
    CREATFAM           0.363      0.029     12.533      0.000
    FAMSUPSL           0.552      0.061      9.025      0.000

 Means
    HOME_LEARN        -0.129      0.066     -1.955      0.051

 Intercepts
    FAMSUP             0.021      0.043      0.478      0.633
    CREATFAM          -0.172      0.025     -6.764      0.000
    FAMSUPSL          -0.083      0.036     -2.346      0.019

 Variances
    HOME_LEARN         0.970      0.140      6.945      0.000

 Residual Variances
    FAMSUP             0.625      0.052     12.008      0.000
    CREATFAM           0.731      0.029     25.436      0.000
    FAMSUPSL           0.845      0.043     19.673      0.000



APPROXIMATE MEASUREMENT INVARIANCE (NONINVARIANCE) FOR GROUPS

 Intercepts/Thresholds
   FAMSUP      1 2 3 4 5 6 (7) 8 9 10 11 12 13 14 15
   CREATFAM    1 (2) 3 4 5 (6) 7 8 9 10 11 12 13 14 15
   FAMSUPSL    (1) 2 (3) (4) (5) 6 (7) 8 (9) (10) (11) (12) (13) (14) (15)

 Loadings for HOME_LEA
   FAMSUP      1 2 3 4 5 6 7 8 9 10 11 12 13 14 15
   CREATFAM    1 2 3 4 5 6 7 8 9 10 (11) 12 13 14 15
   FAMSUPSL    1 2 3 4 5 6 7 8 9 10 11 12 13 14 15


FACTOR MEAN COMPARISON AT THE 5% SIGNIFICANCE LEVEL IN DESCENDING ORDER

 Results for Factor HOME_LEA

           Latent    Group      Factor
 Ranking    Class    Value       Mean     Groups With Significantly Smaller Factor Mean
     1        12        12       0.344    10 5 4 13 1 9 15 11 8 14
                                          2 6
     2         3         3       0.323    10 5 4 13 1 9 15 11 8 14
                                          2 6
     3         7         7       0.233    5 4 13 1 9 15 11 8 14 2
                                          6
     4        10        10       0.070    15 11 8 14 2 6
     5         5         5       0.040    15 11 8 14 2 6
     6         4         4       0.030    15 11 8 14 2 6
     7        13        13       0.010    15 11 8 14 2 6
     8         1         1       0.000    11 8 14 2 6
     9         9         9      -0.043    11 8 14 2 6
    10        15        15      -0.129    11 8 14 2 6
    11        11        11      -0.252    8 14 2 6
    12         8         8      -0.441    6
    13        14        14      -0.505    6
    14         2         2      -0.612
    15         6         6      -0.647




QUALITY OF NUMERICAL RESULTS

     Condition Number for the Information Matrix              0.595E-03
       (ratio of smallest to largest eigenvalue)


ALIGNMENT OUTPUT

INVARIANCE ANALYSIS

 Intercepts/Thresholds
 Intercept for FAMSUP
 Group     Group      Value      Value     Difference  SE       P-value
     2         1     -0.026     -0.092      0.066      0.048      0.164
     3         1     -0.017     -0.092      0.075      0.054      0.159
     3         2     -0.017     -0.026      0.009      0.025      0.714
     4         1     -0.137     -0.092     -0.045      0.052      0.383
     4         2     -0.137     -0.026     -0.111      0.052      0.032
     4         3     -0.137     -0.017     -0.120      0.057      0.035
     5         1     -0.064     -0.092      0.028      0.047      0.549
     5         2     -0.064     -0.026     -0.038      0.027      0.161
     5         3     -0.064     -0.017     -0.047      0.038      0.208
     5         4     -0.064     -0.137      0.073      0.049      0.135
     6         1     -0.020     -0.092      0.072      0.047      0.127
     6         2     -0.020     -0.026      0.006      0.011      0.607
     6         3     -0.020     -0.017     -0.003      0.025      0.892
     6         4     -0.020     -0.137      0.117      0.052      0.024
     6         5     -0.020     -0.064      0.044      0.027      0.106
     7         1     -0.405     -0.092     -0.313      0.074      0.000
     7         2     -0.405     -0.026     -0.379      0.074      0.000
     7         3     -0.405     -0.017     -0.388      0.078      0.000
     7         4     -0.405     -0.137     -0.268      0.067      0.000
     7         5     -0.405     -0.064     -0.341      0.073      0.000
     7         6     -0.405     -0.020     -0.385      0.074      0.000
     8         1      0.064     -0.092      0.156      0.053      0.003
     8         2      0.064     -0.026      0.090      0.042      0.030
     8         3      0.064     -0.017      0.081      0.048      0.092
     8         4      0.064     -0.137      0.201      0.058      0.001
     8         5      0.064     -0.064      0.129      0.045      0.004
     8         6      0.064     -0.020      0.084      0.041      0.040
     8         7      0.064     -0.405      0.469      0.078      0.000
     9         1     -0.015     -0.092      0.077      0.048      0.111
     9         2     -0.015     -0.026      0.011      0.018      0.547
     9         3     -0.015     -0.017      0.002      0.030      0.948
     9         4     -0.015     -0.137      0.122      0.051      0.017
     9         5     -0.015     -0.064      0.049      0.030      0.097
     9         6     -0.015     -0.020      0.005      0.018      0.770
     9         7     -0.015     -0.405      0.390      0.074      0.000
     9         8     -0.015      0.064     -0.079      0.042      0.060
     10        1     -0.004     -0.092      0.088      0.054      0.105
     10        2     -0.004     -0.026      0.022      0.029      0.443
     10        3     -0.004     -0.017      0.013      0.039      0.744
     10        4     -0.004     -0.137      0.133      0.058      0.021
     10        5     -0.004     -0.064      0.060      0.040      0.128
     10        6     -0.004     -0.020      0.016      0.028      0.565
     10        7     -0.004     -0.405      0.401      0.078      0.000
     10        8     -0.004      0.064     -0.068      0.049      0.160
     10        9     -0.004     -0.015      0.011      0.031      0.724
     11        1      0.014     -0.092      0.106      0.050      0.034
     11        2      0.014     -0.026      0.040      0.024      0.101
     11        3      0.014     -0.017      0.031      0.034      0.372
     11        4      0.014     -0.137      0.151      0.054      0.005
     11        5      0.014     -0.064      0.078      0.034      0.022
     11        6      0.014     -0.020      0.034      0.024      0.150
     11        7      0.014     -0.405      0.419      0.076      0.000
     11        8      0.014      0.064     -0.051      0.043      0.239
     11        9      0.014     -0.015      0.029      0.029      0.316
     11        10      0.014     -0.004      0.018      0.034      0.601
     12        1      0.048     -0.092      0.140      0.060      0.019
     12        2      0.048     -0.026      0.074      0.037      0.045
     12        3      0.048     -0.017      0.065      0.044      0.139
     12        4      0.048     -0.137      0.185      0.062      0.003
     12        5      0.048     -0.064      0.112      0.043      0.010
     12        6      0.048     -0.020      0.068      0.036      0.060
     12        7      0.048     -0.405      0.453      0.081      0.000
     12        8      0.048      0.064     -0.016      0.049      0.741
     12        9      0.048     -0.015      0.063      0.039      0.106
     12        10      0.048     -0.004      0.052      0.044      0.238
     12        11      0.048      0.014      0.034      0.040      0.392
     13        1      0.012     -0.092      0.104      0.049      0.033
     13        2      0.012     -0.026      0.038      0.016      0.019
     13        3      0.012     -0.017      0.029      0.027      0.286
     13        4      0.012     -0.137      0.149      0.052      0.004
     13        5      0.012     -0.064      0.076      0.029      0.009
     13        6      0.012     -0.020      0.032      0.015      0.036
     13        7      0.012     -0.405      0.417      0.074      0.000
     13        8      0.012      0.064     -0.052      0.040      0.189
     13        9      0.012     -0.015      0.027      0.020      0.185
     13        10      0.012     -0.004      0.016      0.029      0.578
     13        11      0.012      0.014     -0.002      0.024      0.946
     13        12      0.012      0.048     -0.036      0.035      0.297
     14        1     -0.040     -0.092      0.052      0.054      0.333
     14        2     -0.040     -0.026     -0.014      0.028      0.626
     14        3     -0.040     -0.017     -0.023      0.040      0.568
     14        4     -0.040     -0.137      0.097      0.056      0.081
     14        5     -0.040     -0.064      0.024      0.038      0.519
     14        6     -0.040     -0.020     -0.020      0.029      0.491
     14        7     -0.040     -0.405      0.365      0.077      0.000
     14        8     -0.040      0.064     -0.104      0.051      0.041
     14        9     -0.040     -0.015     -0.025      0.035      0.477
     14        10     -0.040     -0.004     -0.036      0.042      0.390
     14        11     -0.040      0.014     -0.054      0.038      0.164
     14        12     -0.040      0.048     -0.088      0.048      0.069
     14        13     -0.040      0.012     -0.052      0.034      0.123
     15        1      0.021     -0.092      0.113      0.046      0.014
     15        2      0.021     -0.026      0.047      0.022      0.031
     15        3      0.021     -0.017      0.038      0.032      0.239
     15        4      0.021     -0.137      0.158      0.051      0.002
     15        5      0.021     -0.064      0.085      0.030      0.004
     15        6      0.021     -0.020      0.041      0.021      0.050
     15        7      0.021     -0.405      0.426      0.073      0.000
     15        8      0.021      0.064     -0.043      0.040      0.273
     15        9      0.021     -0.015      0.036      0.025      0.151
     15        10      0.021     -0.004      0.025      0.033      0.448
     15        11      0.021      0.014      0.007      0.028      0.802
     15        12      0.021      0.048     -0.027      0.037      0.461
     15        13      0.021      0.012      0.009      0.020      0.670
     15        14      0.021     -0.040      0.061      0.037      0.099
 Approximate Measurement Invariance Holds For Groups:
 1 2 3 4 5 6 8 9 10 11
 12 13 14 15
 Weighted Average Value Across Invariant Groups:      -0.022
 R-square/Explained variance/Invariance index:       0.718

 Invariant Group Values, Difference to Average and Significance
 Group      Value Difference         SE    P-value
     1     -0.092     -0.070      0.041      0.086
     2     -0.026     -0.004      0.014      0.790
     3     -0.017      0.005      0.027      0.840
     4     -0.137     -0.115      0.042      0.007
     5     -0.064     -0.042      0.023      0.070
     6     -0.020      0.002      0.013      0.878
     8      0.064      0.087      0.035      0.015
     9     -0.015      0.007      0.018      0.685
     10     -0.004      0.018      0.029      0.531
     11      0.014      0.036      0.023      0.118
     12      0.048      0.070      0.034      0.038
     13      0.012      0.034      0.015      0.025
     14     -0.040     -0.018      0.029      0.549
     15      0.021      0.043      0.017      0.012

 Intercept for CREATFAM
 Group     Group      Value      Value     Difference  SE       P-value
     2         1      0.176     -0.136      0.312      0.049      0.000
     3         1     -0.141     -0.136     -0.005      0.026      0.862
     3         2     -0.141      0.176     -0.316      0.050      0.000
     4         1     -0.112     -0.136      0.024      0.023      0.301
     4         2     -0.112      0.176     -0.287      0.050      0.000
     4         3     -0.112     -0.141      0.029      0.024      0.225
     5         1     -0.124     -0.136      0.012      0.022      0.576
     5         2     -0.124      0.176     -0.299      0.048      0.000
     5         3     -0.124     -0.141      0.017      0.025      0.490
     5         4     -0.124     -0.112     -0.012      0.018      0.515
     6         1      0.110     -0.136      0.246      0.051      0.000
     6         2      0.110      0.176     -0.065      0.060      0.277
     6         3      0.110     -0.141      0.251      0.052      0.000
     6         4      0.110     -0.112      0.222      0.052      0.000
     6         5      0.110     -0.124      0.234      0.050      0.000
     7         1     -0.123     -0.136      0.013      0.025      0.616
     7         2     -0.123      0.176     -0.299      0.050      0.000
     7         3     -0.123     -0.141      0.017      0.024      0.470
     7         4     -0.123     -0.112     -0.012      0.021      0.590
     7         5     -0.123     -0.124      0.000      0.019      0.990
     7         6     -0.123      0.110     -0.234      0.052      0.000
     8         1     -0.158     -0.136     -0.022      0.022      0.312
     8         2     -0.158      0.176     -0.334      0.046      0.000
     8         3     -0.158     -0.141     -0.017      0.021      0.413
     8         4     -0.158     -0.112     -0.046      0.022      0.033
     8         5     -0.158     -0.124     -0.034      0.019      0.064
     8         6     -0.158      0.110     -0.268      0.048      0.000
     8         7     -0.158     -0.123     -0.035      0.021      0.105
     9         1     -0.179     -0.136     -0.043      0.026      0.103
     9         2     -0.179      0.176     -0.355      0.047      0.000
     9         3     -0.179     -0.141     -0.038      0.027      0.154
     9         4     -0.179     -0.112     -0.067      0.027      0.011
     9         5     -0.179     -0.124     -0.055      0.023      0.018
     9         6     -0.179      0.110     -0.289      0.049      0.000
     9         7     -0.179     -0.123     -0.056      0.026      0.036
     9         8     -0.179     -0.158     -0.021      0.017      0.210
     10        1     -0.135     -0.136      0.001      0.027      0.975
     10        2     -0.135      0.176     -0.311      0.051      0.000
     10        3     -0.135     -0.141      0.005      0.029      0.854
     10        4     -0.135     -0.112     -0.023      0.024      0.334
     10        5     -0.135     -0.124     -0.012      0.025      0.645
     10        6     -0.135      0.110     -0.245      0.052      0.000
     10        7     -0.135     -0.123     -0.012      0.025      0.632
     10        8     -0.135     -0.158      0.023      0.024      0.333
     10        9     -0.135     -0.179      0.044      0.028      0.121
     11        1     -0.179     -0.136     -0.043      0.035      0.218
     11        2     -0.179      0.176     -0.355      0.050      0.000
     11        3     -0.179     -0.141     -0.039      0.031      0.213
     11        4     -0.179     -0.112     -0.068      0.033      0.039
     11        5     -0.179     -0.124     -0.056      0.029      0.056
     11        6     -0.179      0.110     -0.290      0.052      0.000
     11        7     -0.179     -0.123     -0.056      0.033      0.088
     11        8     -0.179     -0.158     -0.021      0.024      0.366
     11        9     -0.179     -0.179      0.000      0.026      0.987
     11        10     -0.179     -0.135     -0.044      0.032      0.173
     12        1     -0.180     -0.136     -0.044      0.027      0.101
     12        2     -0.180      0.176     -0.356      0.048      0.000
     12        3     -0.180     -0.141     -0.040      0.027      0.144
     12        4     -0.180     -0.112     -0.068      0.027      0.012
     12        5     -0.180     -0.124     -0.057      0.025      0.022
     12        6     -0.180      0.110     -0.291      0.049      0.000
     12        7     -0.180     -0.123     -0.057      0.027      0.036
     12        8     -0.180     -0.158     -0.022      0.019      0.230
     12        9     -0.180     -0.179     -0.001      0.021      0.947
     12        10     -0.180     -0.135     -0.045      0.028      0.111
     12        11     -0.180     -0.179     -0.001      0.027      0.972
     13        1     -0.225     -0.136     -0.089      0.034      0.009
     13        2     -0.225      0.176     -0.401      0.051      0.000
     13        3     -0.225     -0.141     -0.084      0.034      0.013
     13        4     -0.225     -0.112     -0.113      0.034      0.001
     13        5     -0.225     -0.124     -0.101      0.031      0.001
     13        6     -0.225      0.110     -0.335      0.052      0.000
     13        7     -0.225     -0.123     -0.102      0.034      0.003
     13        8     -0.225     -0.158     -0.067      0.028      0.018
     13        9     -0.225     -0.179     -0.046      0.030      0.122
     13        10     -0.225     -0.135     -0.090      0.035      0.010
     13        11     -0.225     -0.179     -0.046      0.034      0.186
     13        12     -0.225     -0.180     -0.045      0.030      0.141
     14        1     -0.163     -0.136     -0.027      0.024      0.270
     14        2     -0.163      0.176     -0.339      0.048      0.000
     14        3     -0.163     -0.141     -0.022      0.026      0.394
     14        4     -0.163     -0.112     -0.051      0.025      0.044
     14        5     -0.163     -0.124     -0.039      0.024      0.094
     14        6     -0.163      0.110     -0.273      0.050      0.000
     14        7     -0.163     -0.123     -0.040      0.025      0.117
     14        8     -0.163     -0.158     -0.005      0.015      0.740
     14        9     -0.163     -0.179      0.016      0.022      0.469
     14        10     -0.163     -0.135     -0.028      0.028      0.314
     14        11     -0.163     -0.179      0.016      0.027      0.540
     14        12     -0.163     -0.180      0.017      0.021      0.418
     14        13     -0.163     -0.225      0.062      0.031      0.045
     15        1     -0.172     -0.136     -0.036      0.026      0.164
     15        2     -0.172      0.176     -0.347      0.046      0.000
     15        3     -0.172     -0.141     -0.031      0.025      0.212
     15        4     -0.172     -0.112     -0.060      0.025      0.018
     15        5     -0.172     -0.124     -0.048      0.022      0.031
     15        6     -0.172      0.110     -0.282      0.048      0.000
     15        7     -0.172     -0.123     -0.048      0.025      0.055
     15        8     -0.172     -0.158     -0.014      0.015      0.352
     15        9     -0.172     -0.179      0.007      0.019      0.695
     15        10     -0.172     -0.135     -0.036      0.026      0.167
     15        11     -0.172     -0.179      0.008      0.026      0.764
     15        12     -0.172     -0.180      0.009      0.020      0.669
     15        13     -0.172     -0.225      0.053      0.029      0.064
     15        14     -0.172     -0.163     -0.009      0.019      0.651
 Approximate Measurement Invariance Holds For Groups:
 1 3 4 5 7 8 9 10 11 12
 13 14 15
 Weighted Average Value Across Invariant Groups:      -0.157
 R-square/Explained variance/Invariance index:       0.000

 Invariant Group Values, Difference to Average and Significance
 Group      Value Difference         SE    P-value
     1     -0.136      0.021      0.019      0.274
     3     -0.141      0.016      0.019      0.388
     4     -0.112      0.045      0.017      0.008
     5     -0.124      0.033      0.015      0.023
     7     -0.123      0.033      0.018      0.067
     8     -0.158     -0.001      0.009      0.903
     9     -0.179     -0.022      0.015      0.148
     10     -0.135      0.022      0.021      0.303
     11     -0.179     -0.023      0.023      0.329
     12     -0.180     -0.024      0.016      0.152
     13     -0.225     -0.068      0.025      0.007
     14     -0.163     -0.006      0.015      0.675
     15     -0.172     -0.015      0.013      0.250

 Intercept for FAMSUPSL
 Group     Group      Value      Value     Difference  SE       P-value
     2         1     -0.380      0.088     -0.467      0.065      0.000
     3         1     -0.100      0.088     -0.188      0.044      0.000
     3         2     -0.100     -0.380      0.280      0.059      0.000
     4         1      0.115      0.088      0.027      0.037      0.466
     4         2      0.115     -0.380      0.495      0.062      0.000
     4         3      0.115     -0.100      0.215      0.040      0.000
     5         1     -0.081      0.088     -0.169      0.041      0.000
     5         2     -0.081     -0.380      0.299      0.056      0.000
     5         3     -0.081     -0.100      0.019      0.033      0.558
     5         4     -0.081      0.115     -0.196      0.038      0.000
     6         1     -0.359      0.088     -0.447      0.072      0.000
     6         2     -0.359     -0.380      0.020      0.070      0.769
     6         3     -0.359     -0.100     -0.259      0.066      0.000
     6         4     -0.359      0.115     -0.474      0.070      0.000
     6         5     -0.359     -0.081     -0.278      0.064      0.000
     7         1      0.118      0.088      0.030      0.055      0.585
     7         2      0.118     -0.380      0.497      0.073      0.000
     7         3      0.118     -0.100      0.218      0.056      0.000
     7         4      0.118      0.115      0.003      0.042      0.951
     7         5      0.118     -0.081      0.198      0.054      0.000
     7         6      0.118     -0.359      0.477      0.080      0.000
     8         1     -0.480      0.088     -0.568      0.052      0.000
     8         2     -0.480     -0.380     -0.101      0.066      0.126
     8         3     -0.480     -0.100     -0.380      0.047      0.000
     8         4     -0.480      0.115     -0.595      0.049      0.000
     8         5     -0.480     -0.081     -0.400      0.044      0.000
     8         6     -0.480     -0.359     -0.121      0.073      0.096
     8         7     -0.480      0.118     -0.598      0.063      0.000
     9         1      0.181      0.088      0.093      0.040      0.020
     9         2      0.181     -0.380      0.560      0.057      0.000
     9         3      0.181     -0.100      0.281      0.036      0.000
     9         4      0.181      0.115      0.066      0.038      0.083
     9         5      0.181     -0.081      0.261      0.032      0.000
     9         6      0.181     -0.359      0.540      0.065      0.000
     9         7      0.181      0.118      0.063      0.055      0.248
     9         8      0.181     -0.480      0.661      0.046      0.000
     10        1     -0.227      0.088     -0.315      0.058      0.000
     10        2     -0.227     -0.380      0.153      0.067      0.022
     10        3     -0.227     -0.100     -0.127      0.052      0.014
     10        4     -0.227      0.115     -0.342      0.054      0.000
     10        5     -0.227     -0.081     -0.146      0.049      0.003
     10        6     -0.227     -0.359      0.132      0.073      0.072
     10        7     -0.227      0.118     -0.345      0.067      0.000
     10        8     -0.227     -0.480      0.253      0.059      0.000
     10        9     -0.227      0.181     -0.408      0.050      0.000
     11        1     -0.086      0.088     -0.173      0.049      0.000
     11        2     -0.086     -0.380      0.294      0.059      0.000
     11        3     -0.086     -0.100      0.015      0.038      0.698
     11        4     -0.086      0.115     -0.200      0.044      0.000
     11        5     -0.086     -0.081     -0.005      0.033      0.886
     11        6     -0.086     -0.359      0.274      0.067      0.000
     11        7     -0.086      0.118     -0.203      0.059      0.001
     11        8     -0.086     -0.480      0.395      0.049      0.000
     11        9     -0.086      0.181     -0.266      0.040      0.000
     11        10     -0.086     -0.227      0.142      0.052      0.007
     12        1     -0.097      0.088     -0.185      0.043      0.000
     12        2     -0.097     -0.380      0.283      0.056      0.000
     12        3     -0.097     -0.100      0.003      0.032      0.914
     12        4     -0.097      0.115     -0.212      0.039      0.000
     12        5     -0.097     -0.081     -0.016      0.028      0.561
     12        6     -0.097     -0.359      0.262      0.064      0.000
     12        7     -0.097      0.118     -0.214      0.056      0.000
     12        8     -0.097     -0.480      0.384      0.045      0.000
     12        9     -0.097      0.181     -0.277      0.035      0.000
     12        10     -0.097     -0.227      0.130      0.049      0.008
     12        11     -0.097     -0.086     -0.011      0.034      0.743
     13        1      0.163      0.088      0.075      0.040      0.063
     13        2      0.163     -0.380      0.542      0.057      0.000
     13        3      0.163     -0.100      0.263      0.036      0.000
     13        4      0.163      0.115      0.048      0.037      0.199
     13        5      0.163     -0.081      0.243      0.032      0.000
     13        6      0.163     -0.359      0.522      0.065      0.000
     13        7      0.163      0.118      0.045      0.054      0.405
     13        8      0.163     -0.480      0.643      0.046      0.000
     13        9      0.163      0.181     -0.018      0.032      0.572
     13        10      0.163     -0.227      0.390      0.050      0.000
     13        11      0.163     -0.086      0.248      0.040      0.000
     13        12      0.163     -0.097      0.259      0.034      0.000
     14        1      0.164      0.088      0.076      0.042      0.070
     14        2      0.164     -0.380      0.544      0.059      0.000
     14        3      0.164     -0.100      0.264      0.038      0.000
     14        4      0.164      0.115      0.049      0.038      0.201
     14        5      0.164     -0.081      0.245      0.035      0.000
     14        6      0.164     -0.359      0.523      0.067      0.000
     14        7      0.164      0.118      0.046      0.055      0.398
     14        8      0.164     -0.480      0.644      0.048      0.000
     14        9      0.164      0.181     -0.017      0.035      0.635
     14        10      0.164     -0.227      0.391      0.052      0.000
     14        11      0.164     -0.086      0.250      0.042      0.000
     14        12      0.164     -0.097      0.261      0.037      0.000
     14        13      0.164      0.163      0.002      0.034      0.964
     15        1     -0.083      0.088     -0.171      0.043      0.000
     15        2     -0.083     -0.380      0.296      0.054      0.000
     15        3     -0.083     -0.100      0.017      0.029      0.566
     15        4     -0.083      0.115     -0.198      0.037      0.000
     15        5     -0.083     -0.081     -0.003      0.024      0.910
     15        6     -0.083     -0.359      0.276      0.062      0.000
     15        7     -0.083      0.118     -0.201      0.054      0.000
     15        8     -0.083     -0.480      0.397      0.043      0.000
     15        9     -0.083      0.181     -0.264      0.032      0.000
     15        10     -0.083     -0.227      0.144      0.046      0.002
     15        11     -0.083     -0.086      0.002      0.030      0.945
     15        12     -0.083     -0.097      0.013      0.026      0.606
     15        13     -0.083      0.163     -0.246      0.032      0.000
     15        14     -0.083      0.164     -0.247      0.035      0.000
 Approximate Measurement Invariance Holds For Groups:
 2 6 8
 Weighted Average Value Across Invariant Groups:      -0.408
 R-square/Explained variance/Invariance index:       0.499

 Invariant Group Values, Difference to Average and Significance
 Group      Value Difference         SE    P-value
     2     -0.380      0.028      0.036      0.438
     6     -0.359      0.049      0.044      0.273
     8     -0.480     -0.072      0.039      0.066



 Loadings
 Loadings for FAMSUP
 Group     Group      Value      Value     Difference  SE       P-value
     2         1      0.693      0.658      0.036      0.091      0.696
     3         1      0.747      0.658      0.089      0.104      0.394
     3         2      0.747      0.693      0.053      0.093      0.567
     4         1      0.716      0.658      0.058      0.085      0.491
     4         2      0.716      0.693      0.023      0.069      0.742
     4         3      0.716      0.747     -0.031      0.082      0.709
     5         1      0.689      0.658      0.032      0.079      0.688
     5         2      0.689      0.693     -0.004      0.059      0.945
     5         3      0.689      0.747     -0.057      0.076      0.454
     5         4      0.689      0.716     -0.027      0.049      0.584
     6         1      0.712      0.658      0.054      0.087      0.534
     6         2      0.712      0.693      0.019      0.073      0.798
     6         3      0.712      0.747     -0.034      0.084      0.683
     6         4      0.712      0.716     -0.004      0.060      0.948
     6         5      0.712      0.689      0.023      0.054      0.673
     7         1      0.716      0.658      0.058      0.120      0.628
     7         2      0.716      0.693      0.023      0.110      0.837
     7         3      0.716      0.747     -0.031      0.116      0.792
     7         4      0.716      0.716      0.000      0.100      1.000
     7         5      0.716      0.689      0.027      0.094      0.776
     7         6      0.716      0.712      0.004      0.105      0.971
     8         1      0.565      0.658     -0.092      0.115      0.422
     8         2      0.565      0.693     -0.128      0.108      0.236
     8         3      0.565      0.747     -0.181      0.119      0.127
     8         4      0.565      0.716     -0.151      0.104      0.146
     8         5      0.565      0.689     -0.124      0.098      0.207
     8         6      0.565      0.712     -0.147      0.106      0.164
     8         7      0.565      0.716     -0.151      0.133      0.258
     9         1      0.751      0.658      0.093      0.103      0.368
     9         2      0.751      0.693      0.057      0.092      0.534
     9         3      0.751      0.747      0.004      0.098      0.966
     9         4      0.751      0.716      0.035      0.081      0.667
     9         5      0.751      0.689      0.061      0.075      0.414
     9         6      0.751      0.712      0.039      0.083      0.644
     9         7      0.751      0.716      0.035      0.116      0.764
     9         8      0.751      0.565      0.185      0.118      0.117
     10        1      0.691      0.658      0.034      0.096      0.726
     10        2      0.691      0.693     -0.002      0.086      0.982
     10        3      0.691      0.747     -0.055      0.100      0.581
     10        4      0.691      0.716     -0.025      0.077      0.751
     10        5      0.691      0.689      0.002      0.069      0.977
     10        6      0.691      0.712     -0.021      0.087      0.812
     10        7      0.691      0.716     -0.025      0.116      0.832
     10        8      0.691      0.565      0.126      0.114      0.270
     10        9      0.691      0.751     -0.059      0.099      0.551
     11        1      0.723      0.658      0.065      0.098      0.506
     11        2      0.723      0.693      0.029      0.082      0.721
     11        3      0.723      0.747     -0.024      0.085      0.781
     11        4      0.723      0.716      0.007      0.067      0.920
     11        5      0.723      0.689      0.033      0.063      0.597
     11        6      0.723      0.712      0.011      0.076      0.889
     11        7      0.723      0.716      0.007      0.110      0.951
     11        8      0.723      0.565      0.157      0.113      0.164
     11        9      0.723      0.751     -0.028      0.085      0.741
     11        10      0.723      0.691      0.031      0.089      0.723
     12        1      0.708      0.658      0.050      0.083      0.549
     12        2      0.708      0.693      0.014      0.069      0.835
     12        3      0.708      0.747     -0.039      0.082      0.634
     12        4      0.708      0.716     -0.008      0.055      0.881
     12        5      0.708      0.689      0.018      0.049      0.706
     12        6      0.708      0.712     -0.004      0.070      0.949
     12        7      0.708      0.716     -0.008      0.103      0.935
     12        8      0.708      0.565      0.142      0.103      0.166
     12        9      0.708      0.751     -0.043      0.081      0.595
     12        10      0.708      0.691      0.016      0.083      0.844
     12        11      0.708      0.723     -0.015      0.072      0.835
     13        1      0.794      0.658      0.136      0.135      0.312
     13        2      0.794      0.693      0.101      0.126      0.425
     13        3      0.794      0.747      0.048      0.129      0.713
     13        4      0.794      0.716      0.078      0.118      0.508
     13        5      0.794      0.689      0.105      0.116      0.367
     13        6      0.794      0.712      0.082      0.124      0.507
     13        7      0.794      0.716      0.078      0.148      0.597
     13        8      0.794      0.565      0.229      0.148      0.122
     13        9      0.794      0.751      0.043      0.127      0.732
     13        10      0.794      0.691      0.103      0.134      0.445
     13        11      0.794      0.723      0.071      0.123      0.561
     13        12      0.794      0.708      0.086      0.121      0.476
     14        1      0.676      0.658      0.018      0.079      0.820
     14        2      0.676      0.693     -0.018      0.062      0.776
     14        3      0.676      0.747     -0.071      0.079      0.372
     14        4      0.676      0.716     -0.040      0.055      0.466
     14        5      0.676      0.689     -0.014      0.050      0.787
     14        6      0.676      0.712     -0.036      0.057      0.527
     14        7      0.676      0.716     -0.040      0.097      0.680
     14        8      0.676      0.565      0.111      0.098      0.258
     14        9      0.676      0.751     -0.075      0.078      0.338
     14        10      0.676      0.691     -0.016      0.071      0.827
     14        11      0.676      0.723     -0.047      0.068      0.490
     14        12      0.676      0.708     -0.032      0.052      0.540
     14        13      0.676      0.794     -0.118      0.118      0.314
     15        1      0.667      0.658      0.010      0.074      0.896
     15        2      0.667      0.693     -0.026      0.063      0.681
     15        3      0.667      0.747     -0.079      0.081      0.332
     15        4      0.667      0.716     -0.049      0.053      0.356
     15        5      0.667      0.689     -0.022      0.043      0.606
     15        6      0.667      0.712     -0.045      0.063      0.477
     15        7      0.667      0.716     -0.049      0.101      0.631
     15        8      0.667      0.565      0.102      0.101      0.310
     15        9      0.667      0.751     -0.083      0.081      0.301
     15        10      0.667      0.691     -0.024      0.077      0.754
     15        11      0.667      0.723     -0.055      0.067      0.411
     15        12      0.667      0.708     -0.040      0.057      0.479
     15        13      0.667      0.794     -0.127      0.120      0.292
     15        14      0.667      0.676     -0.008      0.044      0.850
 Approximate Measurement Invariance Holds For Groups:
 1 2 3 4 5 6 7 8 9 10
 11 12 13 14 15
 Weighted Average Value Across Invariant Groups:       0.700
 R-square/Explained variance/Invariance index:       0.248

 Invariant Group Values, Difference to Average and Significance
 Group      Value Difference         SE    P-value
     1      0.658     -0.042      0.071      0.554
     2      0.693     -0.006      0.054      0.909
     3      0.747      0.047      0.068      0.490
     4      0.716      0.016      0.038      0.666
     5      0.689     -0.010      0.030      0.733
     6      0.712      0.013      0.049      0.796
     7      0.716      0.017      0.091      0.857
     8      0.565     -0.134      0.089      0.133
     9      0.751      0.051      0.066      0.439
     10      0.691     -0.008      0.068      0.905
     11      0.723      0.023      0.056      0.679
     12      0.708      0.008      0.043      0.848
     13      0.794      0.095      0.106      0.371
     14      0.676     -0.024      0.034      0.485
     15      0.667     -0.032      0.035      0.358

 Loadings for CREATFAM
 Group     Group      Value      Value     Difference  SE       P-value
     2         1      0.385      0.415     -0.030      0.051      0.551
     3         1      0.386      0.415     -0.029      0.054      0.595
     3         2      0.386      0.385      0.002      0.045      0.969
     4         1      0.387      0.415     -0.028      0.046      0.542
     4         2      0.387      0.385      0.002      0.037      0.954
     4         3      0.387      0.386      0.000      0.042      0.992
     5         1      0.430      0.415      0.015      0.055      0.784
     5         2      0.430      0.385      0.045      0.054      0.401
     5         3      0.430      0.386      0.044      0.057      0.442
     5         4      0.430      0.387      0.043      0.049      0.379
     6         1      0.354      0.415     -0.061      0.057      0.281
     6         2      0.354      0.385     -0.031      0.049      0.528
     6         3      0.354      0.386     -0.032      0.053      0.542
     6         4      0.354      0.387     -0.033      0.046      0.475
     6         5      0.354      0.430     -0.076      0.059      0.199
     7         1      0.372      0.415     -0.043      0.065      0.504
     7         2      0.372      0.385     -0.013      0.058      0.820
     7         3      0.372      0.386     -0.015      0.061      0.808
     7         4      0.372      0.387     -0.015      0.055      0.783
     7         5      0.372      0.430     -0.058      0.068      0.389
     7         6      0.372      0.354      0.018      0.062      0.777
     8         1      0.454      0.415      0.039      0.060      0.521
     8         2      0.454      0.385      0.069      0.060      0.248
     8         3      0.454      0.386      0.067      0.065      0.296
     8         4      0.454      0.387      0.067      0.055      0.225
     8         5      0.454      0.430      0.024      0.056      0.672
     8         6      0.454      0.354      0.100      0.066      0.130
     8         7      0.454      0.372      0.082      0.073      0.261
     9         1      0.385      0.415     -0.030      0.052      0.563
     9         2      0.385      0.385      0.000      0.043      0.994
     9         3      0.385      0.386     -0.001      0.049      0.977
     9         4      0.385      0.387     -0.002      0.040      0.964
     9         5      0.385      0.430     -0.045      0.055      0.414
     9         6      0.385      0.354      0.031      0.051      0.543
     9         7      0.385      0.372      0.013      0.059      0.820
     9         8      0.385      0.454     -0.069      0.063      0.275
     10        1      0.368      0.415     -0.047      0.058      0.420
     10        2      0.368      0.385     -0.017      0.050      0.738
     10        3      0.368      0.386     -0.018      0.053      0.727
     10        4      0.368      0.387     -0.019      0.047      0.686
     10        5      0.368      0.430     -0.062      0.061      0.310
     10        6      0.368      0.354      0.014      0.054      0.795
     10        7      0.368      0.372     -0.004      0.063      0.953
     10        8      0.368      0.454     -0.086      0.067      0.202
     10        9      0.368      0.385     -0.017      0.051      0.736
     11        1      0.226      0.415     -0.189      0.061      0.002
     11        2      0.226      0.385     -0.159      0.056      0.004
     11        3      0.226      0.386     -0.160      0.062      0.009
     11        4      0.226      0.387     -0.161      0.054      0.003
     11        5      0.226      0.430     -0.204      0.064      0.001
     11        6      0.226      0.354     -0.128      0.060      0.034
     11        7      0.226      0.372     -0.146      0.069      0.035
     11        8      0.226      0.454     -0.228      0.067      0.001
     11        9      0.226      0.385     -0.159      0.060      0.008
     11        10      0.226      0.368     -0.142      0.062      0.023
     12        1      0.358      0.415     -0.057      0.052      0.277
     12        2      0.358      0.385     -0.026      0.043      0.545
     12        3      0.358      0.386     -0.028      0.048      0.560
     12        4      0.358      0.387     -0.028      0.040      0.478
     12        5      0.358      0.430     -0.072      0.055      0.192
     12        6      0.358      0.354      0.004      0.047      0.924
     12        7      0.358      0.372     -0.013      0.058      0.820
     12        8      0.358      0.454     -0.095      0.062      0.123
     12        9      0.358      0.385     -0.027      0.046      0.560
     12        10      0.358      0.368     -0.010      0.049      0.847
     12        11      0.358      0.226      0.132      0.056      0.019
     13        1      0.367      0.415     -0.048      0.046      0.295
     13        2      0.367      0.385     -0.017      0.034      0.604
     13        3      0.367      0.386     -0.019      0.040      0.635
     13        4      0.367      0.387     -0.020      0.030      0.514
     13        5      0.367      0.430     -0.063      0.048      0.195
     13        6      0.367      0.354      0.013      0.040      0.739
     13        7      0.367      0.372     -0.004      0.050      0.931
     13        8      0.367      0.454     -0.087      0.057      0.132
     13        9      0.367      0.385     -0.018      0.038      0.644
     13        10      0.367      0.368     -0.001      0.041      0.987
     13        11      0.367      0.226      0.141      0.053      0.008
     13        12      0.367      0.358      0.009      0.034      0.793
     14        1      0.428      0.415      0.013      0.048      0.790
     14        2      0.428      0.385      0.043      0.046      0.346
     14        3      0.428      0.386      0.041      0.049      0.403
     14        4      0.428      0.387      0.041      0.040      0.304
     14        5      0.428      0.430     -0.002      0.047      0.962
     14        6      0.428      0.354      0.074      0.052      0.155
     14        7      0.428      0.372      0.056      0.061      0.359
     14        8      0.428      0.454     -0.026      0.051      0.611
     14        9      0.428      0.385      0.043      0.047      0.367
     14        10      0.428      0.368      0.060      0.054      0.269
     14        11      0.428      0.226      0.202      0.057      0.000
     14        12      0.428      0.358      0.069      0.047      0.138
     14        13      0.428      0.367      0.060      0.040      0.128
     15        1      0.363      0.415     -0.052      0.047      0.273
     15        2      0.363      0.385     -0.022      0.036      0.548
     15        3      0.363      0.386     -0.023      0.039      0.556
     15        4      0.363      0.387     -0.024      0.031      0.438
     15        5      0.363      0.430     -0.067      0.049      0.174
     15        6      0.363      0.354      0.009      0.040      0.818
     15        7      0.363      0.372     -0.008      0.051      0.869
     15        8      0.363      0.454     -0.091      0.058      0.116
     15        9      0.363      0.385     -0.022      0.037      0.550
     15        10      0.363      0.368     -0.005      0.043      0.911
     15        11      0.363      0.226      0.137      0.052      0.009
     15        12      0.363      0.358      0.005      0.034      0.889
     15        13      0.363      0.367     -0.004      0.023      0.858
     15        14      0.363      0.428     -0.065      0.041      0.113
 Approximate Measurement Invariance Holds For Groups:
 1 2 3 4 5 6 7 8 9 10
 12 13 14 15
 Weighted Average Value Across Invariant Groups:       0.389
 R-square/Explained variance/Invariance index:       0.263

 Invariant Group Values, Difference to Average and Significance
 Group      Value Difference         SE    P-value
     1      0.415      0.026      0.039      0.507
     2      0.385     -0.005      0.029      0.871
     3      0.386     -0.003      0.035      0.931
     4      0.387     -0.003      0.022      0.908
     5      0.430      0.041      0.040      0.313
     6      0.354     -0.035      0.037      0.340
     7      0.372     -0.018      0.049      0.714
     8      0.454      0.064      0.048      0.178
     9      0.385     -0.004      0.032      0.890
     10      0.368     -0.021      0.040      0.590
     12      0.358     -0.031      0.030      0.309
     13      0.367     -0.022      0.019      0.245
     14      0.428      0.038      0.031      0.209
     15      0.363     -0.026      0.019      0.170

 Loadings for FAMSUPSL
 Group     Group      Value      Value     Difference  SE       P-value
     2         1      0.453      0.446      0.007      0.054      0.892
     3         1      0.336      0.446     -0.109      0.062      0.076
     3         2      0.336      0.453     -0.117      0.059      0.047
     4         1      0.419      0.446     -0.026      0.051      0.603
     4         2      0.419      0.453     -0.034      0.051      0.509
     4         3      0.419      0.336      0.083      0.055      0.135
     5         1      0.377      0.446     -0.069      0.059      0.247
     5         2      0.377      0.453     -0.076      0.058      0.194
     5         3      0.377      0.336      0.041      0.061      0.501
     5         4      0.377      0.419     -0.042      0.052      0.422
     6         1      0.479      0.446      0.033      0.065      0.608
     6         2      0.479      0.453      0.026      0.064      0.683
     6         3      0.479      0.336      0.143      0.069      0.038
     6         4      0.479      0.419      0.060      0.063      0.343
     6         5      0.479      0.377      0.102      0.068      0.136
     7         1      0.454      0.446      0.009      0.075      0.909
     7         2      0.454      0.453      0.001      0.076      0.986
     7         3      0.454      0.336      0.118      0.081      0.147
     7         4      0.454      0.419      0.035      0.076      0.643
     7         5      0.454      0.377      0.077      0.080      0.337
     7         6      0.454      0.479     -0.025      0.084      0.770
     8         1      0.423      0.446     -0.023      0.045      0.603
     8         2      0.423      0.453     -0.031      0.046      0.506
     8         3      0.423      0.336      0.086      0.056      0.127
     8         4      0.423      0.419      0.003      0.033      0.923
     8         5      0.423      0.377      0.045      0.047      0.331
     8         6      0.423      0.479     -0.057      0.062      0.360
     8         7      0.423      0.454     -0.032      0.069      0.645
     9         1      0.324      0.446     -0.122      0.058      0.037
     9         2      0.324      0.453     -0.129      0.055      0.020
     9         3      0.324      0.336     -0.012      0.057      0.827
     9         4      0.324      0.419     -0.095      0.052      0.066
     9         5      0.324      0.377     -0.053      0.058      0.357
     9         6      0.324      0.479     -0.155      0.065      0.018
     9         7      0.324      0.454     -0.130      0.079      0.098
     9         8      0.324      0.423     -0.099      0.053      0.062
     10        1      0.491      0.446      0.045      0.076      0.552
     10        2      0.491      0.453      0.038      0.075      0.610
     10        3      0.491      0.336      0.155      0.078      0.046
     10        4      0.491      0.419      0.072      0.073      0.325
     10        5      0.491      0.377      0.114      0.078      0.146
     10        6      0.491      0.479      0.012      0.078      0.876
     10        7      0.491      0.454      0.037      0.093      0.691
     10        8      0.491      0.423      0.069      0.073      0.349
     10        9      0.491      0.324      0.167      0.075      0.026
     11        1      0.458      0.446      0.012      0.077      0.880
     11        2      0.458      0.453      0.004      0.078      0.955
     11        3      0.458      0.336      0.121      0.086      0.157
     11        4      0.458      0.419      0.038      0.079      0.631
     11        5      0.458      0.377      0.080      0.083      0.334
     11        6      0.458      0.479     -0.022      0.086      0.802
     11        7      0.458      0.454      0.003      0.095      0.975
     11        8      0.458      0.423      0.035      0.072      0.627
     11        9      0.458      0.324      0.133      0.083      0.107
     11        10      0.458      0.491     -0.034      0.095      0.722
     12        1      0.478      0.446      0.032      0.058      0.580
     12        2      0.478      0.453      0.025      0.057      0.661
     12        3      0.478      0.336      0.142      0.062      0.022
     12        4      0.478      0.419      0.059      0.056      0.292
     12        5      0.478      0.377      0.101      0.062      0.102
     12        6      0.478      0.479     -0.001      0.062      0.987
     12        7      0.478      0.454      0.024      0.079      0.765
     12        8      0.478      0.423      0.056      0.054      0.307
     12        9      0.478      0.324      0.154      0.059      0.008
     12        10      0.478      0.491     -0.013      0.073      0.857
     12        11      0.478      0.458      0.021      0.081      0.800
     13        1      0.350      0.446     -0.096      0.060      0.109
     13        2      0.350      0.453     -0.103      0.057      0.071
     13        3      0.350      0.336      0.013      0.057      0.814
     13        4      0.350      0.419     -0.070      0.054      0.195
     13        5      0.350      0.377     -0.027      0.058      0.638
     13        6      0.350      0.479     -0.129      0.066      0.049
     13        7      0.350      0.454     -0.105      0.080      0.189
     13        8      0.350      0.423     -0.073      0.055      0.182
     13        9      0.350      0.324      0.026      0.055      0.638
     13        10      0.350      0.491     -0.141      0.076      0.061
     13        11      0.350      0.458     -0.108      0.084      0.198
     13        12      0.350      0.478     -0.128      0.059      0.030
     14        1      0.413      0.446     -0.033      0.054      0.540
     14        2      0.413      0.453     -0.040      0.053      0.447
     14        3      0.413      0.336      0.077      0.057      0.181
     14        4      0.413      0.419     -0.006      0.044      0.884
     14        5      0.413      0.377      0.036      0.051      0.487
     14        6      0.413      0.479     -0.066      0.064      0.303
     14        7      0.413      0.454     -0.042      0.076      0.584
     14        8      0.413      0.423     -0.010      0.034      0.778
     14        9      0.413      0.324      0.089      0.054      0.098
     14        10      0.413      0.491     -0.078      0.075      0.297
     14        11      0.413      0.458     -0.045      0.079      0.571
     14        12      0.413      0.478     -0.065      0.057      0.254
     14        13      0.413      0.350      0.063      0.056      0.257
     15        1      0.552      0.446      0.106      0.070      0.129
     15        2      0.552      0.453      0.099      0.068      0.145
     15        3      0.552      0.336      0.215      0.069      0.002
     15        4      0.552      0.419      0.132      0.064      0.039
     15        5      0.552      0.377      0.175      0.070      0.013
     15        6      0.552      0.479      0.073      0.073      0.321
     15        7      0.552      0.454      0.097      0.088      0.267
     15        8      0.552      0.423      0.129      0.067      0.053
     15        9      0.552      0.324      0.228      0.066      0.001
     15        10      0.552      0.491      0.061      0.082      0.461
     15        11      0.552      0.458      0.094      0.092      0.303
     15        12      0.552      0.478      0.074      0.068      0.275
     15        13      0.552      0.350      0.202      0.067      0.002
     15        14      0.552      0.413      0.139      0.067      0.038
 Approximate Measurement Invariance Holds For Groups:
 1 2 3 4 5 6 7 8 9 10
 11 12 13 14 15
 Weighted Average Value Across Invariant Groups:       0.431
 R-square/Explained variance/Invariance index:       0.000

 Invariant Group Values, Difference to Average and Significance
 Group      Value Difference         SE    P-value
     1      0.446      0.015      0.040      0.716
     2      0.453      0.022      0.038      0.561
     3      0.336     -0.095      0.043      0.028
     4      0.419     -0.012      0.031      0.700
     5      0.377     -0.054      0.041      0.190
     6      0.479      0.048      0.050      0.337
     7      0.454      0.023      0.066      0.725
     8      0.423     -0.009      0.028      0.758
     9      0.324     -0.107      0.039      0.006
     10      0.491      0.060      0.063      0.341
     11      0.458      0.026      0.068      0.702
     12      0.478      0.047      0.041      0.257
     13      0.350     -0.082      0.040      0.044
     14      0.413     -0.018      0.034      0.590
     15      0.552      0.120      0.050      0.015

 Average Invariance index:       0.288


SAVEDATA INFORMATION


  Save file
    D:/essay/resilient_student/dataset/mplus_data/home_learning_env_scores_imp5.

  Order of variables

    FAMSUP
    CREATFAM
    FAMSUPSL
    CNTSTUID
    CNT


  Save file format           Free

  Save file record length    10000


DIAGRAM INFORMATION

  Use View Diagram under the Diagram menu in the Mplus Editor to view the diagram.
  If running Mplus from the Mplus Diagrammer, the diagram opens automatically.

  Diagram output
    d:\essay\resilient_student\dataset\mplus_data\alignment_imp5_home_learning_env.dgm

     Beginning Time:  15:21:41
        Ending Time:  15:21:44
       Elapsed Time:  00:00:03



MUTHEN & MUTHEN
3463 Stoner Ave.
Los Angeles, CA  90066

Tel: (310) 391-9971
Fax: (310) 391-8971
Web: www.StatModel.com
Support: Support@StatModel.com

Copyright (c) 1998-2019 Muthen & Muthen
