Mplus VERSION 8.3
MUTHEN & MUTHEN
08/19/2025   2:59 PM

INPUT INSTRUCTIONS

  TITLE: Alignment for Home_Learning_Env (IMPUTATION 2 - FIXED);

  DATA:
    FILE IS "D:/essay/resilient_student/dataset/mplus_data/imputed_data_2.dat";
    FORMAT IS FREE;

  VARIABLE:
    NAMES ARE
      CNT
      CNTSTUID
      CNTSCHID
      W_FSTUWT
      ESCS
      PV1MATH
      PV2MATH
      PV3MATH
      PV4MATH
      PV5MATH
      PV6MATH
      PV7MATH
      PV8MATH
      PV9MATH
      PV10MATH
      ACADEMIC_RESILIENCE_PV1
      ACADEMIC_RESILIENCE_PV2
      ACADEMIC_RESILIENCE_PV3
      ACADEMIC_RESILIENCE_PV4
      ACADEMIC_RESILIENCE_PV5
      ACADEMIC_RESILIENCE_PV6
      ACADEMIC_RESILIENCE_PV7
      ACADEMIC_RESILIENCE_PV8
      ACADEMIC_RESILIENCE_PV9
      ACADEMIC_RESILIENCE_PV10
      W_FSTURWT1
      W_FSTURWT2
      W_FSTURWT3
      W_FSTURWT4
      W_FSTURWT5
      W_FSTURWT6
      W_FSTURWT7
      W_FSTURWT8
      W_FSTURWT9
      W_FSTURWT10
      W_FSTURWT11
      W_FSTURWT12
      W_FSTURWT13
      W_FSTURWT14
      W_FSTURWT15
      W_FSTURWT16
      W_FSTURWT17
      W_FSTURWT18
      W_FSTURWT19
      W_FSTURWT20
      W_FSTURWT21
      W_FSTURWT22
      W_FSTURWT23
      W_FSTURWT24
      W_FSTURWT25
      W_FSTURWT26
      W_FSTURWT27
      W_FSTURWT28
      W_FSTURWT29
      W_FSTURWT30
      W_FSTURWT31
      W_FSTURWT32
      W_FSTURWT33
      W_FSTURWT34
      W_FSTURWT35
      W_FSTURWT36
      W_FSTURWT37
      W_FSTURWT38
      W_FSTURWT39
      W_FSTURWT40
      W_FSTURWT41
      W_FSTURWT42
      W_FSTURWT43
      W_FSTURWT44
      W_FSTURWT45
      W_FSTURWT46
      W_FSTURWT47
      W_FSTURWT48
      W_FSTURWT49
      W_FSTURWT50
      W_FSTURWT51
      W_FSTURWT52
      W_FSTURWT53
      W_FSTURWT54
      W_FSTURWT55
      W_FSTURWT56
      W_FSTURWT57
      W_FSTURWT58
      W_FSTURWT59
      W_FSTURWT60
      W_FSTURWT61
      W_FSTURWT62
      W_FSTURWT63
      W_FSTURWT64
      W_FSTURWT65
      W_FSTURWT66
      W_FSTURWT67
      W_FSTURWT68
      W_FSTURWT69
      W_FSTURWT70
      W_FSTURWT71
      W_FSTURWT72
      W_FSTURWT73
      W_FSTURWT74
      W_FSTURWT75
      W_FSTURWT76
      W_FSTURWT77
      W_FSTURWT78
      W_FSTURWT79
      W_FSTURWT80
      ST004D01T
      ST268Q01JA
      ST268Q04JA
      ST268Q07JA
      AGE
      ISCEDP
      IMMIG
      REPEAT
      MISSSC
      SKIPPING
      TARDYSD
      EXERPRAC
      STUDYHMW
      WORKPAY
      WORKHOME
      EXPECEDU
      BSMJ
      SISCO
      RELATST
      BELONG
      BULLIED
      FEELSAFE
      SCHRISK
      PERSEVAGR
      CURIOAGR
      COOPAGR
      EMPATAGR
      ASSERAGR
      STRESAGR
      EMOCOAGR
      GROSAGR
      INFOSEEK
      FAMSUP
      DISCLIM
      TEACHSUP
      COGACRCO
      COGACMCO
      EXPOFA
      EXPO21ST
      MATHEFF
      MATHEF21
      ANXMAT
      MATHPERS
      CREATEFF
      CREATSCH
      CREATFAM
      CREATAS
      CREATOOS
      CREATOP
      OPENART
      IMAGINE
      SCHSUST
      LEARRES
      PROBSELF
      FAMSUPSL
      FEELLAH
      SDLEFF
      OCOD3_major_group;
    USEVARIABLES ARE
      FAMSUP CREATFAM FAMSUPSL CNT CNTSTUID;
    IDVARIABLE IS CNTSTUID;
    GROUPING IS CNT (
      1 = CHL
      2 = TAP
      3 = HRV
      4 = FIN
      5 = GRC
      6 = HKG
      7 = ISL
      8 = KOR
      9 = LTU
      10 = MLT
      11 = NZL
      12 = PRT
      13 = ROU
      14 = TUR
      15 = GBR
    );

  ANALYSIS:
    ESTIMATOR = MLR;
    PROCESSORS = 4;
    ALIGNMENT = FIXED;

  MODEL:
    Home_Learning_Env BY FAMSUP CREATFAM FAMSUPSL;

  SAVEDATA:
    FILE IS "D:/essay/resilient_student/dataset/mplus_data/home_learning_env_scores_imp2.dat
    SAVE = FSCORES;
    FORMAT IS FREE;

  OUTPUT:
    TECH11;
    ALIGNMENT;



*** WARNING
  Input line exceeded 90 characters. Some input may be truncated.
    FILE IS "D:/essay/resilient_student/dataset/mplus_data/home_learning_env_scores_imp2.dat"
*** WARNING in OUTPUT command
  TECH11 option is available only with TYPE=MIXTURE.
  Request for TECH11 is ignored.
   2 WARNING(S) FOUND IN THE INPUT INSTRUCTIONS



Alignment for Home_Learning_Env (IMPUTATION 2 - FIXED);

SUMMARY OF ANALYSIS

Number of groups                                                15
Number of observations
   Group CHL                                                  1209
   Group TAP                                                  1668
   Group HRV                                                  1528
   Group FIN                                                  2754
   Group GRC                                                  1529
   Group HKG                                                  1368
   Group ISL                                                   810
   Group KOR                                                  1568
   Group LTU                                                  1786
   Group MLT                                                   710
   Group NZL                                                  1104
   Group PRT                                                  1621
   Group ROU                                                  1593
   Group TUR                                                  1884
   Group GBR                                                  2863
   Total sample size                                         23995

Number of dependent variables                                    3
Number of independent variables                                  0
Number of continuous latent variables                            1

Observed dependent variables

  Continuous
   FAMSUP      CREATFAM    FAMSUPSL

Continuous latent variables
   HOME_LEA

Variables with special functions

  Grouping variable     CNT
  ID variable           CNTSTUID

Estimator                                                      MLR
Information matrix                                        OBSERVED
Optimization Specifications for the Quasi-Newton Algorithm for
Continuous Outcomes
  Maximum number of iterations                                 100
  Convergence criterion                                  0.100D-05
Optimization Specifications for the EM Algorithm
  Maximum number of iterations                                 500
  Convergence criteria
    Loglikelihood change                                 0.100D-06
    Relative loglikelihood change                        0.100D-06
    Derivative                                           0.100D-05
Optimization Specifications for the M step of the EM Algorithm for
Categorical Latent variables
  Number of M step iterations                                    1
  M step convergence criterion                           0.100D-05
  Basis for M step termination                           ITERATION
Optimization Specifications for the M step of the EM Algorithm for
Censored, Binary or Ordered Categorical (Ordinal), Unordered
Categorical (Nominal) and Count Outcomes
  Number of M step iterations                                    1
  M step convergence criterion                           0.100D-05
  Basis for M step termination                           ITERATION
  Maximum value for logit thresholds                            15
  Minimum value for logit thresholds                           -15
  Minimum expected cell size for chi-square              0.100D-01
Optimization algorithm                                         EMA
Specifications for Alignment Analysis
  Factor mean for reference group                            FIXED
  Simplicity function                                         SQRT
  Factor variance metric                           Reference group
  Reference group                                                1
  Tolerance value                                        0.100D-01
  Number of random starts                                       30
  Maximum number of iterations                                5000
  Convergence criteration                                0.100D-02

Input data file(s)
  D:/essay/resilient_student/dataset/mplus_data/imputed_data_2.dat
Input data format  FREE



UNIVARIATE SAMPLE STATISTICS


     UNIVARIATE HIGHER-ORDER MOMENT DESCRIPTIVE STATISTICS FOR CHL

         Variable/         Mean/     Skewness/   Minimum/ % with                Percentiles
        Sample Size      Variance    Kurtosis    Maximum  Min/Max      20%/60%    40%/80%    Median

     FAMSUP               -0.094       0.029      -2.908    0.08%      -0.883     -0.485     -0.192
            1209.000       1.225      -0.208       1.957    0.08%      -0.028      0.975
     CREATFAM             -0.064       0.516      -2.789    0.25%      -0.843     -0.060     -0.054
            1209.000       1.017       0.477       2.239    1.41%      -0.037      0.610
     FAMSUPSL              0.245      -0.095      -2.370    0.08%      -0.516      0.043      0.176
            1209.000       1.056       0.195       2.424    0.25%       0.473      0.896


     UNIVARIATE HIGHER-ORDER MOMENT DESCRIPTIVE STATISTICS FOR TAP

         Variable/         Mean/     Skewness/   Minimum/ % with                Percentiles
        Sample Size      Variance    Kurtosis    Maximum  Min/Max      20%/60%    40%/80%    Median

     FAMSUP               -0.457       0.128      -2.951    0.06%      -1.190     -0.701     -0.497
            1668.000       1.073       0.359       1.957    0.06%      -0.227      0.118
     CREATFAM             -0.053       0.574      -2.789    0.18%      -0.757     -0.060     -0.054
            1668.000       0.984       1.116       2.239    1.44%      -0.037     -0.006
     FAMSUPSL             -0.656       0.477      -2.380    0.18%      -1.721     -1.040     -0.727
            1668.000       1.193      -0.150       2.424    0.24%      -0.381      0.164


     UNIVARIATE HIGHER-ORDER MOMENT DESCRIPTIVE STATISTICS FOR HRV

         Variable/         Mean/     Skewness/   Minimum/ % with                Percentiles
        Sample Size      Variance    Kurtosis    Maximum  Min/Max      20%/60%    40%/80%    Median

     FAMSUP                0.192      -0.053      -2.992    0.07%      -0.689     -0.174      0.000
            1528.000       1.115      -0.440       1.958    0.13%       0.284      1.562
     CREATFAM              0.009       0.611      -2.789    0.13%      -0.768     -0.060     -0.050
            1528.000       0.932       0.754       2.239    1.57%      -0.037      0.529
     FAMSUPSL              0.123      -0.039      -2.380    0.13%      -0.728      0.001      0.084
            1528.000       1.148       0.005       2.438    0.07%       0.322      0.881


     UNIVARIATE HIGHER-ORDER MOMENT DESCRIPTIVE STATISTICS FOR FIN

         Variable/         Mean/     Skewness/   Minimum/ % with                Percentiles
        Sample Size      Variance    Kurtosis    Maximum  Min/Max      20%/60%    40%/80%    Median

     FAMSUP               -0.100       0.118      -3.014    0.04%      -0.817     -0.467     -0.220
            2754.000       1.097       0.016       1.958    0.07%      -0.039      0.837
     CREATFAM             -0.041       0.564      -2.789    0.25%      -0.828     -0.060     -0.054
            2754.000       1.013       0.579       2.239    1.34%      -0.037      0.549
     FAMSUPSL             -0.039       0.069      -2.380    0.07%      -0.948     -0.188      0.030
            2754.000       1.157      -0.112       2.424    0.25%       0.124      0.851


     UNIVARIATE HIGHER-ORDER MOMENT DESCRIPTIVE STATISTICS FOR GRC

         Variable/         Mean/     Skewness/   Minimum/ % with                Percentiles
        Sample Size      Variance    Kurtosis    Maximum  Min/Max      20%/60%    40%/80%    Median

     FAMSUP               -0.066       0.094      -3.034    0.07%      -0.833     -0.477     -0.217
            1529.000       1.158      -0.187       1.957    0.13%      -0.004      0.943
     CREATFAM             -0.070       0.532      -2.789    0.13%      -0.850     -0.292     -0.054
            1529.000       0.967       0.439       2.239    0.85%      -0.037      0.610
     FAMSUPSL              0.018      -0.176      -2.380    0.13%      -0.815     -0.039      0.070
            1529.000       1.096       0.095       2.438    0.07%       0.285      0.830


     UNIVARIATE HIGHER-ORDER MOMENT DESCRIPTIVE STATISTICS FOR HKG

         Variable/         Mean/     Skewness/   Minimum/ % with                Percentiles
        Sample Size      Variance    Kurtosis    Maximum  Min/Max      20%/60%    40%/80%    Median

     FAMSUP               -0.496       0.247      -3.005    0.15%      -1.167     -0.739     -0.563
            1368.000       0.949       0.673       1.951    0.07%      -0.332      0.047
     CREATFAM             -0.117       0.697      -2.789    0.22%      -0.804     -0.060     -0.054
            1368.000       0.819       1.404       2.239    0.73%      -0.037     -0.006
     FAMSUPSL             -0.728       0.467      -2.380    0.37%      -1.735     -1.124     -0.780
            1368.000       1.089      -0.115       2.438    0.15%      -0.496      0.074


     UNIVARIATE HIGHER-ORDER MOMENT DESCRIPTIVE STATISTICS FOR ISL

         Variable/         Mean/     Skewness/   Minimum/ % with                Percentiles
        Sample Size      Variance    Kurtosis    Maximum  Min/Max      20%/60%    40%/80%    Median

     FAMSUP               -0.144       0.140      -2.935    0.12%      -0.876     -0.566     -0.313
             810.000       1.217      -0.157       1.958    0.12%      -0.108      0.935
     CREATFAM              0.031       0.473      -2.789    0.12%      -0.764     -0.054     -0.050
             810.000       1.037       0.530       2.239    1.48%      -0.033      0.670
     FAMSUPSL             -0.033      -0.006      -2.380    0.12%      -0.965     -0.058      0.043
             810.000       1.176      -0.072       2.424    0.12%       0.121      0.828


     UNIVARIATE HIGHER-ORDER MOMENT DESCRIPTIVE STATISTICS FOR KOR

         Variable/         Mean/     Skewness/   Minimum/ % with                Percentiles
        Sample Size      Variance    Kurtosis    Maximum  Min/Max      20%/60%    40%/80%    Median

     FAMSUP               -0.200       0.151      -2.975    0.06%      -0.843     -0.489     -0.276
            1568.000       0.997       0.409       1.958    0.06%      -0.100      0.439
     CREATFAM             -0.358       0.331      -2.789    0.51%      -1.100     -0.568     -0.060
            1568.000       0.904       1.256       2.239    0.57%      -0.054     -0.006
     FAMSUPSL             -0.628       0.348      -2.380    0.38%      -1.742     -0.952     -0.618
            1568.000       1.229      -0.371       2.365    0.06%      -0.302      0.243


     UNIVARIATE HIGHER-ORDER MOMENT DESCRIPTIVE STATISTICS FOR LTU

         Variable/         Mean/     Skewness/   Minimum/ % with                Percentiles
        Sample Size      Variance    Kurtosis    Maximum  Min/Max      20%/60%    40%/80%    Median

     FAMSUP               -0.044      -0.038      -2.974    0.06%      -0.865     -0.432     -0.153
            1786.000       1.266      -0.233       1.958    0.06%       0.041      1.104
     CREATFAM             -0.203       0.460      -2.789    0.28%      -0.963     -0.489     -0.060
            1786.000       0.946       1.036       2.239    0.84%      -0.050      0.323
     FAMSUPSL             -0.040      -0.077      -2.380    0.06%      -0.923     -0.095      0.042
            1786.000       1.066      -0.007       2.424    0.34%       0.187      0.812


     UNIVARIATE HIGHER-ORDER MOMENT DESCRIPTIVE STATISTICS FOR MLT

         Variable/         Mean/     Skewness/   Minimum/ % with                Percentiles
        Sample Size      Variance    Kurtosis    Maximum  Min/Max      20%/60%    40%/80%    Median

     FAMSUP               -0.026       0.073      -2.887    0.14%      -0.853     -0.388     -0.154
             710.000       1.119      -0.231       1.951    0.28%       0.038      0.978
     CREATFAM             -0.089       0.331      -2.789    0.70%      -0.861     -0.066     -0.054
             710.000       1.026       0.694       2.239    2.39%      -0.037      0.610
     FAMSUPSL             -0.061       0.009      -2.380    0.28%      -0.982     -0.246      0.027
             710.000       1.111      -0.150       2.438    0.14%       0.126      0.851


     UNIVARIATE HIGHER-ORDER MOMENT DESCRIPTIVE STATISTICS FOR NZL

         Variable/         Mean/     Skewness/   Minimum/ % with                Percentiles
        Sample Size      Variance    Kurtosis    Maximum  Min/Max      20%/60%    40%/80%    Median

     FAMSUP               -0.181       0.153      -2.992    0.09%      -0.926     -0.506     -0.287
            1104.000       1.045       0.068       1.957    0.09%      -0.057      0.572
     CREATFAM             -0.210       0.655      -2.789    0.09%      -0.892     -0.462     -0.060
            1104.000       0.766       1.403       2.239    0.54%      -0.050     -0.006
     FAMSUPSL             -0.111       0.037      -2.380    0.18%      -0.950     -0.246     -0.003
            1104.000       1.110       0.015       2.438    0.27%       0.092      0.726


     UNIVARIATE HIGHER-ORDER MOMENT DESCRIPTIVE STATISTICS FOR PRT

         Variable/         Mean/     Skewness/   Minimum/ % with                Percentiles
        Sample Size      Variance    Kurtosis    Maximum  Min/Max      20%/60%    40%/80%    Median

     FAMSUP                0.283      -0.235      -2.992    0.06%      -0.642     -0.067      0.125
            1621.000       1.171      -0.415       1.940    0.12%       0.460      1.601
     CREATFAM             -0.025       0.576      -2.789    0.19%      -0.663     -0.060     -0.050
            1621.000       0.743       1.329       2.239    0.62%      -0.037      0.521
     FAMSUPSL              0.057       0.039      -2.380    0.19%      -0.795     -0.050      0.052
            1621.000       1.105       0.086       2.438    0.06%       0.209      0.866


     UNIVARIATE HIGHER-ORDER MOMENT DESCRIPTIVE STATISTICS FOR ROU

         Variable/         Mean/     Skewness/   Minimum/ % with                Percentiles
        Sample Size      Variance    Kurtosis    Maximum  Min/Max      20%/60%    40%/80%    Median

     FAMSUP               -0.005      -0.019      -2.992    0.06%      -0.961     -0.458     -0.134
            1593.000       1.416      -0.631       1.958    0.13%       0.104      1.562
     CREATFAM             -0.135       0.383      -2.789    0.25%      -0.935     -0.282     -0.054
            1593.000       0.970       0.662       2.239    0.82%      -0.037      0.495
     FAMSUPSL              0.307      -0.084      -2.380    0.13%      -0.392      0.074      0.247
            1593.000       1.076       0.134       2.438    0.06%       0.516      0.918


     UNIVARIATE HIGHER-ORDER MOMENT DESCRIPTIVE STATISTICS FOR TUR

         Variable/         Mean/     Skewness/   Minimum/ % with                Percentiles
        Sample Size      Variance    Kurtosis    Maximum  Min/Max      20%/60%    40%/80%    Median

     FAMSUP               -0.378       0.077      -3.014    0.05%      -1.179     -0.697     -0.479
            1884.000       1.294      -0.105       1.940    0.16%      -0.192      0.495
     CREATFAM             -0.376       0.374      -2.789    0.21%      -1.155     -0.720     -0.462
            1884.000       1.035       0.743       2.239    0.48%      -0.054      0.083
     FAMSUPSL              0.039      -0.211      -2.380    0.16%      -0.766     -0.017      0.073
            1884.000       1.116       0.059       2.438    0.16%       0.298      0.854


     UNIVARIATE HIGHER-ORDER MOMENT DESCRIPTIVE STATISTICS FOR GBR

         Variable/         Mean/     Skewness/   Minimum/ % with                Percentiles
        Sample Size      Variance    Kurtosis    Maximum  Min/Max      20%/60%    40%/80%    Median

     FAMSUP               -0.075       0.031      -2.951    0.03%      -0.814     -0.387     -0.153
            2863.000       1.030       0.024       1.957    0.03%       0.040      0.778
     CREATFAM             -0.218       0.530      -2.789    0.28%      -0.963     -0.462     -0.060
            2863.000       0.841       1.194       2.239    0.91%      -0.050     -0.006
     FAMSUPSL             -0.099       0.093      -2.380    0.07%      -0.964     -0.312     -0.017
            2863.000       1.172      -0.107       2.438    0.07%       0.095      0.784


THE MODEL ESTIMATION TERMINATED NORMALLY



MODEL FIT INFORMATION

Number of Free Parameters                      135

Loglikelihood

          H0 Value                     -101585.760
          H0 Scaling Correction Factor      1.1222
            for MLR

Information Criteria

          Akaike (AIC)                  203441.519
          Bayesian (BIC)                204533.075
          Sample-Size Adjusted BIC      204104.049
            (n* = (n + 2) / 24)



MODEL RESULTS

                                                    Two-Tailed
                    Estimate       S.E.  Est./S.E.    P-Value

Group CHL

 HOME_LEA BY
    FAMSUP             0.643      0.065      9.899      0.000
    CREATFAM           0.427      0.046      9.268      0.000
    FAMSUPSL           0.485      0.050      9.605      0.000

 Means
    HOME_LEARN         0.000      0.000    999.000    999.000

 Intercepts
    FAMSUP            -0.094      0.032     -2.964      0.003
    CREATFAM          -0.064      0.029     -2.191      0.028
    FAMSUPSL           0.245      0.030      8.284      0.000

 Variances
    HOME_LEARN         1.000      0.000    999.000    999.000

 Residual Variances
    FAMSUP             0.811      0.086      9.449      0.000
    CREATFAM           0.834      0.049     16.919      0.000
    FAMSUPSL           0.822      0.054     15.316      0.000

Group TAP

 HOME_LEA BY
    FAMSUP             0.763      0.086      8.881      0.000
    CREATFAM           0.380      0.040      9.497      0.000
    FAMSUPSL           0.465      0.043     10.793      0.000

 Means
    HOME_LEARN        -0.631      0.121     -5.202      0.000

 Intercepts
    FAMSUP             0.025      0.079      0.319      0.749
    CREATFAM           0.187      0.052      3.582      0.000
    FAMSUPSL          -0.363      0.067     -5.399      0.000

 Variances
    HOME_LEARN         1.024      0.164      6.237      0.000

 Residual Variances
    FAMSUP             0.476      0.088      5.394      0.000
    CREATFAM           0.836      0.043     19.260      0.000
    FAMSUPSL           0.972      0.044     21.838      0.000

Group HRV

 HOME_LEA BY
    FAMSUP             0.729      0.077      9.456      0.000
    CREATFAM           0.429      0.045      9.563      0.000
    FAMSUPSL           0.415      0.054      7.700      0.000

 Means
    HOME_LEARN         0.229      0.112      2.046      0.041

 Intercepts
    FAMSUP             0.025      0.078      0.323      0.747
    CREATFAM          -0.090      0.048     -1.853      0.064
    FAMSUPSL           0.028      0.050      0.557      0.578

 Variances
    HOME_LEARN         1.044      0.170      6.138      0.000

 Residual Variances
    FAMSUP             0.561      0.091      6.170      0.000
    CREATFAM           0.740      0.045     16.533      0.000
    FAMSUPSL           0.968      0.046     20.977      0.000

Group FIN

 HOME_LEA BY
    FAMSUP             0.662      0.060     11.007      0.000
    CREATFAM           0.422      0.032     13.334      0.000
    FAMSUPSL           0.480      0.036     13.404      0.000

 Means
    HOME_LEARN        -0.130      0.115     -1.132      0.257

 Intercepts
    FAMSUP            -0.014      0.077     -0.185      0.853
    CREATFAM           0.014      0.051      0.266      0.790
    FAMSUPSL           0.023      0.052      0.455      0.649

 Variances
    HOME_LEARN         1.203      0.168      7.149      0.000

 Residual Variances
    FAMSUP             0.569      0.053     10.661      0.000
    CREATFAM           0.799      0.032     25.238      0.000
    FAMSUPSL           0.880      0.037     24.011      0.000

Group GRC

 HOME_LEA BY
    FAMSUP             0.731      0.075      9.742      0.000
    CREATFAM           0.436      0.048      9.162      0.000
    FAMSUPSL           0.359      0.049      7.311      0.000

 Means
    HOME_LEARN        -0.065      0.118     -0.553      0.580

 Intercepts
    FAMSUP            -0.018      0.084     -0.218      0.827
    CREATFAM          -0.042      0.051     -0.818      0.413
    FAMSUPSL           0.041      0.046      0.892      0.373

 Variances
    HOME_LEARN         1.111      0.183      6.078      0.000

 Residual Variances
    FAMSUP             0.565      0.097      5.837      0.000
    CREATFAM           0.755      0.046     16.358      0.000
    FAMSUPSL           0.953      0.041     23.183      0.000

Group HKG

 HOME_LEA BY
    FAMSUP             0.705      0.072      9.830      0.000
    CREATFAM           0.372      0.042      8.939      0.000
    FAMSUPSL           0.514      0.054      9.554      0.000

 Means
    HOME_LEARN        -0.743      0.127     -5.862      0.000

 Intercepts
    FAMSUP             0.028      0.077      0.364      0.716
    CREATFAM           0.159      0.057      2.773      0.006
    FAMSUPSL          -0.346      0.080     -4.321      0.000

 Variances
    HOME_LEARN         0.994      0.155      6.396      0.000

 Residual Variances
    FAMSUP             0.455      0.073      6.241      0.000
    CREATFAM           0.681      0.041     16.781      0.000
    FAMSUPSL           0.827      0.050     16.619      0.000

Group ISL

 HOME_LEA BY
    FAMSUP             0.830      0.172      4.823      0.000
    CREATFAM           0.365      0.049      7.392      0.000
    FAMSUPSL           0.453      0.052      8.681      0.000

 Means
    HOME_LEARN        -0.155      0.110     -1.399      0.162

 Intercepts
    FAMSUP            -0.016      0.094     -0.168      0.867
    CREATFAM           0.088      0.050      1.766      0.077
    FAMSUPSL           0.037      0.049      0.764      0.445

 Variances
    HOME_LEARN         0.951      0.219      4.348      0.000

 Residual Variances
    FAMSUP             0.562      0.170      3.312      0.001
    CREATFAM           0.911      0.060     15.176      0.000
    FAMSUPSL           0.981      0.074     13.203      0.000

Group KOR

 HOME_LEA BY
    FAMSUP             0.580      0.091      6.380      0.000
    CREATFAM           0.499      0.073      6.796      0.000
    FAMSUPSL           0.453      0.036     12.578      0.000

 Means
    HOME_LEARN        -0.519      0.137     -3.788      0.000

 Intercepts
    FAMSUP             0.101      0.067      1.503      0.133
    CREATFAM          -0.099      0.049     -2.011      0.044
    FAMSUPSL          -0.393      0.062     -6.302      0.000

 Variances
    HOME_LEARN         1.142      0.290      3.944      0.000

 Residual Variances
    FAMSUP             0.613      0.053     11.603      0.000
    CREATFAM           0.620      0.044     14.019      0.000
    FAMSUPSL           0.995      0.046     21.598      0.000

Group LTU

 HOME_LEA BY
    FAMSUP             0.758      0.083      9.146      0.000
    CREATFAM           0.416      0.043      9.695      0.000
    FAMSUPSL           0.370      0.048      7.702      0.000

 Means
    HOME_LEARN        -0.165      0.110     -1.497      0.134

 Intercepts
    FAMSUP             0.081      0.078      1.028      0.304
    CREATFAM          -0.134      0.047     -2.880      0.004
    FAMSUPSL           0.021      0.048      0.441      0.659

 Variances
    HOME_LEARN         1.078      0.182      5.906      0.000

 Residual Variances
    FAMSUP             0.648      0.100      6.469      0.000
    CREATFAM           0.760      0.045     16.765      0.000
    FAMSUPSL           0.918      0.039     23.746      0.000

Group MLT

 HOME_LEA BY
    FAMSUP             0.667      0.087      7.690      0.000
    CREATFAM           0.460      0.062      7.468      0.000
    FAMSUPSL           0.455      0.048      9.524      0.000

 Means
    HOME_LEARN        -0.094      0.119     -0.791      0.429

 Intercepts
    FAMSUP             0.037      0.074      0.501      0.616
    CREATFAM          -0.046      0.055     -0.821      0.412
    FAMSUPSL          -0.018      0.060     -0.300      0.764

 Variances
    HOME_LEARN         1.150      0.189      6.076      0.000

 Residual Variances
    FAMSUP             0.606      0.109      5.562      0.000
    CREATFAM           0.782      0.069     11.284      0.000
    FAMSUPSL           0.873      0.061     14.334      0.000

Group NZL

 HOME_LEA BY
    FAMSUP             0.774      0.113      6.860      0.000
    CREATFAM           0.263      0.047      5.615      0.000
    FAMSUPSL           0.470      0.056      8.343      0.000

 Means
    HOME_LEARN        -0.299      0.114     -2.628      0.009

 Intercepts
    FAMSUP             0.050      0.083      0.606      0.544
    CREATFAM          -0.131      0.044     -3.020      0.003
    FAMSUPSL           0.030      0.057      0.529      0.597

 Variances
    HOME_LEARN         1.063      0.191      5.561      0.000

 Residual Variances
    FAMSUP             0.408      0.139      2.938      0.003
    CREATFAM           0.692      0.045     15.469      0.000
    FAMSUPSL           0.875      0.069     12.741      0.000

Group PRT

 HOME_LEA BY
    FAMSUP             0.690      0.065     10.605      0.000
    CREATFAM           0.390      0.036     10.956      0.000
    FAMSUPSL           0.503      0.044     11.446      0.000

 Means
    HOME_LEARN         0.233      0.119      1.947      0.052

 Intercepts
    FAMSUP             0.123      0.084      1.453      0.146
    CREATFAM          -0.116      0.042     -2.751      0.006
    FAMSUPSL          -0.060      0.062     -0.970      0.332

 Variances
    HOME_LEARN         1.087      0.160      6.771      0.000

 Residual Variances
    FAMSUP             0.654      0.064     10.145      0.000
    CREATFAM           0.577      0.033     17.344      0.000
    FAMSUPSL           0.831      0.044     19.068      0.000

Group ROU

 HOME_LEA BY
    FAMSUP             0.838      0.120      6.994      0.000
    CREATFAM           0.387      0.034     11.237      0.000
    FAMSUPSL           0.357      0.046      7.798      0.000

 Means
    HOME_LEARN        -0.039      0.101     -0.380      0.704

 Intercepts
    FAMSUP             0.027      0.081      0.338      0.735
    CREATFAM          -0.120      0.042     -2.884      0.004
    FAMSUPSL           0.321      0.043      7.531      0.000

 Variances
    HOME_LEARN         1.226      0.251      4.885      0.000

 Residual Variances
    FAMSUP             0.555      0.133      4.163      0.000
    CREATFAM           0.787      0.043     18.385      0.000
    FAMSUPSL           0.919      0.041     22.289      0.000

Group TUR

 HOME_LEA BY
    FAMSUP             0.737      0.072     10.266      0.000
    CREATFAM           0.392      0.036     10.766      0.000
    FAMSUPSL           0.470      0.041     11.468      0.000

 Means
    HOME_LEARN        -0.580      0.112     -5.194      0.000

 Intercepts
    FAMSUP             0.049      0.076      0.636      0.525
    CREATFAM          -0.149      0.048     -3.081      0.002
    FAMSUPSL           0.311      0.054      5.726      0.000

 Variances
    HOME_LEARN         1.248      0.189      6.616      0.000

 Residual Variances
    FAMSUP             0.617      0.083      7.438      0.000
    CREATFAM           0.844      0.040     21.033      0.000
    FAMSUPSL           0.840      0.045     18.744      0.000

Group GBR

 HOME_LEA BY
    FAMSUP             0.689      0.052     13.187      0.000
    CREATFAM           0.362      0.034     10.526      0.000
    FAMSUPSL           0.539      0.054     10.004      0.000

 Means
    HOME_LEARN        -0.226      0.104     -2.162      0.031

 Intercepts
    FAMSUP             0.080      0.071      1.125      0.261
    CREATFAM          -0.136      0.041     -3.325      0.001
    FAMSUPSL           0.022      0.053      0.414      0.679

 Variances
    HOME_LEARN         1.022      0.150      6.807      0.000

 Residual Variances
    FAMSUP             0.545      0.053     10.367      0.000
    CREATFAM           0.707      0.028     25.115      0.000
    FAMSUPSL           0.876      0.041     21.272      0.000



APPROXIMATE MEASUREMENT INVARIANCE (NONINVARIANCE) FOR GROUPS

 Intercepts/Thresholds
   FAMSUP      1 2 3 4 5 6 7 8 9 10 11 12 13 14 15
   CREATFAM    1 (2) 3 (4) 5 (6) (7) 8 9 10 11 12 13 14 15
   FAMSUPSL    (1) (2) 3 4 5 (6) 7 (8) 9 10 11 12 (13) (14) 15

 Loadings for HOME_LEA
   FAMSUP      1 2 3 4 5 6 7 8 9 10 11 12 13 14 15
   CREATFAM    1 2 3 4 5 6 7 8 9 10 11 12 13 14 15
   FAMSUPSL    1 2 3 4 5 6 7 8 9 10 11 12 13 14 15


FACTOR MEAN COMPARISON AT THE 5% SIGNIFICANCE LEVEL IN DESCENDING ORDER

 Results for Factor HOME_LEA

           Latent    Group      Factor
 Ranking    Class    Value       Mean     Groups With Significantly Smaller Factor Mean
     1        12        12       0.233    13 5 10 4 7 9 15 11 8 14
                                          2 6
     2         3         3       0.229    1 13 5 10 4 7 9 15 11 8
                                          14 2 6
     3         1         1       0.000    15 11 8 14 2 6
     4        13        13      -0.039    9 15 11 8 14 2 6
     5         5         5      -0.065    15 11 8 14 2 6
     6        10        10      -0.094    15 11 8 14 2 6
     7         4         4      -0.130    11 8 14 2 6
     8         7         7      -0.155    11 8 14 2 6
     9         9         9      -0.165    11 8 14 2 6
    10        15        15      -0.226    8 14 2 6
    11        11        11      -0.299    8 14 2 6
    12         8         8      -0.519    6
    13        14        14      -0.580    6
    14         2         2      -0.631
    15         6         6      -0.743




QUALITY OF NUMERICAL RESULTS

     Condition Number for the Information Matrix              0.470E-03
       (ratio of smallest to largest eigenvalue)


ALIGNMENT OUTPUT

INVARIANCE ANALYSIS

 Intercepts/Thresholds
 Intercept for FAMSUP
 Group     Group      Value      Value     Difference  SE       P-value
     2         1      0.025     -0.094      0.119      0.084      0.153
     3         1      0.025     -0.094      0.120      0.083      0.149
     3         2      0.025      0.025      0.000      0.022      0.997
     4         1     -0.014     -0.094      0.080      0.082      0.328
     4         2     -0.014      0.025     -0.039      0.025      0.111
     4         3     -0.014      0.025     -0.039      0.030      0.187
     5         1     -0.018     -0.094      0.076      0.088      0.388
     5         2     -0.018      0.025     -0.043      0.028      0.115
     5         3     -0.018      0.025     -0.044      0.033      0.183
     5         4     -0.018     -0.014     -0.004      0.030      0.890
     6         1      0.028     -0.094      0.122      0.082      0.137
     6         2      0.028      0.025      0.003      0.023      0.897
     6         3      0.028      0.025      0.003      0.022      0.897
     6         4      0.028     -0.014      0.042      0.025      0.087
     6         5      0.028     -0.018      0.046      0.028      0.096
     7         1     -0.016     -0.094      0.079      0.098      0.425
     7         2     -0.016      0.025     -0.041      0.042      0.326
     7         3     -0.016      0.025     -0.041      0.047      0.379
     7         4     -0.016     -0.014     -0.002      0.045      0.971
     7         5     -0.016     -0.018      0.002      0.045      0.956
     7         6     -0.016      0.028     -0.044      0.042      0.298
     8         1      0.101     -0.094      0.196      0.073      0.008
     8         2      0.101      0.025      0.076      0.036      0.032
     8         3      0.101      0.025      0.076      0.039      0.054
     8         4      0.101     -0.014      0.115      0.040      0.004
     8         5      0.101     -0.018      0.120      0.044      0.007
     8         6      0.101      0.028      0.073      0.034      0.033
     8         7      0.101     -0.016      0.117      0.057      0.041
     9         1      0.081     -0.094      0.175      0.083      0.036
     9         2      0.081      0.025      0.055      0.027      0.037
     9         3      0.081      0.025      0.055      0.032      0.080
     9         4      0.081     -0.014      0.095      0.033      0.004
     9         5      0.081     -0.018      0.099      0.036      0.006
     9         6      0.081      0.028      0.052      0.026      0.044
     9         7      0.081     -0.016      0.096      0.049      0.050
     9         8      0.081      0.101     -0.021      0.036      0.567
     10        1      0.037     -0.094      0.132      0.079      0.098
     10        2      0.037      0.025      0.012      0.020      0.538
     10        3      0.037      0.025      0.012      0.025      0.628
     10        4      0.037     -0.014      0.052      0.027      0.054
     10        5      0.037     -0.018      0.056      0.031      0.071
     10        6      0.037      0.028      0.009      0.019      0.632
     10        7      0.037     -0.016      0.053      0.045      0.237
     10        8      0.037      0.101     -0.064      0.035      0.069
     10        9      0.037      0.081     -0.043      0.028      0.119
     11        1      0.050     -0.094      0.144      0.087      0.098
     11        2      0.050      0.025      0.025      0.031      0.424
     11        3      0.050      0.025      0.025      0.038      0.514
     11        4      0.050     -0.014      0.064      0.040      0.106
     11        5      0.050     -0.018      0.068      0.042      0.105
     11        6      0.050      0.028      0.022      0.031      0.476
     11        7      0.050     -0.016      0.066      0.054      0.220
     11        8      0.050      0.101     -0.051      0.044      0.240
     11        9      0.050      0.081     -0.031      0.039      0.438
     11        10      0.050      0.037      0.013      0.033      0.703
     12        1      0.123     -0.094      0.217      0.089      0.015
     12        2      0.123      0.025      0.098      0.040      0.015
     12        3      0.123      0.025      0.098      0.043      0.022
     12        4      0.123     -0.014      0.137      0.046      0.003
     12        5      0.123     -0.018      0.141      0.047      0.003
     12        6      0.123      0.028      0.095      0.040      0.017
     12        7      0.123     -0.016      0.139      0.058      0.018
     12        8      0.123      0.101      0.021      0.046      0.640
     12        9      0.123      0.081      0.042      0.040      0.287
     12        10      0.123      0.037      0.085      0.041      0.037
     12        11      0.123      0.050      0.073      0.047      0.122
     13        1      0.027     -0.094      0.122      0.086      0.155
     13        2      0.027      0.025      0.002      0.019      0.908
     13        3      0.027      0.025      0.002      0.025      0.934
     13        4      0.027     -0.014      0.042      0.027      0.127
     13        5      0.027     -0.018      0.046      0.029      0.120
     13        6      0.027      0.028     -0.001      0.019      0.968
     13        7      0.027     -0.016      0.043      0.043      0.318
     13        8      0.027      0.101     -0.074      0.039      0.055
     13        9      0.027      0.081     -0.053      0.029      0.063
     13        10      0.027      0.037     -0.010      0.022      0.653
     13        11      0.027      0.050     -0.023      0.034      0.501
     13        12      0.027      0.123     -0.095      0.041      0.021
     14        1      0.049     -0.094      0.143      0.082      0.080
     14        2      0.049      0.025      0.023      0.021      0.254
     14        3      0.049      0.025      0.023      0.026      0.368
     14        4      0.049     -0.014      0.063      0.029      0.030
     14        5      0.049     -0.018      0.067      0.032      0.036
     14        6      0.049      0.028      0.021      0.020      0.309
     14        7      0.049     -0.016      0.064      0.046      0.162
     14        8      0.049      0.101     -0.053      0.036      0.138
     14        9      0.049      0.081     -0.032      0.029      0.275
     14        10      0.049      0.037      0.011      0.023      0.615
     14        11      0.049      0.050     -0.001      0.034      0.967
     14        12      0.049      0.123     -0.074      0.041      0.069
     14        13      0.049      0.027      0.021      0.025      0.393
     15        1      0.080     -0.094      0.174      0.077      0.023
     15        2      0.080      0.025      0.055      0.025      0.029
     15        3      0.080      0.025      0.055      0.030      0.065
     15        4      0.080     -0.014      0.094      0.031      0.002
     15        5      0.080     -0.018      0.098      0.035      0.005
     15        6      0.080      0.028      0.052      0.025      0.034
     15        7      0.080     -0.016      0.096      0.050      0.053
     15        8      0.080      0.101     -0.021      0.033      0.524
     15        9      0.080      0.081      0.000      0.029      0.988
     15        10      0.080      0.037      0.043      0.026      0.095
     15        11      0.080      0.050      0.030      0.038      0.428
     15        12      0.080      0.123     -0.043      0.040      0.282
     15        13      0.080      0.027      0.053      0.027      0.053
     15        14      0.080      0.049      0.032      0.027      0.245
 Approximate Measurement Invariance Holds For Groups:
 1 2 3 4 5 6 7 8 9 10
 11 12 13 14 15
 Weighted Average Value Across Invariant Groups:       0.036
 R-square/Explained variance/Invariance index:       0.908

 Invariant Group Values, Difference to Average and Significance
 Group      Value Difference         SE    P-value
     1     -0.094     -0.131      0.076      0.085
     2      0.025     -0.011      0.015      0.442
     3      0.025     -0.011      0.021      0.590
     4     -0.014     -0.051      0.021      0.016
     5     -0.018     -0.055      0.026      0.037
     6      0.028     -0.008      0.014      0.552
     7     -0.016     -0.052      0.042      0.219
     8      0.101      0.065      0.029      0.024
     9      0.081      0.044      0.022      0.046
     10      0.037      0.001      0.016      0.954
     11      0.050      0.014      0.031      0.656
     12      0.123      0.086      0.035      0.014
     13      0.027     -0.009      0.018      0.617
     14      0.049      0.012      0.018      0.488
     15      0.080      0.044      0.018      0.016

 Intercept for CREATFAM
 Group     Group      Value      Value     Difference  SE       P-value
     2         1      0.187     -0.064      0.251      0.054      0.000
     3         1     -0.090     -0.064     -0.026      0.048      0.589
     3         2     -0.090      0.187     -0.277      0.046      0.000
     4         1      0.014     -0.064      0.077      0.051      0.133
     4         2      0.014      0.187     -0.173      0.047      0.000
     4         3      0.014     -0.090      0.103      0.032      0.001
     5         1     -0.042     -0.064      0.022      0.050      0.661
     5         2     -0.042      0.187     -0.229      0.047      0.000
     5         3     -0.042     -0.090      0.048      0.033      0.153
     5         4     -0.042      0.014     -0.055      0.032      0.083
     6         1      0.159     -0.064      0.223      0.058      0.000
     6         2      0.159      0.187     -0.028      0.056      0.616
     6         3      0.159     -0.090      0.249      0.052      0.000
     6         4      0.159      0.014      0.146      0.053      0.006
     6         5      0.159     -0.042      0.201      0.054      0.000
     7         1      0.088     -0.064      0.151      0.052      0.003
     7         2      0.088      0.187     -0.099      0.056      0.075
     7         3      0.088     -0.090      0.177      0.047      0.000
     7         4      0.088      0.014      0.074      0.046      0.109
     7         5      0.088     -0.042      0.130      0.048      0.007
     7         6      0.088      0.159     -0.071      0.061      0.241
     8         1     -0.099     -0.064     -0.036      0.049      0.462
     8         2     -0.099      0.187     -0.286      0.044      0.000
     8         3     -0.099     -0.090     -0.010      0.025      0.698
     8         4     -0.099      0.014     -0.113      0.030      0.000
     8         5     -0.099     -0.042     -0.057      0.031      0.066
     8         6     -0.099      0.159     -0.258      0.050      0.000
     8         7     -0.099      0.088     -0.187      0.046      0.000
     9         1     -0.134     -0.064     -0.071      0.048      0.136
     9         2     -0.134      0.187     -0.322      0.044      0.000
     9         3     -0.134     -0.090     -0.045      0.029      0.123
     9         4     -0.134      0.014     -0.148      0.031      0.000
     9         5     -0.134     -0.042     -0.093      0.032      0.004
     9         6     -0.134      0.159     -0.294      0.051      0.000
     9         7     -0.134      0.088     -0.222      0.045      0.000
     9         8     -0.134     -0.099     -0.035      0.025      0.166
     10        1     -0.046     -0.064      0.018      0.054      0.738
     10        2     -0.046      0.187     -0.233      0.053      0.000
     10        3     -0.046     -0.090      0.044      0.040      0.272
     10        4     -0.046      0.014     -0.059      0.040      0.135
     10        5     -0.046     -0.042     -0.004      0.037      0.918
     10        6     -0.046      0.159     -0.205      0.058      0.000
     10        7     -0.046      0.088     -0.133      0.053      0.012
     10        8     -0.046     -0.099      0.054      0.039      0.164
     10        9     -0.046     -0.134      0.089      0.039      0.023
     11        1     -0.131     -0.064     -0.068      0.047      0.152
     11        2     -0.131      0.187     -0.319      0.046      0.000
     11        3     -0.131     -0.090     -0.042      0.033      0.208
     11        4     -0.131      0.014     -0.145      0.036      0.000
     11        5     -0.131     -0.042     -0.090      0.036      0.013
     11        6     -0.131      0.159     -0.291      0.052      0.000
     11        7     -0.131      0.088     -0.219      0.046      0.000
     11        8     -0.131     -0.099     -0.032      0.030      0.275
     11        9     -0.131     -0.134      0.003      0.030      0.921
     11        10     -0.131     -0.046     -0.086      0.042      0.039
     12        1     -0.116     -0.064     -0.052      0.044      0.229
     12        2     -0.116      0.187     -0.303      0.041      0.000
     12        3     -0.116     -0.090     -0.026      0.022      0.235
     12        4     -0.116      0.014     -0.130      0.027      0.000
     12        5     -0.116     -0.042     -0.074      0.028      0.008
     12        6     -0.116      0.159     -0.275      0.048      0.000
     12        7     -0.116      0.088     -0.204      0.042      0.000
     12        8     -0.116     -0.099     -0.017      0.019      0.388
     12        9     -0.116     -0.134      0.019      0.019      0.322
     12        10     -0.116     -0.046     -0.070      0.036      0.049
     12        11     -0.116     -0.131      0.016      0.024      0.511
     13        1     -0.120     -0.064     -0.057      0.044      0.195
     13        2     -0.120      0.187     -0.307      0.043      0.000
     13        3     -0.120     -0.090     -0.031      0.028      0.282
     13        4     -0.120      0.014     -0.134      0.031      0.000
     13        5     -0.120     -0.042     -0.078      0.032      0.014
     13        6     -0.120      0.159     -0.279      0.050      0.000
     13        7     -0.120      0.088     -0.208      0.044      0.000
     13        8     -0.120     -0.099     -0.021      0.024      0.380
     13        9     -0.120     -0.134      0.014      0.025      0.563
     13        10     -0.120     -0.046     -0.075      0.039      0.056
     13        11     -0.120     -0.131      0.011      0.029      0.701
     13        12     -0.120     -0.116     -0.004      0.017      0.796
     14        1     -0.149     -0.064     -0.085      0.050      0.087
     14        2     -0.149      0.187     -0.336      0.048      0.000
     14        3     -0.149     -0.090     -0.059      0.036      0.096
     14        4     -0.149      0.014     -0.163      0.037      0.000
     14        5     -0.149     -0.042     -0.107      0.038      0.005
     14        6     -0.149      0.159     -0.308      0.054      0.000
     14        7     -0.149      0.088     -0.237      0.049      0.000
     14        8     -0.149     -0.099     -0.050      0.033      0.127
     14        9     -0.149     -0.134     -0.014      0.031      0.643
     14        10     -0.149     -0.046     -0.103      0.044      0.020
     14        11     -0.149     -0.131     -0.017      0.036      0.627
     14        12     -0.149     -0.116     -0.033      0.027      0.221
     14        13     -0.149     -0.120     -0.029      0.032      0.370
     15        1     -0.136     -0.064     -0.073      0.044      0.094
     15        2     -0.136      0.187     -0.323      0.042      0.000
     15        3     -0.136     -0.090     -0.047      0.027      0.087
     15        4     -0.136      0.014     -0.150      0.029      0.000
     15        5     -0.136     -0.042     -0.095      0.030      0.002
     15        6     -0.136      0.159     -0.296      0.049      0.000
     15        7     -0.136      0.088     -0.224      0.042      0.000
     15        8     -0.136     -0.099     -0.037      0.024      0.122
     15        9     -0.136     -0.134     -0.002      0.023      0.933
     15        10     -0.136     -0.046     -0.091      0.037      0.015
     15        11     -0.136     -0.131     -0.005      0.029      0.863
     15        12     -0.136     -0.116     -0.020      0.016      0.210
     15        13     -0.136     -0.120     -0.016      0.022      0.467
     15        14     -0.136     -0.149      0.013      0.030      0.674
 Approximate Measurement Invariance Holds For Groups:
 1 3 5 8 9 10 11 12 13 14
 15
 Weighted Average Value Across Invariant Groups:      -0.109
 R-square/Explained variance/Invariance index:       0.133

 Invariant Group Values, Difference to Average and Significance
 Group      Value Difference         SE    P-value
     1     -0.064      0.046      0.040      0.251
     3     -0.090      0.020      0.021      0.351
     5     -0.042      0.068      0.025      0.006
     8     -0.099      0.010      0.018      0.568
     9     -0.134     -0.025      0.018      0.154
     10     -0.046      0.064      0.033      0.054
     11     -0.131     -0.022      0.023      0.342
     12     -0.116     -0.007      0.009      0.452
     13     -0.120     -0.011      0.016      0.507
     14     -0.149     -0.040      0.025      0.107
     15     -0.136     -0.027      0.014      0.050

 Intercept for FAMSUPSL
 Group     Group      Value      Value     Difference  SE       P-value
     2         1     -0.363      0.245     -0.607      0.074      0.000
     3         1      0.028      0.245     -0.217      0.058      0.000
     3         2      0.028     -0.363      0.390      0.051      0.000
     4         1      0.023      0.245     -0.221      0.060      0.000
     4         2      0.023     -0.363      0.386      0.048      0.000
     4         3      0.023      0.028     -0.004      0.020      0.832
     5         1      0.041      0.245     -0.204      0.055      0.000
     5         2      0.041     -0.363      0.404      0.050      0.000
     5         3      0.041      0.028      0.013      0.026      0.604
     5         4      0.041      0.023      0.018      0.021      0.392
     6         1     -0.346      0.245     -0.591      0.086      0.000
     6         2     -0.346     -0.363      0.016      0.067      0.811
     6         3     -0.346      0.028     -0.374      0.064      0.000
     6         4     -0.346      0.023     -0.370      0.061      0.000
     6         5     -0.346      0.041     -0.388      0.064      0.000
     7         1      0.037      0.245     -0.207      0.057      0.000
     7         2      0.037     -0.363      0.400      0.052      0.000
     7         3      0.037      0.028      0.010      0.028      0.729
     7         4      0.037      0.023      0.014      0.024      0.555
     7         5      0.037      0.041     -0.004      0.027      0.890
     7         6      0.037     -0.346      0.384      0.065      0.000
     8         1     -0.393      0.245     -0.637      0.069      0.000
     8         2     -0.393     -0.363     -0.030      0.056      0.593
     8         3     -0.393      0.028     -0.420      0.044      0.000
     8         4     -0.393      0.023     -0.416      0.040      0.000
     8         5     -0.393      0.041     -0.434      0.043      0.000
     8         6     -0.393     -0.346     -0.046      0.069      0.503
     8         7     -0.393      0.037     -0.430      0.044      0.000
     9         1      0.021      0.245     -0.224      0.057      0.000
     9         2      0.021     -0.363      0.384      0.050      0.000
     9         3      0.021      0.028     -0.007      0.027      0.806
     9         4      0.021      0.023     -0.002      0.019      0.905
     9         5      0.021      0.041     -0.020      0.025      0.426
     9         6      0.021     -0.346      0.368      0.063      0.000
     9         7      0.021      0.037     -0.016      0.026      0.541
     9         8      0.021     -0.393      0.414      0.044      0.000
     10        1     -0.018      0.245     -0.263      0.067      0.000
     10        2     -0.018     -0.363      0.345      0.058      0.000
     10        3     -0.018      0.028     -0.046      0.041      0.261
     10        4     -0.018      0.023     -0.041      0.036      0.253
     10        5     -0.018      0.041     -0.059      0.040      0.142
     10        6     -0.018     -0.346      0.329      0.070      0.000
     10        7     -0.018      0.037     -0.055      0.041      0.183
     10        8     -0.018     -0.393      0.375      0.052      0.000
     10        9     -0.018      0.021     -0.039      0.040      0.323
     11        1      0.030      0.245     -0.215      0.064      0.001
     11        2      0.030     -0.363      0.392      0.055      0.000
     11        3      0.030      0.028      0.002      0.033      0.948
     11        4      0.030      0.023      0.006      0.026      0.804
     11        5      0.030      0.041     -0.011      0.031      0.720
     11        6      0.030     -0.346      0.376      0.067      0.000
     11        7      0.030      0.037     -0.007      0.033      0.820
     11        8      0.030     -0.393      0.423      0.048      0.000
     11        9      0.030      0.021      0.009      0.033      0.793
     11        10      0.030     -0.018      0.048      0.045      0.289
     12        1     -0.060      0.245     -0.305      0.069      0.000
     12        2     -0.060     -0.363      0.302      0.057      0.000
     12        3     -0.060      0.028     -0.088      0.040      0.029
     12        4     -0.060      0.023     -0.084      0.036      0.020
     12        5     -0.060      0.041     -0.101      0.040      0.011
     12        6     -0.060     -0.346      0.286      0.069      0.000
     12        7     -0.060      0.037     -0.098      0.041      0.018
     12        8     -0.060     -0.393      0.332      0.049      0.000
     12        9     -0.060      0.021     -0.081      0.040      0.041
     12        10     -0.060     -0.018     -0.042      0.048      0.373
     12        11     -0.060      0.030     -0.090      0.044      0.043
     13        1      0.321      0.245      0.076      0.052      0.147
     13        2      0.321     -0.363      0.683      0.054      0.000
     13        3      0.321      0.028      0.293      0.035      0.000
     13        4      0.321      0.023      0.297      0.032      0.000
     13        5      0.321      0.041      0.279      0.032      0.000
     13        6      0.321     -0.346      0.667      0.067      0.000
     13        7      0.321      0.037      0.283      0.035      0.000
     13        8      0.321     -0.393      0.713      0.048      0.000
     13        9      0.321      0.021      0.299      0.033      0.000
     13        10      0.321     -0.018      0.338      0.045      0.000
     13        11      0.321      0.030      0.291      0.041      0.000
     13        12      0.321     -0.060      0.381      0.045      0.000
     14        1      0.311      0.245      0.066      0.062      0.286
     14        2      0.311     -0.363      0.674      0.058      0.000
     14        3      0.311      0.028      0.284      0.040      0.000
     14        4      0.311      0.023      0.288      0.038      0.000
     14        5      0.311      0.041      0.270      0.039      0.000
     14        6      0.311     -0.346      0.658      0.070      0.000
     14        7      0.311      0.037      0.274      0.041      0.000
     14        8      0.311     -0.393      0.704      0.051      0.000
     14        9      0.311      0.021      0.290      0.039      0.000
     14        10      0.311     -0.018      0.329      0.050      0.000
     14        11      0.311      0.030      0.281      0.046      0.000
     14        12      0.311     -0.060      0.372      0.048      0.000
     14        13      0.311      0.321     -0.009      0.041      0.821
     15        1      0.022      0.245     -0.223      0.061      0.000
     15        2      0.022     -0.363      0.385      0.048      0.000
     15        3      0.022      0.028     -0.006      0.023      0.805
     15        4      0.022      0.023     -0.001      0.013      0.919
     15        5      0.022      0.041     -0.019      0.022      0.387
     15        6      0.022     -0.346      0.369      0.062      0.000
     15        7      0.022      0.037     -0.015      0.024      0.527
     15        8      0.022     -0.393      0.415      0.041      0.000
     15        9      0.022      0.021      0.001      0.023      0.969
     15        10      0.022     -0.018      0.040      0.037      0.283
     15        11      0.022      0.030     -0.008      0.029      0.791
     15        12      0.022     -0.060      0.082      0.036      0.023
     15        13      0.022      0.321     -0.298      0.034      0.000
     15        14      0.022      0.311     -0.289      0.038      0.000
 Approximate Measurement Invariance Holds For Groups:
 3 4 5 7 9 10 11 12 15
 Weighted Average Value Across Invariant Groups:       0.015
 R-square/Explained variance/Invariance index:       0.490

 Invariant Group Values, Difference to Average and Significance
 Group      Value Difference         SE    P-value
     3      0.028      0.013      0.018      0.496
     4      0.023      0.008      0.008      0.329
     5      0.041      0.026      0.018      0.141
     7      0.037      0.022      0.021      0.287
     9      0.021      0.006      0.017      0.729
     10     -0.018     -0.033      0.034      0.331
     11      0.030      0.015      0.025      0.562
     12     -0.060     -0.075      0.032      0.017
     15      0.022      0.007      0.011      0.546



 Loadings
 Loadings for FAMSUP
 Group     Group      Value      Value     Difference  SE       P-value
     2         1      0.763      0.643      0.120      0.116      0.302
     3         1      0.729      0.643      0.086      0.109      0.432
     3         2      0.729      0.763     -0.035      0.082      0.674
     4         1      0.662      0.643      0.019      0.096      0.842
     4         2      0.662      0.763     -0.101      0.085      0.236
     4         3      0.662      0.729     -0.066      0.076      0.380
     5         1      0.731      0.643      0.087      0.108      0.418
     5         2      0.731      0.763     -0.033      0.079      0.678
     5         3      0.731      0.729      0.002      0.076      0.983
     5         4      0.731      0.662      0.068      0.073      0.353
     6         1      0.705      0.643      0.062      0.104      0.552
     6         2      0.705      0.763     -0.058      0.088      0.511
     6         3      0.705      0.729     -0.023      0.072      0.745
     6         4      0.705      0.662      0.043      0.071      0.542
     6         5      0.705      0.731     -0.025      0.070      0.721
     7         1      0.830      0.643      0.187      0.190      0.326
     7         2      0.830      0.763      0.066      0.176      0.705
     7         3      0.830      0.729      0.101      0.171      0.554
     7         4      0.830      0.662      0.167      0.171      0.328
     7         5      0.830      0.731      0.099      0.168      0.554
     7         6      0.830      0.705      0.124      0.173      0.471
     8         1      0.580      0.643     -0.064      0.117      0.587
     8         2      0.580      0.763     -0.184      0.114      0.108
     8         3      0.580      0.729     -0.149      0.107      0.163
     8         4      0.580      0.662     -0.083      0.097      0.392
     8         5      0.580      0.731     -0.151      0.106      0.154
     8         6      0.580      0.705     -0.126      0.105      0.230
     8         7      0.580      0.830     -0.250      0.190      0.189
     9         1      0.758      0.643      0.114      0.114      0.315
     9         2      0.758      0.763     -0.006      0.082      0.944
     9         3      0.758      0.729      0.029      0.082      0.725
     9         4      0.758      0.662      0.095      0.082      0.244
     9         5      0.758      0.731      0.027      0.080      0.733
     9         6      0.758      0.705      0.052      0.080      0.512
     9         7      0.758      0.830     -0.072      0.168      0.667
     9         8      0.758      0.580      0.178      0.110      0.107
     10        1      0.667      0.643      0.024      0.114      0.832
     10        2      0.667      0.763     -0.096      0.108      0.376
     10        3      0.667      0.729     -0.061      0.098      0.533
     10        4      0.667      0.662      0.005      0.088      0.954
     10        5      0.667      0.731     -0.063      0.097      0.516
     10        6      0.667      0.705     -0.038      0.093      0.682
     10        7      0.667      0.830     -0.162      0.187      0.384
     10        8      0.667      0.580      0.088      0.119      0.459
     10        9      0.667      0.758     -0.090      0.102      0.376
     11        1      0.774      0.643      0.131      0.138      0.344
     11        2      0.774      0.763      0.010      0.113      0.926
     11        3      0.774      0.729      0.045      0.106      0.671
     11        4      0.774      0.662      0.111      0.112      0.321
     11        5      0.774      0.731      0.043      0.103      0.674
     11        6      0.774      0.705      0.068      0.110      0.533
     11        7      0.774      0.830     -0.056      0.186      0.764
     11        8      0.774      0.580      0.194      0.137      0.157
     11        9      0.774      0.758      0.016      0.102      0.873
     11        10      0.774      0.667      0.106      0.131      0.418
     12        1      0.690      0.643      0.047      0.099      0.639
     12        2      0.690      0.763     -0.073      0.085      0.388
     12        3      0.690      0.729     -0.039      0.071      0.585
     12        4      0.690      0.662      0.028      0.065      0.671
     12        5      0.690      0.731     -0.041      0.069      0.557
     12        6      0.690      0.705     -0.015      0.073      0.832
     12        7      0.690      0.830     -0.140      0.170      0.410
     12        8      0.690      0.580      0.110      0.100      0.271
     12        9      0.690      0.758     -0.068      0.079      0.391
     12        10      0.690      0.667      0.022      0.088      0.799
     12        11      0.690      0.774     -0.084      0.109      0.442
     13        1      0.838      0.643      0.195      0.144      0.177
     13        2      0.838      0.763      0.075      0.124      0.547
     13        3      0.838      0.729      0.109      0.118      0.356
     13        4      0.838      0.662      0.175      0.118      0.136
     13        5      0.838      0.731      0.107      0.117      0.359
     13        6      0.838      0.705      0.132      0.122      0.276
     13        7      0.838      0.830      0.008      0.164      0.961
     13        8      0.838      0.580      0.258      0.141      0.067
     13        9      0.838      0.758      0.080      0.120      0.502
     13        10      0.838      0.667      0.170      0.134      0.205
     13        11      0.838      0.774      0.064      0.134      0.633
     13        12      0.838      0.690      0.148      0.119      0.214
     14        1      0.737      0.643      0.093      0.106      0.377
     14        2      0.737      0.763     -0.027      0.084      0.750
     14        3      0.737      0.729      0.008      0.070      0.910
     14        4      0.737      0.662      0.074      0.071      0.298
     14        5      0.737      0.731      0.006      0.067      0.926
     14        6      0.737      0.705      0.031      0.073      0.668
     14        7      0.737      0.830     -0.093      0.171      0.586
     14        8      0.737      0.580      0.157      0.104      0.130
     14        9      0.737      0.758     -0.021      0.075      0.779
     14        10      0.737      0.667      0.069      0.096      0.472
     14        11      0.737      0.774     -0.037      0.108      0.732
     14        12      0.737      0.690      0.047      0.071      0.508
     14        13      0.737      0.838     -0.101      0.118      0.390
     15        1      0.689      0.643      0.046      0.090      0.613
     15        2      0.689      0.763     -0.074      0.076      0.325
     15        3      0.689      0.729     -0.040      0.058      0.494
     15        4      0.689      0.662      0.027      0.050      0.599
     15        5      0.689      0.731     -0.042      0.056      0.460
     15        6      0.689      0.705     -0.016      0.063      0.794
     15        7      0.689      0.830     -0.141      0.167      0.399
     15        8      0.689      0.580      0.109      0.094      0.247
     15        9      0.689      0.758     -0.069      0.067      0.305
     15        10      0.689      0.667      0.021      0.078      0.783
     15        11      0.689      0.774     -0.085      0.100      0.397
     15        12      0.689      0.690     -0.001      0.052      0.985
     15        13      0.689      0.838     -0.149      0.112      0.184
     15        14      0.689      0.737     -0.048      0.057      0.402
 Approximate Measurement Invariance Holds For Groups:
 1 2 3 4 5 6 7 8 9 10
 11 12 13 14 15
 Weighted Average Value Across Invariant Groups:       0.715
 R-square/Explained variance/Invariance index:       0.096

 Invariant Group Values, Difference to Average and Significance
 Group      Value Difference         SE    P-value
     1      0.643     -0.071      0.088      0.416
     2      0.763      0.049      0.065      0.451
     3      0.729      0.014      0.053      0.789
     4      0.662     -0.052      0.046      0.256
     5      0.731      0.016      0.050      0.751
     6      0.705     -0.009      0.054      0.864
     7      0.830      0.115      0.156      0.461
     8      0.580     -0.135      0.086      0.117
     9      0.758      0.043      0.057      0.453
     10      0.667     -0.047      0.079      0.551
     11      0.774      0.059      0.092      0.521
     12      0.690     -0.025      0.048      0.606
     13      0.838      0.123      0.099      0.214
     14      0.737      0.022      0.049      0.654
     15      0.689     -0.026      0.029      0.382

 Loadings for CREATFAM
 Group     Group      Value      Value     Difference  SE       P-value
     2         1      0.380      0.427     -0.048      0.047      0.313
     3         1      0.429      0.427      0.002      0.046      0.964
     3         2      0.429      0.380      0.050      0.050      0.324
     4         1      0.422      0.427     -0.005      0.038      0.899
     4         2      0.422      0.380      0.043      0.037      0.246
     4         3      0.422      0.429     -0.007      0.040      0.861
     5         1      0.436      0.427      0.009      0.048      0.852
     5         2      0.436      0.380      0.057      0.053      0.282
     5         3      0.436      0.429      0.007      0.053      0.896
     5         4      0.436      0.422      0.014      0.042      0.744
     6         1      0.372      0.427     -0.055      0.049      0.266
     6         2      0.372      0.380     -0.007      0.042      0.862
     6         3      0.372      0.429     -0.057      0.053      0.280
     6         4      0.372      0.422     -0.050      0.040      0.206
     6         5      0.372      0.436     -0.064      0.055      0.243
     7         1      0.365      0.427     -0.062      0.056      0.268
     7         2      0.365      0.380     -0.015      0.051      0.775
     7         3      0.365      0.429     -0.064      0.058      0.266
     7         4      0.365      0.422     -0.057      0.048      0.228
     7         5      0.365      0.436     -0.071      0.060      0.234
     7         6      0.365      0.372     -0.007      0.050      0.886
     8         1      0.499      0.427      0.071      0.076      0.351
     8         2      0.499      0.380      0.119      0.075      0.114
     8         3      0.499      0.429      0.069      0.079      0.379
     8         4      0.499      0.422      0.076      0.071      0.282
     8         5      0.499      0.436      0.062      0.081      0.443
     8         6      0.499      0.372      0.126      0.077      0.101
     8         7      0.499      0.365      0.133      0.082      0.103
     9         1      0.416      0.427     -0.011      0.045      0.808
     9         2      0.416      0.380      0.037      0.049      0.450
     9         3      0.416      0.429     -0.013      0.049      0.790
     9         4      0.416      0.422     -0.006      0.037      0.869
     9         5      0.416      0.436     -0.020      0.050      0.692
     9         6      0.416      0.372      0.044      0.049      0.367
     9         7      0.416      0.365      0.051      0.056      0.362
     9         8      0.416      0.499     -0.082      0.080      0.302
     10        1      0.460      0.427      0.033      0.065      0.610
     10        2      0.460      0.380      0.081      0.064      0.210
     10        3      0.460      0.429      0.031      0.066      0.640
     10        4      0.460      0.422      0.038      0.059      0.522
     10        5      0.460      0.436      0.024      0.067      0.720
     10        6      0.460      0.372      0.088      0.067      0.186
     10        7      0.460      0.365      0.095      0.071      0.182
     10        8      0.460      0.499     -0.038      0.083      0.646
     10        9      0.460      0.416      0.044      0.066      0.504
     11        1      0.263      0.427     -0.164      0.058      0.004
     11        2      0.263      0.380     -0.117      0.055      0.034
     11        3      0.263      0.429     -0.166      0.060      0.006
     11        4      0.263      0.422     -0.159      0.049      0.001
     11        5      0.263      0.436     -0.173      0.062      0.005
     11        6      0.263      0.372     -0.109      0.056      0.052
     11        7      0.263      0.365     -0.102      0.062      0.100
     11        8      0.263      0.499     -0.236      0.079      0.003
     11        9      0.263      0.416     -0.153      0.060      0.010
     11        10      0.263      0.460     -0.197      0.071      0.005
     12        1      0.390      0.427     -0.037      0.044      0.400
     12        2      0.390      0.380      0.011      0.037      0.770
     12        3      0.390      0.429     -0.039      0.046      0.401
     12        4      0.390      0.422     -0.032      0.033      0.325
     12        5      0.390      0.436     -0.046      0.049      0.346
     12        6      0.390      0.372      0.018      0.041      0.657
     12        7      0.390      0.365      0.025      0.047      0.592
     12        8      0.390      0.499     -0.108      0.073      0.140
     12        9      0.390      0.416     -0.026      0.042      0.537
     12        10      0.390      0.460     -0.070      0.063      0.264
     12        11      0.390      0.263      0.127      0.052      0.013
     13        1      0.387      0.427     -0.040      0.040      0.319
     13        2      0.387      0.380      0.007      0.034      0.826
     13        3      0.387      0.429     -0.042      0.043      0.325
     13        4      0.387      0.422     -0.035      0.029      0.224
     13        5      0.387      0.436     -0.049      0.044      0.263
     13        6      0.387      0.372      0.015      0.036      0.677
     13        7      0.387      0.365      0.022      0.049      0.656
     13        8      0.387      0.499     -0.112      0.075      0.138
     13        9      0.387      0.416     -0.029      0.038      0.439
     13        10      0.387      0.460     -0.073      0.061      0.233
     13        11      0.387      0.263      0.124      0.052      0.017
     13        12      0.387      0.390     -0.003      0.029      0.907
     14        1      0.392      0.427     -0.036      0.044      0.412
     14        2      0.392      0.380      0.012      0.039      0.759
     14        3      0.392      0.429     -0.038      0.047      0.422
     14        4      0.392      0.422     -0.031      0.032      0.340
     14        5      0.392      0.436     -0.045      0.050      0.366
     14        6      0.392      0.372      0.019      0.041      0.636
     14        7      0.392      0.365      0.026      0.049      0.587
     14        8      0.392      0.499     -0.107      0.073      0.143
     14        9      0.392      0.416     -0.025      0.044      0.571
     14        10      0.392      0.460     -0.069      0.062      0.267
     14        11      0.392      0.263      0.128      0.052      0.013
     14        12      0.392      0.390      0.001      0.034      0.974
     14        13      0.392      0.387      0.004      0.030      0.882
     15        1      0.362      0.427     -0.065      0.044      0.140
     15        2      0.362      0.380     -0.018      0.037      0.628
     15        3      0.362      0.429     -0.068      0.048      0.158
     15        4      0.362      0.422     -0.061      0.033      0.069
     15        5      0.362      0.436     -0.074      0.050      0.135
     15        6      0.362      0.372     -0.010      0.039      0.789
     15        7      0.362      0.365     -0.003      0.045      0.942
     15        8      0.362      0.499     -0.137      0.075      0.067
     15        9      0.362      0.416     -0.054      0.044      0.211
     15        10      0.362      0.460     -0.098      0.063      0.120
     15        11      0.362      0.263      0.099      0.052      0.057
     15        12      0.362      0.390     -0.029      0.035      0.413
     15        13      0.362      0.387     -0.025      0.030      0.405
     15        14      0.362      0.392     -0.030      0.035      0.392
 Approximate Measurement Invariance Holds For Groups:
 1 2 3 4 5 6 7 8 9 10
 11 12 13 14 15
 Weighted Average Value Across Invariant Groups:       0.400
 R-square/Explained variance/Invariance index:       0.217

 Invariant Group Values, Difference to Average and Significance
 Group      Value Difference         SE    P-value
     1      0.427      0.027      0.033      0.418
     2      0.380     -0.021      0.030      0.481
     3      0.429      0.029      0.036      0.426
     4      0.422      0.022      0.019      0.240
     5      0.436      0.036      0.039      0.356
     6      0.372     -0.028      0.032      0.386
     7      0.365     -0.035      0.042      0.397
     8      0.499      0.098      0.065      0.132
     9      0.416      0.016      0.033      0.630
     10      0.460      0.060      0.055      0.275
     11      0.263     -0.137      0.044      0.002
     12      0.390     -0.010      0.024      0.684
     13      0.387     -0.013      0.021      0.517
     14      0.392     -0.009      0.025      0.722
     15      0.362     -0.039      0.024      0.110

 Loadings for FAMSUPSL
 Group     Group      Value      Value     Difference  SE       P-value
     2         1      0.465      0.485     -0.019      0.046      0.674
     3         1      0.415      0.485     -0.070      0.061      0.252
     3         2      0.415      0.465     -0.051      0.058      0.387
     4         1      0.480      0.485     -0.005      0.041      0.908
     4         2      0.480      0.465      0.014      0.036      0.690
     4         3      0.480      0.415      0.065      0.052      0.213
     5         1      0.359      0.485     -0.125      0.059      0.033
     5         2      0.359      0.465     -0.106      0.056      0.059
     5         3      0.359      0.415     -0.056      0.063      0.377
     5         4      0.359      0.480     -0.121      0.049      0.015
     6         1      0.514      0.485      0.029      0.055      0.597
     6         2      0.514      0.465      0.048      0.054      0.373
     6         3      0.514      0.415      0.099      0.067      0.138
     6         4      0.514      0.480      0.034      0.048      0.485
     6         5      0.514      0.359      0.154      0.064      0.015
     7         1      0.453      0.485     -0.032      0.054      0.561
     7         2      0.453      0.465     -0.012      0.052      0.813
     7         3      0.453      0.415      0.038      0.065      0.555
     7         4      0.453      0.480     -0.027      0.047      0.566
     7         5      0.453      0.359      0.094      0.064      0.140
     7         6      0.453      0.514     -0.061      0.063      0.335
     8         1      0.453      0.485     -0.031      0.038      0.416
     8         2      0.453      0.465     -0.012      0.032      0.703
     8         3      0.453      0.415      0.039      0.052      0.463
     8         4      0.453      0.480     -0.026      0.027      0.328
     8         5      0.453      0.359      0.094      0.054      0.080
     8         6      0.453      0.514     -0.060      0.051      0.240
     8         7      0.453      0.453      0.000      0.038      0.992
     9         1      0.370      0.485     -0.114      0.057      0.045
     9         2      0.370      0.465     -0.095      0.055      0.083
     9         3      0.370      0.415     -0.045      0.061      0.464
     9         4      0.370      0.480     -0.110      0.047      0.021
     9         5      0.370      0.359      0.011      0.056      0.846
     9         6      0.370      0.514     -0.143      0.061      0.019
     9         7      0.370      0.453     -0.083      0.063      0.185
     9         8      0.370      0.453     -0.083      0.053      0.114
     10        1      0.455      0.485     -0.030      0.053      0.575
     10        2      0.455      0.465     -0.011      0.047      0.822
     10        3      0.455      0.415      0.040      0.061      0.513
     10        4      0.455      0.480     -0.025      0.044      0.574
     10        5      0.455      0.359      0.096      0.060      0.111
     10        6      0.455      0.514     -0.059      0.061      0.332
     10        7      0.455      0.453      0.002      0.053      0.972
     10        8      0.455      0.453      0.001      0.035      0.966
     10        9      0.455      0.370      0.085      0.058      0.147
     11        1      0.470      0.485     -0.014      0.057      0.801
     11        2      0.470      0.465      0.005      0.058      0.935
     11        3      0.470      0.415      0.055      0.070      0.433
     11        4      0.470      0.480     -0.010      0.050      0.849
     11        5      0.470      0.359      0.111      0.069      0.108
     11        6      0.470      0.514     -0.043      0.066      0.513
     11        7      0.470      0.453      0.017      0.064      0.789
     11        8      0.470      0.453      0.017      0.044      0.700
     11        9      0.470      0.370      0.100      0.069      0.147
     11        10      0.470      0.455      0.015      0.058      0.792
     12        1      0.503      0.485      0.018      0.046      0.697
     12        2      0.503      0.465      0.037      0.045      0.408
     12        3      0.503      0.415      0.088      0.058      0.134
     12        4      0.503      0.480      0.023      0.038      0.548
     12        5      0.503      0.359      0.143      0.055      0.010
     12        6      0.503      0.514     -0.011      0.051      0.827
     12        7      0.503      0.453      0.049      0.055      0.368
     12        8      0.503      0.453      0.049      0.040      0.220
     12        9      0.503      0.370      0.132      0.053      0.013
     12        10      0.503      0.455      0.048      0.052      0.360
     12        11      0.503      0.470      0.032      0.058      0.578
     13        1      0.357      0.485     -0.127      0.054      0.019
     13        2      0.357      0.465     -0.108      0.051      0.035
     13        3      0.357      0.415     -0.058      0.060      0.340
     13        4      0.357      0.480     -0.122      0.045      0.006
     13        5      0.357      0.359     -0.002      0.053      0.970
     13        6      0.357      0.514     -0.156      0.058      0.007
     13        7      0.357      0.453     -0.096      0.065      0.139
     13        8      0.357      0.453     -0.096      0.051      0.059
     13        9      0.357      0.370     -0.013      0.052      0.804
     13        10      0.357      0.455     -0.098      0.057      0.085
     13        11      0.357      0.470     -0.113      0.066      0.085
     13        12      0.357      0.503     -0.145      0.051      0.004
     14        1      0.470      0.485     -0.014      0.044      0.741
     14        2      0.470      0.465      0.005      0.042      0.910
     14        3      0.470      0.415      0.055      0.057      0.333
     14        4      0.470      0.480     -0.010      0.034      0.774
     14        5      0.470      0.359      0.111      0.054      0.042
     14        6      0.470      0.514     -0.043      0.053      0.411
     14        7      0.470      0.453      0.017      0.050      0.735
     14        8      0.470      0.453      0.017      0.030      0.581
     14        9      0.470      0.370      0.100      0.052      0.057
     14        10      0.470      0.455      0.015      0.046      0.740
     14        11      0.470      0.470      0.000      0.055      0.999
     14        12      0.470      0.503     -0.032      0.043      0.452
     14        13      0.470      0.357      0.113      0.049      0.022
     15        1      0.539      0.485      0.054      0.055      0.327
     15        2      0.539      0.465      0.074      0.053      0.166
     15        3      0.539      0.415      0.124      0.066      0.058
     15        4      0.539      0.480      0.059      0.049      0.224
     15        5      0.539      0.359      0.180      0.063      0.004
     15        6      0.539      0.514      0.025      0.056      0.650
     15        7      0.539      0.453      0.086      0.063      0.169
     15        8      0.539      0.453      0.086      0.052      0.103
     15        9      0.539      0.370      0.169      0.060      0.005
     15        10      0.539      0.455      0.084      0.061      0.170
     15        11      0.539      0.470      0.069      0.066      0.301
     15        12      0.539      0.503      0.036      0.051      0.474
     15        13      0.539      0.357      0.182      0.057      0.001
     15        14      0.539      0.470      0.069      0.052      0.184
 Approximate Measurement Invariance Holds For Groups:
 1 2 3 4 5 6 7 8 9 10
 11 12 13 14 15
 Weighted Average Value Across Invariant Groups:       0.457
 R-square/Explained variance/Invariance index:       0.000

 Invariant Group Values, Difference to Average and Significance
 Group      Value Difference         SE    P-value
     1      0.485      0.028      0.035      0.425
     2      0.465      0.009      0.031      0.780
     3      0.415     -0.042      0.046      0.362
     4      0.480      0.023      0.020      0.258
     5      0.359     -0.098      0.043      0.023
     6      0.514      0.057      0.042      0.176
     7      0.453     -0.004      0.043      0.928
     8      0.453     -0.004      0.022      0.876
     9      0.370     -0.087      0.040      0.032
     10      0.455     -0.002      0.039      0.958
     11      0.470      0.013      0.048      0.780
     12      0.503      0.046      0.031      0.140
     13      0.357     -0.100      0.038      0.008
     14      0.470      0.013      0.028      0.634
     15      0.539      0.082      0.039      0.036

 Average Invariance index:       0.307


SAVEDATA INFORMATION


  Save file
    D:/essay/resilient_student/dataset/mplus_data/home_learning_env_scores_imp2.

  Order of variables

    FAMSUP
    CREATFAM
    FAMSUPSL
    CNTSTUID
    CNT


  Save file format           Free

  Save file record length    10000


DIAGRAM INFORMATION

  Use View Diagram under the Diagram menu in the Mplus Editor to view the diagram.
  If running Mplus from the Mplus Diagrammer, the diagram opens automatically.

  Diagram output
    d:\essay\resilient_student\dataset\mplus_data\alignment_imp2_home_learning_env.dgm

     Beginning Time:  14:59:18
        Ending Time:  14:59:20
       Elapsed Time:  00:00:02



MUTHEN & MUTHEN
3463 Stoner Ave.
Los Angeles, CA  90066

Tel: (310) 391-9971
Fax: (310) 391-8971
Web: www.StatModel.com
Support: Support@StatModel.com

Copyright (c) 1998-2019 Muthen & Muthen
