Mplus VERSION 8.3
MUTHEN & MUTHEN
08/19/2025   3:03 PM

INPUT INSTRUCTIONS

  TITLE: Alignment for Home_Learning_Env (IMPUTATION 3 - FIXED);

  DATA:
    FILE IS "D:/essay/resilient_student/dataset/mplus_data/imputed_data_3.dat";
    FORMAT IS FREE;

  VARIABLE:
    NAMES ARE
      CNT
      CNTSTUID
      CNTSCHID
      W_FSTUWT
      ESCS
      PV1MATH
      PV2MATH
      PV3MATH
      PV4MATH
      PV5MATH
      PV6MATH
      PV7MATH
      PV8MATH
      PV9MATH
      PV10MATH
      ACADEMIC_RESILIENCE_PV1
      ACADEMIC_RESILIENCE_PV2
      ACADEMIC_RESILIENCE_PV3
      ACADEMIC_RESILIENCE_PV4
      ACADEMIC_RESILIENCE_PV5
      ACADEMIC_RESILIENCE_PV6
      ACADEMIC_RESILIENCE_PV7
      ACADEMIC_RESILIENCE_PV8
      ACADEMIC_RESILIENCE_PV9
      ACADEMIC_RESILIENCE_PV10
      W_FSTURWT1
      W_FSTURWT2
      W_FSTURWT3
      W_FSTURWT4
      W_FSTURWT5
      W_FSTURWT6
      W_FSTURWT7
      W_FSTURWT8
      W_FSTURWT9
      W_FSTURWT10
      W_FSTURWT11
      W_FSTURWT12
      W_FSTURWT13
      W_FSTURWT14
      W_FSTURWT15
      W_FSTURWT16
      W_FSTURWT17
      W_FSTURWT18
      W_FSTURWT19
      W_FSTURWT20
      W_FSTURWT21
      W_FSTURWT22
      W_FSTURWT23
      W_FSTURWT24
      W_FSTURWT25
      W_FSTURWT26
      W_FSTURWT27
      W_FSTURWT28
      W_FSTURWT29
      W_FSTURWT30
      W_FSTURWT31
      W_FSTURWT32
      W_FSTURWT33
      W_FSTURWT34
      W_FSTURWT35
      W_FSTURWT36
      W_FSTURWT37
      W_FSTURWT38
      W_FSTURWT39
      W_FSTURWT40
      W_FSTURWT41
      W_FSTURWT42
      W_FSTURWT43
      W_FSTURWT44
      W_FSTURWT45
      W_FSTURWT46
      W_FSTURWT47
      W_FSTURWT48
      W_FSTURWT49
      W_FSTURWT50
      W_FSTURWT51
      W_FSTURWT52
      W_FSTURWT53
      W_FSTURWT54
      W_FSTURWT55
      W_FSTURWT56
      W_FSTURWT57
      W_FSTURWT58
      W_FSTURWT59
      W_FSTURWT60
      W_FSTURWT61
      W_FSTURWT62
      W_FSTURWT63
      W_FSTURWT64
      W_FSTURWT65
      W_FSTURWT66
      W_FSTURWT67
      W_FSTURWT68
      W_FSTURWT69
      W_FSTURWT70
      W_FSTURWT71
      W_FSTURWT72
      W_FSTURWT73
      W_FSTURWT74
      W_FSTURWT75
      W_FSTURWT76
      W_FSTURWT77
      W_FSTURWT78
      W_FSTURWT79
      W_FSTURWT80
      ST004D01T
      ST268Q01JA
      ST268Q04JA
      ST268Q07JA
      AGE
      ISCEDP
      IMMIG
      REPEAT
      MISSSC
      SKIPPING
      TARDYSD
      EXERPRAC
      STUDYHMW
      WORKPAY
      WORKHOME
      EXPECEDU
      BSMJ
      SISCO
      RELATST
      BELONG
      BULLIED
      FEELSAFE
      SCHRISK
      PERSEVAGR
      CURIOAGR
      COOPAGR
      EMPATAGR
      ASSERAGR
      STRESAGR
      EMOCOAGR
      GROSAGR
      INFOSEEK
      FAMSUP
      DISCLIM
      TEACHSUP
      COGACRCO
      COGACMCO
      EXPOFA
      EXPO21ST
      MATHEFF
      MATHEF21
      ANXMAT
      MATHPERS
      CREATEFF
      CREATSCH
      CREATFAM
      CREATAS
      CREATOOS
      CREATOP
      OPENART
      IMAGINE
      SCHSUST
      LEARRES
      PROBSELF
      FAMSUPSL
      FEELLAH
      SDLEFF
      OCOD3_major_group;
    USEVARIABLES ARE
      FAMSUP CREATFAM FAMSUPSL CNT CNTSTUID;
    IDVARIABLE IS CNTSTUID;
    GROUPING IS CNT (
      1 = CHL
      2 = TAP
      3 = HRV
      4 = FIN
      5 = GRC
      6 = HKG
      7 = ISL
      8 = KOR
      9 = LTU
      10 = MLT
      11 = NZL
      12 = PRT
      13 = ROU
      14 = TUR
      15 = GBR
    );

  ANALYSIS:
    ESTIMATOR = MLR;
    PROCESSORS = 4;
    ALIGNMENT = FIXED;

  MODEL:
    Home_Learning_Env BY FAMSUP CREATFAM FAMSUPSL;

  SAVEDATA:
    FILE IS "D:/essay/resilient_student/dataset/mplus_data/home_learning_env_scores_imp3.dat
    SAVE = FSCORES;
    FORMAT IS FREE;

  OUTPUT:
    TECH11;
    ALIGNMENT;



*** WARNING
  Input line exceeded 90 characters. Some input may be truncated.
    FILE IS "D:/essay/resilient_student/dataset/mplus_data/home_learning_env_scores_imp3.dat"
*** WARNING in OUTPUT command
  TECH11 option is available only with TYPE=MIXTURE.
  Request for TECH11 is ignored.
   2 WARNING(S) FOUND IN THE INPUT INSTRUCTIONS



Alignment for Home_Learning_Env (IMPUTATION 3 - FIXED);

SUMMARY OF ANALYSIS

Number of groups                                                15
Number of observations
   Group CHL                                                  1209
   Group TAP                                                  1668
   Group HRV                                                  1528
   Group FIN                                                  2754
   Group GRC                                                  1529
   Group HKG                                                  1368
   Group ISL                                                   810
   Group KOR                                                  1568
   Group LTU                                                  1786
   Group MLT                                                   710
   Group NZL                                                  1104
   Group PRT                                                  1621
   Group ROU                                                  1593
   Group TUR                                                  1884
   Group GBR                                                  2863
   Total sample size                                         23995

Number of dependent variables                                    3
Number of independent variables                                  0
Number of continuous latent variables                            1

Observed dependent variables

  Continuous
   FAMSUP      CREATFAM    FAMSUPSL

Continuous latent variables
   HOME_LEA

Variables with special functions

  Grouping variable     CNT
  ID variable           CNTSTUID

Estimator                                                      MLR
Information matrix                                        OBSERVED
Optimization Specifications for the Quasi-Newton Algorithm for
Continuous Outcomes
  Maximum number of iterations                                 100
  Convergence criterion                                  0.100D-05
Optimization Specifications for the EM Algorithm
  Maximum number of iterations                                 500
  Convergence criteria
    Loglikelihood change                                 0.100D-06
    Relative loglikelihood change                        0.100D-06
    Derivative                                           0.100D-05
Optimization Specifications for the M step of the EM Algorithm for
Categorical Latent variables
  Number of M step iterations                                    1
  M step convergence criterion                           0.100D-05
  Basis for M step termination                           ITERATION
Optimization Specifications for the M step of the EM Algorithm for
Censored, Binary or Ordered Categorical (Ordinal), Unordered
Categorical (Nominal) and Count Outcomes
  Number of M step iterations                                    1
  M step convergence criterion                           0.100D-05
  Basis for M step termination                           ITERATION
  Maximum value for logit thresholds                            15
  Minimum value for logit thresholds                           -15
  Minimum expected cell size for chi-square              0.100D-01
Optimization algorithm                                         EMA
Specifications for Alignment Analysis
  Factor mean for reference group                            FIXED
  Simplicity function                                         SQRT
  Factor variance metric                           Reference group
  Reference group                                                1
  Tolerance value                                        0.100D-01
  Number of random starts                                       30
  Maximum number of iterations                                5000
  Convergence criteration                                0.100D-02

Input data file(s)
  D:/essay/resilient_student/dataset/mplus_data/imputed_data_3.dat
Input data format  FREE



UNIVARIATE SAMPLE STATISTICS


     UNIVARIATE HIGHER-ORDER MOMENT DESCRIPTIVE STATISTICS FOR CHL

         Variable/         Mean/     Skewness/   Minimum/ % with                Percentiles
        Sample Size      Variance    Kurtosis    Maximum  Min/Max      20%/60%    40%/80%    Median

     FAMSUP               -0.160       0.081      -2.908    0.08%      -0.930     -0.527     -0.274
            1209.000       1.205      -0.135       1.958    0.08%      -0.076      0.809
     CREATFAM             -0.131       0.502      -2.789    0.25%      -0.964     -0.420     -0.054
            1209.000       1.037       0.523       2.239    1.24%      -0.037      0.529
     FAMSUPSL              0.048      -0.120      -2.380    0.08%      -0.705     -0.033      0.070
            1209.000       1.006       0.251       2.424    0.08%       0.237      0.856


     UNIVARIATE HIGHER-ORDER MOMENT DESCRIPTIVE STATISTICS FOR TAP

         Variable/         Mean/     Skewness/   Minimum/ % with                Percentiles
        Sample Size      Variance    Kurtosis    Maximum  Min/Max      20%/60%    40%/80%    Median

     FAMSUP               -0.460       0.129      -2.951    0.06%      -1.189     -0.703     -0.500
            1668.000       1.075       0.367       1.957    0.06%      -0.227      0.116
     CREATFAM             -0.055       0.571      -2.789    0.18%      -0.757     -0.060     -0.054
            1668.000       0.988       1.101       2.239    1.50%      -0.037     -0.006
     FAMSUPSL             -0.533       0.386      -2.380    0.06%      -1.689     -0.930     -0.562
            1668.000       1.325      -0.396       2.424    0.12%      -0.127      0.398


     UNIVARIATE HIGHER-ORDER MOMENT DESCRIPTIVE STATISTICS FOR HRV

         Variable/         Mean/     Skewness/   Minimum/ % with                Percentiles
        Sample Size      Variance    Kurtosis    Maximum  Min/Max      20%/60%    40%/80%    Median

     FAMSUP                0.205      -0.081      -2.992    0.07%      -0.685     -0.148      0.027
            1528.000       1.116      -0.422       1.958    0.20%       0.309      1.562
     CREATFAM             -0.004       0.583      -2.789    0.13%      -0.776     -0.060     -0.050
            1528.000       0.938       0.766       2.239    1.57%      -0.037      0.529
     FAMSUPSL              0.064      -0.032      -2.380    0.20%      -0.788     -0.030      0.070
            1528.000       1.149       0.017       2.438    0.07%       0.256      0.868


     UNIVARIATE HIGHER-ORDER MOMENT DESCRIPTIVE STATISTICS FOR FIN

         Variable/         Mean/     Skewness/   Minimum/ % with                Percentiles
        Sample Size      Variance    Kurtosis    Maximum  Min/Max      20%/60%    40%/80%    Median

     FAMSUP               -0.126       0.162      -3.014    0.04%      -0.838     -0.500     -0.253
            2754.000       1.087       0.049       1.958    0.04%      -0.069      0.735
     CREATFAM             -0.130       0.584      -2.789    0.25%      -0.866     -0.084     -0.054
            2754.000       0.924       0.953       2.239    0.91%      -0.050      0.379
     FAMSUPSL              0.029       0.076      -2.380    0.07%      -0.881     -0.090      0.052
            2754.000       1.184      -0.141       2.438    0.04%       0.209      0.870


     UNIVARIATE HIGHER-ORDER MOMENT DESCRIPTIVE STATISTICS FOR GRC

         Variable/         Mean/     Skewness/   Minimum/ % with                Percentiles
        Sample Size      Variance    Kurtosis    Maximum  Min/Max      20%/60%    40%/80%    Median

     FAMSUP               -0.089       0.064      -3.034    0.07%      -0.855     -0.497     -0.246
            1529.000       1.186      -0.164       1.957    0.13%      -0.012      0.927
     CREATFAM             -0.107       0.503      -2.789    0.13%      -0.879     -0.450     -0.054
            1529.000       0.958       0.514       2.239    0.72%      -0.037      0.561
     FAMSUPSL             -0.040      -0.128      -2.380    0.07%      -0.920     -0.099      0.048
            1529.000       1.099      -0.080       2.438    0.07%       0.222      0.801


     UNIVARIATE HIGHER-ORDER MOMENT DESCRIPTIVE STATISTICS FOR HKG

         Variable/         Mean/     Skewness/   Minimum/ % with                Percentiles
        Sample Size      Variance    Kurtosis    Maximum  Min/Max      20%/60%    40%/80%    Median

     FAMSUP               -0.487       0.247      -3.005    0.15%      -1.164     -0.739     -0.553
            1368.000       0.959       0.653       1.951    0.07%      -0.328      0.050
     CREATFAM             -0.129       0.696      -2.789    0.29%      -0.804     -0.060     -0.054
            1368.000       0.817       1.414       2.239    0.80%      -0.037     -0.006
     FAMSUPSL             -0.634       0.485      -2.380    0.37%      -1.659     -1.012     -0.700
            1368.000       1.193      -0.072       2.438    0.07%      -0.352      0.106


     UNIVARIATE HIGHER-ORDER MOMENT DESCRIPTIVE STATISTICS FOR ISL

         Variable/         Mean/     Skewness/   Minimum/ % with                Percentiles
        Sample Size      Variance    Kurtosis    Maximum  Min/Max      20%/60%    40%/80%    Median

     FAMSUP               -0.231       0.224      -2.935    0.12%      -0.936     -0.627     -0.367
             810.000       1.145       0.026       1.921    0.12%      -0.159      0.588
     CREATFAM             -0.088       0.564      -2.789    0.12%      -0.841     -0.060     -0.054
             810.000       0.951       0.869       2.239    1.11%      -0.037      0.414
     FAMSUPSL              0.078       0.057      -2.380    0.25%      -0.755     -0.022      0.058
             810.000       1.118       0.052       2.424    0.37%       0.209      0.865


     UNIVARIATE HIGHER-ORDER MOMENT DESCRIPTIVE STATISTICS FOR KOR

         Variable/         Mean/     Skewness/   Minimum/ % with                Percentiles
        Sample Size      Variance    Kurtosis    Maximum  Min/Max      20%/60%    40%/80%    Median

     FAMSUP               -0.197       0.163      -2.975    0.06%      -0.852     -0.488     -0.275
            1568.000       0.989       0.401       1.958    0.06%      -0.095      0.443
     CREATFAM             -0.366       0.313      -2.789    0.51%      -1.129     -0.574     -0.060
            1568.000       0.915       1.230       2.239    0.45%      -0.054     -0.006
     FAMSUPSL             -0.626       0.331      -2.380    0.06%      -1.742     -0.935     -0.618
            1568.000       1.239      -0.401       2.424    0.06%      -0.314      0.254


     UNIVARIATE HIGHER-ORDER MOMENT DESCRIPTIVE STATISTICS FOR LTU

         Variable/         Mean/     Skewness/   Minimum/ % with                Percentiles
        Sample Size      Variance    Kurtosis    Maximum  Min/Max      20%/60%    40%/80%    Median

     FAMSUP               -0.049      -0.008      -2.974    0.06%      -0.877     -0.450     -0.177
            1786.000       1.276      -0.295       1.958    0.06%       0.035      1.110
     CREATFAM             -0.222       0.429      -2.789    0.34%      -0.972     -0.492     -0.060
            1786.000       0.914       1.114       2.239    0.73%      -0.050      0.164
     FAMSUPSL              0.072      -0.034      -2.380    0.06%      -0.788     -0.004      0.079
            1786.000       1.108       0.000       2.438    0.06%       0.292      0.868


     UNIVARIATE HIGHER-ORDER MOMENT DESCRIPTIVE STATISTICS FOR MLT

         Variable/         Mean/     Skewness/   Minimum/ % with                Percentiles
        Sample Size      Variance    Kurtosis    Maximum  Min/Max      20%/60%    40%/80%    Median

     FAMSUP                0.043      -0.002      -2.887    0.14%      -0.827     -0.308     -0.082
             710.000       1.173      -0.344       1.958    0.14%       0.120      1.442
     CREATFAM             -0.138       0.430      -2.789    0.70%      -0.890     -0.416     -0.060
             710.000       1.004       0.761       2.239    2.11%      -0.050      0.521
     FAMSUPSL             -0.119       0.021      -2.380    0.28%      -1.063     -0.321     -0.030
             710.000       1.166      -0.185       2.438    0.14%       0.095      0.824


     UNIVARIATE HIGHER-ORDER MOMENT DESCRIPTIVE STATISTICS FOR NZL

         Variable/         Mean/     Skewness/   Minimum/ % with                Percentiles
        Sample Size      Variance    Kurtosis    Maximum  Min/Max      20%/60%    40%/80%    Median

     FAMSUP               -0.193       0.163      -2.921    0.09%      -0.947     -0.499     -0.273
            1104.000       1.033       0.067       1.957    0.18%      -0.070      0.566
     CREATFAM             -0.231       0.588      -2.789    0.09%      -0.952     -0.489     -0.060
            1104.000       0.783       1.425       2.239    0.63%      -0.050     -0.006
     FAMSUPSL             -0.124       0.037      -2.380    0.18%      -0.950     -0.230     -0.005
            1104.000       1.096       0.084       2.438    0.27%       0.082      0.695


     UNIVARIATE HIGHER-ORDER MOMENT DESCRIPTIVE STATISTICS FOR PRT

         Variable/         Mean/     Skewness/   Minimum/ % with                Percentiles
        Sample Size      Variance    Kurtosis    Maximum  Min/Max      20%/60%    40%/80%    Median

     FAMSUP                0.269      -0.204      -2.992    0.06%      -0.646     -0.075      0.118
            1621.000       1.145      -0.391       1.940    0.12%       0.427      1.594
     CREATFAM             -0.058       0.504      -2.789    0.19%      -0.700     -0.060     -0.050
            1621.000       0.719       1.539       2.239    0.43%      -0.037      0.472
     FAMSUPSL              0.025       0.092      -2.380    0.12%      -0.826     -0.075      0.036
            1621.000       1.132       0.048       2.438    0.12%       0.168      0.854


     UNIVARIATE HIGHER-ORDER MOMENT DESCRIPTIVE STATISTICS FOR ROU

         Variable/         Mean/     Skewness/   Minimum/ % with                Percentiles
        Sample Size      Variance    Kurtosis    Maximum  Min/Max      20%/60%    40%/80%    Median

     FAMSUP               -0.063       0.043      -2.992    0.06%      -0.994     -0.505     -0.184
            1593.000       1.392      -0.590       1.958    0.13%       0.017      1.474
     CREATFAM             -0.268       0.326      -2.789    0.44%      -1.040     -0.532     -0.060
            1593.000       1.000       0.734       2.239    0.44%      -0.050      0.375
     FAMSUPSL              0.132      -0.078      -2.380    0.13%      -0.760      0.015      0.099
            1593.000       1.196      -0.086       2.438    0.06%       0.389      0.890


     UNIVARIATE HIGHER-ORDER MOMENT DESCRIPTIVE STATISTICS FOR TUR

         Variable/         Mean/     Skewness/   Minimum/ % with                Percentiles
        Sample Size      Variance    Kurtosis    Maximum  Min/Max      20%/60%    40%/80%    Median

     FAMSUP               -0.400       0.087      -3.014    0.05%      -1.198     -0.710     -0.492
            1884.000       1.299      -0.095       1.940    0.16%      -0.212      0.422
     CREATFAM             -0.385       0.356      -2.789    0.27%      -1.163     -0.720     -0.462
            1884.000       1.044       0.732       2.239    0.48%      -0.054      0.046
     FAMSUPSL             -0.093      -0.187      -2.380    0.21%      -0.999     -0.120      0.030
            1884.000       1.125      -0.155       2.438    0.05%       0.191      0.769


     UNIVARIATE HIGHER-ORDER MOMENT DESCRIPTIVE STATISTICS FOR GBR

         Variable/         Mean/     Skewness/   Minimum/ % with                Percentiles
        Sample Size      Variance    Kurtosis    Maximum  Min/Max      20%/60%    40%/80%    Median

     FAMSUP               -0.060      -0.001      -2.951    0.03%      -0.813     -0.357     -0.135
            2863.000       1.056       0.003       1.957    0.03%       0.053      0.831
     CREATFAM             -0.221       0.527      -2.789    0.28%      -0.985     -0.462     -0.060
            2863.000       0.863       1.165       2.239    0.87%      -0.050     -0.006
     FAMSUPSL             -0.160       0.075      -2.380    0.03%      -1.055     -0.365     -0.057
            2863.000       1.178      -0.159       2.438    0.07%       0.073      0.738


THE MODEL ESTIMATION TERMINATED NORMALLY



MODEL FIT INFORMATION

Number of Free Parameters                      135

Loglikelihood

          H0 Value                     -102361.456
          H0 Scaling Correction Factor      1.1260
            for MLR

Information Criteria

          Akaike (AIC)                  204992.912
          Bayesian (BIC)                206084.468
          Sample-Size Adjusted BIC      205655.442
            (n* = (n + 2) / 24)



MODEL RESULTS

                                                    Two-Tailed
                    Estimate       S.E.  Est./S.E.    P-Value

Group CHL

 HOME_LEA BY
    FAMSUP             0.634      0.089      7.141      0.000
    CREATFAM           0.497      0.071      7.034      0.000
    FAMSUPSL           0.264      0.045      5.825      0.000

 Means
    HOME_LEARN         0.000      0.000    999.000    999.000

 Intercepts
    FAMSUP            -0.160      0.032     -5.070      0.000
    CREATFAM          -0.131      0.029     -4.460      0.000
    FAMSUPSL           0.048      0.029      1.656      0.098

 Variances
    HOME_LEARN         1.000      0.000    999.000    999.000

 Residual Variances
    FAMSUP             0.803      0.114      7.049      0.000
    CREATFAM           0.789      0.077     10.280      0.000
    FAMSUPSL           0.936      0.045     20.800      0.000

Group TAP

 HOME_LEA BY
    FAMSUP             0.619      0.093      6.664      0.000
    CREATFAM           0.421      0.075      5.629      0.000
    FAMSUPSL           0.366      0.062      5.907      0.000

 Means
    HOME_LEARN        -0.727      0.164     -4.428      0.000

 Intercepts
    FAMSUP            -0.009      0.070     -0.135      0.892
    CREATFAM           0.251      0.075      3.342      0.001
    FAMSUPSL          -0.267      0.070     -3.824      0.000

 Variances
    HOME_LEARN         1.120      0.312      3.587      0.000

 Residual Variances
    FAMSUP             0.645      0.085      7.634      0.000
    CREATFAM           0.789      0.052     15.192      0.000
    FAMSUPSL           1.176      0.047     24.992      0.000

Group HRV

 HOME_LEA BY
    FAMSUP             0.741      0.153      4.852      0.000
    CREATFAM           0.372      0.055      6.754      0.000
    FAMSUPSL           0.250      0.045      5.497      0.000

 Means
    HOME_LEARN         0.306      0.102      2.999      0.003

 Intercepts
    FAMSUP            -0.021      0.064     -0.335      0.738
    CREATFAM          -0.118      0.037     -3.175      0.001
    FAMSUPSL          -0.012      0.036     -0.330      0.742

 Variances
    HOME_LEARN         1.242      0.347      3.581      0.000

 Residual Variances
    FAMSUP             0.434      0.163      2.667      0.008
    CREATFAM           0.766      0.055     13.886      0.000
    FAMSUPSL           1.072      0.044     24.166      0.000

Group FIN

 HOME_LEA BY
    FAMSUP             0.630      0.088      7.162      0.000
    CREATFAM           0.389      0.056      6.988      0.000
    FAMSUPSL           0.384      0.057      6.717      0.000

 Means
    HOME_LEARN        -0.047      0.077     -0.608      0.543

 Intercepts
    FAMSUP            -0.096      0.049     -1.953      0.051
    CREATFAM          -0.112      0.027     -4.153      0.000
    FAMSUPSL           0.047      0.031      1.517      0.129

 Variances
    HOME_LEARN         1.235      0.325      3.799      0.000

 Residual Variances
    FAMSUP             0.597      0.059     10.193      0.000
    CREATFAM           0.737      0.034     21.996      0.000
    FAMSUPSL           1.003      0.035     28.576      0.000

Group GRC

 HOME_LEA BY
    FAMSUP             0.729      0.137      5.304      0.000
    CREATFAM           0.372      0.055      6.768      0.000
    FAMSUPSL           0.263      0.044      6.007      0.000

 Means
    HOME_LEARN        -0.051      0.093     -0.552      0.581

 Intercepts
    FAMSUP            -0.052      0.065     -0.804      0.421
    CREATFAM          -0.087      0.036     -2.438      0.015
    FAMSUPSL          -0.027      0.033     -0.799      0.424

 Variances
    HOME_LEARN         1.290      0.350      3.685      0.000

 Residual Variances
    FAMSUP             0.501      0.149      3.367      0.001
    CREATFAM           0.779      0.053     14.581      0.000
    FAMSUPSL           1.010      0.040     25.369      0.000

Group HKG

 HOME_LEA BY
    FAMSUP             0.639      0.085      7.548      0.000
    CREATFAM           0.348      0.064      5.453      0.000
    FAMSUPSL           0.455      0.087      5.235      0.000

 Means
    HOME_LEARN        -0.790      0.149     -5.288      0.000

 Intercepts
    FAMSUP             0.018      0.065      0.276      0.783
    CREATFAM           0.146      0.064      2.286      0.022
    FAMSUPSL          -0.275      0.085     -3.220      0.001

 Variances
    HOME_LEARN         1.098      0.306      3.591      0.000

 Residual Variances
    FAMSUP             0.510      0.076      6.675      0.000
    CREATFAM           0.684      0.043     16.029      0.000
    FAMSUPSL           0.966      0.061     15.883      0.000

Group ISL

 HOME_LEA BY
    FAMSUP             0.656      0.104      6.333      0.000
    CREATFAM           0.426      0.110      3.864      0.000
    FAMSUPSL           0.256      0.067      3.836      0.000

 Means
    HOME_LEARN         0.042      0.123      0.340      0.734

 Intercepts
    FAMSUP            -0.258      0.082     -3.157      0.002
    CREATFAM          -0.106      0.039     -2.753      0.006
    FAMSUPSL           0.068      0.044      1.546      0.122

 Variances
    HOME_LEARN         1.110      0.325      3.417      0.001

 Residual Variances
    FAMSUP             0.667      0.161      4.152      0.000
    CREATFAM           0.750      0.082      9.137      0.000
    FAMSUPSL           1.045      0.059     17.623      0.000

Group KOR

 HOME_LEA BY
    FAMSUP             0.593      0.096      6.161      0.000
    CREATFAM           0.602      0.126      4.774      0.000
    FAMSUPSL           0.359      0.058      6.153      0.000

 Means
    HOME_LEARN        -0.390      0.107     -3.634      0.000

 Intercepts
    FAMSUP             0.034      0.058      0.591      0.555
    CREATFAM          -0.131      0.035     -3.789      0.000
    FAMSUPSL          -0.486      0.043    -11.254      0.000

 Variances
    HOME_LEARN         0.925      0.307      3.013      0.003

 Residual Variances
    FAMSUP             0.664      0.061     10.897      0.000
    CREATFAM           0.581      0.064      9.131      0.000
    FAMSUPSL           1.119      0.043     25.818      0.000

Group LTU

 HOME_LEA BY
    FAMSUP             0.726      0.134      5.408      0.000
    CREATFAM           0.371      0.055      6.751      0.000
    FAMSUPSL           0.266      0.045      5.965      0.000

 Means
    HOME_LEARN        -0.101      0.095     -1.065      0.287

 Intercepts
    FAMSUP             0.024      0.061      0.397      0.691
    CREATFAM          -0.185      0.039     -4.731      0.000
    FAMSUPSL           0.099      0.034      2.904      0.004

 Variances
    HOME_LEARN         1.217      0.324      3.760      0.000

 Residual Variances
    FAMSUP             0.635      0.142      4.456      0.000
    CREATFAM           0.746      0.050     14.836      0.000
    FAMSUPSL           1.022      0.039     26.317      0.000

Group MLT

 HOME_LEA BY
    FAMSUP             0.682      0.134      5.077      0.000
    CREATFAM           0.382      0.066      5.756      0.000
    FAMSUPSL           0.360      0.071      5.038      0.000

 Means
    HOME_LEARN        -0.003      0.106     -0.024      0.981

 Intercepts
    FAMSUP             0.045      0.067      0.669      0.504
    CREATFAM          -0.137      0.037     -3.689      0.000
    FAMSUPSL          -0.118      0.053     -2.253      0.024

 Variances
    HOME_LEARN         1.287      0.361      3.567      0.000

 Residual Variances
    FAMSUP             0.575      0.163      3.515      0.000
    CREATFAM           0.816      0.068     11.951      0.000
    FAMSUPSL           1.000      0.064     15.548      0.000

Group NZL

 HOME_LEA BY
    FAMSUP             0.682      0.110      6.204      0.000
    CREATFAM           0.245      0.057      4.267      0.000
    FAMSUPSL           0.386      0.076      5.083      0.000

 Means
    HOME_LEARN        -0.310      0.108     -2.865      0.004

 Intercepts
    FAMSUP             0.019      0.063      0.296      0.767
    CREATFAM          -0.155      0.036     -4.298      0.000
    FAMSUPSL          -0.005      0.049     -0.104      0.917

 Variances
    HOME_LEARN         1.220      0.352      3.465      0.001

 Residual Variances
    FAMSUP             0.466      0.136      3.413      0.001
    CREATFAM           0.710      0.047     15.068      0.000
    FAMSUPSL           0.915      0.062     14.808      0.000

Group PRT

 HOME_LEA BY
    FAMSUP             0.633      0.094      6.748      0.000
    CREATFAM           0.378      0.058      6.505      0.000
    FAMSUPSL           0.400      0.066      6.056      0.000

 Means
    HOME_LEARN         0.271      0.116      2.329      0.020

 Intercepts
    FAMSUP             0.098      0.077      1.264      0.206
    CREATFAM          -0.161      0.036     -4.480      0.000
    FAMSUPSL          -0.083      0.048     -1.732      0.083

 Variances
    HOME_LEARN         1.097      0.291      3.766      0.000

 Residual Variances
    FAMSUP             0.706      0.075      9.454      0.000
    CREATFAM           0.562      0.039     14.536      0.000
    FAMSUPSL           0.957      0.044     21.775      0.000

Group ROU

 HOME_LEA BY
    FAMSUP             0.706      0.116      6.065      0.000
    CREATFAM           0.375      0.055      6.879      0.000
    FAMSUPSL           0.279      0.046      6.099      0.000

 Means
    HOME_LEARN        -0.120      0.104     -1.156      0.248

 Intercepts
    FAMSUP             0.022      0.064      0.350      0.726
    CREATFAM          -0.222      0.046     -4.868      0.000
    FAMSUPSL           0.165      0.038      4.323      0.000

 Variances
    HOME_LEARN         1.500      0.389      3.855      0.000

 Residual Variances
    FAMSUP             0.645      0.146      4.421      0.000
    CREATFAM           0.789      0.051     15.403      0.000
    FAMSUPSL           1.080      0.043     25.259      0.000

Group TUR

 HOME_LEA BY
    FAMSUP             0.640      0.090      7.085      0.000
    CREATFAM           0.391      0.057      6.890      0.000
    FAMSUPSL           0.375      0.057      6.550      0.000

 Means
    HOME_LEARN        -0.585      0.120     -4.882      0.000

 Intercepts
    FAMSUP            -0.026      0.067     -0.383      0.702
    CREATFAM          -0.156      0.035     -4.415      0.000
    FAMSUPSL           0.127      0.043      2.917      0.004

 Variances
    HOME_LEARN         1.500      0.398      3.769      0.000

 Residual Variances
    FAMSUP             0.684      0.083      8.247      0.000
    CREATFAM           0.815      0.044     18.648      0.000
    FAMSUPSL           0.914      0.042     21.825      0.000

Group GBR

 HOME_LEA BY
    FAMSUP             0.628      0.084      7.482      0.000
    CREATFAM           0.365      0.052      7.048      0.000
    FAMSUPSL           0.435      0.068      6.443      0.000

 Means
    HOME_LEARN        -0.195      0.099     -1.965      0.049

 Intercepts
    FAMSUP             0.062      0.060      1.038      0.299
    CREATFAM          -0.150      0.035     -4.329      0.000
    FAMSUPSL          -0.075      0.047     -1.613      0.107

 Variances
    HOME_LEARN         1.151      0.302      3.807      0.000

 Residual Variances
    FAMSUP             0.602      0.055     10.866      0.000
    CREATFAM           0.710      0.029     24.297      0.000
    FAMSUPSL           0.960      0.038     25.017      0.000



APPROXIMATE MEASUREMENT INVARIANCE (NONINVARIANCE) FOR GROUPS

 Intercepts/Thresholds
   FAMSUP      1 2 3 4 5 6 (7) 8 9 10 11 12 13 14 15
   CREATFAM    1 (2) 3 4 5 (6) 7 8 9 10 11 12 13 14 15
   FAMSUPSL    1 (2) 3 (4) 5 6 7 (8) (9) 10 11 12 (13) (14) 15

 Loadings for HOME_LEA
   FAMSUP      1 2 3 4 5 6 7 8 9 10 11 12 13 14 15
   CREATFAM    1 2 3 4 5 6 7 8 9 10 11 12 13 14 15
   FAMSUPSL    1 2 3 4 5 6 7 8 9 10 11 12 13 14 15


FACTOR MEAN COMPARISON AT THE 5% SIGNIFICANCE LEVEL IN DESCENDING ORDER

 Results for Factor HOME_LEA

           Latent    Group      Factor
 Ranking    Class    Value       Mean     Groups With Significantly Smaller Factor Mean
     1         3         3       0.306    7 1 10 4 5 9 13 15 11 8
                                          14 2 6
     2        12        12       0.271    1 10 4 5 9 13 15 11 8 14
                                          2 6
     3         7         7       0.042    11 8 14 2 6
     4         1         1       0.000    15 11 8 14 2 6
     5        10        10      -0.003    15 11 8 14 2 6
     6         4         4      -0.047    11 8 14 2 6
     7         5         5      -0.051    15 11 8 14 2 6
     8         9         9      -0.101    11 8 14 2 6
     9        13        13      -0.120    11 8 14 2 6
    10        15        15      -0.195    8 14 2 6
    11        11        11      -0.310    14 2 6
    12         8         8      -0.390    14 2 6
    13        14        14      -0.585    6
    14         2         2      -0.727
    15         6         6      -0.790




QUALITY OF NUMERICAL RESULTS

     Condition Number for the Information Matrix              0.590E-03
       (ratio of smallest to largest eigenvalue)


ALIGNMENT OUTPUT

INVARIANCE ANALYSIS

 Intercepts/Thresholds
 Intercept for FAMSUP
 Group     Group      Value      Value     Difference  SE       P-value
     2         1     -0.009     -0.160      0.151      0.073      0.040
     3         1     -0.021     -0.160      0.139      0.067      0.039
     3         2     -0.021     -0.009     -0.012      0.032      0.704
     4         1     -0.096     -0.160      0.064      0.053      0.228
     4         2     -0.096     -0.009     -0.087      0.054      0.109
     4         3     -0.096     -0.021     -0.075      0.051      0.140
     5         1     -0.052     -0.160      0.108      0.068      0.110
     5         2     -0.052     -0.009     -0.043      0.035      0.221
     5         3     -0.052     -0.021     -0.031      0.036      0.396
     5         4     -0.052     -0.096      0.044      0.043      0.309
     6         1      0.018     -0.160      0.178      0.069      0.010
     6         2      0.018     -0.009      0.027      0.030      0.363
     6         3      0.018     -0.021      0.039      0.032      0.213
     6         4      0.018     -0.096      0.114      0.051      0.026
     6         5      0.018     -0.052      0.070      0.035      0.048
     7         1     -0.258     -0.160     -0.098      0.084      0.245
     7         2     -0.258     -0.009     -0.249      0.084      0.003
     7         3     -0.258     -0.021     -0.237      0.080      0.003
     7         4     -0.258     -0.096     -0.162      0.069      0.019
     7         5     -0.258     -0.052     -0.206      0.076      0.006
     7         6     -0.258      0.018     -0.276      0.082      0.001
     8         1      0.034     -0.160      0.194      0.063      0.002
     8         2      0.034     -0.009      0.044      0.041      0.289
     8         3      0.034     -0.021      0.056      0.045      0.215
     8         4      0.034     -0.096      0.130      0.051      0.011
     8         5      0.034     -0.052      0.086      0.046      0.059
     8         6      0.034      0.018      0.016      0.035      0.647
     8         7      0.034     -0.258      0.292      0.081      0.000
     9         1      0.024     -0.160      0.184      0.065      0.005
     9         2      0.024     -0.009      0.034      0.025      0.170
     9         3      0.024     -0.021      0.046      0.028      0.105
     9         4      0.024     -0.096      0.120      0.046      0.009
     9         5      0.024     -0.052      0.076      0.031      0.015
     9         6      0.024      0.018      0.006      0.019      0.735
     9         7      0.024     -0.258      0.282      0.078      0.000
     9         8      0.024      0.034     -0.010      0.030      0.749
     10        1      0.045     -0.160      0.205      0.070      0.003
     10        2      0.045     -0.009      0.054      0.042      0.193
     10        3      0.045     -0.021      0.066      0.045      0.143
     10        4      0.045     -0.096      0.141      0.055      0.010
     10        5      0.045     -0.052      0.097      0.045      0.033
     10        6      0.045      0.018      0.027      0.037      0.468
     10        7      0.045     -0.258      0.303      0.083      0.000
     10        8      0.045      0.034      0.011      0.046      0.820
     10        9      0.045      0.024      0.020      0.032      0.529
     11        1      0.019     -0.160      0.179      0.066      0.007
     11        2      0.019     -0.009      0.028      0.030      0.346
     11        3      0.019     -0.021      0.040      0.035      0.253
     11        4      0.019     -0.096      0.115      0.048      0.017
     11        5      0.019     -0.052      0.071      0.035      0.042
     11        6      0.019      0.018      0.001      0.026      0.978
     11        7      0.019     -0.258      0.277      0.079      0.000
     11        8      0.019      0.034     -0.016      0.036      0.668
     11        9      0.019      0.024     -0.006      0.022      0.796
     11        10      0.019      0.045     -0.026      0.039      0.500
     12        1      0.098     -0.160      0.258      0.080      0.001
     12        2      0.098     -0.009      0.107      0.055      0.050
     12        3      0.098     -0.021      0.119      0.055      0.031
     12        4      0.098     -0.096      0.194      0.065      0.003
     12        5      0.098     -0.052      0.150      0.057      0.009
     12        6      0.098      0.018      0.080      0.051      0.116
     12        7      0.098     -0.258      0.356      0.090      0.000
     12        8      0.098      0.034      0.064      0.057      0.266
     12        9      0.098      0.024      0.073      0.046      0.110
     12        10      0.098      0.045      0.053      0.053      0.319
     12        11      0.098      0.019      0.079      0.051      0.122
     13        1      0.022     -0.160      0.182      0.067      0.007
     13        2      0.022     -0.009      0.032      0.024      0.182
     13        3      0.022     -0.021      0.044      0.029      0.135
     13        4      0.022     -0.096      0.118      0.050      0.018
     13        5      0.022     -0.052      0.074      0.033      0.026
     13        6      0.022      0.018      0.004      0.019      0.814
     13        7      0.022     -0.258      0.280      0.081      0.001
     13        8      0.022      0.034     -0.012      0.032      0.709
     13        9      0.022      0.024     -0.002      0.013      0.874
     13        10      0.022      0.045     -0.022      0.033      0.502
     13        11      0.022      0.019      0.004      0.022      0.866
     13        12      0.022      0.098     -0.076      0.048      0.113
     14        1     -0.026     -0.160      0.134      0.071      0.057
     14        2     -0.026     -0.009     -0.016      0.035      0.645
     14        3     -0.026     -0.021     -0.004      0.038      0.911
     14        4     -0.026     -0.096      0.070      0.052      0.176
     14        5     -0.026     -0.052      0.026      0.036      0.460
     14        6     -0.026      0.018     -0.044      0.036      0.227
     14        7     -0.026     -0.258      0.232      0.082      0.005
     14        8     -0.026      0.034     -0.060      0.048      0.217
     14        9     -0.026      0.024     -0.050      0.036      0.159
     14        10     -0.026      0.045     -0.070      0.049      0.153
     14        11     -0.026      0.019     -0.044      0.040      0.271
     14        12     -0.026      0.098     -0.123      0.061      0.042
     14        13     -0.026      0.022     -0.048      0.035      0.167
     15        1      0.062     -0.160      0.222      0.064      0.000
     15        2      0.062     -0.009      0.071      0.036      0.048
     15        3      0.062     -0.021      0.083      0.037      0.023
     15        4      0.062     -0.096      0.158      0.047      0.001
     15        5      0.062     -0.052      0.114      0.038      0.003
     15        6      0.062      0.018      0.044      0.030      0.146
     15        7      0.062     -0.258      0.320      0.078      0.000
     15        8      0.062      0.034      0.028      0.037      0.454
     15        9      0.062      0.024      0.038      0.023      0.107
     15        10      0.062      0.045      0.017      0.037      0.638
     15        11      0.062      0.019      0.043      0.032      0.173
     15        12      0.062      0.098     -0.036      0.043      0.407
     15        13      0.062      0.022      0.040      0.026      0.123
     15        14      0.062     -0.026      0.088      0.044      0.046
 Approximate Measurement Invariance Holds For Groups:
 1 2 3 4 5 6 8 9 10 11
 12 13 14 15
 Weighted Average Value Across Invariant Groups:      -0.004
 R-square/Explained variance/Invariance index:       0.811

 Invariant Group Values, Difference to Average and Significance
 Group      Value Difference         SE    P-value
     1     -0.160     -0.156      0.057      0.006
     2     -0.009     -0.006      0.026      0.828
     3     -0.021     -0.018      0.026      0.506
     4     -0.096     -0.092      0.037      0.013
     5     -0.052     -0.048      0.027      0.069
     6      0.018      0.022      0.021      0.307
     8      0.034      0.038      0.030      0.210
     9      0.024      0.028      0.013      0.037
     10      0.045      0.049      0.033      0.143
     11      0.019      0.022      0.022      0.308
     12      0.098      0.102      0.044      0.022
     13      0.022      0.026      0.017      0.114
     14     -0.026     -0.022      0.031      0.487
     15      0.062      0.066      0.021      0.002

 Intercept for CREATFAM
 Group     Group      Value      Value     Difference  SE       P-value
     2         1      0.251     -0.131      0.382      0.071      0.000
     3         1     -0.118     -0.131      0.013      0.033      0.698
     3         2     -0.118      0.251     -0.369      0.069      0.000
     4         1     -0.112     -0.131      0.018      0.024      0.439
     4         2     -0.112      0.251     -0.363      0.068      0.000
     4         3     -0.112     -0.118      0.006      0.022      0.795
     5         1     -0.087     -0.131      0.043      0.032      0.180
     5         2     -0.087      0.251     -0.339      0.067      0.000
     5         3     -0.087     -0.118      0.030      0.030      0.306
     5         4     -0.087     -0.112      0.025      0.022      0.265
     6         1      0.146     -0.131      0.277      0.062      0.000
     6         2      0.146      0.251     -0.105      0.073      0.152
     6         3      0.146     -0.118      0.264      0.060      0.000
     6         4      0.146     -0.112      0.258      0.059      0.000
     6         5      0.146     -0.087      0.233      0.059      0.000
     7         1     -0.106     -0.131      0.024      0.035      0.481
     7         2     -0.106      0.251     -0.357      0.071      0.000
     7         3     -0.106     -0.118      0.012      0.029      0.687
     7         4     -0.106     -0.112      0.006      0.022      0.791
     7         5     -0.106     -0.087     -0.019      0.029      0.518
     7         6     -0.106      0.146     -0.252      0.063      0.000
     8         1     -0.131     -0.131     -0.001      0.024      0.977
     8         2     -0.131      0.251     -0.382      0.065      0.000
     8         3     -0.131     -0.118     -0.013      0.024      0.580
     8         4     -0.131     -0.112     -0.019      0.017      0.250
     8         5     -0.131     -0.087     -0.044      0.024      0.072
     8         6     -0.131      0.146     -0.277      0.057      0.000
     8         7     -0.131     -0.106     -0.025      0.026      0.335
     9         1     -0.185     -0.131     -0.054      0.036      0.133
     9         2     -0.185      0.251     -0.436      0.066      0.000
     9         3     -0.185     -0.118     -0.067      0.034      0.046
     9         4     -0.185     -0.112     -0.073      0.030      0.014
     9         5     -0.185     -0.087     -0.097      0.032      0.003
     9         6     -0.185      0.146     -0.331      0.058      0.000
     9         7     -0.185     -0.106     -0.079      0.038      0.037
     9         8     -0.185     -0.131     -0.054      0.027      0.051
     10        1     -0.137     -0.131     -0.006      0.032      0.849
     10        2     -0.137      0.251     -0.388      0.067      0.000
     10        3     -0.137     -0.118     -0.019      0.030      0.526
     10        4     -0.137     -0.112     -0.025      0.024      0.307
     10        5     -0.137     -0.087     -0.049      0.029      0.095
     10        6     -0.137      0.146     -0.283      0.059      0.000
     10        7     -0.137     -0.106     -0.030      0.032      0.346
     10        8     -0.137     -0.131     -0.005      0.024      0.820
     10        9     -0.137     -0.185      0.048      0.031      0.120
     11        1     -0.155     -0.131     -0.024      0.037      0.511
     11        2     -0.155      0.251     -0.406      0.069      0.000
     11        3     -0.155     -0.118     -0.037      0.034      0.281
     11        4     -0.155     -0.112     -0.043      0.029      0.140
     11        5     -0.155     -0.087     -0.067      0.033      0.043
     11        6     -0.155      0.146     -0.301      0.061      0.000
     11        7     -0.155     -0.106     -0.048      0.037      0.194
     11        8     -0.155     -0.131     -0.023      0.028      0.395
     11        9     -0.155     -0.185      0.030      0.034      0.369
     11        10     -0.155     -0.137     -0.018      0.032      0.570
     12        1     -0.161     -0.131     -0.030      0.029      0.307
     12        2     -0.161      0.251     -0.412      0.065      0.000
     12        3     -0.161     -0.118     -0.043      0.027      0.107
     12        4     -0.161     -0.112     -0.048      0.022      0.028
     12        5     -0.161     -0.087     -0.073      0.027      0.006
     12        6     -0.161      0.146     -0.307      0.057      0.000
     12        7     -0.161     -0.106     -0.054      0.031      0.083
     12        8     -0.161     -0.131     -0.029      0.018      0.095
     12        9     -0.161     -0.185      0.024      0.024      0.303
     12        10     -0.161     -0.137     -0.024      0.023      0.303
     12        11     -0.161     -0.155     -0.006      0.025      0.809
     13        1     -0.222     -0.131     -0.092      0.043      0.033
     13        2     -0.222      0.251     -0.474      0.068      0.000
     13        3     -0.222     -0.118     -0.105      0.040      0.009
     13        4     -0.222     -0.112     -0.110      0.038      0.004
     13        5     -0.222     -0.087     -0.135      0.039      0.000
     13        6     -0.222      0.146     -0.369      0.061      0.000
     13        7     -0.222     -0.106     -0.116      0.045      0.009
     13        8     -0.222     -0.131     -0.091      0.035      0.010
     13        9     -0.222     -0.185     -0.038      0.036      0.298
     13        10     -0.222     -0.137     -0.086      0.038      0.024
     13        11     -0.222     -0.155     -0.068      0.041      0.095
     13        12     -0.222     -0.161     -0.062      0.033      0.062
     14        1     -0.156     -0.131     -0.026      0.030      0.380
     14        2     -0.156      0.251     -0.408      0.066      0.000
     14        3     -0.156     -0.118     -0.039      0.031      0.211
     14        4     -0.156     -0.112     -0.044      0.024      0.066
     14        5     -0.156     -0.087     -0.069      0.030      0.023
     14        6     -0.156      0.146     -0.303      0.057      0.000
     14        7     -0.156     -0.106     -0.050      0.033      0.123
     14        8     -0.156     -0.131     -0.025      0.021      0.238
     14        9     -0.156     -0.185      0.028      0.027      0.297
     14        10     -0.156     -0.137     -0.020      0.025      0.435
     14        11     -0.156     -0.155     -0.002      0.028      0.949
     14        12     -0.156     -0.161      0.004      0.016      0.798
     14        13     -0.156     -0.222      0.066      0.036      0.063
     15        1     -0.150     -0.131     -0.019      0.029      0.507
     15        2     -0.150      0.251     -0.401      0.064      0.000
     15        3     -0.150     -0.118     -0.032      0.026      0.219
     15        4     -0.150     -0.112     -0.037      0.021      0.070
     15        5     -0.150     -0.087     -0.062      0.026      0.016
     15        6     -0.150      0.146     -0.296      0.057      0.000
     15        7     -0.150     -0.106     -0.043      0.030      0.153
     15        8     -0.150     -0.131     -0.018      0.017      0.291
     15        9     -0.150     -0.185      0.035      0.025      0.150
     15        10     -0.150     -0.137     -0.013      0.023      0.576
     15        11     -0.150     -0.155      0.005      0.026      0.843
     15        12     -0.150     -0.161      0.011      0.016      0.489
     15        13     -0.150     -0.222      0.073      0.033      0.028
     15        14     -0.150     -0.156      0.007      0.017      0.691
 Approximate Measurement Invariance Holds For Groups:
 1 3 4 5 7 8 9 10 11 12
 13 14 15
 Weighted Average Value Across Invariant Groups:      -0.144
 R-square/Explained variance/Invariance index:       0.000

 Invariant Group Values, Difference to Average and Significance
 Group      Value Difference         SE    P-value
     1     -0.131      0.013      0.024      0.588
     3     -0.118      0.026      0.021      0.223
     4     -0.112      0.031      0.013      0.018
     5     -0.087      0.056      0.021      0.006
     7     -0.106      0.037      0.025      0.136
     8     -0.131      0.012      0.012      0.307
     9     -0.185     -0.041      0.022      0.060
     10     -0.137      0.007      0.020      0.731
     11     -0.155     -0.011      0.024      0.639
     12     -0.161     -0.017      0.013      0.172
     13     -0.222     -0.079      0.030      0.009
     14     -0.156     -0.013      0.016      0.423
     15     -0.150     -0.006      0.011      0.597

 Intercept for FAMSUPSL
 Group     Group      Value      Value     Difference  SE       P-value
     2         1     -0.267      0.048     -0.315      0.074      0.000
     3         1     -0.012      0.048     -0.060      0.044      0.173
     3         2     -0.012     -0.267      0.256      0.066      0.000
     4         1      0.047      0.048     -0.001      0.034      0.980
     4         2      0.047     -0.267      0.314      0.066      0.000
     4         3      0.047     -0.012      0.059      0.037      0.109
     5         1     -0.027      0.048     -0.074      0.041      0.070
     5         2     -0.027     -0.267      0.241      0.064      0.000
     5         3     -0.027     -0.012     -0.015      0.036      0.684
     5         4     -0.027      0.047     -0.073      0.034      0.033
     6         1     -0.275      0.048     -0.323      0.088      0.000
     6         2     -0.275     -0.267     -0.007      0.069      0.915
     6         3     -0.275     -0.012     -0.263      0.080      0.001
     6         4     -0.275      0.047     -0.322      0.081      0.000
     6         5     -0.275     -0.027     -0.248      0.079      0.002
     7         1      0.068      0.048      0.020      0.049      0.686
     7         2      0.068     -0.267      0.335      0.076      0.000
     7         3      0.068     -0.012      0.079      0.050      0.114
     7         4      0.068      0.047      0.021      0.042      0.623
     7         5      0.068     -0.027      0.094      0.048      0.052
     7         6      0.068     -0.275      0.342      0.089      0.000
     8         1     -0.486      0.048     -0.533      0.050      0.000
     8         2     -0.486     -0.267     -0.218      0.068      0.001
     8         3     -0.486     -0.012     -0.474      0.046      0.000
     8         4     -0.486      0.047     -0.532      0.043      0.000
     8         5     -0.486     -0.027     -0.459      0.044      0.000
     8         6     -0.486     -0.275     -0.211      0.082      0.010
     8         7     -0.486      0.068     -0.553      0.055      0.000
     9         1      0.099      0.048      0.051      0.043      0.231
     9         2      0.099     -0.267      0.366      0.063      0.000
     9         3      0.099     -0.012      0.111      0.039      0.004
     9         4      0.099      0.047      0.052      0.036      0.147
     9         5      0.099     -0.027      0.125      0.036      0.001
     9         6      0.099     -0.275      0.374      0.078      0.000
     9         7      0.099      0.068      0.031      0.049      0.523
     9         8      0.099     -0.486      0.584      0.043      0.000
     10        1     -0.118      0.048     -0.166      0.058      0.004
     10        2     -0.118     -0.267      0.149      0.070      0.034
     10        3     -0.118     -0.012     -0.106      0.053      0.043
     10        4     -0.118      0.047     -0.165      0.051      0.001
     10        5     -0.118     -0.027     -0.092      0.051      0.073
     10        6     -0.118     -0.275      0.156      0.084      0.061
     10        7     -0.118      0.068     -0.186      0.062      0.003
     10        8     -0.118     -0.486      0.367      0.055      0.000
     10        9     -0.118      0.099     -0.217      0.050      0.000
     11        1     -0.005      0.048     -0.053      0.054      0.327
     11        2     -0.005     -0.267      0.262      0.066      0.000
     11        3     -0.005     -0.012      0.007      0.045      0.880
     11        4     -0.005      0.047     -0.052      0.045      0.249
     11        5     -0.005     -0.027      0.022      0.043      0.618
     11        6     -0.005     -0.275      0.270      0.080      0.001
     11        7     -0.005      0.068     -0.073      0.058      0.209
     11        8     -0.005     -0.486      0.480      0.051      0.000
     11        9     -0.005      0.099     -0.104      0.046      0.024
     11        10     -0.005     -0.118      0.113      0.056      0.044
     12        1     -0.083      0.048     -0.131      0.054      0.015
     12        2     -0.083     -0.267      0.184      0.064      0.004
     12        3     -0.083     -0.012     -0.071      0.046      0.117
     12        4     -0.083      0.047     -0.130      0.044      0.003
     12        5     -0.083     -0.027     -0.057      0.044      0.195
     12        6     -0.083     -0.275      0.192      0.078      0.014
     12        7     -0.083      0.068     -0.151      0.057      0.008
     12        8     -0.083     -0.486      0.402      0.048      0.000
     12        9     -0.083      0.099     -0.182      0.042      0.000
     12        10     -0.083     -0.118      0.035      0.050      0.483
     12        11     -0.083     -0.005     -0.078      0.048      0.106
     13        1      0.165      0.048      0.117      0.046      0.011
     13        2      0.165     -0.267      0.433      0.063      0.000
     13        3      0.165     -0.012      0.177      0.042      0.000
     13        4      0.165      0.047      0.118      0.040      0.003
     13        5      0.165     -0.027      0.192      0.039      0.000
     13        6      0.165     -0.275      0.440      0.078      0.000
     13        7      0.165      0.068      0.098      0.053      0.065
     13        8      0.165     -0.486      0.651      0.046      0.000
     13        9      0.165      0.099      0.066      0.039      0.085
     13        10      0.165     -0.118      0.284      0.052      0.000
     13        11      0.165     -0.005      0.170      0.048      0.000
     13        12      0.165     -0.083      0.248      0.044      0.000
     14        1      0.127      0.048      0.079      0.049      0.110
     14        2      0.127     -0.267      0.394      0.064      0.000
     14        3      0.127     -0.012      0.139      0.044      0.002
     14        4      0.127      0.047      0.080      0.042      0.059
     14        5      0.127     -0.027      0.153      0.042      0.000
     14        6      0.127     -0.275      0.402      0.078      0.000
     14        7      0.127      0.068      0.059      0.055      0.278
     14        8      0.127     -0.486      0.612      0.048      0.000
     14        9      0.127      0.099      0.028      0.041      0.488
     14        10      0.127     -0.118      0.245      0.053      0.000
     14        11      0.127     -0.005      0.132      0.049      0.008
     14        12      0.127     -0.083      0.210      0.045      0.000
     14        13      0.127      0.165     -0.038      0.043      0.376
     15        1     -0.075      0.048     -0.123      0.052      0.018
     15        2     -0.075     -0.267      0.192      0.061      0.002
     15        3     -0.075     -0.012     -0.064      0.043      0.137
     15        4     -0.075      0.047     -0.122      0.041      0.003
     15        5     -0.075     -0.027     -0.049      0.041      0.229
     15        6     -0.075     -0.275      0.199      0.075      0.008
     15        7     -0.075      0.068     -0.143      0.055      0.009
     15        8     -0.075     -0.486      0.410      0.045      0.000
     15        9     -0.075      0.099     -0.174      0.039      0.000
     15        10     -0.075     -0.118      0.043      0.048      0.372
     15        11     -0.075     -0.005     -0.070      0.045      0.119
     15        12     -0.075     -0.083      0.008      0.030      0.795
     15        13     -0.075      0.165     -0.241      0.041      0.000
     15        14     -0.075      0.127     -0.202      0.042      0.000
 Approximate Measurement Invariance Holds For Groups:
 1 3 5 6 7 10 11 12 15
 Weighted Average Value Across Invariant Groups:      -0.060
 R-square/Explained variance/Invariance index:       0.484

 Invariant Group Values, Difference to Average and Significance
 Group      Value Difference         SE    P-value
     1      0.048      0.108      0.039      0.005
     3     -0.012      0.048      0.029      0.099
     5     -0.027      0.033      0.027      0.211
     6     -0.275     -0.215      0.066      0.001
     7      0.068      0.127      0.044      0.004
     10     -0.118     -0.058      0.042      0.159
     11     -0.005      0.055      0.035      0.117
     12     -0.083     -0.023      0.028      0.411
     15     -0.075     -0.016      0.023      0.503



 Loadings
 Loadings for FAMSUP
 Group     Group      Value      Value     Difference  SE       P-value
     2         1      0.619      0.634     -0.015      0.055      0.786
     3         1      0.741      0.634      0.107      0.131      0.416
     3         2      0.741      0.619      0.122      0.139      0.381
     4         1      0.630      0.634     -0.004      0.047      0.928
     4         2      0.630      0.619      0.011      0.065      0.870
     4         3      0.630      0.741     -0.111      0.136      0.414
     5         1      0.729      0.634      0.094      0.115      0.410
     5         2      0.729      0.619      0.109      0.122      0.370
     5         3      0.729      0.741     -0.012      0.149      0.935
     5         4      0.729      0.630      0.099      0.119      0.406
     6         1      0.639      0.634      0.005      0.038      0.894
     6         2      0.639      0.619      0.020      0.056      0.719
     6         3      0.639      0.741     -0.102      0.133      0.444
     6         4      0.639      0.630      0.009      0.048      0.845
     6         5      0.639      0.729     -0.089      0.115      0.437
     7         1      0.656      0.634      0.022      0.075      0.774
     7         2      0.656      0.619      0.037      0.092      0.690
     7         3      0.656      0.741     -0.085      0.145      0.557
     7         4      0.656      0.630      0.026      0.078      0.742
     7         5      0.656      0.729     -0.073      0.129      0.572
     7         6      0.656      0.639      0.016      0.069      0.812
     8         1      0.593      0.634     -0.041      0.059      0.489
     8         2      0.593      0.619     -0.026      0.075      0.731
     8         3      0.593      0.741     -0.148      0.141      0.295
     8         4      0.593      0.630     -0.037      0.065      0.570
     8         5      0.593      0.729     -0.135      0.125      0.277
     8         6      0.593      0.639     -0.046      0.059      0.438
     8         7      0.593      0.656     -0.062      0.085      0.465
     9         1      0.726      0.634      0.092      0.111      0.410
     9         2      0.726      0.619      0.107      0.119      0.369
     9         3      0.726      0.741     -0.015      0.147      0.919
     9         4      0.726      0.630      0.096      0.115      0.405
     9         5      0.726      0.729     -0.003      0.135      0.983
     9         6      0.726      0.639      0.086      0.111      0.438
     9         7      0.726      0.656      0.070      0.125      0.577
     9         8      0.726      0.593      0.132      0.121      0.274
     10        1      0.682      0.634      0.048      0.108      0.660
     10        2      0.682      0.619      0.063      0.124      0.613
     10        3      0.682      0.741     -0.059      0.163      0.718
     10        4      0.682      0.630      0.052      0.117      0.659
     10        5      0.682      0.729     -0.047      0.149      0.753
     10        6      0.682      0.639      0.043      0.109      0.698
     10        7      0.682      0.656      0.026      0.122      0.832
     10        8      0.682      0.593      0.089      0.127      0.486
     10        9      0.682      0.726     -0.044      0.146      0.763
     11        1      0.682      0.634      0.048      0.075      0.526
     11        2      0.682      0.619      0.063      0.094      0.504
     11        3      0.682      0.741     -0.059      0.138      0.670
     11        4      0.682      0.630      0.052      0.088      0.556
     11        5      0.682      0.729     -0.047      0.121      0.701
     11        6      0.682      0.639      0.043      0.075      0.570
     11        7      0.682      0.656      0.026      0.093      0.778
     11        8      0.682      0.593      0.089      0.095      0.352
     11        9      0.682      0.726     -0.044      0.117      0.710
     11        10      0.682      0.682      0.000      0.122      0.998
     12        1      0.633      0.634     -0.002      0.058      0.978
     12        2      0.633      0.619      0.013      0.072      0.852
     12        3      0.633      0.741     -0.108      0.142      0.447
     12        4      0.633      0.630      0.003      0.069      0.969
     12        5      0.633      0.729     -0.096      0.126      0.445
     12        6      0.633      0.639     -0.007      0.059      0.911
     12        7      0.633      0.656     -0.023      0.085      0.785
     12        8      0.633      0.593      0.039      0.072      0.583
     12        9      0.633      0.726     -0.093      0.123      0.447
     12        10      0.633      0.682     -0.049      0.122      0.688
     12        11      0.633      0.682     -0.049      0.094      0.598
     13        1      0.706      0.634      0.071      0.089      0.421
     13        2      0.706      0.619      0.086      0.099      0.383
     13        3      0.706      0.741     -0.035      0.141      0.803
     13        4      0.706      0.630      0.076      0.095      0.425
     13        5      0.706      0.729     -0.023      0.126      0.854
     13        6      0.706      0.639      0.066      0.089      0.457
     13        7      0.706      0.656      0.050      0.105      0.637
     13        8      0.706      0.593      0.112      0.101      0.268
     13        9      0.706      0.726     -0.020      0.123      0.869
     13        10      0.706      0.682      0.024      0.130      0.855
     13        11      0.706      0.682      0.024      0.098      0.811
     13        12      0.706      0.633      0.073      0.103      0.480
     14        1      0.640      0.634      0.006      0.049      0.910
     14        2      0.640      0.619      0.021      0.069      0.766
     14        3      0.640      0.741     -0.101      0.136      0.456
     14        4      0.640      0.630      0.010      0.061      0.872
     14        5      0.640      0.729     -0.089      0.119      0.454
     14        6      0.640      0.639      0.001      0.050      0.992
     14        7      0.640      0.656     -0.016      0.079      0.840
     14        8      0.640      0.593      0.047      0.069      0.501
     14        9      0.640      0.726     -0.086      0.115      0.455
     14        10      0.640      0.682     -0.042      0.118      0.722
     14        11      0.640      0.682     -0.042      0.088      0.631
     14        12      0.640      0.633      0.007      0.070      0.918
     14        13      0.640      0.706     -0.066      0.095      0.488
     15        1      0.628      0.634     -0.006      0.041      0.884
     15        2      0.628      0.619      0.009      0.057      0.873
     15        3      0.628      0.741     -0.113      0.134      0.402
     15        4      0.628      0.630     -0.002      0.050      0.973
     15        5      0.628      0.729     -0.100      0.117      0.390
     15        6      0.628      0.639     -0.011      0.048      0.817
     15        7      0.628      0.656     -0.027      0.073      0.705
     15        8      0.628      0.593      0.035      0.059      0.556
     15        9      0.628      0.726     -0.097      0.113      0.390
     15        10      0.628      0.682     -0.054      0.113      0.635
     15        11      0.628      0.682     -0.054      0.079      0.494
     15        12      0.628      0.633     -0.004      0.063      0.945
     15        13      0.628      0.706     -0.077      0.092      0.400
     15        14      0.628      0.640     -0.012      0.052      0.825
 Approximate Measurement Invariance Holds For Groups:
 1 2 3 4 5 6 7 8 9 10
 11 12 13 14 15
 Weighted Average Value Across Invariant Groups:       0.659
 R-square/Explained variance/Invariance index:       0.660

 Invariant Group Values, Difference to Average and Significance
 Group      Value Difference         SE    P-value
     1      0.634     -0.024      0.032      0.447
     2      0.619     -0.039      0.053      0.456
     3      0.741      0.082      0.117      0.484
     4      0.630     -0.029      0.043      0.502
     5      0.729      0.070      0.100      0.486
     6      0.639     -0.019      0.034      0.567
     7      0.656     -0.003      0.067      0.966
     8      0.593     -0.065      0.055      0.235
     9      0.726      0.067      0.096      0.484
     10      0.682      0.023      0.105      0.826
     11      0.682      0.023      0.068      0.732
     12      0.633     -0.026      0.056      0.643
     13      0.706      0.047      0.076      0.539
     14      0.640     -0.019      0.046      0.681
     15      0.628     -0.030      0.036      0.396

 Loadings for CREATFAM
 Group     Group      Value      Value     Difference  SE       P-value
     2         1      0.421      0.497     -0.076      0.126      0.545
     3         1      0.372      0.497     -0.125      0.110      0.257
     3         2      0.372      0.421     -0.049      0.060      0.418
     4         1      0.389      0.497     -0.109      0.114      0.340
     4         2      0.389      0.421     -0.032      0.055      0.559
     4         3      0.389      0.372      0.017      0.038      0.661
     5         1      0.372      0.497     -0.126      0.110      0.254
     5         2      0.372      0.421     -0.049      0.061      0.419
     5         3      0.372      0.372      0.000      0.048      0.994
     5         4      0.372      0.389     -0.017      0.039      0.661
     6         1      0.348      0.497     -0.150      0.116      0.196
     6         2      0.348      0.421     -0.073      0.071      0.301
     6         3      0.348      0.372     -0.024      0.053      0.646
     6         4      0.348      0.389     -0.041      0.052      0.432
     6         5      0.348      0.372     -0.024      0.054      0.654
     7         1      0.426      0.497     -0.071      0.149      0.631
     7         2      0.426      0.421      0.005      0.104      0.961
     7         3      0.426      0.372      0.054      0.101      0.595
     7         4      0.426      0.389      0.037      0.101      0.712
     7         5      0.426      0.372      0.054      0.102      0.594
     7         6      0.426      0.348      0.078      0.110      0.478
     8         1      0.602      0.497      0.104      0.170      0.542
     8         2      0.602      0.421      0.180      0.109      0.099
     8         3      0.602      0.372      0.229      0.109      0.036
     8         4      0.602      0.389      0.213      0.103      0.039
     8         5      0.602      0.372      0.230      0.110      0.036
     8         6      0.602      0.348      0.254      0.114      0.026
     8         7      0.602      0.426      0.175      0.142      0.216
     9         1      0.371      0.497     -0.126      0.110      0.251
     9         2      0.371      0.421     -0.050      0.061      0.414
     9         3      0.371      0.372     -0.001      0.048      0.982
     9         4      0.371      0.389     -0.018      0.039      0.648
     9         5      0.371      0.372     -0.001      0.048      0.988
     9         6      0.371      0.348      0.023      0.053      0.663
     9         7      0.371      0.426     -0.055      0.102      0.590
     9         8      0.371      0.602     -0.230      0.110      0.036
     10        1      0.382      0.497     -0.115      0.119      0.331
     10        2      0.382      0.421     -0.039      0.066      0.555
     10        3      0.382      0.372      0.010      0.053      0.852
     10        4      0.382      0.389     -0.007      0.048      0.887
     10        5      0.382      0.372      0.010      0.054      0.849
     10        6      0.382      0.348      0.034      0.064      0.590
     10        7      0.382      0.426     -0.044      0.108      0.684
     10        8      0.382      0.602     -0.219      0.109      0.045
     10        9      0.382      0.371      0.011      0.054      0.839
     11        1      0.245      0.497     -0.252      0.106      0.018
     11        2      0.245      0.421     -0.176      0.071      0.014
     11        3      0.245      0.372     -0.127      0.061      0.037
     11        4      0.245      0.389     -0.144      0.055      0.009
     11        5      0.245      0.372     -0.127      0.061      0.039
     11        6      0.245      0.348     -0.103      0.068      0.133
     11        7      0.245      0.426     -0.181      0.112      0.105
     11        8      0.245      0.602     -0.356      0.115      0.002
     11        9      0.245      0.371     -0.126      0.062      0.041
     11        10      0.245      0.382     -0.137      0.069      0.045
     12        1      0.378      0.497     -0.119      0.114      0.298
     12        2      0.378      0.421     -0.043      0.060      0.479
     12        3      0.378      0.372      0.006      0.041      0.878
     12        4      0.378      0.389     -0.010      0.038      0.782
     12        5      0.378      0.372      0.007      0.042      0.874
     12        6      0.378      0.348      0.031      0.055      0.579
     12        7      0.378      0.426     -0.048      0.104      0.645
     12        8      0.378      0.602     -0.223      0.107      0.036
     12        9      0.378      0.371      0.007      0.042      0.860
     12        10      0.378      0.382     -0.004      0.051      0.943
     12        11      0.378      0.245      0.133      0.059      0.024
     13        1      0.375      0.497     -0.122      0.111      0.268
     13        2      0.375      0.421     -0.046      0.060      0.442
     13        3      0.375      0.372      0.003      0.044      0.947
     13        4      0.375      0.389     -0.014      0.037      0.710
     13        5      0.375      0.372      0.003      0.045      0.941
     13        6      0.375      0.348      0.027      0.053      0.605
     13        7      0.375      0.426     -0.051      0.102      0.617
     13        8      0.375      0.602     -0.226      0.109      0.037
     13        9      0.375      0.371      0.004      0.045      0.928
     13        10      0.375      0.382     -0.007      0.053      0.896
     13        11      0.375      0.245      0.130      0.061      0.032
     13        12      0.375      0.378     -0.003      0.040      0.934
     14        1      0.391      0.497     -0.106      0.114      0.353
     14        2      0.391      0.421     -0.030      0.055      0.588
     14        3      0.391      0.372      0.019      0.040      0.635
     14        4      0.391      0.389      0.002      0.033      0.946
     14        5      0.391      0.372      0.019      0.041      0.635
     14        6      0.391      0.348      0.043      0.053      0.418
     14        7      0.391      0.426     -0.035      0.101      0.730
     14        8      0.391      0.602     -0.210      0.103      0.041
     14        9      0.391      0.371      0.020      0.041      0.623
     14        10      0.391      0.382      0.009      0.049      0.855
     14        11      0.391      0.245      0.146      0.056      0.009
     14        12      0.391      0.378      0.013      0.039      0.746
     14        13      0.391      0.375      0.016      0.039      0.680
     15        1      0.365      0.497     -0.132      0.110      0.231
     15        2      0.365      0.421     -0.056      0.057      0.331
     15        3      0.365      0.372     -0.007      0.036      0.844
     15        4      0.365      0.389     -0.024      0.033      0.466
     15        5      0.365      0.372     -0.007      0.036      0.855
     15        6      0.365      0.348      0.017      0.047      0.714
     15        7      0.365      0.426     -0.061      0.102      0.550
     15        8      0.365      0.602     -0.236      0.106      0.025
     15        9      0.365      0.371     -0.006      0.036      0.870
     15        10      0.365      0.382     -0.017      0.048      0.725
     15        11      0.365      0.245      0.120      0.056      0.031
     15        12      0.365      0.378     -0.013      0.037      0.720
     15        13      0.365      0.375     -0.010      0.035      0.775
     15        14      0.365      0.391     -0.026      0.034      0.449
 Approximate Measurement Invariance Holds For Groups:
 1 2 3 4 5 6 7 8 9 10
 11 12 13 14 15
 Weighted Average Value Across Invariant Groups:       0.395
 R-square/Explained variance/Invariance index:       0.000

 Invariant Group Values, Difference to Average and Significance
 Group      Value Difference         SE    P-value
     1      0.497      0.103      0.106      0.331
     2      0.421      0.026      0.049      0.591
     3      0.372     -0.023      0.031      0.470
     4      0.389     -0.006      0.023      0.796
     5      0.372     -0.023      0.032      0.473
     6      0.348     -0.047      0.044      0.288
     7      0.426      0.031      0.095      0.743
     8      0.602      0.207      0.098      0.035
     9      0.371     -0.024      0.032      0.455
     10      0.382     -0.013      0.043      0.769
     11      0.245     -0.150      0.049      0.002
     12      0.378     -0.016      0.030      0.583
     13      0.375     -0.020      0.030      0.510
     14      0.391     -0.004      0.026      0.884
     15      0.365     -0.030      0.022      0.177

 Loadings for FAMSUPSL
 Group     Group      Value      Value     Difference  SE       P-value
     2         1      0.366      0.264      0.101      0.077      0.190
     3         1      0.250      0.264     -0.015      0.062      0.813
     3         2      0.250      0.366     -0.116      0.057      0.041
     4         1      0.384      0.264      0.120      0.073      0.101
     4         2      0.384      0.366      0.018      0.045      0.682
     4         3      0.384      0.250      0.134      0.051      0.008
     5         1      0.263      0.264     -0.001      0.060      0.982
     5         2      0.263      0.366     -0.103      0.055      0.061
     5         3      0.263      0.250      0.013      0.047      0.780
     5         4      0.263      0.384     -0.121      0.049      0.013
     6         1      0.455      0.264      0.190      0.098      0.052
     6         2      0.455      0.366      0.089      0.078      0.254
     6         3      0.455      0.250      0.205      0.079      0.009
     6         4      0.455      0.384      0.071      0.072      0.326
     6         5      0.455      0.263      0.192      0.078      0.013
     7         1      0.256      0.264     -0.008      0.080      0.921
     7         2      0.256      0.366     -0.109      0.074      0.142
     7         3      0.256      0.250      0.007      0.067      0.921
     7         4      0.256      0.384     -0.127      0.071      0.074
     7         5      0.256      0.263     -0.007      0.066      0.921
     7         6      0.256      0.455     -0.198      0.096      0.038
     8         1      0.359      0.264      0.095      0.075      0.208
     8         2      0.359      0.366     -0.006      0.041      0.876
     8         3      0.359      0.250      0.110      0.054      0.042
     8         4      0.359      0.384     -0.025      0.038      0.517
     8         5      0.359      0.263      0.096      0.052      0.063
     8         6      0.359      0.455     -0.095      0.075      0.202
     8         7      0.359      0.256      0.103      0.074      0.165
     9         1      0.266      0.264      0.002      0.060      0.980
     9         2      0.266      0.366     -0.100      0.056      0.072
     9         3      0.266      0.250      0.016      0.048      0.738
     9         4      0.266      0.384     -0.118      0.049      0.017
     9         5      0.266      0.263      0.003      0.046      0.950
     9         6      0.266      0.455     -0.189      0.078      0.015
     9         7      0.266      0.256      0.009      0.066      0.887
     9         8      0.266      0.359     -0.093      0.053      0.075
     10        1      0.360      0.264      0.095      0.084      0.256
     10        2      0.360      0.366     -0.006      0.060      0.922
     10        3      0.360      0.250      0.110      0.068      0.107
     10        4      0.360      0.384     -0.024      0.059      0.681
     10        5      0.360      0.263      0.097      0.067      0.148
     10        6      0.360      0.455     -0.095      0.086      0.269
     10        7      0.360      0.256      0.103      0.084      0.220
     10        8      0.360      0.359      0.000      0.052      0.993
     10        9      0.360      0.266      0.094      0.067      0.164
     11        1      0.386      0.264      0.121      0.088      0.168
     11        2      0.386      0.366      0.020      0.064      0.752
     11        3      0.386      0.250      0.136      0.072      0.060
     11        4      0.386      0.384      0.002      0.058      0.975
     11        5      0.386      0.263      0.123      0.071      0.084
     11        6      0.386      0.455     -0.069      0.088      0.435
     11        7      0.386      0.256      0.129      0.088      0.142
     11        8      0.386      0.359      0.026      0.058      0.648
     11        9      0.386      0.266      0.120      0.072      0.095
     11        10      0.386      0.360      0.026      0.078      0.739
     12        1      0.400      0.264      0.136      0.080      0.089
     12        2      0.400      0.366      0.035      0.056      0.535
     12        3      0.400      0.250      0.150      0.060      0.012
     12        4      0.400      0.384      0.016      0.048      0.732
     12        5      0.400      0.263      0.137      0.058      0.018
     12        6      0.400      0.455     -0.055      0.077      0.481
     12        7      0.400      0.256      0.144      0.078      0.066
     12        8      0.400      0.359      0.041      0.051      0.421
     12        9      0.400      0.266      0.134      0.058      0.021
     12        10      0.400      0.360      0.040      0.068      0.550
     12        11      0.400      0.386      0.014      0.066      0.827
     13        1      0.279      0.264      0.014      0.062      0.815
     13        2      0.279      0.366     -0.087      0.054      0.106
     13        3      0.279      0.250      0.029      0.047      0.539
     13        4      0.279      0.384     -0.105      0.047      0.026
     13        5      0.279      0.263      0.016      0.045      0.724
     13        6      0.279      0.455     -0.176      0.076      0.021
     13        7      0.279      0.256      0.022      0.067      0.740
     13        8      0.279      0.359     -0.081      0.050      0.110
     13        9      0.279      0.266      0.013      0.045      0.775
     13        10      0.279      0.360     -0.081      0.066      0.221
     13        11      0.279      0.386     -0.107      0.071      0.129
     13        12      0.279      0.400     -0.121      0.056      0.031
     14        1      0.375      0.264      0.111      0.073      0.129
     14        2      0.375      0.366      0.009      0.044      0.832
     14        3      0.375      0.250      0.125      0.051      0.015
     14        4      0.375      0.384     -0.009      0.038      0.815
     14        5      0.375      0.263      0.112      0.049      0.023
     14        6      0.375      0.455     -0.080      0.073      0.277
     14        7      0.375      0.256      0.119      0.072      0.099
     14        8      0.375      0.359      0.016      0.037      0.671
     14        9      0.375      0.266      0.109      0.050      0.029
     14        10      0.375      0.360      0.015      0.059      0.795
     14        11      0.375      0.386     -0.011      0.060      0.858
     14        12      0.375      0.400     -0.025      0.050      0.614
     14        13      0.375      0.279      0.096      0.048      0.045
     15        1      0.435      0.264      0.171      0.081      0.035
     15        2      0.435      0.366      0.070      0.057      0.222
     15        3      0.435      0.250      0.185      0.059      0.002
     15        4      0.435      0.384      0.051      0.049      0.296
     15        5      0.435      0.263      0.172      0.057      0.002
     15        6      0.435      0.455     -0.020      0.069      0.777
     15        7      0.435      0.256      0.179      0.078      0.022
     15        8      0.435      0.359      0.076      0.053      0.149
     15        9      0.435      0.266      0.169      0.057      0.003
     15        10      0.435      0.360      0.075      0.068      0.265
     15        11      0.435      0.386      0.049      0.070      0.481
     15        12      0.435      0.400      0.035      0.056      0.535
     15        13      0.435      0.279      0.156      0.055      0.005
     15        14      0.435      0.375      0.060      0.050      0.234
 Approximate Measurement Invariance Holds For Groups:
 1 2 3 4 5 6 7 8 9 10
 11 12 13 14 15
 Weighted Average Value Across Invariant Groups:       0.348
 R-square/Explained variance/Invariance index:       0.004

 Invariant Group Values, Difference to Average and Significance
 Group      Value Difference         SE    P-value
     1      0.264     -0.084      0.060      0.163
     2      0.366      0.017      0.037      0.642
     3      0.250     -0.099      0.038      0.009
     4      0.384      0.035      0.027      0.190
     5      0.263     -0.086      0.035      0.015
     6      0.455      0.106      0.064      0.097
     7      0.256     -0.092      0.062      0.134
     8      0.359      0.011      0.031      0.729
     9      0.266     -0.083      0.036      0.020
     10      0.360      0.011      0.053      0.833
     11      0.386      0.037      0.055      0.498
     12      0.400      0.052      0.040      0.202
     13      0.279     -0.070      0.034      0.039
     14      0.375      0.026      0.029      0.364
     15      0.435      0.087      0.038      0.023

 Average Invariance index:       0.326


SAVEDATA INFORMATION


  Save file
    D:/essay/resilient_student/dataset/mplus_data/home_learning_env_scores_imp3.

  Order of variables

    FAMSUP
    CREATFAM
    FAMSUPSL
    CNTSTUID
    CNT


  Save file format           Free

  Save file record length    10000


DIAGRAM INFORMATION

  Use View Diagram under the Diagram menu in the Mplus Editor to view the diagram.
  If running Mplus from the Mplus Diagrammer, the diagram opens automatically.

  Diagram output
    d:\essay\resilient_student\dataset\mplus_data\alignment_imp3_home_learning_env.dgm

     Beginning Time:  15:03:46
        Ending Time:  15:03:49
       Elapsed Time:  00:00:03



MUTHEN & MUTHEN
3463 Stoner Ave.
Los Angeles, CA  90066

Tel: (310) 391-9971
Fax: (310) 391-8971
Web: www.StatModel.com
Support: Support@StatModel.com

Copyright (c) 1998-2019 Muthen & Muthen
